<?xml version="1.0" encoding="UTF-8" standalone="yes"?>
<?mso-application progid="Word.Document"?>
<w:wordDocument xmlns:aml="http://schemas.microsoft.com/aml/2001/core" xmlns:wpc="http://schemas.microsoft.com/office/word/2010/wordprocessingCanvas" xmlns:dt="uuid:C2F41010-65B3-11d1-A29F-00AA00C14882" xmlns:mc="http://schemas.openxmlformats.org/markup-compatibility/2006" xmlns:o="urn:schemas-microsoft-com:office:office" xmlns:v="urn:schemas-microsoft-com:vml" xmlns:w10="urn:schemas-microsoft-com:office:word" xmlns:w="http://schemas.microsoft.com/office/word/2003/wordml" xmlns:wx="http://schemas.microsoft.com/office/word/2003/auxHint" xmlns:wne="http://schemas.microsoft.com/office/word/2006/wordml" xmlns:wsp="http://schemas.microsoft.com/office/word/2003/wordml/sp2" xmlns:sl="http://schemas.microsoft.com/schemaLibrary/2003/core" w:macrosPresent="yes" w:embeddedObjPresent="no" w:ocxPresent="no" xml:space="preserve"><w:ignoreSubtree w:val="http://schemas.microsoft.com/office/word/2003/wordml/sp2"/><o:DocumentProperties><o:Author>Dominique Righetto</o:Author><o:LastAuthor>Dominique Righetto</o:LastAuthor><o:Revision>1</o:Revision><o:TotalTime>1</o:TotalTime><o:Created>2016-02-14T10:54:00Z</o:Created><o:LastSaved>2016-02-14T10:55:00Z</o:LastSaved><o:Pages>1</o:Pages><o:Words>0</o:Words><o:Characters>0</o:Characters><o:Company>dr</o:Company><o:Lines>0</o:Lines><o:Paragraphs>0</o:Paragraphs><o:CharactersWithSpaces>0</o:CharactersWithSpaces><o:Version>14</o:Version></o:DocumentProperties><w:fonts><w:defaultFonts w:ascii="Calibri" w:fareast="Calibri" w:h-ansi="Calibri" w:cs="Times New Roman"/><w:font w:name="Times New Roman"><w:panose-1 w:val="02020603050405020304"/><w:charset w:val="00"/><w:family w:val="Roman"/><w:pitch w:val="variable"/><w:sig w:usb-0="E0002AFF" w:usb-1="C0007841" w:usb-2="00000009" w:usb-3="00000000" w:csb-0="000001FF" w:csb-1="00000000"/></w:font><w:font w:name="Cambria Math"><w:panose-1 w:val="02040503050406030204"/><w:charset w:val="01"/><w:family w:val="Roman"/><w:notTrueType/><w:pitch w:val="variable"/></w:font><w:font w:name="Calibri"><w:panose-1 w:val="020F0502020204030204"/><w:charset w:val="00"/><w:family w:val="Swiss"/><w:pitch w:val="variable"/><w:sig w:usb-0="E00002FF" w:usb-1="4000ACFF" w:usb-2="00000001" w:usb-3="00000000" w:csb-0="0000019F" w:csb-1="00000000"/></w:font></w:fonts><w:styles><w:versionOfBuiltInStylenames w:val="7"/><w:latentStyles w:defLockedState="off" w:latentStyleCount="267"><w:lsdException w:name="Normal"/><w:lsdException w:name="heading 1"/><w:lsdException w:name="heading 2"/><w:lsdException w:name="heading 3"/><w:lsdException w:name="heading 4"/><w:lsdException w:name="heading 5"/><w:lsdException w:name="heading 6"/><w:lsdException w:name="heading 7"/><w:lsdException w:name="heading 8"/><w:lsdException w:name="heading 9"/><w:lsdException w:name="toc 1"/><w:lsdException w:name="toc 2"/><w:lsdException w:name="toc 3"/><w:lsdException w:name="toc 4"/><w:lsdException w:name="toc 5"/><w:lsdException w:name="toc 6"/><w:lsdException w:name="toc 7"/><w:lsdException w:name="toc 8"/><w:lsdException w:name="toc 9"/><w:lsdException w:name="caption"/><w:lsdException w:name="Title"/><w:lsdException w:name="Default Paragraph Font"/><w:lsdException w:name="Subtitle"/><w:lsdException w:name="Strong"/><w:lsdException w:name="Emphasis"/><w:lsdException w:name="Table Grid"/><w:lsdException w:name="Placeholder Text"/><w:lsdException w:name="No Spacing"/><w:lsdException w:name="Light Shading"/><w:lsdException w:name="Light List"/><w:lsdException w:name="Light Grid"/><w:lsdException w:name="Medium Shading 1"/><w:lsdException w:name="Medium Shading 2"/><w:lsdException w:name="Medium List 1"/><w:lsdException w:name="Medium List 2"/><w:lsdException w:name="Medium Grid 1"/><w:lsdException w:name="Medium Grid 2"/><w:lsdException w:name="Medium Grid 3"/><w:lsdException w:name="Dark List"/><w:lsdException w:name="Colorful Shading"/><w:lsdException w:name="Colorful List"/><w:lsdException w:name="Colorful Grid"/><w:lsdException w:name="Light Shading Accent 1"/><w:lsdException w:name="Light List Accent 1"/><w:lsdException w:name="Light Grid Accent 1"/><w:lsdException w:name="Medium Shading 1 Accent 1"/><w:lsdException w:name="Medium Shading 2 Accent 1"/><w:lsdException w:name="Medium List 1 Accent 1"/><w:lsdException w:name="Revision"/><w:lsdException w:name="List Paragraph"/><w:lsdException w:name="Quote"/><w:lsdException w:name="Intense Quote"/><w:lsdException w:name="Medium List 2 Accent 1"/><w:lsdException w:name="Medium Grid 1 Accent 1"/><w:lsdException w:name="Medium Grid 2 Accent 1"/><w:lsdException w:name="Medium Grid 3 Accent 1"/><w:lsdException w:name="Dark List Accent 1"/><w:lsdException w:name="Colorful Shading Accent 1"/><w:lsdException w:name="Colorful List Accent 1"/><w:lsdException w:name="Colorful Grid Accent 1"/><w:lsdException w:name="Light Shading Accent 2"/><w:lsdException w:name="Light List Accent 2"/><w:lsdException w:name="Light Grid Accent 2"/><w:lsdException w:name="Medium Shading 1 Accent 2"/><w:lsdException w:name="Medium Shading 2 Accent 2"/><w:lsdException w:name="Medium List 1 Accent 2"/><w:lsdException w:name="Medium List 2 Accent 2"/><w:lsdException w:name="Medium Grid 1 Accent 2"/><w:lsdException w:name="Medium Grid 2 Accent 2"/><w:lsdException w:name="Medium Grid 3 Accent 2"/><w:lsdException w:name="Dark List Accent 2"/><w:lsdException w:name="Colorful Shading Accent 2"/><w:lsdException w:name="Colorful List Accent 2"/><w:lsdException w:name="Colorful Grid Accent 2"/><w:lsdException w:name="Light Shading Accent 3"/><w:lsdException w:name="Light List Accent 3"/><w:lsdException w:name="Light Grid Accent 3"/><w:lsdException w:name="Medium Shading 1 Accent 3"/><w:lsdException w:name="Medium Shading 2 Accent 3"/><w:lsdException w:name="Medium List 1 Accent 3"/><w:lsdException w:name="Medium List 2 Accent 3"/><w:lsdException w:name="Medium Grid 1 Accent 3"/><w:lsdException w:name="Medium Grid 2 Accent 3"/><w:lsdException w:name="Medium Grid 3 Accent 3"/><w:lsdException w:name="Dark List Accent 3"/><w:lsdException w:name="Colorful Shading Accent 3"/><w:lsdException w:name="Colorful List Accent 3"/><w:lsdException w:name="Colorful Grid Accent 3"/><w:lsdException w:name="Light Shading Accent 4"/><w:lsdException w:name="Light List Accent 4"/><w:lsdException w:name="Light Grid Accent 4"/><w:lsdException w:name="Medium Shading 1 Accent 4"/><w:lsdException w:name="Medium Shading 2 Accent 4"/><w:lsdException w:name="Medium List 1 Accent 4"/><w:lsdException w:name="Medium List 2 Accent 4"/><w:lsdException w:name="Medium Grid 1 Accent 4"/><w:lsdException w:name="Medium Grid 2 Accent 4"/><w:lsdException w:name="Medium Grid 3 Accent 4"/><w:lsdException w:name="Dark List Accent 4"/><w:lsdException w:name="Colorful Shading Accent 4"/><w:lsdException w:name="Colorful List Accent 4"/><w:lsdException w:name="Colorful Grid Accent 4"/><w:lsdException w:name="Light Shading Accent 5"/><w:lsdException w:name="Light List Accent 5"/><w:lsdException w:name="Light Grid Accent 5"/><w:lsdException w:name="Medium Shading 1 Accent 5"/><w:lsdException w:name="Medium Shading 2 Accent 5"/><w:lsdException w:name="Medium List 1 Accent 5"/><w:lsdException w:name="Medium List 2 Accent 5"/><w:lsdException w:name="Medium Grid 1 Accent 5"/><w:lsdException w:name="Medium Grid 2 Accent 5"/><w:lsdException w:name="Medium Grid 3 Accent 5"/><w:lsdException w:name="Dark List Accent 5"/><w:lsdException w:name="Colorful Shading Accent 5"/><w:lsdException w:name="Colorful List Accent 5"/><w:lsdException w:name="Colorful Grid Accent 5"/><w:lsdException w:name="Light Shading Accent 6"/><w:lsdException w:name="Light List Accent 6"/><w:lsdException w:name="Light Grid Accent 6"/><w:lsdException w:name="Medium Shading 1 Accent 6"/><w:lsdException w:name="Medium Shading 2 Accent 6"/><w:lsdException w:name="Medium List 1 Accent 6"/><w:lsdException w:name="Medium List 2 Accent 6"/><w:lsdException w:name="Medium Grid 1 Accent 6"/><w:lsdException w:name="Medium Grid 2 Accent 6"/><w:lsdException w:name="Medium Grid 3 Accent 6"/><w:lsdException w:name="Dark List Accent 6"/><w:lsdException w:name="Colorful Shading Accent 6"/><w:lsdException w:name="Colorful List Accent 6"/><w:lsdException w:name="Colorful Grid Accent 6"/><w:lsdException w:name="Subtle Emphasis"/><w:lsdException w:name="Intense Emphasis"/><w:lsdException w:name="Subtle Reference"/><w:lsdException w:name="Intense Reference"/><w:lsdException w:name="Book Title"/><w:lsdException w:name="Bibliography"/><w:lsdException w:name="TOC Heading"/></w:latentStyles><w:style w:type="paragraph" w:default="on" w:styleId="Normal"><w:name w:val="Normal"/><w:pPr><w:spacing w:after="200" w:line="276" w:line-rule="auto"/></w:pPr><w:rPr><wx:font wx:val="Calibri"/><w:sz w:val="22"/><w:sz-cs w:val="22"/><w:lang w:val="FR-LU" w:fareast="EN-US" w:bidi="AR-SA"/></w:rPr></w:style><w:style w:type="character" w:default="on" w:styleId="DefaultParagraphFont"><w:name w:val="Default Paragraph Font"/></w:style><w:style w:type="table" w:default="on" w:styleId="TableNormal"><w:name w:val="Normal Table"/><wx:uiName wx:val="Table Normal"/><w:rPr><wx:font wx:val="Calibri"/><w:lang w:val="FR-LU" w:fareast="FR-LU" w:bidi="AR-SA"/></w:rPr><w:tblPr><w:tblInd w:w="0" w:type="dxa"/><w:tblCellMar><w:top w:w="0" w:type="dxa"/><w:left w:w="108" w:type="dxa"/><w:bottom w:w="0" w:type="dxa"/><w:right w:w="108" w:type="dxa"/></w:tblCellMar></w:tblPr></w:style><w:style w:type="list" w:default="on" w:styleId="NoList"><w:name w:val="No List"/></w:style></w:styles><w:docSuppData><w:binData w:name="editdata.mso" xml:space="preserve">QWN0aXZlTWltZQAAAfAEAAAA/////wAAB/A3CgAABAAAAAQAAAAAAAAAAgAAAAAeAAB4nO1YfWxT
1xU/79lJbOOAE0IKNG0eDi0fxeE92wk2kDZ+z89JWIJTEpFKcwdO/BJMHb/MdkoohTlA125lExrS
mKauaulUxqZWrNP6RzVplD+qaZr2oW1SO01imxB/TPv+Z6ha8X73vefgmNAG2LS14jz9fM87vh/n
3nvOuee+n/+s4Xcvf3f176mKHiYbXSs5qbZCxlkwyEPEW+/XSqVSWVy6Sx8r+gBwWHtoR1kDsD2v
A5yW3IVyCeAG6i3ZXfpk0C7S8RRIIJWyKHN0sDoUfCg1w2LKfdV8RN2TB9o2N0/8grOB715uynaT
TJFbGnE+ORCByuPbPmLccln5X4rSmPOdjM/Pi3mLbVfHm+Uw7YMGeYpiF8ZomiZJM/ZhsbSaeI51
xXx3seMzv37P2iy2GKy9zeqj0v/LcaHa/5cCy8g4AqgBaATYdjYBK4jZBNE9wEpglaEj0b1AC3Af
cD/QCghW/16UbcBa4AHgQWAdsB7YAGwEHgI2AT6gHdgMiIAE+IEAEAQ6gE5gCxACwsBWYBuwHegi
drYRPQJ0A8z2ZEABooBq6dSDshfoA3YAn7Lkn7TYx9neKHLGznMkbuT5k06aaqrttdFRnlKX7XYY
QgsN5vT92lih5lG2Jd18Uy3f1PUa76rjM1yTo7bRyTcWM984/piL3PyOxu28q5m4XL6Q8ugZ7WF+
VZ6Zcwr2nSFtEAa0jx74DNk2UqLnkCiKfvF8MCD6yGG3K+Sy8Uu5RlEMdh5uI3+72Ca2KVspMZLO
pvQDeUoMHcyPxEc67cGETfO3FzKj1BbvV4XIdKGoTyYLaT1Le23EH1N36rnJZKYGTFHJwamSjxZj
S0koNjiL3MYXEoqt0VU7O+mgY2uE+Ph4euz4RJzOjBfhimNHJ75ZbOW/fnRNzyF/NBaiqBhUfB1y
jCI+SZRkn9wbVTuKE5FIUQvWF2v8z00U35rIJSdJiKUzWl5YTzOhzg0JRZ90TOpZmzMxkB6jnJ7X
xwvCEO1L5rRUIh6jWJ+iSsHEQHEo3h7t72971sMdGxSkYLsoxPnR2StCf3o0l9yUO0jrirSMf5oj
7/KL3Klzqy6ODyNk5KP62PSk9lK20EMrLziHu/cJRhjp3jFGZ6Yv7EAU6Z5a/dMlX/T/ZknLBXho
r8y9KSlfKp6+X+G7azZdXPMt5zte2fGQzHnkeRHx1ohr5hA/0MEVRJDLEPwRfBPsyQu8b7cqAafO
Od9hIeoVvDyH9zfBc8bAzAzNcjsxru74D+X7/vF496t/Ovt3vuGvA/Qv+4mz33lKfiv3zAcvl9zO
G1Rg7hvuu1J7fn/0K69sfX5Z++BpD5khjYWzOrqelnKcw3qbQemoblY9tKnYgFruwFTT/DWVvzT3
/r8mFi15GvIyni3KkGeOs2SIjBZX1p6DQ0u0E75pOAk8tP2mJxJb95OsDTeFtnzRjIQeskbmbrwD
MJ7FexbTlzSs568a/9r3VteZbwSl0kpShn9Vy/JRZj8vGDucPjY/8pbrClXteaueA5ILFdrcqJfb
0OvoS/fzTMZa/c1YQZO/Wf0lDRuN+tyHzOPp0vV5vFvL8hLboubBIiTjr1oy0SpP8kyv8m3LJLFq
7DJ/9SZyRj/C+9cqHKebTP/8bS1b7YXIgRqPYVAzunNrcRQnaBeNW89GqLENR24ITxBHbQrHbpgu
cXMrEaQ7o2s/5uC+3lnH9Xto0TnXu33WYayKo0peru9hAvCsZOtbrr/SqsdxLEP4ql00WuqQTRnv
V+fe9xILVDW0T8tkdIp0b+LNbLOXyhbH/fo8RQqFXHp0ukCasFvesxNHgSZ0Cd7hfXAjM0xnPQVv
vct1Qk7mOf6EZJ5OfPuq3T0ZfTSZWcN9e2gqOcZlYklHJq+5zyg5LekpJEczK1oHc5qQ0sYySart
SzXQi8O56XpZnZly6HmtqWVYm5yiTLKgRbVcmn9yxVplOl/QJzPpp44rx6RBTLVF8AxNjwrPPLtn
p0YH1m+od9W71JZsatbN1TQ2xac0PjvbNJCfkPWZouA1J3qW+/y9i9yhnyRPM7MsuZH8OWFOl+3X
bZTDyvH0vmE0PXQIxsIePxBEnhVDLidaTyWn3CCrfILI7g4jWwwiUkkow4CCDC9BgzDMOMbZhZzu
CEZJQB6nATxxRLgjqJ0A3wcpqzdkScz7R7ncYnEquHZEwH48bZCweDhtxEcB/ybxhkQBfMyInAJa
TuHJGNIkYmUa8ixqVVILd+M6hIGOO1qHEPTsQClWrEMOo0/gN4nYzXRMs8wL2giI9jNo0Ymsmq0F
03aPNfM91vrtwNwVnAGLpdW3cf9ZAwStY/z2Rr1OHpw8zOKYvy92/BjwWW6h8Q9gxW6Nmm5j/v1k
3mv+U3Sr41cSs5U8MG58A4gbYZ3ZhQYLqXyTYHHMZoZoBPJd8I12lP2wnTbLkub3NGJ4RgqcZPiq
aPQ+SvvR15hRox+tRg0rrf7m8IMFI0agyj9u1VP8hhaVnjICDbLGzeQANE9gbgdRsvmNoA2bL7u6
WDcXo30BHO4cxsxVw++nIdON3Kns9ZXUaMxEmZdhLSRj56vDahOcixN+rHIM/ho1ZqFgfh1Yb1xE
wEmQSXjzAVHoUo4iETzmrIOW3D83+9uLE4oxv0ljbpW1EgvuO244xo5qWDdmQbjoGDFXrbCgeEVs
XaiPSru7HfthN5Ja3EWJluK89qBsBJrANwMt/HxPMXOb6sznVjP6ha5Qp85xOIBvlk83LZg8lUqt
/M3blErsEmWQ8f2opqwmxwn8/8Ml5C4tlui/sF9/Xvf8qxd9fN+XUyc7Wv/S381knHVA7EVZNCyn
mVtONm7tOiTE7hE9l/r+Ex6yuXfLkX/+wUM19pF0Vup8+4jFBvx1n7PYzuAMWJt9IDn2vTc8ZLej
SedrbRa35XVwDrv1qUhy3eOhWne+kNIz2qm9HqpzW//4XveQ243cuJwaF7a/6CEnVCvZbLRHfTKZ
mUY+u/I9tHeYifKld8GfWG9UML7WaCum2VjlDvb/El3OvSHPPbBN9VD9dQmy3OzbX0AnZCa6p3ch
bWBOM0wLbcJqnp3pZpxo5WnuC7eXt4FzGHcAl7F9a3n7gptYY3wj5Ywvo9U0P1L0Rbu8h8LhiBqO
xWRfUJEDvqAciPrkUKjTp2wJhGQpFFOVLf7DuECUJ9RVuXybH+wVLap34fKhdXmtpUaLXi0zpejZ
gjZTYCOJEO3Wcvm0nlX0yalkIT2a0QL+Lm8gHPD7/egCFZSBni6vGlIjUVkKR2OVYDoMyvjXr4pR
SQ0rETViAv/0KF3eqBJV1ZgqSwE1KAUZJNnLrhyf7tXzBUGdKWjZlJYT+rLj+uP1rjnVpa5DgVDA
H+0Mij4lFhZ9kqTEfCE1GPCJYkRUwpIkih2Rw9t2y+q2ygmjZ9jwE3lcnzR0WLkwXQFxk8AgBcTQ
JmFLB37qXVW7Udngjj/Gfwzp33fQrOAAAAvwBAAAABI0Vng=
</w:binData></w:docSuppData><w:shapeDefaults><o:shapedefaults v:ext="edit" spidmax="1026"/><o:shapelayout v:ext="edit"><o:idmap v:ext="edit" data="1"/></o:shapelayout></w:shapeDefaults><w:docPr><w:view w:val="print"/><w:zoom w:percent="150"/><w:doNotEmbedSystemFonts/><w:defaultTabStop w:val="708"/><w:hyphenationZone w:val="425"/><w:punctuationKerning/><w:characterSpacingControl w:val="DontCompress"/><w:optimizeForBrowser/><w:allowPNG/><w:savePreviewPicture/><w:validateAgainstSchema/><w:saveInvalidXML w:val="off"/><w:ignoreMixedContent w:val="off"/><w:alwaysShowPlaceholderText w:val="off"/><w:compat><w:breakWrappedTables/><w:snapToGridInCell/><w:wrapTextWithPunct/><w:useAsianBreakRules/><w:dontGrowAutofit/></w:compat><wsp:rsids><wsp:rsidRoot wsp:val="00F4641E"/><wsp:rsid wsp:val="00371FCF"/><wsp:rsid wsp:val="005E469E"/><wsp:rsid wsp:val="00F4641E"/></wsp:rsids></w:docPr><w:body><wx:sect><w:p wsp:rsidR="00371FCF" wsp:rsidRDefault="00371FCF"/><w:sectPr wsp:rsidR="00371FCF"><w:pgSz w:w="11906" w:h="16838"/><w:pgMar w:top="1417" w:right="1417" w:bottom="1417" w:left="1417" w:header="708" w:footer="708" w:gutter="0"/><w:cols w:space="708"/><w:docGrid w:line-pitch="360"/></w:sectPr></wx:sect></w:body></w:wordDocument>