<?xml version="1.0" encoding="UTF-8" standalone="yes"?>
<?mso-application progid="Word.Document"?>
<w:wordDocument xmlns:aml="http://schemas.microsoft.com/aml/2001/core" xmlns:wpc="http://schemas.microsoft.com/office/word/2010/wordprocessingCanvas" xmlns:dt="uuid:C2F41010-65B3-11d1-A29F-00AA00C14882" xmlns:mc="http://schemas.openxmlformats.org/markup-compatibility/2006" xmlns:o="urn:schemas-microsoft-com:office:office" xmlns:v="urn:schemas-microsoft-com:vml" xmlns:w10="urn:schemas-microsoft-com:office:word" xmlns:w="http://schemas.microsoft.com/office/word/2003/wordml" xmlns:wx="http://schemas.microsoft.com/office/word/2003/auxHint" xmlns:wne="http://schemas.microsoft.com/office/word/2006/wordml" xmlns:wsp="http://schemas.microsoft.com/office/word/2003/wordml/sp2" xmlns:sl="http://schemas.microsoft.com/schemaLibrary/2003/core" w:macrosPresent="no" w:embeddedObjPresent="yes" w:ocxPresent="no" xml:space="preserve"><w:ignoreSubtree w:val="http://schemas.microsoft.com/office/word/2003/wordml/sp2"/><o:DocumentProperties><o:Author>Dominique Righetto</o:Author><o:LastAuthor>Dominique Righetto</o:LastAuthor><o:Revision>2</o:Revision><o:TotalTime>0</o:TotalTime><o:Created>2016-02-27T13:50:00Z</o:Created><o:LastSaved>2016-02-27T13:50:00Z</o:LastSaved><o:Pages>1</o:Pages><o:Words>3</o:Words><o:Characters>20</o:Characters><o:Company>dr</o:Company><o:Lines>1</o:Lines><o:Paragraphs>1</o:Paragraphs><o:CharactersWithSpaces>22</o:CharactersWithSpaces><o:Version>14</o:Version></o:DocumentProperties><w:fonts><w:defaultFonts w:ascii="Calibri" w:fareast="Calibri" w:h-ansi="Calibri" w:cs="Times New Roman"/><w:font w:name="Times New Roman"><w:panose-1 w:val="02020603050405020304"/><w:charset w:val="00"/><w:family w:val="Roman"/><w:pitch w:val="variable"/><w:sig w:usb-0="E0002AFF" w:usb-1="C0007841" w:usb-2="00000009" w:usb-3="00000000" w:csb-0="000001FF" w:csb-1="00000000"/></w:font><w:font w:name="Cambria Math"><w:panose-1 w:val="02040503050406030204"/><w:charset w:val="01"/><w:family w:val="Roman"/><w:notTrueType/><w:pitch w:val="variable"/></w:font><w:font w:name="Calibri"><w:panose-1 w:val="020F0502020204030204"/><w:charset w:val="00"/><w:family w:val="Swiss"/><w:pitch w:val="variable"/><w:sig w:usb-0="E00002FF" w:usb-1="4000ACFF" w:usb-2="00000001" w:usb-3="00000000" w:csb-0="0000019F" w:csb-1="00000000"/></w:font><w:font w:name="Tahoma"><w:panose-1 w:val="020B0604030504040204"/><w:charset w:val="00"/><w:family w:val="Swiss"/><w:pitch w:val="variable"/><w:sig w:usb-0="E1002EFF" w:usb-1="C000605B" w:usb-2="00000029" w:usb-3="00000000" w:csb-0="000101FF" w:csb-1="00000000"/></w:font></w:fonts><w:styles><w:versionOfBuiltInStylenames w:val="7"/><w:latentStyles w:defLockedState="off" w:latentStyleCount="267"><w:lsdException w:name="Normal"/><w:lsdException w:name="heading 1"/><w:lsdException w:name="heading 2"/><w:lsdException w:name="heading 3"/><w:lsdException w:name="heading 4"/><w:lsdException w:name="heading 5"/><w:lsdException w:name="heading 6"/><w:lsdException w:name="heading 7"/><w:lsdException w:name="heading 8"/><w:lsdException w:name="heading 9"/><w:lsdException w:name="toc 1"/><w:lsdException w:name="toc 2"/><w:lsdException w:name="toc 3"/><w:lsdException w:name="toc 4"/><w:lsdException w:name="toc 5"/><w:lsdException w:name="toc 6"/><w:lsdException w:name="toc 7"/><w:lsdException w:name="toc 8"/><w:lsdException w:name="toc 9"/><w:lsdException w:name="caption"/><w:lsdException w:name="Title"/><w:lsdException w:name="Default Paragraph Font"/><w:lsdException w:name="Subtitle"/><w:lsdException w:name="Strong"/><w:lsdException w:name="Emphasis"/><w:lsdException w:name="Table Grid"/><w:lsdException w:name="Placeholder Text"/><w:lsdException w:name="No Spacing"/><w:lsdException w:name="Light Shading"/><w:lsdException w:name="Light List"/><w:lsdException w:name="Light Grid"/><w:lsdException w:name="Medium Shading 1"/><w:lsdException w:name="Medium Shading 2"/><w:lsdException w:name="Medium List 1"/><w:lsdException w:name="Medium List 2"/><w:lsdException w:name="Medium Grid 1"/><w:lsdException w:name="Medium Grid 2"/><w:lsdException w:name="Medium Grid 3"/><w:lsdException w:name="Dark List"/><w:lsdException w:name="Colorful Shading"/><w:lsdException w:name="Colorful List"/><w:lsdException w:name="Colorful Grid"/><w:lsdException w:name="Light Shading Accent 1"/><w:lsdException w:name="Light List Accent 1"/><w:lsdException w:name="Light Grid Accent 1"/><w:lsdException w:name="Medium Shading 1 Accent 1"/><w:lsdException w:name="Medium Shading 2 Accent 1"/><w:lsdException w:name="Medium List 1 Accent 1"/><w:lsdException w:name="Revision"/><w:lsdException w:name="List Paragraph"/><w:lsdException w:name="Quote"/><w:lsdException w:name="Intense Quote"/><w:lsdException w:name="Medium List 2 Accent 1"/><w:lsdException w:name="Medium Grid 1 Accent 1"/><w:lsdException w:name="Medium Grid 2 Accent 1"/><w:lsdException w:name="Medium Grid 3 Accent 1"/><w:lsdException w:name="Dark List Accent 1"/><w:lsdException w:name="Colorful Shading Accent 1"/><w:lsdException w:name="Colorful List Accent 1"/><w:lsdException w:name="Colorful Grid Accent 1"/><w:lsdException w:name="Light Shading Accent 2"/><w:lsdException w:name="Light List Accent 2"/><w:lsdException w:name="Light Grid Accent 2"/><w:lsdException w:name="Medium Shading 1 Accent 2"/><w:lsdException w:name="Medium Shading 2 Accent 2"/><w:lsdException w:name="Medium List 1 Accent 2"/><w:lsdException w:name="Medium List 2 Accent 2"/><w:lsdException w:name="Medium Grid 1 Accent 2"/><w:lsdException w:name="Medium Grid 2 Accent 2"/><w:lsdException w:name="Medium Grid 3 Accent 2"/><w:lsdException w:name="Dark List Accent 2"/><w:lsdException w:name="Colorful Shading Accent 2"/><w:lsdException w:name="Colorful List Accent 2"/><w:lsdException w:name="Colorful Grid Accent 2"/><w:lsdException w:name="Light Shading Accent 3"/><w:lsdException w:name="Light List Accent 3"/><w:lsdException w:name="Light Grid Accent 3"/><w:lsdException w:name="Medium Shading 1 Accent 3"/><w:lsdException w:name="Medium Shading 2 Accent 3"/><w:lsdException w:name="Medium List 1 Accent 3"/><w:lsdException w:name="Medium List 2 Accent 3"/><w:lsdException w:name="Medium Grid 1 Accent 3"/><w:lsdException w:name="Medium Grid 2 Accent 3"/><w:lsdException w:name="Medium Grid 3 Accent 3"/><w:lsdException w:name="Dark List Accent 3"/><w:lsdException w:name="Colorful Shading Accent 3"/><w:lsdException w:name="Colorful List Accent 3"/><w:lsdException w:name="Colorful Grid Accent 3"/><w:lsdException w:name="Light Shading Accent 4"/><w:lsdException w:name="Light List Accent 4"/><w:lsdException w:name="Light Grid Accent 4"/><w:lsdException w:name="Medium Shading 1 Accent 4"/><w:lsdException w:name="Medium Shading 2 Accent 4"/><w:lsdException w:name="Medium List 1 Accent 4"/><w:lsdException w:name="Medium List 2 Accent 4"/><w:lsdException w:name="Medium Grid 1 Accent 4"/><w:lsdException w:name="Medium Grid 2 Accent 4"/><w:lsdException w:name="Medium Grid 3 Accent 4"/><w:lsdException w:name="Dark List Accent 4"/><w:lsdException w:name="Colorful Shading Accent 4"/><w:lsdException w:name="Colorful List Accent 4"/><w:lsdException w:name="Colorful Grid Accent 4"/><w:lsdException w:name="Light Shading Accent 5"/><w:lsdException w:name="Light List Accent 5"/><w:lsdException w:name="Light Grid Accent 5"/><w:lsdException w:name="Medium Shading 1 Accent 5"/><w:lsdException w:name="Medium Shading 2 Accent 5"/><w:lsdException w:name="Medium List 1 Accent 5"/><w:lsdException w:name="Medium List 2 Accent 5"/><w:lsdException w:name="Medium Grid 1 Accent 5"/><w:lsdException w:name="Medium Grid 2 Accent 5"/><w:lsdException w:name="Medium Grid 3 Accent 5"/><w:lsdException w:name="Dark List Accent 5"/><w:lsdException w:name="Colorful Shading Accent 5"/><w:lsdException w:name="Colorful List Accent 5"/><w:lsdException w:name="Colorful Grid Accent 5"/><w:lsdException w:name="Light Shading Accent 6"/><w:lsdException w:name="Light List Accent 6"/><w:lsdException w:name="Light Grid Accent 6"/><w:lsdException w:name="Medium Shading 1 Accent 6"/><w:lsdException w:name="Medium Shading 2 Accent 6"/><w:lsdException w:name="Medium List 1 Accent 6"/><w:lsdException w:name="Medium List 2 Accent 6"/><w:lsdException w:name="Medium Grid 1 Accent 6"/><w:lsdException w:name="Medium Grid 2 Accent 6"/><w:lsdException w:name="Medium Grid 3 Accent 6"/><w:lsdException w:name="Dark List Accent 6"/><w:lsdException w:name="Colorful Shading Accent 6"/><w:lsdException w:name="Colorful List Accent 6"/><w:lsdException w:name="Colorful Grid Accent 6"/><w:lsdException w:name="Subtle Emphasis"/><w:lsdException w:name="Intense Emphasis"/><w:lsdException w:name="Subtle Reference"/><w:lsdException w:name="Intense Reference"/><w:lsdException w:name="Book Title"/><w:lsdException w:name="Bibliography"/><w:lsdException w:name="TOC Heading"/></w:latentStyles><w:style w:type="paragraph" w:default="on" w:styleId="Normal"><w:name w:val="Normal"/><w:pPr><w:spacing w:after="200" w:line="276" w:line-rule="auto"/></w:pPr><w:rPr><wx:font wx:val="Calibri"/><w:sz w:val="22"/><w:sz-cs w:val="22"/><w:lang w:val="FR-LU" w:fareast="EN-US" w:bidi="AR-SA"/></w:rPr></w:style><w:style w:type="character" w:default="on" w:styleId="DefaultParagraphFont"><w:name w:val="Default Paragraph Font"/></w:style><w:style w:type="table" w:default="on" w:styleId="TableNormal"><w:name w:val="Normal Table"/><wx:uiName wx:val="Table Normal"/><w:rPr><wx:font wx:val="Calibri"/><w:lang w:val="FR-LU" w:fareast="FR-LU" w:bidi="AR-SA"/></w:rPr><w:tblPr><w:tblInd w:w="0" w:type="dxa"/><w:tblCellMar><w:top w:w="0" w:type="dxa"/><w:left w:w="108" w:type="dxa"/><w:bottom w:w="0" w:type="dxa"/><w:right w:w="108" w:type="dxa"/></w:tblCellMar></w:tblPr></w:style><w:style w:type="list" w:default="on" w:styleId="NoList"><w:name w:val="No List"/></w:style><w:style w:type="paragraph" w:styleId="BalloonText"><w:name w:val="Balloon Text"/><w:basedOn w:val="Normal"/><w:link w:val="BalloonTextChar"/><w:rsid w:val="00757E07"/><w:pPr><w:spacing w:after="0" w:line="240" w:line-rule="auto"/></w:pPr><w:rPr><w:rFonts w:ascii="Tahoma" w:h-ansi="Tahoma" w:cs="Tahoma"/><wx:font wx:val="Tahoma"/><w:sz w:val="16"/><w:sz-cs w:val="16"/></w:rPr></w:style><w:style w:type="character" w:styleId="BalloonTextChar"><w:name w:val="Balloon Text Char"/><w:link w:val="BalloonText"/><w:rsid w:val="00757E07"/><w:rPr><w:rFonts w:ascii="Tahoma" w:h-ansi="Tahoma" w:cs="Tahoma"/><w:sz w:val="16"/><w:sz-cs w:val="16"/></w:rPr></w:style></w:styles><w:docOleData><w:binData w:name="oledata.mso" xml:space="preserve">0M8R4KGxGuEAAAAAAAAAAAAAAAAAAAAAPgADAP7/CQAGAAAAAAAAAAAAAAAEAAAAAQAAAAAAAAAA
EAAAAgAAAAEAAAD+////AAAAAAAAAAB0AAAA9QAAAHYBAAD/////////////////////////////
////////////////////////////////////////////////////////////////////////////
////////////////////////////////////////////////////////////////////////////
////////////////////////////////////////////////////////////////////////////
////////////////////////////////////////////////////////////////////////////
////////////////////////////////////////////////////////////////////////////
////////////////////////////////////////////////////////////////////////////
///////////////////////////////////////////////////////////////////////////9
/////v////7///8VAAAABQAAAAYAAAAHAAAACAAAAAkAAAAKAAAACwAAAAwAAAANAAAADgAAAA8A
AAAQAAAAEQAAABIAAAATAAAAFAAAAAMAAAAWAAAAFwAAABgAAAAZAAAAGgAAABsAAAAcAAAAHQAA
AB4AAAAfAAAAIAAAACEAAAAiAAAAIwAAACQAAAAlAAAAJgAAACcAAAAoAAAAKQAAACoAAAArAAAA
LAAAAC0AAAAuAAAALwAAADAAAAAxAAAAMgAAADMAAAA0AAAANQAAADYAAAA3AAAAOAAAADkAAAA6
AAAAOwAAADwAAAA9AAAAPgAAAD8AAABAAAAAQQAAAEIAAABDAAAARAAAAEUAAABGAAAARwAAAEgA
AABJAAAASgAAAEsAAABMAAAATQAAAE4AAABPAAAAUAAAAFEAAABSAAAAUwAAAFQAAABVAAAAVgAA
AFcAAABYAAAAWQAAAFoAAABbAAAAXAAAAF0AAABeAAAAXwAAAGAAAABhAAAAYgAAAGMAAABkAAAA
ZQAAAGYAAABnAAAAaAAAAGkAAABqAAAAawAAAGwAAABtAAAAbgAAAG8AAABwAAAAcQAAAHIAAABz
AAAAdQAAAP3///92AAAAdwAAAHgAAAB5AAAAegAAAHsAAAB8AAAAfQAAAH4AAAB/AAAAgAAAAFIA
bwBvAHQAIABFAG4AdAByAHkAAAAAAAAAAAAAAAAAAAAAAAAAAAAAAAAAAAAAAAAAAAAAAAAAAAAA
AAAAAAAWAAUA//////////8BAAAAAAAAAAAAAAAAAAAAAAAAAAAAAAAAAAAAAAAAAND3b9dlcdEB
/v///wAAAAAAAAAAXwAxADUAMQA4ADAAOAA5ADcAOQA5AAAAAAAAAAAAAAAAAAAAAAAAAAAAAAAA
AAAAAAAAAAAAAAAAAAAAAAAAABgAAgH///////////////8AAAAAAAAAAAAAAAAAAAAAAAAAAAAA
AAAAAAAAAAAAAAAAAAAEAAAAe9wDAAAAAAAAAAAAAAAAAAAAAAAAAAAAAAAAAAAAAAAAAAAAAAAA
AAAAAAAAAAAAAAAAAAAAAAAAAAAAAAAAAAAAAAAAAAAAAAAAAP///////////////wAAAAAAAAAA
AAAAAAAAAAAAAAAAAAAAAAAAAAAAAAAAAAAAAAAAAAAAAAAAAAAAAAAAAAAAAAAAAAAAAAAAAAAA
AAAAAAAAAAAAAAAAAAAAAAAAAAAAAAAAAAAAAAAAAAAAAAAAAAAAAAAAAAAAAAAAAAAA////////
////////AAAAAAAAAAAAAAAAAAAAAAAAAAAAAAAAAAAAAAAAAAAAAAAAAAAAAAAAAAAAAAAA////
////////////////////////////////////////////////////////////////////////////
////////////////////////////////////////////////////////////////////////////
////////////////////////////////////////////////////////////////////////////
////////////////////////////////////////////////////////////////////////////
////////////////////////////////////////////////////////////////////////////
////////////////////////////////////////////////////////////////////////////
////////////////////////////////////////////////////////////////////////////
////////////////////////////////////////////////////////////////////////////
///////////////////////////////////////////////////////////////////////ZOXKC
aX96UR/Xy51L9x8/oMmSioWPNEpIaNNomH/XlS07BbXXdBjbv9LZ49+7PvMb0H767Kd+PsXqV+/T
ttW2gx8q1T2fNPC55dqCHrNezXj3cFTTSuvb17o5K7rppaRyJR4OOrLtVpXXy1UT8maUnB09UGs4
XjPPw7lX0kJWb+3ZetOkXz9Ywi23dx2rntrz+mKvgQ06H6tsmLO8XVq5XvXS2h88faxCm7crtoWe
jgp4UvPFmxr7SqYdmHauTWz+Vunt+23/EDnA67cG3ev84Na//sw7Cbv+i52ziIoDbNJuY40Ea9xd
Gpfgwd0S3N0leLDgro3TuAW3NE6A4G7BgoYQCO7uNPDnm/MvZzFn1rN5V7WqOk+9927qhfJFjAP7
KqRj97k23t3HONfWs64Eo2d835LfC7VGd8PrMti9xj9osHHBh/f0zptwfI9ORH51z7Ch8JN5md75
PeslT3Vz4DDl3Kk5oe8BGxUa9ZO9YgqytqhLC8dwwt1JiTJ/fAeqV92CIElNle3MdDFG4SplbUfl
QXvM968LtXc8PjfjOY3/FvDysXyUjsG2WKXookh6uM48WSeu/rpZAGHVh7nakYXW09MNB5WhXEbo
dkB/v5dBgFi0LaQi8KGE1nc6zsE1RNtk3GagRu2Ioeud7y/30827KWYqVEPZvSemx569SwDiDQB4
nOzcd3gTx6LwYVmWZckVuUjYYFt0YcCAqaYY00PvYFrAgAHTBJbp2EBCDeBQAoQeIPTeeyf03ktM
S4AECL0kEOz7m5EtyQo5J/ee5z7f98eVeaXd2ZnZmdk2s1px7qzuzsINwXcVTq9ohasiPUOrUDuE
+cAlayaHQqHMnE/PyMjIClbBDSKdOzTQwgOe8IJ3Zl6+1mwUGf/3+n/2+oh0Bx//B/zYhv4IQCD0
MCAnghCMXMiNEIQiDEbkQV7kQ34UQEEUggmFEY4iKIpiiEBxlEBJRKIUSqMMyqIcyiMKFVARlVBZ
7tsKRRXEoCqqoTpqoCZqoTY+Qx3URT3URwM0RCM0RhM0RTM0Rwu0RCvEojXaoC3aoT0+Rwd0RBw6
oTO6IB5d0Q3dkYAe6Ile6I0+MKMv+iERFiShPwZgIAZhMIZgKIYhGSkYjhGy7Gb+ktgWNck3ibxE
in/+0nO0Z+1L4nzgxXlDvPZbF9dyjLu+Zfer8f3Ou7jal3P+qM76e1OXRrRDj//WusXLj7OQ4/78
T9PVz/x0zVxvHWrfVbbqf3v9Li4yH+t57J+kEe2UdV51Yf292Ool2ZsbsjckscUHyL3gn72C/wf1
18G4xztz/dbzd/r/xsnl/17/379c2PquHtZ91/nYFdfqRvVrGhvHde4Z1826T4rredb866iN/f7x
jvo3rxjW6fLvo/3f63/pNRJf4EuMwmiMwViMw3h8hQmYiElIxdeYjCmYimn4BtMxAzPxLWZhNuZg
LuZhPhbgOyzEIizG91iCpViG5ViBlViF1ViDtViH9diAjdiEzdiCrdiG7diBndiF3diDvdinsO7n
B3AQh3AYP+AIjuIYjuMETuIUTuMMzuIczuMCLuISLuMKruIaruMGbuJHpOEWbuMORMf7Hn7Cz7iP
B3iIX/ArHuExnuA3PMUzPMcLvMQrvMYbvMU7/I4/8B4f8Cc+Ih3yQsGBJy5eSrhCBTeo4Q4NtPCA
J7zgDR/4Igd08IM/AhAIPQzIiSAEIxdyIwShCIMReZAX+ZAfBVAQhWBCYYSjCIqiGCJQHCVQEpEo
hdIog7Ioh/KIQgVURCVURjSqIAZVUQ3VUQM1UQu18RnqoC7qoT4aoCEaoTGaoCmaoTlaoCVaIRat
0QZt0Q7t8Tk6oCPi0Amd0QXx6Ipu6I4E9EBP9EJv9IEZfdEPibAgCf0xAAMxCIMxBEMxDMlIwXCM
wEh8gS8xCqMxBmMxDuPxFSZgIiYhFV9jMqZgKqbhG0zHDMzEt5iF2ZiDuZiH+ViA77AQi7AY32MJ
lmIZlmMFVmIVVmMN1mId1mMDNmITNmMLtmIbtmMHdmIXdmMP9mIf9uMADuIQDuMHHMFRHMNxnMBJ
nMJpnMFZnMN5XMBFXMJlXMFVXMN13MBN/Ig03MJt3MFd3MNP+Bn38QAP8Qt+xSM8xhP8hqd4hud4
gZd4hdd4g7d4h9/xB97jA/7ER6SDC7/siLpACVeo4AY13KGBFh7whBe84QNf5IAOfvBHAAKhhwE5
EYRg5EJuhCAUYTAiD/IiH/KjAAqiEEwojHAUQVEUQwSKowRKIhKlUBplUBblUB5RqICKqITKiEYV
xKAqqqE6aqAmaqE2PkMd1EU91EcDNEQjNEYTNEUzNEcLtEQrxKI12qAt2qE9PkcHdEQcOqEzuiAe
XdEN3ZGAHuiJXuiNPjCjL/ohERYkoT8GYCAGYTCGYCiGIRkpGI4RGIkv8CVGYTTGYCzGYTy+wgRM
xCSk4mtMxhRMxTR8g+mYgZn4FrMwG3MwF/MwHwvwHRZiERbjeyzBUizDcqzASqzCaqzBWqzDemzA
RmzCZmzBVmzDduzATuzCbuzBXuzDfhzAQRzCYfyAIziKYziOEziJUziNMziLcziPC7iIS7iMK7iK
a7iOG7iJH5GGW7iNO7iLe/gJP+M+HuAhfsGveITHeILf8BTP8Bwv8BKv8Bpv8Bbv8Dv+wHt8wJ/4
iHTIwTrdfTEYV8IVKrhBDXdooIUHPOEFb/jAFzmggx/8EYBA6GFATgQhGLmQGyEIRRiMyIO8yIf8
KICCKAQTCiMcRVAUxRCB4iiBkohEKZRGGZRFOZRHFCqgIiqhMqJRBTGoimqojhqoiVqojc9QB3VR
D/XRAA3RCI3RBE3RDM3RAi3RCrFojTZoi3Zoj8/RAR0Rh07ojC6IR1d0Q3ckoAd6ohd6ow/M6It+
SIQFSeiPARiIQRiMIRiKYUhGCoZjBEbiC3yJURiNMRiLcRiPrzABEzEJqfgakzEFUzEN32A6ZmAm
vsUszMYczMU8zMcCfIeFWITF+B5LsBTLsBwrsBKrsBprsBbrsB4bsBGbsBlbsBXbsB07sBO7sBt7
sBf7sB8HcBCHcBg/4AiO4hiO4wRO4hRO4wzO4hzO4wIu4hIu4wqu4hqu4wZu4kek4RZu4w7u4h5+
ws+4jwd4iF/wKx7hMZ7gNzzFMzzHC7zEK7zGG7zFO/yOP/AeH/AnPiIdGRA3612ghCtUcIMa7tBA
Cw94wgve8IEvckAHP/gjAIHQw4CcCEIwciE3QhCKMBiRB3mRD/lRAAVRCCYURjiKoCiKIQLFUQIl
EYlSKI0yKItyKI8oVEBFVEJlRKMKYlAV1VAdNVATtVAbn6EO6qIe6qMBGqIRGqMJmqIZmqMFWqIV
YtEabdAW7dAen6MDOiIOndAZXRCPruiG7khAD/REL/RGH5jRF/2QCAuS0B8DMBCDMBhDMBTDkIwU
DMcIjMQX+BKjMBpjMBbjMB5fYQImYhJS8TUmYwqmYhq+wXTMwEx8i1mYjTmYi3mYjwX4DguxCIvx
PZZgKZZhOVZgJVZhNdZgLdZhPTZgIzZhM7ZgK7ZhO3ZgJ3ZhN/ZgL/ZhPw7gIA7hMH7AERzFMRzH
CZzEKZzGGZzFOZzHBVzEJVzGFVzFNVzHDdzEj0jDLdzGHdzFPfyEn3EfD/AQv+BXPMJjPMFveIpn
eI4XeIlXeI03eIt3+B1/4D0+4E98RDoyIL6oc4ESrlDBDWq4QwMtPOAJL3jDB77IAR384I8ABEIP
A3IiCMHIhdwIQSjCYEQe5EU+5EcBFEQhmFAY4SiCoiiGCBRHCZREJEqhNMqgLMqhPKJQARVRCZUR
jSqIQVVUQ3XUQE3UQm18hjqoi3qojwZoiEZojCZoimZojhZoiVaIRWu0QVu0Q3t8jg7oiDh0Qmd0
QTy6ohu6IwE90BO90Bt9YEZf9EMiLEhCfwzAQAzCYAzBUAxDMlIwHCMwEl/gS4zCaIzBWIzDeHyF
CZiISUjF15iMKZiKafgG0zEDM/EtZmE25mAu5mE+FuA7LMQiLMb3WIKlWIblWIGVWIXVWIO1WIf1
2ICN2ITN2IKt2Ibt2IGd2IXd2IO92If9OICDOITD+AFHcBTHcBwncBKncBpncBbncB4XcBGXcBlX
cBXXcB03cBM/Ig23cBt3cBf38BN+xn08wEP8gl/xCI/xBL/hKZ7hOV7gJV7hNd7gLd7hd/yB9/iA
P/ER6ciA+BLKBUq4QgU3qOEODbTwgCe84A0f+CIHdPCDPwIQCD0MyIkgBCMXciMEoQiDEXmQF/mQ
HwVQEIVgQmGEowiKohgiUBwlUBKRKIXSKIOyKIfyiEIFVEQlVEY0qiAGVVEN1VEDNVELtfEZ6qAu
6qE+GqAhGqExmqApmqE5WqAlWiEWrdEGbdEO7fE5OqAj4tAJndEF8eiKbuiOBPRAT/RCb/SBGX3R
D4mwIAn9MQADMQiDMQRDMQzJSMFwjMBIfIEvMQqjMQZjMQ7j8RUmYCImIRVfYzKmYCqm4RtMxwzM
xLeYhdmYg7mYh/lYgO+wEIuwGN9jCZZiGZZjBVZiFVZjDdZiHdZjAzZiEzZjC7ZiG7ZjB3ZiF3Zj
D/ZiH/bjAA7iEA7jBxzBURzDcZzASZzCaZzBWZzDeVzARVzCZVzBVVzDddzATfyINNzCbdzBXdzD
T/gZ9/EAD/ELfsUjPMYT/IaneKa2fm/7n75y7/FWKBXNB8bH9bTUN3cz94mIHxSvqF6hnXOQuFtQ
hncWtbDEJ1raNU3o1j0+KcncrmrfvjXikuLa1Td3juvVrnl8775/TbzbW9GgzWRF5qBDIb6nFt/O
iFeM4t+/RsAnbKePYrP2dJ7tLvVP52nePcFi7Jto7pYY19vYOa5PH3OSsVO8MbF/H2NCH2ONRs2M
vc1d4iO8vT3yZ+bRuKa4g++qCOg+vl5WvncUPi6e4hT4pzsFsn4j/nmwxvpoilFjLZ3ReqdUlZkm
61M+w6S0Tlk/clgfZ7J92j6s6ci3laywRtFXXJKcX6zP6x+0xV/TWb+VzXppjNYnV7JeEUnxg5L4
7PLe3VoXUVflX7LoGJEY38vc2fqElqy7iJPuni1eDCfLiERLItGsdaAu8rKarQQyXoxzMWOCrXFE
2ZR0PUf86q4YVcL6BIKBi07pqmyf5e7Oyf72Fao05eDaFD7DpOPD7Cfe/HnLLW7zKvTh4u6xWtz+
VRjC9eFcgUpo5d1XF3HT2uQrFoqbt36K9EA2vNLPJfOToa0pgHySo9lmci6QuZw+bm1ik2OygvQi
QpWsOYMtQlUR5KK3puVTRnHxUwy1phwqwltbsxGhVa2hVWSomHEVY161l8ZEO6i9U3KSsb+bsQAt
5+/up0kP9BUl1AyrZU3nmDw+uYyYsy3LtsLS9kWG5LL2mXNsbKUpiLWYgkWNStkXhRmTy9nn9Mnl
edeKHrk6Snyfp/XT6PWyfHoTx4HaX6VTyVlTLt4qiK8ftTqVSSMWubmZc4uKaLU6rTVEbQohwBIq
Qj38PNMDPUW9PM95Zi9OflEAT6N4ECy5gJz2cUtml1HpPMxhRNDq9apAnTtN6WmiJuqCmswaZzaK
UzM4tRipjUbFKYXJUyRNY99R+HvpvMxGsf48vInvaqmFmyxzQa1ObZ2gWlr5qbV+agNFR4VPk4f4
EE+rueQQSUe6zMyp9C/GbFmlKa/4HkXsN2oi+JdwlU+xsf/pTPlY4qE2U1kPT6Xop6uM1bsH1jax
PdXu5gKiNAXFzl1I7O0irVI+Wce5VGdsnhXRYpK5mArzUTBcrGOqa5RerEJ886eK8rRNmsNFSVxN
RazZKVxLuMsRs3gpLUVFu4uzXeakq31SZZ90k5PFxKRaTJoiRJ7iOwaVqbgoawnbfJC5pG3a2Cur
uLRGTFV9kN4SKWKXsqcuLebL2ObDvEMsZUVQOXsmyVmZmMvbA49Q+rBAS5SIW8EWrDdXtEdR2NIV
sudvNFeSM6KeBnNl27RjNVwdquHqXA2VczVcnaoh5sM8wsyO9ZC55HGqhww8L+rh7VgPa8kq2qOU
dqqHyqm4Kuci5nYuosqpiCrZ0mHZmlrmct2piCpbU+sciyiCc2YWUUZ58oki2ppa7DymaHt53f5t
ed2cyutmLW+EY3llLqOdyuv26fKK4ODM8soo45zK6+ZYXvW/LZ+IEeYVVsuxPDLVUqfyyEDxaElY
PsfyiOBcmeWRUVY6lUct94EqDtMxtmllutpfnACqivyqiWCKuD+Gt8ZVLdXF2aOGCDSYasozkH1H
Md4TF3rxoI8si6mWXF7blrH5M4cAN+cAlXOAq3OA0haQy1RHrrB6Qma1TLI5gk11swdba0uF/LIq
ZKqXGRIgQuqLkAYiRG9qKNfUyHoScy2hkk/VipdzdyCmSPbAxrwZYsSp0dREIS5fTcWlKLcoVTOR
m7FVVnGMg7Km9GE5TM3lmdXe7xDncPFUMQ2hS+FyrQowtSA8qoBo1Q7mzJTiHoH1kmZuKdbTSp6m
R4j4MlG4IjhFIz9DlSPkRCelUXyTkOwhT6zWy0Yp62WDPoxKPvnhJs79XrbWjCWSMcw221o0UxtR
FtH3/dfxPMqLXllYIVNbMaMc6iVuA5jbyQ0ops3tmfR0N8RclhcQGURLe3hpjIWzMjIEmDsQVEFc
9IzRWaGWjoQN0Vji+PDWmjvJLEWlekSLTWW8amvmAT0yp4LDjLKZRWcid4zoZCo14jql9uLTKC6u
SlOYSOGVlcJYoYdtE8VYN1H5ItZ0/zR+Wh5x4XfTuckL/ye2uewGhCuq5rb3PcVTQIJIKq7v/iXU
8ukWtexbilVae5/iCSDl0EB5xHaWDaAXW1W+m7uIFvdTmBgeeYR5tXYI9fRzMXWVobGOpxSDTGvI
iuXlp7SntYV6+7l+Km2ATBuQFctf5afKTBzrGOzm5/ap1L4yta8tmtpPbU9tD3b3c/9Uah+Z2scW
TeOnkakdw7R+WmvSoNYOSfXJWnkUdBMHql4fVsRSTrStqzgcstrSW+TR3aGYDgEB2QM4ZlXyKT93
uZ04ttQe6igxqlUHGSwJck839RBN627uKTPwlpuul21aY+7NdIBX+RLycHBeLPtyxtNZ+5i5jzjk
zaI6vR1awqGAPk7XQh/Z1ehlXyYzfP43GYbnKuEmnwrSfOJ8sKRHtuNcbWzU0zGAmopTRAUx4HI3
9RU7utrYJCuK3tRPHuSpCfpo8eidMT5ribtM/YnjSOOv0ftry78kP51Gp53tHTKprTg0PHQeevdF
Og+DsWhWHszlVCq1phKiMMWtAUHG0g6Lg02JYq/wpPdfyVZsC0Esy2W86BAzt8iopENGpiS5fzP6
MJj6M6k1DeA9jTIq6KIPlHu5aZCog608psHijDlE7tk6N53amOESptBbhop2HiayYAyQLD+z5ylO
BTqtIdafgY2OtqrimpGRoba3q9rarq5q403bqlLE5UdmkjJcHjM6d2NG1lLziKygBr2yTq4T6Wi4
BJtHskTnbv5CJA+3ji98XQLyuTTn/OqSizGB+JWLVlyLhls3d/ZMCbBlaf6SALXMStyOUljPcIbw
rHGLQhEZqVBXzcyXaOLXW5/Id5RzvqMJWCKK62nN3V22QoB3WswnrkOteznujgx5x2Q1GwnET8M0
3mni2lSQWTkQcyjfoEEKjShfBaUYqGWd5sU11FRITGSNkTzFcRGStaLsYyRx/RZPEXuJL7HNY8Ui
lXmcODLURvEkbHRNsQWN4uHMSqJt3Y1r5TEvzkix0SYZssceUkn0KFTm8aJq4saPuLmssBZHbRxv
z2+RPb+jf8nvx3+UX7htDOgt6rf/7+rnIn9lB51FJ0915q8y+zAbrZenPDLL0rbTj1E8FcxYhT/T
BEVmd1v0O/Y6b7yH2Tae8b1tdmLmulXyKV82oy6scQ8P0yTRrq6ZJ1m2tTjJJnFddPHWyDOt1pxq
vSq5mL5mohcXIlXmlDpzKnNRtGgXcZC29XdXanXupmLiTkl5naiKNp9193hexRqq1KpNRcX9Bk15
8XsytaFHaw97GLMxsssyy9aAssui05gn2zsrJY5nzif4a40te2drhba9HVtBnOly5pQ19PfUeZJs
irhs6bTmqeLY9ZQVJXSarO83YsY6nlfJX6TlkNek6eJMFCG2VsoM0WYGy0x5PVJZvhUXd415lshT
u8gyW7aXq06l1pjniLxUMi+1/LWaTjyYZZ4rdgdX8zy5T/dStUnwchfv3hqtZb7C2ssyLZDnQ51b
iPk7kYmbq16v0ZoXymnzInu+SvkLOT9xv2Kx3Mu89f6q8mKv5aQ429Pd/D2hruYlovhLeYuS1xUv
eSBz1owVK9OmJkSeDwjXhMs6i+6UvyinQXyn4OLprg9rN8/dvEzmrk5NMLSeLfcjsZ8HZI8XYYun
t8cJ/Ls4htnhtnshnvZ7IZ6fuBci2k+jlb9g1CktywlNFtHEjX5rJ96yQmSZeetD9j8sK8Wkl5xc
JSbF1V1pzd6yWgTkkMvWiEmdnFwrJv3sof72xD72Gyu+9skAe4RAe6jB3plYJ/dXsSJzhK3vkBka
aJvMvEujdx7PGqta1itsg1mxWG1Mytq1zRvEoRpKq5o32paH5TBvss94GcUT1449PrkKH1sW5W2B
ufW59ZbNIuIWe0Txm46wUMcBsd7h3o2MEmrLq5B9vTHmrbaZrNGx3mF0rLeOjkOyj47lGMZY2pbh
NnvgIVvgdoWtS+fQO5Ob1trMO2wBer1jzUWI8aZTzWWgeNrWKB75dqyotQO5056ZeZd9Tenqwlmj
XnMD+xbezWTQpFHW/Vw5VOxTi9wNyqF+ciKncqi/nDDvsSUxPnIqkAwUP+UJK+tYGpGVcYwt7l57
oPjpT5jeGnefPXicLe5+WyDFLmBr8QMyWJTMOM8pXxkofl6U2zFbf7lDOEX1/3QRZPAepyL4W4uQ
36kIPtZbND2cxyXG+n2yN40MFE9eGwOdtpVYkjNzW/k4bCsf6xoLijUeFNEPKbIGI//iMPOVh1nb
Pn93mPk6HmYyL/Ezlr8caXJJklMdfD9xpMmI9/5ypPkq7LfuZBTXPtmPNF/HI83X4UjzdTjSfK1N
kM/pSAv4100QIJsg4m+bIMCxCWRe4pcCf2kCuSTKqQkCPtEEMr+m2esfIAdcFe0ZOd2MsibKqn+A
Q/0DHOofYK2/yan+4tTr0L2S83rjFqfyi1DjCafyy0DxEH5Yd8fiiuBcmftgoMM+aJ223mIw/OtW
N8hWv/+3rW5wbHWZl/it3F9aXS554VRqwydaXeZXK3urGxT2e9oyoy+d9jqDY6sbHFrd4NDqBmur
h2dvdX3mjc7DtnZ3OvVmu9Ep75s43rUMcA7wdQ7QOwcEOgf4OAd42wJyWm+Fqo3jsm8ALlIuph+s
5T8iCy1+XWEUP8WxNtxRGbgsK5X1DmpO0zHxYci8kbo6eyvSNqHZb6RaC3Lcdg3QmxvaC3zcXpnj
1oKIheFlw2pbTjAxgk6WKtx6D1L88sQgxoQirIB/DtNJIsgZpZ/CfIqZohq1v2+a+PVMCv0mVQV6
0Ap5M8PTdJp3L/0I+n8qd/HTtb7WuxpnxDpEXJnAfJZZ42x66nHdvbXFcjoEHkzLyIjrPiIXAUVy
yHCt+ZxIHCxy9NLIb9JEf9N8XoSGiCzFW1Ff+ZGaUEwdIEOVxtocJXH+btbMLyhEp7eH+aKoi8ir
qFZ++KuLRKeItQWWcixGZxowTucW193fvYi7XC4G7sXcAojvI+MxXBfl8ldbU12S+ccZj+ydNCjO
X6MTX9QrRnTQp7vwT9xCKMrowJiRkTG8A0utiRguiCxMZcWIxUOWP0DGTxHNF1FO7+9ZpKgM1nmG
dJgivr8M6qTzytW54wWmGXQIU3RecRfm6jzphctxSeQZ1lVG5lAsQqeRXWZ/+vM+RXLovHU+JPGZ
Mk/nQ3Qf5jSRj3TelsuUwqOIn+mKqASDGo/UBPNVESazKRqk1GlijYPq+iji/HV+ukSG431N1xRy
OHpdRpM7h9p8I2tHMd9kKqx2qdzWxmHk6xEgN39AAblx5NZkH7ql0eUwpbH0R51vuLgHq7SOe+Wv
q8SvpbKePPAv4Sb/94ucou9umOLhmprg6R7mGasOiY274KXUT1HmnBLaqaMmqFOsGLvo/d2K1NK5
GToUC9QaP1Z3VbQxHppfUBHrrQ3L0eW82H0u+Kt1qtDO58Uoy22KvzvvOnd1nCYoNk6nFg3q7kX6
WDF6co/c4irGD1Ot3w0oXZNDRXVVyUbx4ZYcJj58VMl5rIeQuE9xSxxbLS3lxbF8W5wBSKgc8Zk1
QnCKdaI2FR3fuGFtb49g8R/oeNf5rEZTNlZRQTydpxicnCrqHJRUMzapmblr0sC4xHhF1S7mTvHG
Or3jusU3jY/rMrjf8fhKCoXXr3VqVG0+6MaTtA9NctVRut95cTl9Xy/Vskl3rmkq1ejYXjVO46XT
5J08fn+i6kHeyWWVJ3XG2h3LKs9cevPNjeRXvww+Vvbxs1VNgyaWPvv0dtK71/snHD16VHkn6vex
1RWaooqRbvLNuN76xnVOvI3Yr5RvOWLlm0LpKd9iOrrIN01R+ZaV+D/PISvxf55DZuL/PIesxE45
/D6rUnT025TkDcPe/3J4XYU5upNt6/cd1LLYyQ5v2rWcteH0nJ9LndQdjRjw8v6bPJ2jFuzb3bDU
jHIP/lynnj9h8MnIKl6F37t22HG0+5MhF64m1ggp7N7rYuK997Ftb33oevb2jtFvtj6o4b0if/WU
ss2jDpS9OvpywU1T3wx+1nima/GC69qkvN28Z5O5+dqVnZNeTnx0sOnM58O3dvi8eK29ie3etXtQ
YdjTj+NOtGrxRfLpl2EHz45pOXVn71u11uyc+7HK46CYXcXX3Y5Mbbvg3KOh6cUXTahz+9zKiBz7
Cp3cPeFgyrhNoTcz2pZPrV7tca+OH6+lLs/X7fyGWe+Kjm125Wie+HfLgg/tzNn4j6YP797eNXtB
WsjC6f0D3e4HpF0vvfpMtXOhH7Zvae3rtWbwtaXtt484nD7tvHLOierlU3f17ZXyesaVsuGrVu2r
eTo0akyLSTuKHrz6oueUiW5LqlRp8P5i74+vPsx+Ma/B6cfJTUfcKjvR+/523wWVJ73tN2Pistet
+8ya2GJN8M4Nl9OPHI1Ky2gRWfBy2TNJC3JP22nZ0uNaavzRjVWuqm6uvPvj3LITR94f8Cys+sCN
Hm8GB5xKnjE99adhn73N2Bz3oZV35y9Ohj6+3mV1ocqfzzlVcvWHMRNOre7arlzE2AldhkZ3mxhX
rNSj/s1CJj2u9qzk6hXKntdLdt+WEKR5UuqX+aX6/r6wYP736isJfrlrxj6Nb1AgKihH7Iuy82qd
/LamW9cmlnaW1HrBHnNOjXzc4vTWAW4t0757ujR+/ZCWlqKJzY920bf45t3xHYOfXL/Xe+f1Jl1D
F8ef3V/33bbelVuUnxl0YHtCeUN8om78SUv7ysUm/Fn1XXytPX1WLl6s7Nlr5vP8q4fp+/ccEJI2
v3/zJruOhKyNfL/r8tB7EZdjEwb21c/4EPko+PVv+pZpG/ufLjksZG/Ko6e7x3tc7310e7UzL8Z/
LHJ9xu/b2+tPDyzS7FnklV2pV5r89nByyX07n96pVLjiM3WS50/J5qFnWzftOnbilPtrH65eumRI
hfWpu1MjRpU7v/3xxs65V4TnetbmSpTn0Yz8N9LXfrxZM67M9tT0yI2dFhQcPfRqk+7zU9J7fh39
JuJV5Zud2rz6Pu+paSdeJb3M8Lq9b7V24dIXX/cOGPKr8cGuxnnM1Qc1rzrAMip5+Ljod+c2Tmzk
nbFvXVC9lUPPBjy83yIxouG0tX+03zx/49HEbZVvvUr8uXzTBe9eVzbsmnHkcPjEoOhRnnf7m9pu
mxW/+HjeoJfXuz65Xf1SeJG9/Tsm97h2bKxuQYj/7GZbVt/z2PC1x6HB17ZNa1znysJFqw++M/iv
HhgUuHZViT4XW2wfM7tAg/Tfh/0ZuOVliurV91uGhk7f0upuxqorrS773Wqw+Wlkhc9vn7g+6mSb
UZ63ov9sO+nQXh/Dj3uP5L6aFnAyV3Ds41Mtf7i0YM2m2c+/29rffd3B8SmBW/d5bL74S90qW/vu
8by7wWdkZJGl86q/arW50dWQ9kcn3PvQ85HPrdH7vyquH5jnztlCXqtPH45f1XvuqrWXk0sd2Hi7
Vp5B/u01Vbxjr1we99v22fdiPjat1KFBsd0TZj+ftaji783zpAf1v7pyqaXM1v7lDkQXW/xxSIUD
zw69f5tvRtSErdt6RH288TJ9UKeH357buVb7w9j5J7s/8mnA9fuL16vnxemGVIk9qbvxePWsU5my
yg+Dzm3VnZyXwMGjjvDcRLf2mJwlnSV3J+IvZE5mUXV3cs8A7w8hgpH7FftCXXn3AXk+zXgeA6wn
2N2upLl+ftNnGvEdOemiu/KjAk57dM311Q7MT/W/P8+KqcHUSMXLvZYXJza5188OR03sQhdmbwyI
o9Gdjza5+YsOLz1vVnNPsRdvHiY23VSeaVl7r9Bhxguyo47Yi91Cqkwn5PpLHNCLZb3l8obUVYi6
a8c7/SXeSsNFnYkTk/tHHZ4f+avVFBxxA3nlq24wrrd3FWfqCvlHKX99CTl7LwJ6BCU+mf+IG+C4
hpU/CXzKDnS5+BMl7UWFYSD6/c5rIGtRSZt07nTjc/Pv5o1gduyejt2D53+zuKqUq/96IN/6/Kfc
EeJAjWHLD9PGysPhqHVnrOt/KiURZPHIuGgPFOJcpZrgIO8Idz+6K99t4+y328p+vQKfHw7njtO9
lksvGErgHNX1t7Fjp3H/6+F1Wt4NhPTbYTW9jQeCQcTzilyfEYX784LANaWaS8zVQTl/Kc5gqxg8
j+3u7971Ey/rpHPPbBP7IaqeHceT5h230+PLSFSa7jcOm4GOX+Wc26ofKzOexB3kbj/ff077DJtA
n/Lyc9rKBd9h7XGbLkVH3QlSVuRFFwqO3RWWjAtzXQbR789EF05YUz+Jw419qH5NfVwS5vKD9exX
+odf7pGEny5EtKmNtQ15D/Le8ReuC/AN+Qwt4bCY2TE9ef3Li957q2UfT0Jx+VWfhZLcloTWKhHT
gw7OYjcS+u7+dbktl4uj9xc3paNnz9/TFsdua9+NTws4oJjdkFytMu6UnBh0mGjTnvV/XLcSW825
4euiAi6mRGeI6GGhpA9d+9Df8a92cZR3bwVEEC0ybWH8Euz6DuOUG1lonrS32IFJ2IkliQUTUff4
mizILgyFEOnCH36PNV2Ujj5lTHvmHzWSLPWzvl1a0RH3MNS3mbATRJo2KrxR1UHNyPZy0Z1X86Za
7Tf0To+kbo0c8nQpVubZJnqUs0fZhgNnrwXTXzQoXMWJ1tX4yx8IjDOnXY6ShKL4d+s6+W6SVjMy
b/RERIahHi9hozOBFI2wYvvXCTFhvZPfPVn4SShekVs8UzfJn7KMxMdBR2R+fx4zMq1eFvKuRSfj
BqxUTbysq0WqI2/wWxqHfwucXfnOffr8O+Lia63gtPuAmbXoJOa5zEz/fwt6/xtUzPg/pP5fIPW/
R6LgFYMbQPPgHDI4AFv8jxYqyX2QhUmbhwGAdv+dS/3XwaWu/3IpVYIOyP/QpWwr/79LBaKGMOi0
3LbrrP20uJzczUP6Xv8G8XuILIgwuZIdKLmuJXlOWoDIxF1EU3wOl5NTigtTxEUmWCbEFSg65vz8
acrC49D47uXut/Y3Rz8B0O/sA8O406pqWDWse/35g3gEDzDQgjbiOrbOPfm3Qh01Qddn4zQ88KuV
OS0qD8mfGn8rRvUMyQeXkCQ4asiHFyQa87O/e/ro6c/E6duAJHrXrbxtE+Qj/z5TVzuJd5LnDXjg
JwHwGALgLB/RRm3P4sk3+BggOXm7ZSy29safvPfIgfqdZG/jvyoi8Jhpa0pX5+mBb2vShu0TQiVS
tupGPsVvMQA/Jqc/+eqA+5Dpndd60Jo/ejqqBPgOKG/HdRYf6ul63M51PC695C94M4NESE56vHY+
cOserFY3L5IRBQuU3GAPbfQJTb0GdBQsFvS2S9AwoAoZdOZ27L5w7/9JFMNVb6QL/kl1+/OZsESl
SLRNagVfn6+e4o3voB+jXCLtE8vcqbNk2jNfTKdJPAdLv+pUkGn8cSTLijigqQJKhADmQNzoQmxC
Hg8nTh/q3TxGSJ8yXf75Z0q6bghmMLzU5vUScfPAYGbir35xhrvF1UC3Tk+KiCMMkLS9z8EKzHiF
s5tExJ4vd/qZqRf+PPvpjyszRuU5bknTkp1sCCgVC0k9qfljgGhzhmDDA5yftEdCXleYP6y2+q3I
gFe3q8JONLBkuORVYmNjw4/GNOLOuhC48ZG0LD2B9O2wGPx8YKulpUUpKMDz/vyve1Ce1lTm+Pi4
NR9ZAvcR6sbe180lxfqZpP46rbLTHclg9v6zivhCAXygp0Cu843odAh0XeLg+FjVx8ur7KHbkxV6
2eq6XnCyvz/qstbB3+V7scm+jgr/uLF8oL7BcX717erK2qPd+J1Z08nJyY8DT5ERiaXy01UtwNW8
Yb2nIxFiOZa6K86kIaINF5KNGl0ZPmKp1XO9FwUX/ZTQFsShRCGJagQhurdma49zCwnmuFxvcVpr
0IRHSEiYkkKvwHQvnkmNr7cXE0lCXNtXMV34DahNyyDvyHQZF9BlnGJ15xN7Czi2B4F01eRvkcsK
zeb9CgpQKkVRbQuQeEekcrcAU3wCAkRE7PohdwVbW7VpEgMEZkb3L2tXe9Nmz4c1dbCdJ282Jm/p
opa+A0KQ691oBqM61e8iBtp8DaS5FqA0IeqKkuB6wFV2NKX3cq1SGhPtRr9EJxU40rIOLuxHVH+7
IHZpSuL5B91KTS1congUqj/9dm6gxir4W3k5k/43l7VF/9P2vZV1+K7g9NXet9+IecSIFcSWarqy
25yhlzSoNmodpWK+EW3jcqO06w9TPt1uP/iXjEeHFAJIEhx3yw9Xrq0f6F9paShrJwpCVOGFscv4
VsJmNe2KnY/jbLC2TxepjG9kQprl1ixrV7YiNBB3+t4o4+GxOKtv8m4s9bzcfOPqgV++ffi0/GNJ
QGWEheNs86z02lZ+W/O7494p3MAu/+b7Qvzrc9ZQBspHDqDyvzGdWY/XY1d5lV26Bl3lmvX8jSLn
3D0T9AgE19h6wM2gc/n26PJn2DWXKFhqLPD390lbGiOkt0s7NWvTBR5zd798TvSLgt5ijXaiTNaD
VVSKjgNVSQUOixJlRhLIBY8OKgpfbgZj8Zsokt8ftsVsCeGv+x1x6Le5WWgpKCgM0wZM4pYH7Xep
uKn6I94eNfwyJfTCBqJiWUwo+NOYkjyv0JBFY1OSiV1NvlXQ1dNzvRF1rdlQhqWdeawNwDoPjbjg
OxWCf0ZxTjAQGtVl009mz7X+05FxS3aWLI+pPGE9ifNeJOIrqQbdWA373cKAp5NvPq3NzU7UQm69
tAEq6bQE2RFxr5XbQuYQ/bMf9udWP7OA2S+5Y32b8W7mJWI00VX4uMC+K9ArWajrxKipZO0t/mcq
JtOvsQBGZLR3ZLGinMjqwEFdPKR3sTnmg6BW4szK9gTcpSuM74t1Zj0342x1oqlqiWwYkdJvX93t
OfGq4ANsE1HGj90Hehf0LX+ZiRFtETqM7J4IwPTPUgnoPEzdTEyqWdygYPOXrb9JiX8SBn+1fNxK
SMByxaIUgctgRBUhOABLEZKp1uTSyShC0sny7vd4SkQARS5EeF2FoRamxQDGPmWG3tgf+Oy97ewA
yiPWxWder9dBkQgD3qhnkxMrJ4q4o41oCn4DXPJlTIjJiKo8Jp1LaZQKeOC04wg2JPE4m8R0kbAq
NlzsHrII8uJPS7tBiq7IIdOt+tlGdH/tulyxEKcoAaCPAKCPWXtstO8VGNXIMpRkspt1dzpLPoeg
QzSCW3WQCsiaRy3OcPSZvr19Qx6BIk5uq0FN39eTjcIufO8s0Cohv0MMyjylkh1g7z0+OMj6NLoy
3C+g8cpTGIpOgj1vNmqnyVRAo4HKE2ls6RL/MK3VxEILXXEiuvG+dtXENsUB2/Av8FcpjRQKwVtG
qORfXeVD55pKKR1Jt8I8gtHTuwaKAGvPaSTCWoIe26NkfHz2bDQvywFj7kHxJL086GDLgaF6krcQ
IgK1Bdp5S16OTUOkHAOkAq8So6+5m0Zkv2FoOWH8G6TI5op+AnX3fBX6+hspmvGBhPZ8QlKnVrX3
6SPgt8euy9n3eZS434dMqxMt1Tc6kEbrxTwl/l5V7Fz42m5UNshIAq22v67PoCM0DaYHhnBgQd00
WlobG6tzkmLzIQaVCDy2AfWkt+YIAiXy2yWXXf2Zw4Ja20r9Z7S1MrzUkwIhDucBwNhJVK1z40FE
3reqIwoddcxklKnABGVVHqoS6bwhK/3efYY6C2NSaYahn4oZ6cwV4je8AxW2rB6IdO941jVmRX3x
8ki+KbBZNXjehPhhjRMgrxmIRb7/9w37Zy5jfDEgShDRmbVnmGK2tVYWO/IbzSFAZYZhOAsNVzrH
NPz5OKNuO6pFq46YY+gtVd1n12vuYFr7vZ5leWJxtdJmu2HwPWLry1jEqAopqM7vGD9SuU9jseWc
BF2RuhkvT/naM8CXBQ7uMjxoJ1p1/JFm8Bl8CY8x24yfhGR92t/AfNm8WB/sGzE7lRTJBtchSeRN
J3ZjNNk0ALB1/0UYa8ryFESUNFJDMRJLhBGJeX9RpB1fq10S++gEbFX8yBaEUPQAoKcNTDUgkjKz
bIWIZCwr9+PaGFbwx+j4cYC931RWIajwgCBVK3kGeOwakGkap4b5yTrb1NPUOtsgPNXUC7mFkM/j
cGr9md2SMgJxkCZfwl+47tQKT3YMDlK2xZY+MThDEzUwheMp/J7Mdnr/eKXpoxBYbCqdCrmJAFnm
IYoKHQDMQFnAc06ApjYWvZMdLZj/ZsvKk8pLhEv+3cAIKtdcLIpuT5HYlhLiQD0kmX69WGvyxvnk
5FIFvRfPbHLeKfKM8hN5N1TnKDrHQclnKZXH1CEf34w/HO+hgPUWyjX4WCugCbrqGgoq08d76nyM
v6IOc8Ul0g2aaO+glaEvra1N3fH4HreMgnYsvNKJPG6KrNo1aDclSsFRR2qzfUEvE8E+gdjxZZYD
icZyGAODoIPUj68HWAuLQ/l+BJUiGu4zNNJCjf6QyznsSMIfwAsKcXJ2hgKamNHQOswUafd7uM1b
jDmG1758Hf514NqQo5a/2BKwwM8gOE7pfZjAc51sjlFNZPZgvcNSgWHzIA3znjGv89hIrr51znXm
gUpOK+0yqt9KcwOzPO7PLfjh/DUnLIYdpcObZM3dj8MaHwu50shoNN9YSwnGnFAdYNOgxeanN/3d
+DJQ1FQigxVgxlxTW0vgxDnGiMYuxmOPpZbjUCYOzmLZlsFsc0i/iAK0hJFDPmo80AeysYYImDq4
sYjprrrP++MhBqtjZlSH7WnMX+1cTe+8IeRvwcTXXf120qCqQlLEeNFCTBaECT46PKxGBovhoMqE
sGgQlKUDsbhbOe2f8A32FxCpbXCtZV9yVJks5raVNkQ42Y1aMecOmqdHD0seArCZVPMA+fn5yWO2
UrIPBrQfTaoIIOQSVH82C33oQSU/HESqvtZEHuTZGAmlwQxbMDza83DAup2Y+Q1TrGI6RxHm5C69
xMFY03jvlEcbh1nLCdJCsWlmHhtnP0LJ5fykZ9SUhjRMac1MNT5Y7RBCZ8T2S0hoVFRXJuT0jMdT
CQkXpAOgMUVSMjgnQAELewtd2QSbE8zv7/k+cjMubZo16GMOQ6iwtpgh0TmHZDHMeOpaWkjTk4Hy
CH3ER3MHBJhkfPq8XxBLBSbt4x1tbKAAPurObkI9yk+/UNXCHxGQiuLD/eZHU+otd5SXmx3wUf3/
+IGRj88Ny9VZmrXwPOq4zZbmTf2DEenE22hISCNUHTxVrbbR/Xgq59dSJgLXCvza42RTMxhTF+rv
8MDIyn1IXbqeLWYTlrP27Wh1JenAhJLRVPPaOqC5ao6mKOMKzzhmiT19kvMDAUjQF7D0igvZGk6M
REBClf78mdFOUCEv+DK96vwfsvXD8r9jXhF1Imrr6MRavc2upTgHJl+2qIN7N2hlemmxCS6phGD0
OuJBP7IVKPpCJUKbrEzrPXgNsP9BMbfjPFj/h8GniUVnTVeUw2gkw44v5irbbO4mhyOMQjQmvHCw
2lhBIpFprOuuVzq2OV1gzM0GD7EsKkvlUbUSVjueCR0stf6qwZ7Uq3jWGqRkp8bucFRY+08Dcklp
+XI9DmbfE4jWycRWaRZqK6aXUw15QEhV2HU8zc0hqP7zS7QyujpBWEKXo/QoRlA9bUk+wygQe/IP
luFNVcG9frXerp7vqEiuwooVaBOHBNiLAd2934QpfsIoehcVrZQp4PCywuh/MKrFfX+5M2FxvtHn
diq8J6mnp+wkU6+rrSPdKMoCk4hA+jwUR1hvfYFnFj0Pku43LZM5Si//mk8Ww642MlgtpNeM+Has
WuQeoLFrQKRvcY2HLiA7vKxpWTs0R6ZSmg9ZZ7+B3GNg25iyH6oz47FEb8pN3t4aZWY1ZiJoz2f9
ZU/bBox+Fu/PqgApc7yWeohq1ssuJkfquDaZUNK1hIYnHsHUR+TGRO2+sRNTlwXtxOSeV454DWMa
e47ZFdWUmMQ0E0Kh/SehURSbIsqsWOUO3F5dPCUjaEAn14/hW4liRI5C9OWaDqRSW4ogAqnERUN3
6gCTby6UBPahZgM3W3oJMQcj07yEAKmAqt9xU1cl/gF3JdSNU57XSR7Jh2DapmnaQ38e+v7dy8/D
Z1rGLP2Rob6/WXD1QvDiYirEnmH/Ip8Z13A/ICf8ZqidJKuMSVmStwzSn5LxnvS5v0P4GcmvXCqW
GuFjVmq4xUQGB3dcOPP0CuhVXvLwXZ/U8WUPPYgY6J5Bn0ifrWKkc4OMO3fEJ+n2jpc9rqJfcjC0
DqEk6VN6UAydqyhVNOFEZnz8xEM0SiCE1iopFvITc7w2WjEGHRtgtI7yKh5LOYTUzX6kXoaHix4E
EqZxVYzkbpCGqHPhvUUZ6x8usPSuxtO6tTQXGYjCYqv7WnN1L8mhT+s9flp9rUwIUOFg9s8idABj
flDoUS9b/1seGU/Ur8RcyI6gEGOR3mivHcKwqXxBYEKDqce0JVuGvUvAkVvFDOxrhb8lA3BK/NFA
ym8syib82mwfafItSEzbQ2PR++MyZw5ggyRrw5MUUMdesbGfTNUyrTZDAHYnoAfCCxO/GFcjoqN9
kvSPdFaPA4wE0Orx+4KjFi201by5gAWp979UEBxMFRJJNMaIuablmEhROYgvClgGErxv2X5rqDfU
s1OAp1SvE3muwZc3991TiR98T1qWzH9dHxhHTsag5VvTDd9MVM6NpD+hiO0FbHRglBIh1MDNLecK
KFCksT5UB2QIpGG44a1HgnaK4FeFVJLBNNvty8e4Dvi0cQ0UbCRTtwoi2i4licjMQYKb9b1WhPi4
cdu/FA6qcCmi0QAqxGg6TxcGwhjb2vLkSjJJse+uIxBak2soRJGlYp1WGlDpcVhCG++4Png5O3fW
1kJseQ20WfhZs/2mzyP9EhEjycqZgIs+w0+f0yfXR5xAenFO331Oww5+4kT6sgNjfdkB8sWY0pV2
tLAZ59DeiyzmDwkb0rOCmRPSdCkR9gbaxjgS4d0f4BSI2SzPs7auP/xGi9pqTZsMD3NEHsgkUYgV
9aJjvyyEDH9iLcG+qDQXCkU7ZMseZDD2pzv+0OG6PSbGupUJcdVq4rxgiIEKYiDEGtB1yFaE88p0
Jyfp6MrJbKXdEJd7PiLgIkmY6+johMUnCWGrO1resubbasJLbGdGe6Av9C8ZFw2TJJwzjdXh2J4h
UgK5hLBkg6ZEIis8hKo+q8EP2JWI1OcmJg7d3tIiaTsdFgVqGJoQOTNrLS1667eky13+xKj2HzDt
O7EPY+99BJhF3yHmpSgOxixqN4F7dA31/bgIXjTd/bV5JRBRX4fcGnG99TqD1Rrq5uu8rnFLHrsC
gL5J2hL4UJ0SZvILTDCJRg6LiYGEBKYw0bSGuGvGXhb7PZvbGqLUmF2BoicODXtsXeDg4yED/ljb
kXwlsGw6fXwGP2afBe+HFanZjO/brfqBou5uqpzcXIuVOEJevkQuq5HE0E9Twgr3GClfcGUtrYU1
VeXkJ91xx92Ek3UNrPhoN8+09TJxvWbDvlutCvw9rUxiRkZrvoiopPGigI8W+Iq+fA1HKR1VMt+O
STnfqQsgdXkZ+6Guy9RUPJxUCMBnVg3BgNkVG9k8xO3oAvKDYgbrWRsm64MWENiW83AlxCYayVZX
I6e12pQwl0lRaadYtXkYXUYzGScoN0U0xBWSqX7T1daFNfXE1kU0SechIZlYQYAmdL9ABwqHJDJJ
0GIbAxOFJNKBPkHsQ1SsiNgAzULv/S/9m2Q7ReRC9rgMExMJUsDp6AxdZI+cJrDOY+2WECC0kpL+
xD2FH+Gdz2lE+bA8Z0dGX0goDzV4EOZ2rFheMufD6akV9IfCNFqZmf6wKRwVK2qC8zvmPxvlgmdE
UwcJodqTNjc3o22ltelqpZlFRYTE0dExTS1sv/8V7BDOZxGkG8uzbinFS4TZ2TKvmaeaTMlxxvUl
j2Vi0x322KHRundqHZjK/0QJbnfJ3JjUUfeD/EjXZuZ7owF5hCJe+0ss56F7Z0ewaxkw0onx2PIb
mCL8LH9PXEzWmFJfXc2LMmp+/6AtQv+1Fhu9TQiu5/xsrT41LUbAQZmfr25iQq+/FNHv0DVlyzAy
zw/qQ7L/+8NtFqomlFwizIOgWiBKir2TFt1VZGSz0Rvqdp1yFs5cGGQoexOTbC4PQdFd+RShrxzb
gRoXxcx0857u5j2rJFqRBE3YXSVh76mi1EpK3mghyGYO9zSewZTBzG0LPa+vuH6Pc+U/UHiYvHaN
OyWklB3zFyXHyAGkHldfUEjqasyg28kULGEB962E9Qkttl1waPLci/WJGOLg42Qf5aFhcmgCEZQw
ZejsrQlwKo+4QerqBjo28Mj9+xF76rKkMTdxyg6g+KqjDKjRmRWK5xRBniI2KxcGpPn6+teOpxmH
OeX+alpKhDH305cyHYUnXHyozPG4KW9cdLW+IX+VbwGRTVUD1dPPBNZS6VIukp4KVlRLT2DinBMD
0ZbqQfrNee6tdewJvhTycyTLjyQS9zXea30C9aqma/w1ocG7K4PP0HnvUO7KmppIHmPPr5tFfCAH
DAKwCIb0LF0NAIyv6niUcJsXSiM3K2B2XtTVIldPTmY3R6Fqz93PQ67T/d5aBTN/gIDTmBKbG5b2
QFbkxaV60BVrrWmd7/vLfsBr4fLSo4Rt68EK/hu9+6TNah3nDdFkZu88o2zza+oyISiG5c4CETdL
B0VNuXhOTNoT0Em/PO+UJiLKsS1mW/HH7WLhk9suLcNcIUmjRCivOclGeDOkmKOvBEE9rqelJkxk
TbJKTg+iQvnOrxnAYGjiXr4Ujj2kr0EJuBF6ISV+TkmkJ9FETNUvrpZ9C6ykZxE4dglZ3LW1t7eP
gNbo9v/yOopIjM7Q6+S/5rfEPIr5OxCJJhIaP2VvTjboJQNakNHJg3mb6Iei2kPlcL2bv03sFxpj
88K7cWO0D6bQnJCF41rJBZ1CdGr0augMu0NH9mMT5wjf94rwjDwuZdqSZ5dXpYHFVK69IUktG4SV
mB3QrMFR7LAvIZvBzwNYc3VeyrU/ZBIGkREudMipKN6pyB5lT05vS7o3wmBUHqNBw/t0Xiw/kn+N
x/11tawVweXe3WALQ9GqJfM+C3ufKzAQf2WG2wc8OaEMM0GiLWfNd9yp1jmfDu4GyERhR1nZUiM1
2U2HgegV+mNAJdzPKHIhIfa1z8U5DjzU+N/KhJdn12NVWZdT1RhS7CMK7Rg8PZhu5KwSUKshErI2
EO4eGiIUk4mF9Kfk6Dnzr/qbegxFEY7lBHhhUxvbS4wFE9TFR8uqK3UZitTWg2Jx9QG48jOV4Zts
Gn2VqgZmCTjTX1gHOffJQKFNARviL/f46gYmSD+Fa2gqsxBDbnf+fh4fNwYtlCSI9P0h0zR2dnGM
yF/16VXh6kIO9j88o4Cc7PoNCv2GwhSzYoWki1xXWympgrZB+o2eLHk+p583xWeGQp2qn4t242vu
Ks0sNz2lYr+DyeiN6PC3kEFsbOH+Z13EunWmJQGZuHHfWzwYvraiMr2Vja/sWAvLpihd/pA1nYO9
kJb/wIGppWmtHINvY4i43x43WBD0URfRhguBJWyuBMURx9i2nQNSqPmuewHENIltUMGO0dN5Quw2
TGrXq3Cf82M3gg3FAOOuhBYFi7eyVYTBaT6l18XFMSr/nXdvOI4YWrwQuGUWZaUGEkyVjRVKt4c1
9pvEXn10T67bGiEc817MeaN49+TbOjbxZLskRbwOurq2jfdXXcr9IkwJtCA4+T/+SHQBETTUvfbh
mO+MQ+kQVnEMmREEIdTmp+QuMdXBSrWiqiwZuIy7fqx0o5l46tvQR3Z+ceOLp41PzJ8565jzku9/
/Txb3Rv89QLuzrjoe+/uNV85xBPvZWk9zhHe60jqy5dmScEWdu/T80Rp3Ubii21XrSpiU00UMyMY
QidPydLY2tLaf2ry7q8ajiiNPl4dpO9g9MOFft5bXdWYYhh5Ck/pJHGDhvXUhRIAIXJpWPJqSpv5
t8964KY4T4g5fBCdzk8BaY6knoB+s8XjobOed0v4wni9bZdMowyAEKshbROwiUawxtu398g1FhIj
qYCClJUDwygiEWI+nHEE9RFgpLrg5UO1wDGN7KqhqRqao2m8PLnQwaUXgLJ48nhlzG6fvoCCkTFP
uCJUd2BZzxKD9UkOWhXHUYQIzrFIvsCl+GVP6zkWQ27OajXvTgkaiSv8fFhVYT5bLLeZt/+TnSsT
iih7q8iAMXdPwgBADiRFNaLNIJ6MKpPhjm5kWxgKhYaivsDt/roOViNZDSdg1ZeaW3pRiUZXvoY3
tMBF7U+G/h8AGSDm3wp5CGThkhE+I+qX7/AztKxOXUTGsQLxM0sIsyYiYgxbxCpHKVPU/BKUqDVw
PZ0RR4JSlszMy6h5yZR9upxkf3eJKPEV3EIB1RaPKUyKQVsoeCYIXTOeDkTXaVzabo/GkYrKCgHg
Y449Bjw+sFVwtdDLTFZHKFIHxxlaQFesWA5z580Tx0U5I1ZVVEKS64IYtC5FVqtxj6lerko3OiAm
A2RRGe8qM066uro4QLvg/vv/BKNHjYLa+jqorq723TuaNTFOVvkp0biD4nAZZ+ZZRx8N/3zhBX7/
UXFdEVAuiJAqd4bPgqZJj522Zd7abhFiKukRVb6SWFX4RGl0/nc2X7BKW8ocSyYfgAv7FtFTAmUv
XZQ9RlRG9zzqZx1a6UMyyoToQUzNq8mlVLmCEScCVZXVMKC+XumkVCUeR0y1Nlt8RQBhpYGOtnZ4
4oknhNiJ4KqsQH9jhWAvBK0f3keDHblCXbkQnDoFTC8IzM1bNsOzzz0Hg4cMFS4OXQTaDqKX9xMR
uimJyFyOw2bMhBfnz5fWWFDX9/yqc8QYUFmgj4jQE01IHvG7hanwOh+UWmpgAaswwg8DOTw1Q8pM
FFqQH3Lckvjat409RgziDCEyElw/YIDpCB9dT9X0/mCaOcEqqizBi+U4kHVwwCPriERj1zG+Ol+V
koMwzUXN5StXiArnaNBBgwwGAoiULLCC3aVvIGg+ZMF6rbpGrA6nwzkFDSYYdDB/wQI49YOnQR1n
S7yGzhrRmS54c1rExkgfLFQ5cEA9DOKib0trm6kiYFcXCIYEEiOCmvIgCrgiiE7lfXoyJwxkUQXi
1/RRAff6eRfylDkqJ0xqnfh70J7Mp32+zGR/rJDORAHgAp/uXWW2kGIUAWV4cKjxmRnmSiRiovQj
GkLGjRsH1VXVXESs54Dg+llKFquSzOX43YyN6OoIwHj5HLyk9EiRX5lICIbUQaueTgZm4EfSdGuR
ZxlewAdFPB7l+mFS6Ig7duyAFcuXwciRI4R+aRiS+TmhROVZou7ItWjxXa666ipobGqCrVu2CKuu
eL91qxBxmQVKlRkJjl0KT3eDVjdNVQSBIwLliek9Qojd2EiKsHmPM7bn/0wu2C0e+l5XrRIoQzOs
FudQXDWtL5T4KgaJhy2glLxIdV4lg/HjxsOJJ50ksj/EYOOSFVr8MQ9SG0WEbUIVhtK+SW3oQHcJ
Ou7RwoksFed6XDQSVb5HzxRv9stbdu/KZb6GKmxFA0PVgbJoTAQAYMTO0leWwgc+cKoMXgCf5cGU
E1Ht8gSdFSDmxKCquhYqqqpg9OgxcPTsY2D71i3w1NNPwfJly63266r8nS7UbALTpQtExqHjq4yd
9VRDExHthLfh6AoKMm9TxAQXsMCXH8yBZ/co2ycXVwmUvQh8PeiUaG2J8oGatdOFpBhn6ZGqmQFV
YXY4sFEMjMcTfPBEuP5Y4PsKfFA6Amw6ZQoHo+ObG4UvEdlT6mkMdu7aDR0dHUKXjKIO6crtql+C
1ZjWLuZst9SymiMwq7UAaJHUEe4UrFaAwQWotyLLYdoWLoKtUVyNRE17WSNCqudhUsr4d0AWRxeL
yS91SCC+1TbqiNBzT5eklDmcOvJH+i89DLJTGShSxJWTIBXP13FMvj2JyExXUsRPSfbhdy8FpPc2
wHIui/CZmRWk8ujrlKbuq5+2pXU8pjL9pTOcBZKRRTa+SjoWoivGunIwtDQ3C8AiKJFdMXZ1164d
JuRN63Sypk2oa5ff3ivYkSsg0lr7rW7OOuigmYue2UxaAor/yp2dXSK2Fica1EExFYxoIxbCCsEo
c64UONX3xglI6aHoAaHKEkwsCywDO9tFhdt5zDd2aUOtcDM5MvuEWRbYAmWe61Ojg6ZxqYQ60A+X
fumc1SUuqBXxQlVys904x5SsUKFzfnSOH6Vj/JM644OPI4yYwZl/8PDBsH3bNujo7BBV5NDQQ4To
6wSKX4VBqe+pu+iq2TxkACK+juaImNuIiG3VBZPRaIKAxKRr1DG3b98uS4NY31eXAPHkF1YB6I4p
96Fr0JoKdwHrsi4xGbS0mtZ5xljkG48c9XxFkjO6aez6QijWMgr9del3YXa4tSAYwE8SkeKrFRyg
lE07hcvuR2lXBzDB6tpFgL5HzlbNjY0yj5EzbE1dnQALMpgEjdSzkAwo02zjN6eTKiMLttjzbT3q
NljQZWLtFMENDhbXiqjaXrKGD1YwaBHlLkEBjnavaWt9V1OvSIPUNA0hVvcs3/qqamPK76bLSuoK
fMZnSYUIS4nfWg+ffcTzQehgnR4akEPJfv/OJVD2HqC6qsgVikdUpcRr6ytuE0EASqdkqvIbU7Gw
WteiEGZL2VNDD3L0PeayGWhtbYP6+jpRpQB1OYy2ESwJMl3LGJSYvA41vSNli3QdVaTdD9Swh2qz
zMJdskBlpBCoqq4SrIg6G6pmmJCN0UTYNmHAgAEiIL6gfZfgFwrT4rjIpdRBFKK/ADFpWiCimhx5
vzoAXVW3o8RTojyzLLFWEjZOBup4wcxKRC54rnYlYZ91wuzg9xJT9mnWLKusq480Njd3tXd1ZcuT
SdeRM7lOiGDMStWShUilhTCWiMumOeVJDri8EXelGCorFci8aRn7OnjIMOHA1+Ib12Jh1OjRYp+o
wo6iJbWqq+t0KKa6XsmUf0tvVAqdL8T6KyPKEquqJlAm2hTgvQr7C/pQuUg7dNhw37CDBirBSCof
VD0l1HVdEpE1auMJIeYisHWRLBFZJ76Pp0AjG2Y5jh+ULko26zIhAL6bSJUCIdrHqfy/ovAk+lm9
Aran9LqaGjvXD2lLs2SFK6kXCiVQ9uEFQdHQ3Nq1duOWlopkMl2eiEfLYmWRaCweYapOOiO+o10O
MAdeeOEFYTVFH+WQocOgmjOREBG5SKrrbxV0u7mwWOfI+q5YuAp9na2tLVJMZr5hxe7YZXRK5kMP
7FSycKNJy0IrQue4yDxz5kwVGC8Br/VCu+SJyIwR0oCrno10p7Tw+9u2ZSts3rwJFixYIIIibF1S
35ifXub5dXiUbskcPzQQU+GILu6s42mVdJvOZgtbduxKeQUv3dbekWtu78izrs7OnROPyJFIxCkx
ZT9gTOEBxLZrjuPmCgWWbe/McSbIUi7zVchIdeUKtKywfBO6Mu66805hQEHdEHtEXnjhHDjqyKNM
cABmV2jx0WCF+JMBBhrMnnU0PPHkk+Jv4SUPNI1lwbbrVm+SQA/MbqDUBixmUq5OOP54WV7SJYG6
rFpcRcswVhvACcWJMOjq6IQ7f3uHiAbC0iU4wSSSCREkr3VKY2U1VSeJ0hl1rK5fjkRXV9cZoYz4
CrnJEuX3squxObXkzRXNFclEnIvEBOMgOUtH8B1jrF/okOGlX5qcpQYo/BcCnJzFXMak+V03+NG6
FKV+gLqIT+WsgQacXbt2wVN//7tILta6JWZqYDHlgMVR2WWRVdHlcMaZH5WABOm419Zbs4rK5DRQ
EFncj6cLLFvV9qzPaV0Q30/Aeq6TJimDTLByu/47r3yWGviNjQ0w7x/zoLm5SdTzwYkGAyQ84eBn
gXs011cxtaIws3hm1N9GvcA9MWVRZfZ3Um0eOAjdaLQswpnaxZ+DFEuRKTFlH6dLa9FTE1FWBXvw
ausrVX45FF9Rr0S9Cz+I9XQw1hQZBRd02mNNHQyfYx6zarNKcJRFy2DEiOGcxU4Q4nCkLKoKSbEA
gCQRalFV9yohxgpLmG6n7uda6v4cWEPokks+owDlBQEE1EQB4QQiS1FKEXfDho2yOxe/d4fIqu8o
tqPeaXqTEMc3LBGw8itlOJ0u/KwNYkwHGTDHWK0ZGoKYTOESBiQ+LWI1M+Ja0QOyFEjY+dNvln7H
lNJQKWJvuq3KIhtkH9naWfkpXVFSElOtypMVfNAXRNicaerDB3B7W7t5snbJR6FGqWD1yy69FCqq
KgTYBCuqDHzDnIqhPY+pbZJ99DGex1TbAU+1APDEefD6J55wgmhWizGwWpzVhiWqIocwIglLTZoa
RPxzL720iE84CUjE4pCIJ0Swg6526ykGlNXwCpK1PZ/B5b15slykemaedb+M2ivzWx+gXxWfKkdh
eCXQf5myX4qvUr50iEnfsBoqMqt3iBZjRaE7rFBHxCCSDXY4W6K+tWLlClGbVSY1gwgcyKQzpvI5
BEo+ymge7LB83bXXCQsoMEsU1WKrR5U7wgYp9cVp8MVIv7eJB0OHDoVvfvvbkBXlLG2XhpXtwv/l
OJsL0Kp7RlbdvmOHrHSAE4ej3DHg9wARAKOe8l369+QxX2w1PUfUMYz5PU1MXxadsaK2iWeDymR4
JVACZb/CpBRgnfAKIpgkqDvZul4QIExUC/jYxz8OQzgYEKiiGHMuCy0tzdIfGcK9o6J5sAXBtGnT
4Hvf+54QGf1rBq/RfVWA8Fi37ViF7rbbbpPlLBlRLOYDSLf4w+1dqbRhNAQiBqHPmXOhSvNiPV+7
x309r17g+3gBCUT6Obli73Rf/HbQJVD2I6YkxZlSz/whg4Qt0iIgqzg73nTTT+AoLipiIayqyipj
OMHIGSykLHp6AAQa48g6OrL85OzZs+GnP/2ZqBDAWHCwMmNgov57M9A9n0W5ODnz8JkCkKjzCosq
84MCgkwJkMlkIcv1YJ1XGVENgTAD5lvf+hbU1db43bU8H4gygMCfqISHJcDW1nWob+0Fy2jlG4FU
9Xgq/SrEiRC0uflrxPSKLoGyn5CkiRwPr5Z10xb9MOPQtMLjr8OGDYOf3XILDBs+QhTRwtOKKBlX
VkPPZNKiUh2oWFST9GxVz9Mhd1j8+P7774djjjlWVS1ghlEC7OlJKyhQ3wo7eNAguOKKK+HWW2+V
LQmEn5QUAaT88pgJ0tnepir3UWHMQT8rshlalDG44Ac//BHU19WHxGem4mJ9KcGIskWY3bPb1Nst
8qxka8qMgYugYSckvroB30vJ+tqnl3y2q7NQOdB1tTSpvSQqH5cIJ7tuEutREwDOVG8PHNhHzDwc
ujq7oKqmWvk0KSQry6G2rhZ27twhwNbQ0CAyMQYNGSzbCoRKLOrgcS2p3XjjjbBi+XJ44sm/wSuv
LIXNmzerwAPdNkFSLrLsjEMPgxNOPB5OOOFEEbqH4XxBq7FyNygwaVSmOjtFkS/80yWyQjqzSoWg
6NvR1gbnnXcuLF68WPhiE4m4ELcryiuE3vq3vz8lMk6MP1K4kaSvEhix+ppYoXbEsZrH+mF5wlqL
RCkEWNcQBJp6+HERlkl7/ZEu+xsoC6n2dsYZicgCwY7luXRMQLqqB275+Kg/s/O98/7xD9E6AEEY
V8WMcdgNHTZUROvo6nabNm4UFk3U2aioM+tbY+1Kd6KnJD9+ytSpMHnKFOFWwWaxK1asgrb2VsHG
VfwcAzkbT+XHxGJxwXAYX9vW1q5iV2nIHxnsr4klMNvbWs33iyWSoicrtYLSUeRu5vrw+PHj4cQT
TxLGLUe11cPJozyZhJUrV8Frr7+ugstVlXSmUrp0TRCHmPIfRFVKl82AmEr7cmQ1eZ0C5grfpKFF
EnFlxng+F2qcVwJlX9YpfZFVK3pEpk+ImFRZdEDpUX6ImrR6gujhOH/+fNGpauLkSWbwY3VyFGnX
rVkrrJdY+nHduvUweeoUSCYSwoJp1+wBAMNUwlUBKjOF38qAgYPgxCFDTaaF1sVQRBXdm7OZYEAA
BdWJmRmRUX82x8VpTN3SVQgwCCLOQWn0OwUOnFAWv/xvOObY40SzH2ROnbQtSo5g6cqxY+HV116T
TC+KDigfJTEl6KWPFojxVToKpCaYwkgLAqy+cUfrVI6zJ5dIn2fOfmroAafYqgti+dEqShQEZnyH
KMKhO+S5fz4Pa9augZbmFpnJr/SmUaNGwohRIwz7IOOtWb1KsGc4UMUYPhQYPaV3yQawTFSbQyBh
BXbM7sDV+AfD4mrIqCOD2lFez0JzY5MID2SqGHMVF6u1/qoBiZXw1q1bB/Pm/UOIw3htrA2LEwBW
MMBIJTwGjVPU83z3jNATRaa2EHO1WKqfGbN8l0CZFSmlipFJ+TXkDkGdEkoRPf1nwYA63xNiia9i
ojdGCHvQq4wQUGFhnmof9/e//Q0GDRoEtbVHQoKLsUIETMtsfxRJdT/Khl27hX6KoW/IpgaQuiu0
LpRsrJd+JkhrS6swwqC7IqGLYBWxqoIxTIEpkJXnYG5qkHmdSDzCqMPvG3M9UaRGgIomRPw+kUnv
v+9+AcJJkyYKfyWyOwYRaHUPj53CxWvURfF7EpUzid/1hBNOgNmzZolgiiefeEJ8X8Hwwg8pn7Kn
WUBGYqgJCJTF1QmKr6T/Wl/7Cyi1XoIFsnKxsijaEhzi+OZQaYvQCb1gWhTYbAYWSFHlefOtt2AV
H4So6+GAf+Thh+FJDlSUxK74whdg5MiRsi8kB0xDY4NgvQkTJgpdVAMTmB2sEKxEgO0NUpydUJ9s
5qDBrRjCRz1ff/SNOmA+j98ql8mK9npYRV2ECIo2BACvvfIa1NTWwiHTpkE6nxOB6a0tLfDGG68L
cF36+c8LvTau4nwtqVLeG59U7r7rLnjkkUfg3y8vFnrnOeecA5/+9KeFEWzMuHHQsHMnLPrXv6ws
EkdlmDiipq4uwEVVhTHXtcRXvAZWqJbxefkSKPsFT2L9J5SOXJXfoJhSTN1Kp6O6CoFdp0e3xZM6
pyfE2Ajccecd8OcHHxRlGbFanaNqv/785z+Hq6+6WtReFRXvuCyJuij6CUePHgWDBw8RlecMoML9
SwBMw9gClXmPotRjLF40yFzNJeK7dLZ1QCNnw2wuK0ARdWX1/xdfeFEcccKJJ0J5VTVk+b0w5fOc
Nn06XHTRRSIQIvi8mCldonXh8RMmwFVXXy1KnWCsLPbJFLoqv85Evu+ss8+BXVxkXrtujazspwqL
iRQuBUgiZXYMdBBJO7gaSYaoIEUGpdjXPsiOPVp6ioS+SvFVOcZN1oPoLaKjaXz/oRikyg+HdVaR
JTAhWK+tbW1w400/ht1cdB04cLDRMZE5V69aLVoXIEgxDtV0iTbZ/5KNsWIBAnPThk3S0ILGIuoZ
htS+VNmnhIhcyF2cpbbv2M51yLQKgo8KkfnZf/yDg2g7nHrqqVx0rRY6Ln5l1AMnTZoMH/7QhwUg
ZVRSTvSobOPfoZnrzA0c4B38vlPpjDA0iWRufu7hI0ZAfV2dqXaHEwsy+SHTp8EZZ5wOtdU1VkCE
TKoOZ8SIKGR+8+E1lCTCDux3LjFlL5qKQlkiyt7AjK5nxXMyv4FssPW6ruBNTBlJeWo5yeNxmIPZ
2t4Ghx9xOCxfvlywaV60sqOwjbNMCxcb0c84YMBAUdRKZJ8QRxbn4AMfI3Rw4GP2Cep/smSIslTp
npfYBYwDEKvn4fmyonGPI/ajuwbrA6Ehqo6L2EfPmg0DOUOnhdFJRhuh3oi+SBGknsdzZUWooGgN
zz+X4iyPLhos1iz0zxwHFsb+YnYJVvjTgRHq2aC+XVtbJ3qToMiN/S51A1yhW1r9s2VtI2EE93VK
xvppEZD+CUqtUxYirpqKw51VCQQC0Zmt62k2070rVUY/nkFbVbVpQjjn+U6Xi5rncn0LFzSQYDgd
ti5HBsIDU10p2Ni1UbRRR72xpqYWKqsqRTs8JyK7LMcjUdOWgKpMDJFQzcGDrIvnwiB4FG11rC2G
/WGdoAqsjhApE+rZkUceBVX8+lnl5sB/sVgZ3yaD6dHSiv5Q0caAfx9s+iOuH5dpaZh2FhGdn1VH
MVUDtoDNeVTVPEeVOkGRe/iIkVDHwaktsbKMpY4fYLLxOtNhdj4oifS1uCbTvATKPiO29vhjYuc1
zjoxFQVtCmeJQaF0OwdscCqDT9jiCeAn9apidj6zyn0IBDSq6NbtQ4cPF8DYxhlz546doksWHo7W
UVx3794t2BFBiSliCAwscKXvEbNKMOUKGwVlTKaHjPLB20c2TSTLRft3ASasz+P5vkkscVlTGxdk
hUxXnkwIRs7mPSGy4vdFcRf3ITti2/cNGzcKEbaurhYmTpwEw4cP4+evDrR+x3sRrl7MveT3kkgk
uYi+Cn7xi1+IoliOssKaqCYKJn9UJom4xtCDoPSwDIh88N6+/q77sL8EyoMVrJR6HJRuUhgW7Lod
xNcpqV2TlaloGV0DVjfJYcWiaOxGswBnnnGGImFHgAPHGFo1x02YKMTIRj7oUcRFQGqQ4atwYbRY
9B7Qhv0uXghCBDHmP+qq6whmYeW0gsKR3fD4HTu2il4oomCzK8NLEYyeiukVYjjf1sgnB2xo++ST
T8C27TsEsNA1MoJPKmeddRZcdPHFHJzDTTidI86TFzeLOiXW9vnc5/6b66CpQCA+0TIsSt06okfo
Er6hR7RWcstc2U6FFfojUzr9BIzmveexXATDuhwxEsKpWyZo2gSm64wIZXllytDCmG0A0uUu1Oc8
aWVElwa6TFBHwwGPSiGKntjOAP2OEyZOhPXr1sHrr78uBn0tZ1UUcbG6ARqLhMjIPxdVq2TRmPhs
bY08FnXI+QvnQ0NTE9RzvdEA0tSAdYSYjAEEC19aBD/72c1C70VA4yQg2xUwwch4LJYF+d73vw+/
uO02WM9FbWRljN3FyWLd+vXw/zj7ffe734VtW7eZYHRZblIab/B+rr76atjFgY1VEPz8VCozRhi1
skiobE4YcXT4K/5H8GEwKYZ4/cGw09+YstsPiJ3VXRnQGWRKPlR1ZA2x/JOyinhQVJUlJXVpSGqM
QTZroiX0V7/+NZy5eQscfvjhIq516LBhKqigwMFVBg89+CBc/Y1rxN/o6xwxYgR84AMfgHPOPVf4
NFFUldEz0sdHUNfjQEV2e+BP94tO0FvRYMTBP4Kf+44774LBQ4ZIxz4HCiYzo/EHW7kvXLgQHn/8
cWE9xeoEHzj1VNHB2UXWdGTz2QI/79333ANz586Vrh8MOAj5KRGgTz75JIwZPRq++r//K4Pape1M
3Be+irpFjowgxmwSotvgEVmMWZSepMw0A9IpW5IpCWE4Q4gooaKgtEVVVgJlHwApHyScKZEonSJ2
HhbUKcGOloFQ3R4IVE83VcWtNuYIlrvvuQvGPD9OuBxmzpwB4ydOEKlfL//7Zbj22msFIJFpmpqb
Reu5LVu2woWf+ATUcDEQRUJmXRsnCdQN33rzTfj9vfcaXRVF0W3bt8M1V18Ft/3q1+LYluYmaGxo
gCVLlggQ7ebvXZVGpv2f6Pssc6QYjEy9etVKAVyqKqpHVCUC/ZzEZ5Rb4y+PPgrn8skDJxuJSlcA
Hl0sGIq3bsN6WXTastUwRsEP3KHGFOtYyQHiUm7EZbRHpiwZevoaYxY8mndcWTTNsYLCERgeqMBv
VZbfANDSIc37QGgbMz0/KAvqmajPoRh4+29vh+nTpsG555wLNbU1cMMNN0BbR7tgKNcEszBhScVc
zDHjxwtRN6CrKlC++eYbAhyOqi9FVVjeG2+8AT/4/vfgok9fBCtXroDHOHDWcpGTqNZ9eOzIUaPg
sMNmCDbVk0pGlM10hRiNUUC6xQKCUlYzcswzwnMhi6PF+NVXXxWhg51cL9aGG9SRcVJBq/ArfD8G
MXgWW1Lq55RT1TLQjhxyZDVrh+kaJ/2AGfu9S4QP9LzEoxPq80z8Eunah0apAR8F38DDbN9lEaus
+JzqDYIZHxGQRZJxkL61bJm4VGdHp4gIcp0gYxe8vGDLiZOnclBk/bYC6t6QwZaLc5he0SKFSrRm
5/v+8eyz8MorrwjnP4qagun4NWr5RIATwmVfuFzceztn8Vg8IfRKFDcxdnfzps1iUomKiUJK+MZK
quoNRVS3MPyc1BvzonhzXOVmoghbUVEJ3/vB9dDc1CjyMv/2t7/By/xV6J+gC1A7puOXnbAj/s8v
QqkujFRiyj6/cIbJ60R3m0i1+ORXJle6ouotIhzgVtCA6dlo+nGA8WMy1fTVNO1RzIANd6TxwxMG
HFH/lWlXueoNwq/z+huvw9RDDhFipo5tBVW+sYn/gelgppOzqTGpe2OCyPJQupq4/rHHHAPXffe7
MGbMGBnrykEkxGY3DzU1dcKohC0OMCRQM5fpY0JV6phVMcdV9YjQt4rfo0q4SAh0dnYIBsf7Rl0W
M1FmzZotjFJvcpEbE8OpSwVrOkpVkD4R14BSPDVstClK9pXE1z5v5MFtXE/LuKLghGv1gNRlO8C0
hrOzRUAbfCyRlhkDDwT7WTK/No0fIaR8ma4u3e8Cs3pOmtxHBbUnuF7nKsOJ1WZcBAW0t3fAytWr
TKhdUBbQvTt8oCPorrnqGhg+bLgIDnBVAAC6OQgHD47/iopqwYBHHXWU8G8iw8oeP36bPJOwrJgO
LcAzZ8wUFmg09iAQhWHKMpLl+Stux3BCFGcxyIJ5juozAsY6LLpiO9Ifi4UWwI1GaD7vEUrzbO+/
b58TayN9DIRkL/sp159SjohGd4INyo1+SYUQZcLtKOum18lgHmb6ScrkYlC+zFBOo2Jdk6tp9SHQ
xiTT9k4BE0uB3Prznxs2NiMwVEIEQuGhunWAbN0lmRor673y6lIYMmyoAJLIGInJzmMYFYSgEcWj
+bnRQIM9SNA4pBvh6tha061WtmcWAJ4xc4YoDYLHYLBBLpvTueJCXMc3GGm0eMnLspqDYHvmW66h
iPiKz4TLzzTVhRalXDG31j6AsFeDtN8lOXNQZkVdZEGXDtirzgwJlOdn1t/Mr2kK1O/dyKhfx9Qv
LEX9GqmmxQAzPR+Z5bOzi2Sp6CLZx1LlO0pLqGt8iXpcdm95YBW70kWsuDi5YOFCkcKF50NQJkSb
eFcAsk2Ima5gaHTXYBEuLAIWrtFql5kcPHgw3PTjm4SxSFtjMeQPe5AwnaKlijCj22XZsuX+/dlV
AWWNHqH3Wr8DI/yLetkMVgsr7CcY+8TS74IH0mlRXxHlV1Onh1juETsqxw9O99OjDFAhCFLfhcIC
wLQD23XxraIMbAXC645W4p9jdUMG3wBEILvfuBP8vDRI+f1FtH4rJ5nFi18W7dbxxKLuLGdKDMVD
6y5aR9F6ivGueK4JEybA0089BYccMlUGwVviKLpNZsyYIQw3dfX1kOHMiBIGhgt2drbLloEYt0sc
M/mg/rply2bTKIkxXw1gpiO0E1iZ40aoAKVhypJO2YeByTo6OlLMK7hCXLLEQ7BAqV8ppb4vEvx+
HCahWCqUvphatGhV2DpLrHNC4LOqY2zgc6A7GhNpIDHV9YAFpFem+j6qriNga5vo/1zKRdIph0yD
RHlC5Fdi2RJMbkaDzIb162H69OnCaIPujsFDh8Kzzz7L1+fgsccehXauD2LM7nnnngennHKySEvr
7OoUAMcgCfSHouiKMa8oCiPzxaNSN0WjFIq48hFTyyXimK7QtkvExXaE/EYKKL56Xr4viKMlUAbF
nPCPydrb27OcIVwuyhGP+l1ZRcEnIsGmtU0dCkbtAHRqs1owoECKlHZGie7KzAxgIOTXZHZ7O2qX
8yBWazypLxJtPFJWShr6hlpdFdn9KkpeHF9g8PwLL8BHTj+D/1EnavGsXbtWxsFGoiIQfsWKFcLi
K4GWhyyXHE866UQ49dRTRP4kiriYxL2roVGwJoq/KK7u2L5NiK7lFeXw2muvwoMPPSSswMjEGBa4
YvkK41M1v4gjpQ5HJ+rgPr+GGQdlJFJIdeI3KPTwmxbzW5YC0nvpQpubGroK+ayjeiFaROkbeqgu
aNzNghrM9IceDDzhwHS75EegFg+AMvIwYwjywUUh2J/SPx+ztgdmHOazJ7pxiHUcMt8555wNKS69
o8iKMa3Y/eurX/6yAMyWzVvEvgkTJ4nkasIckVuJeZqpzg6orq0TTKozPjBIAGvcoo8TxdyN6zfA
z275GQd4g6lSoON1dfdqWRhEtpbHzs8UHOVnda2IHnSJuJFCRxs+gJzlY+43jNmfXCLCfrh1y5au
dGdnFJmS5PJBP6VmKbQeMmrV5PFFSlnDxxI5tb9NgcWP/rEtsMwHEvPLimgA+tkm4Iuw4B9ru0+I
+dtRYYHBr2t3hSbax4j/OFtiZJFOR0PQLFy4AKZNOwQ+99//LcRMjCRqa22DIUMGi/KZWKgLxVHX
0QHsOZHBIhKq+YqWVXQtYVIzGoiwNaBmRBEJRBzfYq2sxVSJ4SJ9zGEmYsgWXxHN2eZG/CrZfQBj
ySXS20Ga5yMrk8l48VjSTafTTPel1LHpwmyv3BTGJ6lZi/piZrFGrLqcB9jRP7aeanRYXyQ1+qNx
k1hibQikDKz9QE1d1zBtmiphzGdPfYSuxao7OOD3PWTadFGYee3qNaJCekd7G2zavAmS8aSI1HFU
xTuRy5nJSB8nPwMGHSB4sd08lhJxVToYKAOVDmOk+h4IyDqe4gs5xtDjWC4R/EYevxna1Y6KaKEH
sRWgDxdojvQTMNqjtsB1nFQ5H1EtQFLE7yIJoCqsEernAJrAc93KgCrdT7dgtwBkqqhT8IHEQnqj
1vu0+BsQccH/ILEAzXydkZjik6quBqXF5XQlGkO4uIbVYw5B9JGPfES8HzNmrIjJ3bRxkyiJibmQ
6a6UiM3VPlFPNZDFWkFYOxZ7jpTFY8K1cjrXVzGYPVBomoCZmBx1U0y1OwCTHE6Cn+E3lcE6BPl8
J7UknGL2gRIo+44Im88XCl3lldhGmTBZcUAXSFfRO4QEjDKUdtcVhR/OstSKvMFQ0jNYYmtwG5hG
s9TolUEAG7FVjmwL2GDpmn4UkIwXYKFvTIxVlunOyyZAD6B+YJ1sMCsKPmdFv80pU6aK0pitra2i
jcHWrVvFPnxMo0aNEhE/CMpItEzmkGKPTZfApEmToK6uTmS7EKPbOqpLr8oWweeqyogIX6zfn1Ku
siivm+c06uRzqWIurR5YswTK3uwSQVDmcrlUMhaNMd0n3HaJgC9HUhX7WdSIYwFMp2uRcKnIgHsD
AsYfY1nVVllbzPWVykCupq8zsrCFB/wyXsTXQZkFYB/f0pjC344ePVrohciAWLQL3Rqo62IZktGc
ObGFwXXXXQdtXJzFnMtvfeda+OhZZ4vkbaykgOyGFuz2jmbYtX27sUxrUZUpq7PjMO398Atn4TPT
Hcm0jxI3u66TZ5SQfD7VgxW9lOTcxwCJUlQhlUp11kcjFaLqG5G6jSN7xgZdEyrbw/dXgl9uH3xx
VYu1FKx6PlSdLZRrScDqU2IBx9hX1aD1a/9YFlh9LAHfn6lEQT3gPe2/VFXItSit2mPJc1MZirdy
1Uq45+574NjjjhUgxCLRorgV/4cBBd/+9rdh1erVUt/mH/3hD6+HQw45BEaOHgXtbR3Q2tIsKvSh
Zff555+H3Y27xXP00MOB9T4cycmiAZKjEptVdg5TAQ52RA8yrBeJRLKFfIQrrx39wf3R38VXbf/I
tbS0tE4siwwQI14NOF2X2XdL+G4MMVgM04FK5YJAoWabERXHBRKhddVlWsygo29QgUZH5OjByyyl
Ugcf+H8rIZWSoAUWAOzQXnlhYs6LIaz8McD1P/qh6CB2+kdOhxNPPAHGjZ8gWjHcfOstsHTpUtOU
B//D+rbf/OY3RDmQrZu3wDNzn4EXXnxR9FMhqlEWc2QLLi0JUKUzql5JIvZVVwE0k4r2U8rAATeb
y7hcoe3Yi22A9FVw9rcsEVxyu3buaC+LuHGpZdmGnlA+pWYjqmjISs0CHcoGdo6l0hIpBP2RgeB0
6zhmh/ZZwNSiJoVu+qQOIPA9dzoFKiTWFmvFQaQ4Kd0+cjLCUDuMTV25ciU88cTjwvCDdYB+e8cd
oCrHB57mv//9b/j85z4vYmmbuRhrAgCs5yfEeCwjSVXKlzHwBO9Ra7dafEWZBX0vmVSHy9AEXNza
yvbjty6B8iABItnLDJvftHFDe8R14jhtExWITqzsfxkPYPkpmdXgx2yDUDkQixkNe1p6IQMTBeQD
jQUCCXx3h89yvngLPtPallgGIda0h2nocTBriwKmts0iOFeuWgVr1q4VomQunxONZY3uq54T3uvW
bVstiykz6VyK6EVEFE5kVCWXKHep6ltJjU9S1c1SqVuOyBDBXg6ZpvYI7WjtLCK+2ivdz8m4BMqD
FJy4ZF9/ZWl7xCFxMXrChh41yoNGGzBiK7NE2rBRR+Zd2i6IsBXWstbaIIeg2wOYX+fH36UCuJlv
yNFNh+wGVWxvY5QQ3/7KdH0E35dZEFXPTfaXeZJEVwkgJFQjmRjJgSiDq+xFyXwXqomgU/AVdUAs
/ZiYDGoMHIikWxox9rXDAh7rQXwNe4FKTNlLRVi6a+fODo5HloxGyyiVAWmOAhNVrgqmfZEmkIAa
14cfz6ozPpQOqgrmhItpgbHiKrcFWC3TbfeH1QJPzgEqwpX4RhpqNdzRIKVWDIH4hAIVMbxrZZho
SxKhphszgHaZ6PshftACkcCVoihT7oyghRhUPx4p3sv26SiM6mfpKNeIYHpX1YpljqnSZ9K2+N+p
aDTORdcMyGieYjGvPUlBfaZ3Xn8KHjA/YIF6HXzEpMsTZfG2VDaNUbDMONUVoIhV6kMHn4NVKUDV
77HsprIno3WMjmFl1GdarW/6bBN0nWgM+38ri6wlkjJqQ5eq5GYI+DjFnsAwpUYgsLNMGPM1amM2
Ukqgo2+WqPbpIv+bKssyUX5RFaZjcqH9xG+psVuJ0lZghvGpWp2tUT9td92kk+pqBtnOEixRtV/4
KPuTocf+IZ18vtCW7upMlSdi5a2prGjgyERRLc/jAygKISMN1QHidloWIVbalu+f89sW+LKnHUBO
u/kQ7ZhVy8ijxVzCfKtpQCy2v6SKuVVV+Mygt1EZAKgVZED8ED/fGOQHGWjGJJaa6gPSOq92Tupz
O8pjam3SFleBYwlcTo6koAoKict3EKiA1qYG8DNEYC+6ZZ8z9PT1JOeiKT/ZbK6lubGhoyIhGm5g
hh9WuaPHHjOrnIuzq2i3Jj/UVEw3Sc+msoB/jMcgkNBs75eFif3PSobr3pGZArOupRODqWVM8pOF
/RIlfhU9ZonZWgcGnTwNoaRtsKorMLulPAs1pA1dS1U3ADs5O3QeXaQ6YH0OpL2x1KHTp3UkYpEY
VhsQlRZcF1KMVngNuxCUuRBL9gtA9hfxtdsPl0p1Nb316tLUjNM+ViXGDh8Pbe2prkHvm5z92Pnn
jfjzgw++4DjuTD5wsN8MM6FxAN2tplZAuhZkgQbzJQPuFQDL5UJCRh5LpLXZE2w2Y76BpwfyC/sr
7cyR4OMI6plMl/0xzKZETxI0nUnXDFHBOcw4lUzitajpyoDYH9RxuIxF+PZd8URsww033fy+t3a2
zotg2TtZlJl15LJ1mbUrdodASUPghL4KyP4ivhabXdv+tWh+w8kf++xgUWiYD7GcR72nX1u/8Mpv
//CE6UfMyj/7zFPLQbrCg0CyQANWrqONjmAUXPe/Ax6LHm77YGoCRyzrdHgHKZKsQUjIOGodh9bd
0aNHsS99+WuT32jML351/YYNZZFIFM0+6WhZPNXVEc1vWI1MmQ8BkobcIaVqdr0QjCT0w+kfFkV2
b+3GzS+7hc7DKsoTyfYuzOECaO3Kdj24cMVTA8ccVXP6V44vY4z5hQBKyzu2eJ5H/rJs96tbGtoa
YmWRMtwWpSy3tqpiSteCBRv5A9/WA0vSIuIs9DVw9geXiP1D6R/Ue2nB/JfnPv7I6Ud8+IJh/1q2
YaWHHYQdh2QK1Fu/o3F3gVJPuT/6aevSd/l34U87FpWAdBnzOuLxipXgTW144M4n+aYdGr/WSvuL
FZb0lRFHguIVsVZkRle9Rqw1OnLU6KNvvueBixuqR9CO7Q0bGJ/Cc9LQoWwTJTy+y2IxQ0CmY/HE
kurKWa/fc+um5nt/+Xu+q1FZX/NKt8yq93kF0EIRoAYA2pt/ub4MSlBAtNeIAmhUvw4dN+Hkk26+
/X/Lx03zBuxqXpzo7NrtYG8u9MgxcJh0lxDahzPd3wvwqWIrGCBAiVTWC5mIG99eXT32VZo7dPN9
t7/V8vvb/sAP0aKrBmTOAmRhD6CEEih7DyiJBUo3xJb4dyxRN2DG4HM/8dlBZ8wZNXjg8ExFLt8Y
z+VbYp6X4msmxliuwqNp9WNrA6WK9zGBMETJxwcMXvYfAD4JDeb9BZv+vNVuSMfLSxDyOS3PRdUO
1ynnr5GM6yb5WpGOxep3FvJVa19Z4LY9eNeCzNKX/sYPb1IgK1hgzBUBZKGIjlkCZS8BJQmB0mbL
iMWY+L4mNnTEEXTcpNnVx5w8tGLMxKpIRXUyEk/EnGg06pTF41HHycXcaCpCnHzMcVJR4uTiBNJx
RnJJgAwOxFqPdkZBuCyJqM3oJ04yQlVDSQz9FGQcBANnaI+wbrUDhIj3dp8PJVh1lbjdtjvEZSHT
KmrXzDHl5QgTjVfUogrx4HdtJySRdkgMpYpOwpIcOdE0ZckC0GjG88o9oG46n69CwcPLpDNeIV8o
pDoz2cbdXS2v/7sj8/rLa8mmdf/2Ul1b+ZkzCmCexYz5IizpQc9ukhIoewEoe2JLNwTOiLUPjQ8D
wXHq+VrBT5zgaxwojbv1A+PRkeMq3PLKWHTwsEonWZ5wKqsrII5ViJOVaLzw4slqcFwsLc4SNXW5
skSyIKqLl8VoeWV1BrGJzvJkLJF3CbGePmEV0bI8Bzq1R1iUY6mauLm3Q6H4WX5ht4N50fD2Li8f
yXqFiD2LZQp5N5vNRIS/0Ss4ne2tMT3Qu1qb4wW+T5TvyGY6RdkOnGD4QSybzdK2pnba1ZXN7tjS
ztKpfHb1W52q9XVKgItSPB63od7YGbKsFqw1H/q7YIE2bJGFEih7F1NCEbZ09wDOSOj4iMW4YXZ1
Q0YksADOXA5UN1mRwPAXkkjG3LqBtaK4D9ZrrKiqFb3iTFoKR2M8WcMikZhhVxxbjhPLx2LVxR2F
0NNE1C2T0vG8bCSXbQvu4xfNptpIPp82n8cHmUl3QldnO+5m+XzBa9zVLFslFFiho62deV5OHe9Z
4ChYwKIKVMx6hSJWU2adwysCQi/0nsI+BhOUQHlwMyUJrW7IIusWAVkYcI7FuPY52R6AAT18xt6n
B5LTw+eLfZe3s+wpNG1PPj/7bzs8nhR5b/9tv4ZzIcOrLZ7a73tyi7ASKHsXKIuxpS3Gkh5Ysxhg
bUCS0PswwMhe7mFvDLc38L1ThiD2DhzD9gD0MIABukfjFANmGID23+E4WLqniaYEyoMblMXEWLIH
YDohRrWPgyKgJHu5HhwgYN8tYLL92L6nOFO2FwYuFgZngymsF3qWOOvtQX9ksA9V7kqgPDhBuTcx
thhrOkW2hYFM9gLKAwHi/gDw3QDlvgKVHQBAe4pBpj2Is2wPuuNexdYSKHsXKKEImJw9AHRPYDwQ
QO7v/ndLdN0X8fTtsCbsATR7qrfD9sCK+8yQJVAe/KDcG1uFWRN6AKLTA6jfLhuS/QTee6VTsv0E
6b6w6N6AGc7+6Mmgs0/tC0qgPLhBuSeG6on9wtucHgC9rwB7OwzYk6X3bT8y2LeA7n1h1H1l1p6C
ydl+bNuneyuB8uAH5d6YiuzD+56Y8t0G5X9CfN1fRt0fcXdP7pY9vd+veyuBsneAcn/1PLIPuuK7
oRfuL/jIOwC+dxKs+8uasBfDzQEVXy6BsveA8kDAsy/W1HdSL/xPZ6Owd2H/vlhrDwTsJVD2MVC+
k6LjO+VTPFjSw94pdmXv0HX2e5CWQNl7QflOgIK8h9fqTUB9O59724OyBMq+A8r3GtB9efmPDqwS
KEugfM+APXniRCcWjzsR1xVummwu57W3t9MtW7eyvgKoEihLVWgCy3HHHKPBocuGYH6lTseyF4zL
1OUqCgtfeom+R/dX9sy8ed/fsGHDkssvvXQ+34RpVyl+fe8/+Lze9sLvvzT41BIpPYLik9XDf/nL
++rr628pFAoRSqnreZ4BJSYpd3Z0rPjY+edfy/9s4WsXvHddn+IVFRXfSCQSd/L36/mqq4l7pZ+t
BMo+DcqNGzakuAy0tLWtrSrV1VU+ZerUk9vb2lrWr1+/xo1E8nwb1pMZALLSGpayyL9XoMT/tbW2
1vCX4QqQLeo+SksJlH3XSPH1r31tE3/9OV+H4uB/+JFHZq5YsWLbtd/5zr9AFnjaqo4VKV9cjAvH
zgaaCoW2OUo01uU5dKGognUOLTo7ioV1ASnxmWw2m+AvtXzdhdtQrLWuQa1z6MoJeUvUZiER1L6f
CASrydHQ/Ybvh0Ew1U2nwunKBAVrrLnWZwvQh3pKlkD5HoBSDZx2NbhIJBrNu66LgxDryjScceaZ
0Ysuuugzv/rlL+9+8cUXdS9FeHru3OvmPvPMo7f87GcoWmauuvrqqg+ceur/3HXnnXc99OCDWJeG
cdH44srKyo96hYK7u6FhyWcuvhhFUSzVIRql3v/AA6fy/efGYrFD0+n0jn8+//wfbr3lliV8X6sC
KlYY0Tpv7Pof/Wj2jBkzTl2xfPkz11x99au4+9G//vWLyWTyeP6+ZueOHc9dcvHFv1GM2qlZnYMR
v1v0pp/8ZMrkKVM+w49/fyGf71y1atVjX/3KVx5T379w9z33nDpk6NBPRyKRUZyh1/DJ6R/XXXvt
C+qe0w89/PBJsXj8lJ/99Kf3f+UrX/lyeUXF1B3btz/Pr/n7U045pezSyy8/n6sCp7W3t6/+6c03
3/bSokXb1HdJl8Tu7otTegR7BCUOuu3IitFoNMcHXkrpcDv+9uSTy0aOGnXF+R//+NlKjK39/b33
XsjBdM30Qw+9jP89kq/1hx9xxJzy8vIrOCAr+N+Dn/z73+8ePHjwDzds2LCLi8KNI0aM+MwDDz54
mzq+7nf33vshvu3XXV1dyXXr1q3h2yacc+65vzvttNOOw8/zNWlPqqd84APjTzrppAe5zjuZAxL7
Og6c9+yzT/H7+BQ//+41q1dvqKuv/wjfPoiv5aGJOPLnhx6ac+xxxy0oi0ZPXrtmzbr1GzY0DB02
7Ez1nWqeeuaZeyZOmnRvY2Ojs2bNmvWcoYfxSebuH9900xf4/mH4Hbk4fxoH3de+ftVVv9uxY0fZ
1i1bdo0ZO/ZKDuabrvnmNx/J5XLT1vKlurr6Q9/93vf+xD8zBj+HEwqUXEklptyPRYtZuHZylvT4
WlCzO7JNlrPG84MGDTqWv38RGaymtvbsjo6ODTU1Nbjtab5u4uxz0q6dOxfiAP7yV74yqba29tyb
b7rpG4899hgCiHz4Ix9Zfe11132bA+8fjz366PP33H33lkKhcN7CBQsQfPUcoIs5cG59//HHnz13
7twd6vpYxd3h4Bnw9a9//bLNmzYt+dQnP3kX31x93vnnD+PXPPrOO+64np9rq/oe90Eo8wVZ8gtX
XMFPMeyXW7duffkTc+b8Ue1LKRaLfP8HPzilqqrqY5wBv/6XRx5pVOeit/zf/7XNPuaYKyZMmLCU
Y21dR3t7BZ9o4N7f/34+n3xW4D1+45vfbPjoWWd9dv6LLz7zjWuumYvn/dSnP73tiiuvvIpvP/GJ
xx+fq66VASj1aikx5TsEWs5ELw4cOPAwNesPrKiomMUH5l/4AJ08bPjwcchOnLGOXrRo0Zv8fdWR
Rx11NgfyZs4s484977yjL5gz51C+Hw02wNkVmXDYC//8J+OA7Jo+fXri8i98YconP/WpmZ2dnS0O
lryUbFeFx3PRtvLXt9/+pfaODsoB+aCaYFMcPJs5a3Yef8IJpyJo1YDv0qKmpeO5Rx111Gn8vJVX
f/3rjyt9D8Vb1KW34PGHzZhxLk4y/Jzt6nOov2781W23/ZlLDslZs2cfwf8e0tnVhVIAcEDuVKJx
E2fWjbjtqaeeWq/GWdt9f/zjItzGJQfBwoq5S2OwxJTvnHi7cOHCl7h4+t3TzzhjCh+kWS6mpe+/
774tF1544Y4PfehDhyxftiwfj8cHP/zQQzgwCQft4OqamlH/+7WvXdrNpBqL4cAu/+x//dfhnFGu
SSQSk5qamt5KdXUJ/Y8x5irRFdkFZs2aJRyEn73kkvvV4N6kDFC5P/7hD1d8/IILbnn4kUd+xEXO
hfzv3/xj3rwdIVExwnW/mfhmy5YtTLH/FrUie5XzexjGddqs0mN3KuNWE2dHwdYzZ848hAPtjVw2
G1Pn9BSwt9fV1aFlGPgks1Ex7w6tP8pOEMKKHC+BsgTKd3LJ/en++9d+5rOfXTd79uxpXG8bsGH9
+nU48DZv3ryK62lTRo0eXb5x48Y3+N8oAqc5aLu2bdu2/oKPfewJxVooEmaVwQZfs5++6KJbWltb
N5x6yimfUL9P4qGHH74G5EA2Bbw4m74yduzYcTfceONH/ueLX1zNdbmcAmzqt7/5zUt8/dTFl1xy
0pwLL/z0d6699nYuon5i5YoVCLYMF10R6A7XW9PquxAFSgRUEwYi8GNcfr+dfDIoV2Kr2a8mAVi6
dCnqvFEUpdV5Mso41FJZVdWltnWoz+iWBOjnLYQs1aWlJL6+IwsOrK7t27e/MG369BmjRo6cwhnx
LRyYS5YsWTh69OhxfJm67K23tupBzwH5KtdBhw4aPNhT7LFLMRwO7tUIUmTW5559dilIdweMGTOG
clF4PPHr14gllU6nLr/88qcSyWT0N7/97WXjx48fgjqlAjICYgcXpf95+WWX3YSi5pFHHnmcMszU
KlDFly5Z8gqea86cORPUxIDMleSARHdLjH+31zjjjRw+fHi5Msrg9vLf3nEHThiwYP58ZNW8gx0R
fD1crA7RLVYCTXoKFlOWlhJTvgMzmBx8dg3S9KuvvPLMeeeff2Emk8k999xz2Ba843f33DOfM+hX
R40aNfbmm256WrFg6+/uvvvBI4444pN33nnnJx5//PGnC4VC5YQJE8qPOvroj37ogx/8JJ6Tn2fX
R04//eydO3e6XG/s5HrnGZzRmtRANiUao5FIlituG37y4x/f9/3rr7/4uu9+9/JLLr74+z+64Yaj
Zh5++Fn//te/nuKMWz31kEM+lM/n08uWLUMWrXpm3rxHWlpanr7wggvu+eVtt616//HHP/uFK6/8
3PgJExJcf5zAJ4ECTigfO//8X/7ql7984qaf/OSs39xxx5fnzZ37EGe4KRz8NVOmTv3a4pdffpSz
r3DjRMvKcpb4SkOGG7vlAChQ0iLHlZYSKPdr8Tgwlre3tzcqFtJO9fz/+/nPl5x40klvrF2zplWx
Hx7TwkXWZ/K53LC33noLdSq0tLa88cYbzTfdeON/zfnEJ/6Hi6lzkMFQb3zllVce06zyh3vv/fbZ
55zzda53Xs5BteXPDzzwRy4eH93c3LxTiYJdHFRvdHZ14XnXvfDCC8v+75ZbNnzmv/7rkh9cf/1Z
ixYtevGwGTPqT/3gB291Xbdiy+bNr954ww238sljM4KDA6uai6WDlcGo8Ik5c6677Ze//Mpx73//
h2pqaj6Hhp1169b9ne+rfOP115u+8uUvf/Xb3/nOV8/86EcvSiaTA/gz2Dj3mWfu/+H11y9SxqNd
mXR6PZ8glqnvj+AvpDOZprbW1tfUPRsDU2dn51L+LO3nWAJmaCkFpIeWHgKs0QgzEKTvrqCA16BE
MhQHR4GM/CkoQ0mHEiVHKtF1m1oL6jwj1WtcsUu7EmWblRiJYuZgNWnqRqk4gHerc7vKelnQhh8E
kdqeVgO9St1DQh3TpM7vqevmFDCYsh4PVd+TKbDtVjpkVH3vQcrQpKOD2pXxplmdr1a97lTPJ6LO
W6n+blT3OUCtWtfE51goBaSXmHK/jTrgx5dSzQaWAWSrGshUDdasAkfKMnZ0WqJvTg3IhBrkafW5
dnV8Wu2PQjCkrUO9dyyA6ZjXuLKS6rC3DnWMBqp2iRB1rAa0p8DZqUDnhu5HW2Zbrf1Zy/CTUvfZ
qfZ1qW2OOrdmT21UalLvtWGqFGpXAuWBG3XAd3R7IYC1qkFpd5/Kqs9oXcsGcVaBRMerFtS5tW5m
HPjgx6Ha59C1aPW9APhtF3SAQNT6ffPq/B743cP0vXoKJF3KmOOq7VlLTE8pgOpYXL0/qz7vWoD3
rOvkLHB61rNIQfeGr6WlBMr9WvQAyux9ezhU6//2mjEzxjhrRoiaUI1xGuUQhVHRbDqgIR0NkZFQ
DjmUGqODHIqSto6TQ+mECpXCyC47UpOKHSkqnZWdXSjx+zxrtL/v78/3ut7r/efb45qZNWuteZ5Z
93N/7vt+VtfVDJRZhhBo5+qWfoh35M7YfGX108DHSau+TvOYsuLlsai0VZsP5VzcnOA09CM+d6gl
i/02p6ioPIe7bLm7R6hJ8sXyHOC6B2yaT/HMzW3xJgbDJuq7xXu5u8QMNss/JOg6xBTHu17nL11a
39ddf+LqVd1Nn55m5s0+sGNOQNCyZY9V7pzZuMqu5dGOyY3mpkOvc6uhDq69f/9+cjZPevfoLCsX
gwdtfww93dLfHNHGJqvn5LZEMde7UYOm573Mmjx3j/PnP42ct0KNLnzlkeDjc6CJMH/QKc2+xOOg
RXgXd6Qh13zFxJ7SCR4L4Es3XZPm6Md7rlixwjm0pTDM4tqHi+qLjjsZGGbznA42ed3rJ0mylAru
s7pLs2/duvWX/+i3toXbBusnRYSuW5dokbfgY7aJuoPn1vd3GxYZru4evti68DW3SiF1SWO9hfmn
kRusHbyEKfN27dlKM7z/vbSm78O29u/2RmlLG/emN7yY6zzy997RwXT/4efWarKY+fN3NdxcemHx
C6U8+lKLRtqFA6W7E/pf9URWf2n135g9sPVJa9gfS1uqfuxd4qZu4PR6n6nE7BgrM7fl8zHzofXa
Ezcnfny9NPxJosNo9PZq9ceq4+/uVED/Ye7IGw//by1Baje0LfKn391D5YnN8npedwliOCZH3+9R
0b1w6dK45COz3hbuzx/+kt7mvy1J8dlXErHyryjZ/awHVY6O12uqSH/CKJb3/VR2trbNqQxY4XC9
9Pp1/Zv3L45bPPtvjyOTT73sH2rNzc2dwz5wgxS/91Jw8ujCsHXrtB6cXHj2lYduyLw0s7SG8suX
N8+K+3jn+qekTx7+iW+L/F8KkiZdDLvQ0zXjnw2Nlm+vFvU4T731/C/TFt9shVS+r+/E2Dry+CN+
vr6tN77M23tpauVeLMh9y73HVg5RL/+cOT60QD/nwJYJy6oTY2e1OZsoWm9gvhjqn3Zkw5zm5zfT
nb98uHQvsGLnHZd7OZuTBMC84ZDcxrcPTh13jHhyZcHcuXNzL03qUQktJQct6Oufe/tO3gzTmTzT
yojOxg2TtlJ091uebzCIe3LiiM+0r2onzS5al25T2/o9PYS5aona7eQl3fuPj+pkZNQMHFBaOtqv
GT/DRveufZLDlSKX9tp5HcKYG5N36YvJlffLUsh3WeOXJteOd5ii5eZw9O7s/jszzE8d35roOD6O
3N18zPEabe+qmi0J71M1jWYHNfGMn2cazLK97bK7IuTphwOSBZcrXR4N7u8O85+tqj3S/brvw6Wz
XfnqixPuJbs8CJe1H7Moahy4F7x29sTFm6BtzLJS4+0aXbXa33/SjBcp3vQ1mufs1dyt0zjl0mNb
Pt+20c9Y39N4wLxg/t61xWuiNGcapN88+XX5SeOVjXtybzIb/RvUSnfZdHRIsiJ3hYxumXa93ZMy
LuS46us7etT0iUMKZssvjZua1DejL9krdPC9gnr9nouaG4a/n4yqq1ZZNDuRcu73gaV/2b/xmxns
Rj/mX05Ya2Cl22oer3LMr4yiZXRSOnS8Ctu51lf6bOQf4vrFGeJo5y9b//o8UCvtn9BxYp9z16H7
RfHpI1c2MNXaqzdfvrT1xzf9EMdGF5+k3oo2tU36p3TsYkyjo9pDTz3aWJYY/fpu+MznqUZZCf36
R3yqtXPUxvusqLTY9do/JqDHdCGnO0NJI933xsO8+XP6TT26mxOUA1pTN3LijioeH/lUWv9HnZff
5z8iBWt6lfp6Fk9UvL2nrWvUsVJ3bcYE4opWS9HrTZk7HtuE/lVeoLTT7BmhP1e764H/t0nCVf9Q
h398sqyzn/+6qyJ21Ya6y4uJn5qnBdzPdbjy8vmlbv/aUZP1r4ZXaq36/uyGLudze1hpwkBnnH/0
kiX7Gx5buhe6pNJ7spks187CirC2taODDc6Vs7+9Kdixe9w0ta7Ekx2bXd5q/BlrW7/TfFZAu6KT
2rQF53e9shkVJ/S3cQsrKWdMo7G5U+sfX5oQ8PeT7wHNkyeJX4TUTDo03nJXw8Qk6p6hvrecS+t1
zVZW6u0z2rvrcfjhruOmUZygLuvUYN856/801vFZqmikdpQWWX1xQrv33ICXxX9zTpbo29Zod3c8
U5w7OBL6QD25MvcIS7jkedNWxUZti2P5I3/K/h59dTiycstI/3H/hpv3C1Xvrrd9f3TbyJDNytFz
0jWr2qa82Xv9S+uKy3/HKo8Pu7/OY8j24KQV5VO9S8tqXnnrFhvYTXCqd20ap3bQqXNnbJMgZL3+
kaiXQlbMycmL13DWtgdwJrfTIktWK5zbZLbAeb1e/OGnYrvKhoCvhfp3Nn8jbzh5TGmaege1/2BF
fdfp/YI+2cygyzWE0pLVysqjN11Wz1Bat9/kzYc7qe7eX77Qba8P61+v2Oo4/P6Zh8DOxCp428or
xVdVCHaBf6TOJGa+T7l6cHViaEOKutOVryd2TVze9Diy+cfAs9o96VeWlYTd4vhVV1cfLa+oqFu8
9fN+g9Hj1ZeUQ6dnEPuGapqjop0/NtQ++RzSPufh+gAj04c73cankTtTuzPbVidO2nQ/qcs1cPzT
nGy/7Dyhq9DWlVSd2j6c13jywYGLi6NfxRxdo8d3l+2wdVDfolLzY2XGQPeR/urXSc9evXqVl5OT
o7rObb5V8LqK5TvefuA/dHNnuF28vnKo0vjCrAGz102TR70UZ3+0q8trmSM7f6cuPeRenaVBStp7
28HnCYrq/lVSATvF+6w+3dtqZeU9bsROKjvYaqXfMrKHmLpRKdjz7Rvx3WmLXbbdUFvqEd3F44rE
l9p7naeNPGRcedMrerq0dPKLmCkvf89wtvUNHpkk3LWltO2ap59f8UHj22fb3rvSPSRD86s4ad5H
T5eUlNgGHE2gL1mZtlPW2mq7K/al2cmzATnLVUjE7MHBQR2HmUo3e5/16zbW2g7sunnpWmGhcVP3
hj6eQO1ITY0Td/etCRMmXNpmcWKe7snzPr8fal3zbWiiUdfSHI/Cr7Oq3mzJ8WQVni8unhlqe/jA
P9srTp1qcJ4+ffrRnJzyPZ+UWDMqnoQvM9O+9ODtSgMDg/PzR3Pzmd5uM2lWu5wo27aVTG55ue2e
VMpNWLhw4bfh4esTjF7k3hcWntZcbmRiZmFRoqquvs0twGjcuHHHh7fWlhYXs7ZXFPEG3uw6Tb7X
u+l9w61bh7q+q/V7ZdXQpg9px33k7Coy2uNIaOgqHfDiJiolzj7W0dnZGcdZuLDhjV2myYepranE
GkvBvCd9Q1smHmyyCePo3PA9G7v/lcXpBNGhB0uWLLEZ/PHh7t1FDnXnDh5Sy5/TaD53bVdB5Nsr
sWuX88PKmVR9u7yU7I3BruK/r5JTbUIoX7P3rT7F+XJ9h3fnubNnm9wXLPinS0f1ds/n3nuFRUXh
Lb9P6S6+LUoM9FqQt+iUh/ThzIKioiI7fTW7+++yi7On58sebl5qV9IZnuTJUCJ7ua9efFtfeqU+
dWr6khRDm0seJS1Pn3m0r+Ksig3U69BQoUxYFxbW/2HTtfHvm6bQo4+uazp6L41lcHSngZ29fd7D
p09LbpxlfOosCF5JdxlYqH319uGAEZXepkvKX0pbdmha6i5pm2B7uFerdU/a8PDwhqioz24LFiwI
SkhYtjO2J/vEickBGzZoVB9ZX0f/aj7k5hU7YPf1896ioN9rc/a1PDx6s7k8tNU+022JhM+Ofagj
0oxSNXp7zvi3yD7TSRyHiEnRPM19cDIrpShIJ3dfAHr4ue/EHya6+AMO7MQPys/4PWloqhQb8r47
fr7D1+f/66dwsBNhBGz0r9EuTMPd7Tc3jEAkYAL4w0a7NY65xoeuxbCFCzH0Q6VUjLgrFCPBFgHe
LH+njynCqzG8n4p61H+Hn4P/Jqs7vGrAazw8TcSw//ww66/2q/1qv9qv9qv9av91ba4wdk0Y0yUi
KDgqOjJiFiSJsRShAo/16IyfKeJX+9V+tV/tV/vVfrX/zjYXE2Kx2BosDGNiLlgEFoQFY1FYNBYJ
2xg2+gHTnAdxIgEj4Dcl3GDXR0wN/5FeLEgKewij3cqzhTExGxwsLSOiLQLQEYs1keGW8QEbLK0s
OJbYbOf4DQFrwoJjmIHBIaERjtM+XaudxgwNcpy21GYhZ+GGucHCUF5iVPCSxEX8NYlha+yDpjk7
qdJmxzvEh28ID44JYMaHr4+Idoh3NMR7d4BttNvS0Gl2VNBaB+95bmNnwDtHw7HvEhcXZxE3wyIy
KsTSyt7e3pIz3XL6dHM4wzw6ISImIN48ItporIN5wdFrokI3xIRGRjDR+4DAyNgYR8PY2NAgh7UB
a20Cg4JszAMDZgSZW1kFBZgHBM2wMg+aMSPIzsZq5vS1VoGGY8MHrfl39A2xUevxsYPWWAavDw4P
joiJBjSsLA0t/9+OGRO69j/X/L/wR0fwCUBDWo4BBVv/wgoYM/8/tF+D/Brk1yC/Bvk1yK9Bfg3y
a5D/4kH+k4SDIyD+xkHOHe2ABE5SQA2eSRQSPBTJJBJZkUqhKFIoVBpVCRqVRlNBDZ5VVVVUNFGj
/9tQJwQSmUxVpKrTaOp0NTU1+v91G5VimlQSRsYUCJoYUZOgoEkY/QMzwAh4g71jCwYibJPIFKqS
Ihx218CIRAKRRFQkk8kUCoGkgBE0iQqTtaxcvEgBG5OzTxhOH0e+UHd/jneg0Qw6pTtKvG9JX/5c
Yz7j4vM1+60V/26JTpmnPWU89KVP+Lf9XJwQiDCUIoUKR100YTcRoCJRFRTJcIYiGmmylZYCPtL0
cTDWhfuGdHLdHO/uwKh9RjMYfeL8JZS5f1+80ZJiPGW0HVOBayBqKmhiztiPdc4rtm64qUPzmsPR
yd8emEYRpXmJyvieHLoRXZBOpu0N399TN0Q4V1kpnuxKlfrRyrzELD2syFXEcSPWuYnSKESpHiYJ
TMcEe9I9p2RRMJmmoECTr0rQo52ZF5hBETk++61p5aovpvsH7U+pLf74csViyzMtvR2V0UdCZD2d
eW1P+kPqI57ZLhg/eOHx/W/6Bv+0R55rj68Kq1y7sqv9HEFSwNXDZBSRNVmogLa8JCoUEUdHVY8g
OZMFW3qYlEeTLTHHeDp6GvBHLKQLuWuztNBnjFVUyVrEcoJIRhKdJ+O7UikKBGKZjioGH4ITCEzY
UuD6wpZIxsCkAmOywIqkwOWzjQmSNJGAo7lDYEUhcvkKBFEWQ/SHjgrJUKKjRPBLIU8YNuvpHAxb
3h8zu4QNoOgUEARGdE8TBJ+ApUcDZA7QVTQlJypsfF+Vb9tAMszxo9XRaZppZgSJYY6QuD0wE/Oj
nvBTxoTUIrgyjTMKHSxRVQ6PKIXv50eF72cG38b10borJaT5Ld+ux6lf/pa5dBQz1RuqHfnovOlp
zbT0lpFFJc/+eTrx/e36inqHIaf1E19vElkTJNABDbBSxXDUdmhjcC10JUyIdlIp6AyqDxxCmNBu
ysHS4LFkXqI6b/wNQlujWIqjxNFQJSyHDqwJTCpFAWGRasxYjmW5SM5s16EyRFJuJsYtliL8hExA
SSpg8hU0EJQcHTF+ujVZ+f9Ay12Te1ObaOUKjOVK+XxPK3jxLuDSjVyAVXNPlkZO+5rDUyAIlMlu
8FwsQVClE3RogAfdE765oVQnX+rKUzvAzOXCdx5nQgC6aWMyhkgisCYlWTTWNv9wrvow2HOjNq9+
xMCiev6u6pHjcauGLXtq6+q3NZXXzn1V9ylOCMwFckhoJOiXpyCnmZWbWMUrC2Z4OVDtRLJEThRW
FoJMXAi4khEYSqQUnkiIsGEC4RDaPDZHjyjBPwckIkjY0F0WhQgwAx48BU0/AP00JgTRkAqJLgxm
AZfPhC3ENhHHlwgQIVoCscRY1BazFwBVYn/s7BIzL1GRGzHHM4MsLiC4Z2KAlQBnUFo6dCbZEWwZ
51+uStZRJusYJuOskgKsrqIMhkAZKpCjTeRoY2Vk3mSmPo+Qn4nB/HgJjFwYggKCREVToD4/4InT
g2s3j2eue/7+vHnRweLuZ73DzRbnIkt9Ky2TOraZdvbcqKG/2nve/Lx/cfWe16v3HQp/dK50tsFR
qDshSwp4C84Dx1zcfhaodK1I5sVEhJHyWGUkgI2pipceDYrQyo0GrMnn6hi5+GAydFDCJkiAlgpo
AgARAQ4D0Uv0hxbtHEnBhUQDMvmCXmVCNwRPFRdRsjdWh8C01vRUoTCzKDQp15rMRTXqebvv0sG4
7vNhzQ8/25uRQMvE+clpbKokEF7SEXQSGh/4455B5JEqzq6yAfLU0VXJrkAyQI4q8WPJyCIzElwG
vYDrKmL5itKyXBWKuK1cnTF2wPfN3w7HfUROexMM2h5cW927bZzK18fXc8u3nldXD/kct+nBjZHQ
4ZXWw9cev77ZLxmYBQRTJkA9B57l0nFWQS90uZRRiAg2nCs0VJAMnEdMX9hHAzSn6NGYiEQipo4q
GaoIAPCjajILyIEIMC4ffVQJQUui/QEl7suU8oh42ZpCfRIOYVIdNuqUqcJI5egAYsUuuIRpIByx
MazeNz/8+8ppN5GJVxrHVWSC9JzN5noXEOZYwVsv+OoMw3SCj/ClYYX6InWRFqga6wQdLihfCrzS
lNC8RKD3Knw/Yh0DdI8vNsOyVE3mkfN3Y4JM/GoVuFCZZJHTrpa2e5URdX0fQ3XaRs7blJYmv/ji
f9Dg3tva4Ffdnd2Z1487njy82K085MJjyRmZJows/zQODUi+NcMbK4NZ1lGhiHdjQrl6gzkgfZfD
ACdrkRB4acYELAu0j+AJ8kcTCYlcxE4uRwuYo4q5idAevGyVCIhMSpigGPrX4J4jCQEmpi8ROi0k
pJ6jMHFuWROo52BgDdbLQd2Ga32tFa/eJej/no80ia7CxyvSC2lSscSPzdGmsdx4NDKrTCO3Yk8Y
AAYaDzoH1aiN1fnScH+dA1ekDLu52kRrgjcBqGbALZFQqTIvAdsakUyAy7a6QW/6lKj7N988OjPs
dbTisIdl2rK8XZfe/f6uf8m1PwrU4/wP+3Wdv9Eku2dX1P5Pp6XjzK1qq87Wj6/rTmn9UIaTteBf
2uJbiGBBUJ6o4mhZZJExXW4BXugQ7GM1Iz+EC8at1YjLtabjBgA1nALwZ2mKy3CrQEI2hiC4J66L
iNpZwDUXZCAiUECYFizDVAMkLhC6PEcSo2eKaDJD9Hp/V4jFp/oVbYfLJ87XJtYBy8hu4nQA6DRd
SC3zCtguhJ2AgR/bjGNNklclQ/vikeRVAYNOBD1dVwRRcRkZOIGTUJWsTU0nQwr5CSmVC9ro0Maf
N4F/hkPGJQjBjVRHYPRmU39nkrNdaIMF5XuG00qL6uXHJr7+lvS4duez3FFM0aDWomWob8ug493e
sc+4iUDhUMrJQvgJWUA0mCUcO74cWlSD4kyEKU5KXO9A7HyYiH9Zmkw5ExVwrjKpUDIueBWTddIQ
FbVo1ho8NsD1B1/EQadgyEN5RPx0KiIuQK3B5UBI0RAqkHlETaCsSq2CfdxWvadHOiWfZ0JKKpbI
6QiF6CrClU9QQOJDqtMmmoAdiMo8c884rBPtBjjL8KOGhWCnyFLgIhGgEuQXkEySjaGPQoXTGkeD
MT2WfPJN0RlkONHgu1P316OtFt0m/K1fEh+9aSvS39xZmlfU1pz55d3vTqPY5dLIztU5barVw4vP
W56Zdurjqn9y+3uS3nZ0WL1KkXXgJBT8DCU/ualK9pXPEWBLwgubDvUthnBm6uKFDALJYrmWoYsP
8A0cgnYe41EB4HNgnWgG9MCexejTWa5jvBRlkfDABsh7o2lTgfwHRp5FospcgbBwQYCtBsKeWKaR
QgaSCpki7omDcmI+OHzhxUZv3G+90wkMpokXV+aFBBHhKtWWF7GARmaz7//JKO6u66NmeXHLNL0V
jPlMsNubrshEEGGAuJkEX2CkgIzYTWityqY8YnEoorOYkA2TCWEaVEoP+2bnUfVtVeQoNuliZUds
fGn9w3sqo9ji6r2qI4MvnC1GGof6Nh9tR92BdVDxMv4ZhuFKMOSydHTlNGOCuBz3U5YMv2LWGCFJ
f+ucyZRnHOQnvuLdBLx8wXKoSNoKNASnyTpiAnSnmSyPxHzIgAI83TBNUZYTYlINkOFi8Fz0ITEb
+ZaOEokPjMSC5cr4z6sPCfr8AmNNdzOSnwLdE6SOwzDMTwbT9GOzGFC0dXSgHgSPE1PY9uc950Hw
AssgCApQ3WISI5g8MzJfbI32wCYipRJ6UqsitEzRiI6V81GirJeA04UoXVr69mpoepVP0yjWcOeY
WW1nzf43zxOqFx0Mn2F/d8abqI8L7uq/2Bvd0VF5bz95xGxT7Jdoh6+XD7+3PWb+/jK/KcfAZ4yN
yEVUyf9RS18cN8Qp3JWpMh+eUi4OqYzBBIBhB9dat+OO0BqggfnHXQgDFOfJVQEoBljL4w+SxjHR
1MKkXDAb6AcFZRGuGAhST4EpV0OVhFw+TYbWHwqanlQIP1DmMwe26r09ZReUoE9XJkMd0v2oZSgN
AkSuSDVp06llfD8CV6e4Tpt4GnQTdiFino/pGiQFpdFJfsTtQhZkQENgJNgC4uZ2P2Ss4PhsLosq
IyoU8WzOYEjBiFKGyYahN9xNt/am4nKgiiWpvbX4dPHm0/PRgT8aNrYtFj89cKK7d9upJ1Xxq2cM
Nhhss2idrbH56CEE3fl/EZQLJdpSkWnR/hNydOGSkVYCw37uxrI4GXfe3/ZWzYRilWnS8LWHFrFH
YsjFNTdfE/D7+RlIh2J5aESVDU4Gjs/UMMUPABkRaY3JbiI575G8knk0USDkaiXCys+jmFrDRLzA
r77cyBezkFmzTtpdyXN1UCXQ86VurDJEXQHb1RU5kDIGK2C0KqH+5r5ni+g0xERY8aZjfFGZpgDO
Bv2EEO1NhCiUiVYlPqI0kSeF6iNTO+3OtD1Hl6dG4sXfL692EirgNKM51i68vefqMZW7s7Z2bzl3
bNyNpzsTHBflvn9UerNUp+fJQd0jL+4dVu1bW6OfZplZVevybOGrb82n2G9LHudRHUx/2nllMmSk
nzhDt9ZjNGXJM3X+mDnDbGSp4PEI6KzTc7laS/WsyzyQ8kZIRJAzcQ9bWUji/ctZDVU5yuUEXDpl
KoVkHh4RSMBfHmIroi6s9LIoQjaw1IUE9EWHFFwI4rMagDUErujmYduNH4dtqu2rFTNvIp4CrvtY
p5w+1XsJ3rFwr6dZkzzNGMBoN2Ih31uZTAdogddIUpVKwlIUjEEjjCkANrCdItqehS5cnE7SBlFg
5kuRNgDuDOYOzCFr2jLMQeqG+6/PEpv39XdEdW5yaJLUei3el9c/M49q4QxMDOu+XDRx4r1vSU0d
fddjR6waFjdVtL2LZw7MGuMrvloBQfal7SYsJ0ICpyyz4ArxtR9YBOQAcKQC7lgO4MnXhMwCl6OS
LKEcQfpPrJDZyDSZ+XIZYf8rBUitZXL5BPrDKFRjhmcKfDSYaUoYM6tUY7B4xOI5+HtNJpvrSyTP
IRweXI9W0CePdLbMjmDzBeBKZXyh1ZPjufl1V2/R+H6Q3rzZKMUDc8muPGXME0IR0QzXC16+dM6Z
l4Mca7cdrjwyyBekJ0RksJQMcBUS0gNcbzEwfw144Su6Z+s9wnAkT9wRnat4csWRyyGlwmUJ1CMf
RLrmdlaGc+JshjYlmY1MSNR9+WX56rzK619eDDY4vezOuzv76kZ/NY/AqvT7VY/jCx6cfBBq1rNq
yp0/6ypwtUWLRXzxA0yWs1qcIRuLUfj9GIRluNzScOkwxm3NWEtVCcmor3wqEJhM8PafGPvALJHE
Gbh+EiRiNCVAXxIyfpiSRtiLQw3nUkFkaCI0a2IQEiKESKYWmos0maJZ08Am+7gapLn56hPSpK6s
Om0aYJq7lrb7FCsju9wTLZMgJB1gMEFBMhHMQEswZk+yCJRDpO9+LCx1nkjLBRY+fD9mGayoFFzI
4kw5ldNRwaI1OfU3goCWTVxOinH3IlS447U43WfF/lInlpzATLZ0fu11j6reC3EPV3/zGB/9o6ev
o2Wv+pofjp8iPr8uvXYrSc1h64rYb8eojneb5IyVg4rYjLCDWqG17k4G2k1HUlkuX4iLTpPxGGBM
l6clkpDireSW4g4gjYVaOdgmOWLg6xjyeLSVawHuZU14QBCCX1HRvDEwCFYUb6IEDwxs1C2IgZQL
pmeYARVLDqTK+CL7kBGD63scP+2sCm1+M3sPG2wM1wb3tOgHtza78t5B4MpA0grsBUWQuorT4B0s
B3L8qBJjsRmd/WaYaOo5bA9KLEVJX4DSE1AZsEUqDNxUxdVZQspi8MkQ3Rz4yQ7uCofPodhE/u2U
aRqtsuTiFUfPccJxwglCPezLV93Te6eUvRrFXgwo97zsO6b9z4ymd5vjQm3bnrdlDOsP5OUdebF3
Y8ezyuYtuk7smf1vfkyLaIuKszm8WPtLxwwLzxhfcfp/AgQmVwuoI30Rx0s+Db5ouSpXD4kFOJkX
JJcmOa5eTBfmGZALYwXzsTMJuPTqCpVz2kntFPxAI+KshHp/njw1+AhQcMTnAHit+XPhpUSIyqIg
nhczgPg6bBDm0yAfmWQNawJMyT27vt6XGz9tsXmwKOJ19k0kEJBhxSauKUe6K1wdULDd7p1fyJiD
y4Umni3yk70R8J5IKfzYDH7xqysafmz2PG1aOgm8HGkGg5kuX8ea4f4nBhEX07KUQJaFhCnYppJC
rYfUCe62MluZQVhVyfXWiu9/kuh+cKVwdYqyxtojH3K3OjaE05ta/xrFzKv11dWOv41L3HZw64xn
L/RDejomMrpSnnyQeVUmoz+5wzEgJqL1AkQJVvM6XFZxJVApZ+CGhexvOn7Dd95PyUXkJ3jlo9Db
I9H9SWKgM0vm6pa2+2c+w9e6KjjdlXOQJIMRSvSww3OQl5LQPQExTm4+7qAaEH/Tskhgg16i3aAh
5YQmhx+P5PTeNHTtmB2DVcbHtcHELSX3iVnxfC9BvosXLLyI4gwNSbEUki+DwTRDa1gkHHN46B7B
aZJxgUi1zTW27rvOPFFaljb2UzNgVUHYh6RcGd0bhiUxyEfWHEhwftRYWcrFFdmKs7xpU1syy8Xn
9cLSiE932/srP6KqyUBjdzRyJ+6559B7qW1K7ofFnU2LH3kI79fXtg8dCozuG7hQU+11raZjaP3H
A5svOG9mVLW0n5xl8CyvJNJ5UsLJx3s0EicIFcJRlmkmMNGtGdzFKOLMcpVW0c8cp4SFF+HWFyxh
o4jx0wrFmbiJSSxgbrwgOPOUc+UrNhKuzYBlKkl8Vq7kqgRXCZ4BcQM1xO8qROEz4wbAI9tFoQ9O
pLrC6phPg8ViFnc5W6IpOY1F3a2NjTTatbm75GhNxJvP9iZe3tQievEJhmE6xa6Nww9bkZctaLFm
0A0LyXj+SCNDbPa0ZigZKsMUaXH92MDhycZEkcOazLDInU8bHh4gPzr5bjA/Q2MfUZ71QHOwDljo
QTDkp2YioYGpIfgwt2fRYN74ot6MZgPz37wVx/uxYT1Giyl5VxX9wl+aQ2V1cDt4U2VTZaVbrb8/
be5OfN27pMaidNKr0oLd3R0/LD4t/fzpxvdh08zhayE3rnM2dx76N0WHF00/zO3gyijtlHYvpspB
jWAmWi6D/aEbE6dxJQGWQ8JrJ4EM8mgd7rhggzbwQVL48vKYDjEQKDtvjNQgMRARCTlyzkPGWyiR
TxfSEVQMKJ4QC+mC08D6AleoFlg1kxHmUDRuYglfZMXQw6RaxKsh/lWXsxuq+9oWPbOL/vOljA+h
jkY0ceXR+EFRD3aULbloTeKnabmgcC3agXySoYNYi9Z9dIgrCHNQEdZ83rNlw49ePE9NIdOobJef
rCdKXX8CD4xPJ/hSMzFr0W8kPwJbdKZC4f5Cvo5LzfRG+15rWxnbs2fjS+5F7zWG3ZGXfxeFK4Sz
Ds+plE1Uudzbv9TGiW3f32c/MCs6KeLyTbM79ZeTxDnV0V2g+69XnO4aapPdnXj86vq3Hc/bjj+/
dTh+9caelNY3P//ZSRu/nQhFGE4MJ7oV6bbqaNFsZf/e6WmniM9wxwnxkKKLoEQFAFrj4sNULVcq
111YNB3P5UikkUDZJoMIsXvGZF6UJ1cbNqiWDwg8WszzlNHcCGnbUdiU58LxJgQvyW757QwUWQrB
BThIfVAdiE6T9K/t+H42QX/zM9WY3v5NKY0vr7kDRdPSyLxiiNVW9yK0/U9oqyFrhQfrBEosIEAw
OWYY4Euj4fEEqF7nKoa35x+dvCLZsa7ok+WO77Op1kinCAIjlFuA/STwXE1vXPbJuBSxudap20H2
t2cZbLwSVJa46exDafeWDc3ulAe8w9y3mdNm9v4P0VYCz/T//+eYZqgohGRJtebq66qINl9DqIyN
XPH9lpo0StE395ncR46kMuYWSkOOLF8VuXKrUSIlhEJirv/7PX1//8cjj9pnn5TP6/V6Xq/3sio3
dQ1GUNp687ZEAmPoGSyIMLIoevdO80EKx98wsemX05OVKsnBxV1yJG2l6Teb/We+eQyFTdxQNjLV
fkcsHM7r3fXOOS02rame4iS4YaX+535AdRycjcnswHR8uokGP5yBfRD2Qg6gskAbCFhSt7mAiohz
nx9PCnjWDC4DAGJuwavFII1RQDkCZt0gBi74wFSuGKEvgoQdf4JORTzfSELAJP0XKmFC4ESQYKXR
QfACvMZVPqLwVePT/x+NF/PVzOEf9qcUowhwCqAoB0qNRG9nf/lLXETFyZwmgQalCCwQF8RwixYP
y6MAkxH5bODtgRmC3AAfeo70ouO/qw8UpHrzhPcocKmZl2uHNu4ggFpKUrk+X4wgglESFcSI4RVE
xxvczF5GTt7e9RmbGKdcJMwG+IQZTyz8aSPWH7bC4RwXb3HJpj3Jy49MB/CRmXu3s9hy/x/fpidq
7mnO5D9bPTBYOvDZ/fjIN7sB9sKMivdybV24boDyOOcBVrcd7n9ovwsi+DuYEi6zD4Ssu5GEamxv
gfPBfeRMcI03t0OrKwLRDIrDq510gg4eMMAWrk7aEEZc+OGncicIPJc9xN/YBNFfGqYoYAikjGHj
QzzKhhk95GWqPBehNqbHGFQFBa5jn1sFluj++z9qXttftTeZVpEm+S9nUf1lbMbVN02ytp3F1tuy
PsMgmo0MBv4SjAMtT8/O5yXb0+whzEyBzU8GzxfI/ueQqMXluUFgvD7AWTSvGn6veWghwQL1NYXT
+KV0y3aCGEA2JxGm/BSm43kH0ng3rBQTxqhKW8F3kKES2bzG/PHEYH4wNeHWwlvOyyhij7wtSJfU
sCGNDQi8YG8yo+2bdA9m2/1Qx9cdMtWuwz4y5tWeG+UPLqTxdb77XLIzNk2zPvlSc63cMcKXn7JF
dVUZErVnZVrbdw4uP2C/r3P9+0lSnYyHp69U3RsvoFeJ/ZdaqwjvciGiYTsIdAZBgE2mZVogILkE
R/dxGQA+exFmFjReXNGEAJWBVO1cEYTJtYVLOFg9JsIJ3AKKh/usFXKAKQIkqhrAJ+AqwSwdSAHP
/kSmRzohBWDbOaci+JqKYIpziwo4H8NVqxZowC3oYpjY8HALGy8OHrq4BYobk5G5qurIdaFfVrOH
f9VJTw4sPmg6WrI5Ui27OJf4va5OuF3br3VWpPiwt975XvCzkLjrTpWOGGY75ws6odjtPBBbYHR4
C0Op2Bp9lQ6VPrID/TSqgMcpH3yBehjvxoXuNccRALLxKwSaWJ7YqkPRrFKWkxMQFeOFBgT8OAP4
GhKSwrthNdDx0ghzA0BJYKQIgmQhfkFMZLzs4wHXvSHvTj876Zs81hKR60b2YLtIo7RpS3fm1/Ye
XuxfFmwuSun+kzZK0AoCbFC4YMFqX2ApriOmvMar/fv0XDv+0VpHGFX1rtTMLThOebBSlhVfbnrW
S4fMIcLkxmjidPl67uQwcVPdTRgmiftm4YC+ArDPWklUWApoMKDCAAIQPH1LgHcKkOTVBghJkHmy
8GQguYUZBWbZfAd4uMURzoUjiLdnwgtgkvbgjXEbEHcQcM2G7vq9hMCoWGzYOvsNcwdAkop9Tqaq
bNBQPPQa9j7Jv/nHc2qFNE2de6qWb2Rss93OtERi8mPrp51V6k2y0pd7NNyACXpEhvhnwTuFU+m+
N1xx9CX7mllJVxRzn7UrHy5ZnCw/JXCcnF9Id8iUvHgghb1NkSlFMYcIaQ7jNiB6Cajg7K3jjPDv
dRhrhxJds1vxJKfdBLjRAHpCGlFjzF1oiGO2bwX2BBKTBOI4wEIcMN3jDdTLf7/0ViZefJ1mFDvP
bk8QQzDdUqxKtytJ7tPua+5dVC4O4DXJRBq63gEPzZP3U/n30RJ7N1XrA2lDx+sqzpBrz3a+H87p
9WlFH/x8xXst+l7/xxt+eguOqZVHFl5p1ImPhrC//k+/gQGCEwbKYdGDmuBnc70MRpAJKAgNxwoI
50wZqmhWIV6GCudPFnCYc0Wgk5SRRQRoAKAnAEyCe4EIjtyDB+KJRA/WoBjzbuRQgkAaA4EGpFyV
Ma/GBv8AYQH18u+p4mpo7sRtlBAAK5JbVu5v1rs++3/5YLTrV72DT8C2IebcU5UODXHZ7TY0lurN
90dB2dKMjKyFe6rss4ExHDCJYqITiOwLtKvbcAmeVWlmD6UlqYaBEl0MGpg0hxwiG0lB1eAfCT8U
V6vRd/YK8gqigN/iTwNSdIL1EDMwMimedP/iuOUjnrvCw+GpqAKIiRK8ODwtW4YK9yROwc+Jpubb
4W5UH/hJEUyYw45drYeShcf+rrC3yDY52v6IJobWPmvX/e86Qovpnsxits1ZH7JKP2VYJS6tC5j1
VgeZvcm/W/kP9tsnrgOfu+XHu1qa5rxj37M9XX+4tnw/6/JAPT3jysBAZfMPx9N9FaPdHzu7y9/f
b/Nm2E6lpWJ1FP/n6Png9ljcjqo2gG+v5QRpAUBJx7fxaCXR6M3a0JeGHEACk4iH4gM6XWetIFhD
OIzOsoBNMYXxoIkg0dHoEsHZ26mI6iAMqpOyQWeAHMH8ATRE/C7KBpZCFU7SCnTCwahrQ3lXAaoh
gEmENcXhgecBbim/A1JhY5VjFYsrNc70v+D4UOpk5U49n3u6p1TF2ZANfJDnzYqB4dElhtY/Ly4Y
OaqcSijwcAZwjo5i5tfgCzMlMGPfh5wlXXrVHm1TKuRlkynmKh1RSENjJBMyGBhSQFoo7p08yYGg
Pw7GIBRubQfTOO5c5W4foPZjwmB74H8pDDFYCOaKok7BU2io2YFYPI6gA64LFDPQN0YirjHYr43K
YmzzNK+0xGpq4g7TNDR4+n4uJdtYv2C+HuvvOn/54xFCZsWbO2LgocZmnml1XWqV2z05OHJiOKCw
dnJxl8g6onOodMlr7FtdQNT9lUq9LRLdH77CkACeeoJg+Pu0Bs6CzsdkcJlKwBa9D9YG4CVETBRw
BrBnN94DaEkVZPJOUGiZm1wo4Iag+yab+/jZ9SlsS/kJyQNMKSPzc15JLTQBUo8KqSfXkqqWrv9Z
K6yZhnMGBAjzQ3JgBJjEz9z5YvJoJXtAPjRGq9C52SOU8mAGgWKJQe74nd3IM4gkAJvmm3WbV9tW
uNJkYQ27jjBeR6yc5UhOmK9FrTqe7Jo6NbuOOD3l4TWlR7FunMOtzOsdezMz+cNrbk0mo740dWBg
eGjyzgrcbfzM+0lMWUfkWVZw2nck3x6/37frS/MzB0py6m3ig5rylXf9KxYv6tIDtrRNV/kfGfKT
nBgyrRjK9zqybDWoej9ycWzl9a73OtXu39+d8SuvnrvzD/1rvQJvUVh5QdGoqeiZw72u1vUp5KYp
DVy+pAuJoq/SZZMWlKie8732o93JW4WZ4uSswlCKOYCIQsC18A+wfQRMqVIAz3mzDU5zj4KIeoXg
4iVQ4dblb4p5aOTyknLfY7zCCSQ6f4JoIhrYC3TCRifVIwO1OlS6hAt5A0PjIXKIY27GC8ojeWQf
20qli3919VAr1fzRcEhxNzPzkw+thFmRcob/seW+Y6kXzihG+lmKjaKw7bXP4/nZyKIKnb6fVy5W
nfCgtrPbclVx1nlVjfY9a1fRofNtxCW3pSX112/Z45UtA2sDY8d2vKrcqfiauVANp1kLSApFGKry
KcMfh8abs1n/ycODgGZ5xIB0GoCOgw+Umo8GeEoAULAzwAPmHtBYuNyOEGaWdtiJHBg2qkFEANAA
BBSSXoAU7ZGStID2wz76YDETNWHuAHi6mEeMN1rcFgGaC6NCogsRudy7EabuwH0G+ogHw9tJof8X
7nH9BvQvsLlQHfYA0dHD71UHh5o+fVh0LXUdicu6cuONhNkdWo3IVOxQYUwvp+PJ0cZRv/Cfv36m
dhc+/shpvOJ7gLak2+DQfni8Uq3sqA9Hr33wZ4bRlqoBR9JgfzLL5wOrpObMgmR/QK5/6lDjzjtX
Bh43D4zV8B1nad8DwsVz8RDbj+XjqOcYZeP/5mnfqbVSTqjSamVvXXjyilWDr8PCge9WS16mXX9M
lH/2HJrMiHjQtlbs3we6XJ0TUBe3LPcz4K+UhV4nTpjHgqQpo7ybETCiOlFzd8XvWV30pYz9dt9n
9B7Ivf2Uvo4oWUcULXv7fpM7tRZQ4a30LNbM771SdWmy67G/CiZ9dC5X5i7/4/fN8cTg2D6/Qf+x
T6tD3TXtzX2lngOfn0+M9LaYkvI+YRdcBtM9SnVbv8wpXCOyyUBhUGXc1WXMrgQpuNln1ZsnCtiQ
803AVUBsFF6IfioduHwim+AVRN+DF6fM8/jW6KFuuQoY/fswLUilX3FUm+765HW7YC+fQ4adwsnM
gOSsTx6e6EdO9m7q5uNn2NU2bY5yL1L32N5/tlPX+4+XYj7+YSMq3+Sy/46p2TK+D9sdTh+JWU78
IeO2vz4Wy9qrx9+UsTc6YvZbVIJWkJMQd1cDfAJXp94CZg6fCETM10Y3QyXLZ+IR2Dk2lwv7WFrp
x3Q1SyO/RM9ay+YYBhZXQPike07N1kodMvzm1b1XTog8/GHKt+1Kc7v1a620M2OVpx8Wx0zX37b3
+v51haQj+6EqqsGlTXNAReaU6YmtAoHOdCkgXwBA2oEGlgTqROXdGQO1eAi0+yx4K7pgnprbAZwS
6HCZi3x4GKkDpw3IDptOSIJq09wrzBiwZTvQMNhYehOTPziCBza26P83N9A8fAeYAFZVjFzMcvsk
DwjDGHBPAdkr5MBGtL2hWSC6ZhG2O5hw6RCwoqghGlBizFagWuEEEI35wq+xrrrvSfX5WPK+NFIv
73XZ0aXLp1LP2TNozkSKH1raPcQiGPdw0sH3SKjnVM2DySdNZQs3Zr2WrIWGnz0e6LeKqHjiJnEu
pf3Ua51Ta/Vrj6YK7K05yTXtH2oPXu/J8zxlZft21v2rj0yAiuqT8MEpXSOPy+1+K2cqVx3mY1cD
1j5x7MZXXz6oUveK2++cxrlS6fjrpGW3e17DINtnsWFs0l95f2d9ivvakxmZGz7HivyU1yghKrtm
pP11epXc83pdmycr+yV1o4aZnNKPrhxXjmqt6drQqkPcZruABk6qS3qFafv80q2MfIj+64gW55Ut
yezaSs7njIiAdYQmp/KKFseoxz/tp73rnNf76b0XPtvHVixsWRLZ31jCXv6ZN+7FEul394xLHwrQ
B5Tip8VSr+Xsv2526qbJyA3cyn2FmbyH39xb/vlcmTc9+cZ2MU3Hd/XZ2hlf65cBnd7VLEsd13O1
R6zROieb7E4TyX68YoyvolY613h8i66hikQ4wjdrfONmo5+nuqbOx+aH1hyNS9Cmm5axdAV7pL8x
RspkwT+qGHGlSrtQtXkqVca4TdrHdjYhUrW9wfFm6Dgd/gQXE7wtscv34m6G5PLOfZ44c2d/a9Pi
u2jB6vemoTTvILoQv5HJy5SWgLDFxOCJ7nAGkRiohj8tj8Of5jlgj5J+lqrm9Fop7u4+4QcTxyK2
CVh+7l1RqkJ2ZjEUgDHYSg48zmMhLwaUFNAjQZhwB5Tudo9oSrPjzhTSy54u3Mlim8OuITyjWWU2
F7MqOktSFGatlXMMI+COjIH31nHt7F14t44I8bu4jjixdOzF7PXl67revpZTDxxDZE7t+JQu8v1c
hU7pDR/fk6t1o9OuWvfupu5mfn04AXeaNPppIEtoqA7xitBz5bFmOO3nhoGQXfZ1QZUvAmQK0CRM
GA0KIg3Z4K4WGtCJWkkncjZR1WLpJ3LEgPsGL+myOdDJ8VPpTJ7gWxPBUQUGMHIHopFijPo9LEwe
Wf2oArPYjiquowNuYNQJpiPwGEBWx295qYzcAdN3DBlcgnabG5xw6cPx/+njyenhcHmb0/+Ke5RQ
/5KVMPkj1IaBEyOjvqbs/3FlIny7amqM60tPKTRL+Qgh1XFwgJJT7an+Sn7/Tc9DLzRXmK0HJluv
GLGecIZ66jKc/RsmdN9cmvy+8rD/oXdai1t7+opty/yh0qu0G3ZyV7esI/4OsOgqud/oW8O2Gyn1
iZK8qncv2Z19w2uV9eSGa5znY7Z33UzMG1bcB1dOy7huq/VERvcxs2mxxeKB/v0uPt5X2Lrhun4q
nMGTX7qHGmcce1xvjBcv6404ktYRk/7jlYN++yfkTtV8XHYbSftR+n202JE5PrtqVVvR7+77r6eX
qq7Xg8mM2v4uFt2nuKhsjcFyvf7S70/mM4t1hMT+K3N+J1mS7seGB37oOZ6fHdq1tCi9Ft04aLOO
YK9Vzccu1OZVOzzLSL6Ku/3zziLzg5/U8u35d4tefauHlweBOCOsI6z/fjV3lkNcjla8eZK9ONe7
5Ftjc/dBzWM37cczH9vm7w9eyNObPnb10/WAkxxW9zpiachsWsdleO7Rh4yLurbXNYaG2Y45DTSt
/nuPhyuvXnx6jc3R3ORS9MByqWaW+NWMMV32R7dw3JvmpdRc+aNVcl9UMOkPl6J5R2Fs+9xJaSt3
6Y8z4EYbmEk5NVal48X9u1vzCxBgsoDaR5zGwCMuOfybK3xfB1b0DR6ONzKMVOBxgkEVFPXmvMa3
wFdQt6GJrvhNenNYQWsZ4570lp3/JVVmMT+qbXp/OP7lvI0q2n8H8oFoj2JvrE6tKZK1tKN/+uE6
Qm31WNDwB9/71WMN/qoXKn9cZaWM1Y96ujSY92/3yWlh0LDxAkBIxYCZEILxB1+JrxCy18rE+W7f
wOMqU487c/atkx6VIekPJ1w2UaXRUNSHnqADM4aXRu/Jh0sqLSDVN9jI0BMxhY1BeIExEu0JrDdk
A/6AGUkIkFyUpuqkpupAB+i2vYCWP5Dk6XTiIbaee8wDp7ERUjnTIw+SMKgJSfkJCjftze80gNqL
66U1wCAZIuL/27TuwGWLWvBCD7BTJ2c5ammnzxDSa8qXNGEkuRcnhjXevY+s8K/YXyK2LSE79E9d
D8FpFd0yMuhdHHd7ZvYJFWsVF/GYRNKX3KbjGn9beirDW0wrMhE1Ff50WsdHcWGpNHIyDH5AptvQ
rWwutEJvzGXVffWvd0agt+xmxErRo82zfUfL3IxSA4hvBx7cnvDW/Onw/gbNv7KOtRr1c7lieUXu
FCeqIqXy+ru/ytcRbRSrq+uIuKlTN6dKay72T/z6cXdqpk+EVQAMxHL11Mw6IkdH88IP529z56em
V257mfbsz52e/P5LtXvvqfs5Y9kc5VvQcvy67qxb2at3t2ql9k5NzrERsnNjYX+jQ93TlAXVm90T
meuI82tJ04f0ujkRw6s7ltv798rlvv2VtTI9PzbwpvrJ7PL1lCH7FTVVjpGKSZGXI4Vz3WsIfXba
1dS7jKY6MbpYzvaTCz7T9r1s9VjUA/evMxNH/5CNebK//mO5R+kvGU1dx4uLq5c+vJqrn7u6qj6h
W37fJ7ZbS1FF5/E7v8Ybg/1uVkccLo3tssps6FxMdw7s2Dj9Vg9P+cNm/xtfaJnMMNjca+Woxvrk
IGeBgYdngTsBlIJ5tBXaSXBXp+2185cVG9trBQjBYTwSKCUeCx4FPF0+G4yCwiYTrQizmlejf9kX
G58vC0LKJi4x4xaTbP/pXxYG/JGbQEdNQPuP7ui2Kom5mKbU+tIob6+kZ8xY1uqq9Ux+VWlP3dzL
AdZ+t6jvQzfXEVvqI7z/ORrvcx80L6QBGt3ZXIPHKxTungqbXXu2eyXRHoHxAIxiDDO/CB47qjSv
VhecF2BTFXgqQEdrdQgVEKhZNMSUlNoA6O8Q7ASPJ5gDW6yyOJEuvN0wUHk715gqiFtCbxKbYx+V
DzxtNtygEyUtbk2Ic1e1SWwwJGHGiCloPg5upEvRyGYYA8KwlkhX+D0FFoAhbyyXbzS9yHXQ9F9P
XvMPibo7h8rPp6IjQyNvBmOJRCOTd8W7ihg79EPXJL/66uMufphanK3UP7sz7fz9a+dzmvIz+R3F
X4wxa8cO3j6k9OQPQWkiylg+SB/HG3ravuPPxlQVycMejjKj4xccHye+vlFymbMjIF+vJmTRkTQt
9nVWR5WSPex3zG2u75BO+ilp0MNL+3vUlJ+91/Gfru27pOHel3g+4MTDz2nzGWoffA2HSBwrr6Er
84Vdb+a8lpSN5+08VFs+eAxMaufdTi6YN3s8O/tLlnXTxFr+Z2/po6rpU4I2HzMW2KP95dOPvqze
H1CeYEp+OXvv8cHh9LLp7wGSIhPVL0ptDx1KTTY7XJ99LtAcLmPQKDWChALScGKsrzrrtPiPHIkS
pq/c4HFCcNZzcWBmYTs5CfFzP6SzyapTSVZWPKlkH57dSXJCFyKNkfzwuBYZ6H4NQl90ko4VKdnj
Wgi19+4721prHrMHJspq1sOVKnGZd45MaWgE/MXPJmFEmMGfyr+/P8fo3THt9YUz39Vac6HBlHL9
sPX0VM4kh9bdkjn27ZcSS9X/amqFumrYjYUHr9IBWMq4CFeAPtrDDVDEsR7CTwoz1ARhgKINVAkz
PxaAbAswtthmukMmRFcZKpAiwVnaQVqgwSzlJ8ydYGSdawcFSxPAU7YkuIwB3hYfm4Ps5cNOmEOc
JYJ3m2mwt5q1Qw4gJAKBckGDv1Ad1kwwoALg5YZmOA28g0kfgFNpRHWyEZUcWMzEwtysw55B8Iin
SAQDRxB4UCCQAdPNhhrHpxsBmNublyI7bTSW9JD6ceZEoj4Oh3LFR5IxoZGhgS55P7z/Fbucudyz
91b748K+Z6Y4NQ1p1ODO2S8ekIRQE5HBovooOlkUn03Em0cj8RZCPLLff/n1bfn45ZmkwfzPHdWm
7UqlRqsvR7urp35cmKSxVNaqG9+e/fwp+bF32ieOF+3KKMvdvTvBvXQppa7+fl75YZG6jMG9LGmb
x6VtEdNn2kwP3dz1j6sRQ6v5OdwmkAM7CF0xB4rLc56uKTxyPXvt8k/7ux87UrER27GYAv7TvPUC
oAW42/DQBL4iakhur/MIUeQR2YFOvqWESEQ9IljwQBzai7jOuC8VWWX3SSy58ZK0c/dOV1NfiRGO
nlmys1BnX3vFSBQ/W2BglQ6XbQ7ZauPhexpoVt+8uuZHOxuesZduN7dT0tWqlj0jikjTDX4u7lWL
WV4+769K3uy+t7cltrujm4Ya2DiHwB8cxRRkIitcRwkwAz2RKYaG21bQIVl4YDuZe/BiiBp9Rr4B
G+7/kD3y2klNUwKWLoZsQkWSpHnWBEkrSNaEr4DARnjiGEQBRMx2Y14NHjaF+1EJbHWSkXmVbKZH
uokzYGDg8cDLHUIpgQVIA+5SLzbTQxnZVE/BqBgCrlXECwCLKGtStQO+ASFKgz8wv8M6g9sRLbAj
+l/uGHktH3pHn6hPEBFHyWdl8iuQzUODxWhHiJsr549dyE9RO1lWaRmuYfbprryGGO5QQ96e6JXU
XWjjb6/ls+LJW+PF+c2x4qLwcM65QAMYVFtsiv3V6HzJy7Ps48RwYmucyXRR+skZ6dfriILTxesI
gbOMnakH/Pvf3/Dx8R00jVO0bhOsDDPijyk7vhUTnYAM1O7sLU29PewrN37+EqnikCmtUu5pVTMg
FlQHwQkND/3gE/kIW+noBL6SaKlrYc4j52QfkbjnIMxBxRV4g/lr/0FMMjDzFkqZdwolX3V/vEgu
uUz2pCwx1xE9Wd2vWG8vJM55sF2krNOEi+jbLnHjq5AKmd794VpP3SeLJuJUfSppk90jGe6PlX7E
3rhsJ/Je+UvGvmpGqWuNzt0vSlUieRRa5jZQNgFgVOBBzcSbSM+b/IH7uhg0xHMIFyQYlcLUFVRe
xkWATYJCzMgc2PueLDz8kkbtIW5yMfBEHyRvsshnAiAQ2W4YKYQ3jCxAGIK5p+5OYlvKd4hm5T8H
7gTRTMONOujDXHQPwSMG2UygYHg7oPeXtCgh0Qt4QMGl4enxQjzJEy47sAAyNLg569yvqLUza0a7
fjU41BzbjjoSGSxlfpsqkOh7eF5RIViUpC+GE0MZo8nmkZFhVn0FDftEe7VHP00PFX5sHXnjoVhU
us1i1Djh/N+4zoZ5dekP6VHz/J6QeuhiqPxgyD8JkPzIt0L5gZFUCPxnxtfKmgGK36nUNK955kvJ
YleJZ/HXpzaehnpyl0cSKqxQYWBqOzZd1P5QJGEkl7UqFxeU3nBLJSXn/qXMrDkpTCTSOPg5V2fw
Zm9NNobflNIZf83T6owCLyYLvBMZj0YcB57VnK/QXkq0q+yeGsVbzOqhOvqTL03d4gnxhK2r4VM1
Rs6PItV0iuCKKWOtW21R808XGyqvdhgNIDUt2/qSVYmJypB6KCv89nzdA6O4mpxu97S87qPriPKo
hmiP15FvH457iuyKHfJwL7mwL6dpShsHptxkHzf2hBX/2/VoXzTAdB7YBvyB0KlyD1TYIuJFK8Ds
wyO6ND4NHmoWgeCJgusP54p4Sbi3Khcn9mC075pT6VBhCxWYAX2hY1J1gt6sndSsDVgAHU8CxSUH
RzB5odhAkqm8E5J7mEVJQEx7qORsKAxIA+YOf9pw0T6yasfGYphM5Qbp4CLP2IzkyrOVWIeZmzUL
/tjRWIICGYstAPN9zfR6BtvgdHBWsiC/fCYmUpQEpDXKeE+Oe/Og9p0nrwVz3hz/2C9g45FGe/aP
p3JiK+reYf+bZ+2cXwrKbo0EPIAE7ULQx2EIsPCn5ZV46GgDBb6cYlNFysuUgsTW2HcFNiW22BLi
H51zhp6zWAUyoChRKR6nLcQ9mlaKT5tY4dfXEWF3ag/HupUU9zVLj6RlU3kISGMheIYdCQprABCc
x2mTNX9m9bTFLWECySk4MBHziDdQDI+Vl7Xe31Cw6aLWPXVNZ69y8YR7RSGNwh9slNzP9p44k+JA
Utp76U6FrmZRX2mh2GgmM7+59pZWRzEzmIZup19nlFx8eMTewSV25pv/pqiq4qkzz44EaKyps18O
vzpsJ/v4XV+z0lNGf+6cS9rrAstLd63g2TKtUFhPPLq8T04AG1saAuAexg4GbHjyTDgXDL2UDHUb
Nwjc5gKvCjOAZCSRtAKBu6JzdyO5RlzDRwe+ShtU/dx/v6okLdI2mcNDHNArIcmeiOoQ4KeAXwJF
Bn2gAhdZ26j2UQXW2A5yoBARJtncAZ/CMfLtYzvygbRQIYGbyNyzgNFIw+Da1ZF1ROoGxPu/eblT
7EhBthQ5Esw5QRATZ7W5u3r68ZeWcOTsyFQRS8+Ewn76dXC/19MD6l6Jr93VJZ5Ouf55qZCobyyf
LIHIIRIk8Ma7sahxO8M42zpsivOB7K73RppfWGIX/s21fF8WzlgQKW+VUlRW/uqbpjmwU/VgQidq
Nybylhg8UHAL5kpbYT5rgeauuQQxseNuU+xViRM31HftuSdNDEbHS6PE8ArBupqmTwtzMmb6ktzn
VOIaM9+kVt0A/xXDzHmtKH7QaQZCVGlUZCEvN656hAyG3aHdnh9MA019GnMckZjIH68PXAdfqdFX
P0EjhkyMVGRPnq9HXsJexai8hx9sjl5xni3O8u6dD2CfX3q4yciq27x/m40Bm3AfD1deYH61468/
vC5+etYlpfpszdjHN5vZH9om+odrx1IrAiRuHNbWrrTDlnUyBkq6QXdks0leEOOTN+Qeujep+Ou5
TS6kiiCtZFBq+r6O6EJID/DYqSBQjgKWwJEL5Uv1OG9z8XDGcPfdsngdE63OZEkL+hRWJYenB9VJ
oNI1KBKBytJIYCC0wpq1s9JOZHoAe4KLKjAAFh2fblIlEczAS0QCLIAtw5SSiOyzQMTSJSKruMsO
HKCXogSqZkKgUAHltzWBG9EzbrOlSz5LO2uACfm2QqrfIyKGOi4uKJ+psDURxVkN/7mpxz9j/tuQ
yfMfrLxfWlbTl9nJq6OXrcqiNKoOHHZ/20/L7b832vPhdRxasYZzhiK1LBnBahsYvVxb5De0GHPN
/YhjcfSLygtvP/czZ3Yfez1I6Sw9ZENMpx15U3D4yND4s2ntmaWTi4CCG6UUJx/WVw325cQdNYwz
pCUaC7vAT6kC9UDYjChP+iyk1pJlsqJRedKscUdEYdIqtrePtv22pUTnbNnHq+kO/5hXlI9Ul2yy
ovCY/4nJB81GMNc35jcwh2gEWunWdn6vV6yrqSvHXKLaN7tIwz058BLcFYG3V8lEGWtJ3La0L/XD
1UW/lrZXIgygGdC/c5xHBOA4JKkSiGsdbYLdd6X+j4grj2f6j/+jTY4IGVFqZrTmqFyVVJuMOZvZ
LDJ8vyFHiIwSYdE3903RgTm2ucqZu+NbOSrnUihRqGmi5CjV7/3x/T1+v4eHx2Pjwx8838/r/Xq/
gRyBn4V+aWyaNFoKFsJO3iljk9UzaNF1Yza41CZSCkfXuVVr0+y/Wn97Jdt5Bcq2fvlZKp4N6XTA
CEC7IXPRbN1UNepzq0O6g/Jx7bh07t1zR6R6XwuX93U9PVXuw/FLOFzTo6/iX+I4IgcgFWtbss1H
tNLLdzVBvRoVDwmLcaxqCRR7gceELAfcgpJcByAEdIftL5lvCtU20gi5oQ132MZpSo4u1zc6OOnp
VogKvJXIUlw81IgyDTwYpqUDLAHcG0cwZ4kLyKqmHwABkXBJIihRqPLJBkYCpsiaKgDK4iwFjU1I
6pYgONIYkTzJvfYq6y5SCdtPVfnLwdtxBFBQHXLmy9GV5a/QkZAvr1fY3elX4tGFQFNi046ROFw4
FieffV+9Qft60Gs3hDBl1o1ZL9DI+GbT5rbsOj0beM4l8nnUd87N+l8likvXVh0esaYaI/fjlu9+
EAqHVRuH+d6XBt5fEHrSBz9l/oElv/m766dRFO5t+Seh6vkZ7MFLN8fdT9a8ay5T7QqouMA1L/3x
lrb3G5utBcOwoLklLpxpa6g0XJKrcKpse3plcklVfcTqpuf3qN2O3iufhhf25VdL9TxnRA4/Pia4
F57CeZG8e7K5ICFN4aollC5ECRKwDDQOMJOCLBV8hvFS3n757kTncxOfnSMNaMMKWMVmVFaWHBKl
6lVpfM+P2r+xdIjx2NUZ+5wRbH8pcMTtQuo//1x2GZM3elhM+C/IEqATccDaYIC+DZRn6hOZQ+p4
JBUBR6KhcbfYdARJZijiduH18h0JP7uVE165bdfrzpHMq/f95OFotWgb0Y0t769KyljR+XYOGlFz
GtqwXpFf9k8mqw4wHo7661dfGat8t3YcATB24NPU1NySftfjfn5zvXSQRSOj5PqNPNvSKwBGckax
jAL/Qiv+REBrRNfuY4C4YiF7ou4vKhT1x0FGR7M/yys6DZpM9wdaBx+BM7Gjppp96hx5SX0OeURO
xWADR2SoT1rBgnywOQ8xVGo/BHCkROEZiDCxh/B9SJRoP9VdAmHPBAIIKAl6JZXOxEIb/cnrdYoF
FSpRzGPSmVpOW9enARBgyTClMcDWcu7LFQCqa30jjJr68iF4bs1wvHbhaba6TgbRFCQ+coY4icNR
A/QlZ3Ulr/Hx00y0tsVYdyJC9c6y6pPN76baD06We2XqM3Nv2LTtXN7UeHt6d6rJQljRm1nys7Wm
ifvd5b8OqS/Pf3j4Y7Lhu6ChvT+5LMUO3mI3jIlI+ZqxQtdx3T/Lv2hBuzGp9cMtchs3dXo4+66T
x8/tqfnchG/jMi52eqfqdwppw8L92q3XPZL1uLDZ0267Hh8RC6hhl/VUDg0OWjztO3Vgosazd+L9
/K8r5/rnfuZNf3Kyc7hcrtkwOkn+A6OsiWuxJ+sZ5G49IpEUgyeuT/TEpstmiBbjC9QwZuF69MDA
K63C/VF/7zvInw++TOKKUFAg54gWmx0Az3CE1lr9wHQVOWXusb073FTeE2dOq3Kx/gNDRhiz5Rfn
K8+dJY1Kpin5IKJxXNFoA2irR1aDjDOTQMvEW+mpV+gliiDR6/02rACeLrqhYf+s/t/di9jmfV2N
WvZlSyrZ2WX3xrjsAb5C9p7UU/aVrvWR5FyNa+Li0HA3+CAAwYsLVzht1TiIW/EffnBLqvLz2Oz8
Su+eM6cykzmDzJordd5LfnUjXsE+Rnkq64MBo1aJznN5zIlpIpFSkwIF75Juoz4MHNgs8WQFRRYG
xF5g+qThKiA/qxdA+ooY4uTjkxVUCxFF952xMiUIvoJYAjDPVwY+AOYiFl3ts2fuTmfuzgKJimYe
rSNilG0/BLSRDTNPKBKIePPSFJyl0r15o/g0pFEcSRQPLBXVHUewAS6qFLgoaMRSQeyyE0lSBwnC
sgrITeVQbtIFuenn0e3n07cZyLlzSJxCCaQEHEgmTgFOpRqW5eITt/cpIyWBdEnCQuo5y/bN9Q/K
NuWo99v9bOON1I4Hmo+6Dh7d46Zu8Ad2s8t79dqCRyrfqmyW/NRsvtuj45rw8/SvEqVlHd9flSn5
055hS0bhE13EiZDfQ/sa87wUx8saGsYNTWbpy5nfLsrIpG72TN89VzTOezXeIBOVF3xD+X77Awfn
sAP+9K4WOh87Y1Sbde+r33X63R7mgS8Jv520lh+8DGNy46pPvd1l+GT0Vy59SZ8RXrr7ZN1czvVD
F3sFtHOf+zPL3fSRHZlzR3UPdWx0vB4+6b5DOyso3Ln6sYHLv7bVbHFLODXaR+4/foLzxjSeXV1c
9tWPaD8x6xxOyRV6GXx4+WKvTzbwd4riBoA1Ib2Ux+MOUboXgzx53jkePYNnmHO+XyeqxuodcuVn
ftLcfA/2DD6sf/5A/QwU9B5A8ESQYnAx7jEYkOLp8RstLM2pNKs4uHl0cRqRBKAJ3I2ErseOpMDb
FY+TrT4Lqop7NccYzl7XjI+56Y5LvfsDs9b4dmLGF7g0HfvgG5nexFE1BxDFxaIxKAPZsPIqD26Y
stKjsN4Ht1Tr2/L51Y/eH006nZnN+fjmTGEV9vtsK4CoH1ZwBgTEwm3eyo6G4vRSXs9lTLnFepzP
lhtC+4unlEAeD1h4zVfKZkCKgQD/30Uiov3mI7L+ZLEBVj/ee0AKL5YQAzQZeLu9cObuNCYOktt1
Zy9GLKoiDvH2bkokyhUU9dOMYlSwe5FAj51x0IET1RLqf/smICnqUkTrEEpkD2ctUp99NAZJhIbb
AJtGV+8P75iqubC9pQP4uYig91Q3rlz/y3u8lamSiJl5Tft+90e998p4vXPK7SS/zX69Td9P1a6/
PN3bfCnpOPBhLsIPcV8v7vxR/gf2+Q9sRnm0Ryjx1+coQfUfWO0f2I3TgXvqpT4suX03+gMb+QN7
4SKcWiqqOJz7y7ZjqeNbEnhX06EFHuQ0/h7+/fdMoJqjbu/vovGfbqtXQr8SVxllv4gdS39g35QO
XVDTjqz+33ebxjEaiXVRC8Kjv8d//3Wz9coqo/EH+MboH9gz/Yj0S27+Kl6BaztXE/M/xNdu/lG9
1jHiMqSRuvlHx1zHv16ratrnO/h/YMykcVS7q64TffXE86/mJ2Z/l0R2RHfLP+kYqm6cV5b4203g
MPwrthv36PQD8HT8JnbJPk/ni1XVCWMdW5QU7laOeASGalQbsn/K0ON6tZaovfkOiq7UmpqpZ5+q
g12V8l4FjTnuCv/07zjceGrOb34cvfjq2hVGbtRbPrGWUZVzprdnuFPAa3m2NHGLH6k9Fd7Vb5Kp
sTZ+wZYxdUSaV7+0he3sVf3t+jjS4g9sYXh+j5ldCeOFXciTP7D7/5jZ3P4msXZi39H5p6+6BoWl
Tp5PVt6VFdYvJ7kZdM/d/wObMJzy2hcxuMfidGpjz9gkm24d0uZAro9ICjyTXRnk7Xlez7PdsqPN
a/WcZ0bncw435vfFPaZrFlsuR7Sa1IQLnni74W7UDA9qzWlGsip05tvcyhaUlT54RCisGnTxN+3v
7rzH/3HlbwPDx3jokDgWFVLP9Qzff1LHwcXSy2biU4PxMu1CkIbLrMu13I0/aT/7ew+b7NFcvYcJ
+YsCwr47iwcWKQEqXyWoMbi0kNJmZV5D2b40d04LnitLI/+3+DUoGxk7/9lHG8kZefc4UauSU1Gi
3EPr8bOT1vtY/s2Xuzp8/8eKvklufsob91EduAoGGqgnbSCIRR/iD+vQ9HyYJXuW9R815NaH101B
CzXt5LbKm2cK2fzSbxeud1WUDh6Dynh/EceWzOoSSbEBNt6MucFfXBdYFaoFGQNXTNAcgBoZ8fWT
LyIg5OFb8C2kDVx7sE7NRsg6lALjXCAkonwDmT51Lp6JTQELDwEiejYR8jGddTTFBE6fGCylhMzE
5puCZJ2gzrFnXRVAC9Ud2O6UQmgNg3fFIqqmbC4d3Wc/glS14orYD2HrRLwrPZwlU0p2BHyP6nHr
hG4t63+18n4G3ayCw0GNGxqqX2KVqdFkR0sU1pSkVtYliL773DchKZqkhpFNIxIkRMimLDWMqPNB
Z70TKakBx+OFHVrVrRONgV0HMR+e8ANGbikeN7cNm+d9rPFw2RPoNConNeP5y381s1TZMB83M0u6
uU+v/nnICt31iGD4lbFNi/artzmPzX7wI5+EB+Z50hxe3ptl/tQdFKThGjQ7/tnMq/354V67d8/U
uco26UvwSZUq3QbrrqOtQRa1d59ata42fkpF5vkfMVqmjwTPnXx48eTw4+lV379cqwc32tzp0JyN
PaoZn37Jkbi6k+12xwtt/DrI9gJnAwZk9ZNOZ2tdM9xDnILnx8ZvlYb/lUGP4LvlHROzNG43cL3S
v1dldU/ymdYbv4onz2qkblsJtljOiox9LnMt+GX3Sl5oFZfP1ah9HOSauLTUS8+490Z/2CXrH0U3
Xkf4PqOnTeV6Xwn85+4soTgZuBGgIPgMlKWIe4wGF/ka05+9kYQzgDaSkCgFYJ4sYRkov8xF2fB9
o+mJKlnVKdQiq4aDJTLSep/CI7pbqpMj/HizK9dvqLS6uI9KwOWq3M0T4mEkdIUIe4jwtqFyoNTO
2fGXSa/ir7aWsOrjpZd2DH0wegJpyK3kQ3lf9BWpl337xEYQVturCJIrQ3MuO4qzCj4hzKAayZwl
xbVHcSCgAaUIzVo/NadMHIG/QoZugrYpN9QBl6NbssWbwCR2ysR1b+AGx/jmifBzsXtFvAEy7Yeg
JIfVLbFnru9XFgkSpDguiUR5SY5AhIlLJBCL4utw0HkhEfuCpq2S+fiUEqo3tjk7GJgnICNNigXA
CDGsOH323tg6mm1h8CHT1jeCP7CcjvSelvnhS0+f7tynElrsaAnH2JvKa2mmIeEYKlU2zZSgwDGT
QCJ97qt5r22VFAWARRfIEklqsHQ5sqT4PydNRz2bU5OdeiM1O1tUqQP+dj5r1gsHmK7j0k26Tsf4
vqk2Nc/+3RtH3WB2zPlCLNPxdnLAQvhRpxvKGlYn39Vdel63lKlu7Nwh791k0YgMjdx/r8Pk+u7U
vtLezwfeHnoy88iVmlLlB/6F8vXDUked9jbtuR7GDm6lRPns9Qzzkam/dPUn6poet3+hjFuHb3uy
aLvnxKR8ZRS9Uk6mbsFNOG0Te3c0yWp++LOy0ikX6hZ0sdzwDpdXeQ0mOZU53NJnbzynh0aetsx4
fMF+IZ4M03K5VkldLnnRHCRIOazvdq404O1y/sypqB2SR1q8yuzyp2f4JjmHTp6lP50oyR07uu9B
O3Hng5zqn4N0oarrv0/r/Ue9rN/5M6vblrbwVA17zwSZX6delQeeWzKNgqL1JfhbpqENDBLSEdHF
wFEhYFC7ILEnbABfzk63KFMtOXbw1Sctt537cCcMAyqP3HhsebYpiDN+PG6BsTWr9nHX0KA6zL9A
db3JVoR1ETb6MpzLd9jtzBkbXtpxZMZ3Nnxx5r3JH1jdtlMhZ39tEo7O2U7/3ZMzEuI4IpuNZ1Z9
+NSbbFOx0cHJA+qTWAI5VessJTJrEPscKSYKTfVK13n4s9GflbeBnC+nak5riN1ISeABgMkMgKef
s0k6Mnjn0jRVq2gBmWGlziUwlRFFrH4qw6qoDzCocXZwMtJcUp2DGNIFFAmgB4wMVogrVjBnJeJJ
kqOmbA7Vu0AolQWBUInsieIlIxQvO23FJXLsvXkphRSRrBHk1Jfctfq1FMb4lZalIwdWsaPNRYUA
mLB0e7IpQcKXikpgyZHTEURTcY4aStb0+BAV0xzlg8DhxKFhHI4aXkIOCXnRbF5/xrNCYsDMRIfr
8Wff/EdHrW8eYetIH26wD2zsfHvzdaMMvdOYzTPGmGFYKlBDWVcPBG2u3TCcbaQcuSlx56/yRtsz
F/RdB+pdBdb/FE/oD0e+yJ24tZw6NZocOcX3De25VowQfSBHEX2AzED5wDFXVcyk0fCyctTFypeW
cV27+Ls+b7XJPlPu6fv8TL3tEY+7wUsm539++JIsnBvIf5+sd/7lwe8W2m8Ofg3cEnixp5Z9/PXS
Tb0PHbpvDOaVlQPY/c0d0rDPLUl3lZISlwYuDaruC+f1BgYmbmPPWmgNdSV46T9OnrWJX3HyP7W/
89/AbGY3nVb9Su+aWXMMRTTdqjoT9dJGAoaJLpaQxUQXYJrkNj8qoIkz/ZXLc0tzHMnPToxxzwRx
srVtQi0f15f3V4v8hfN8fPd7+cvq+zVT2o+ykDkg+0dr9umbQWdQWsLlGNjBk3oR228b9O46V+85
Ozj5c1DqTEAr8/hlF5X9I3PPZ2Qu6Xd5Ih1qsmSpeT7f8FrDNM+HIxk60iUeDIA3KsSD5NDsLd6Q
pda1D73f2Udwl15vMjYJ4K9cWAK9JJ6eNJcbrM61f8HHHRwpTQuNZphxZEofMHFSAFcFdWQVQIOI
IZ4ODKBOQIYKUqDAYuunRQjO5tEQR0rqAietOVBuJoImcRFQQw6yYvA2q8o6rIHSbgRiyGAvgF+T
bQmIgFzYhYtTf2A6mZ1T/6vV7zEhYVQqRjadzJInEsVJHFIMxIUsWSIeXUOSBKSIN9ycksqVC61f
1isqAJR4FeQUOYoIKgGfduy4bbXz4oHlQw5RUdesmi82V/s8mvYfnejYI1gjz97/br1n65U0CbgB
PgN9JDecXfODGbX49eSg39Oxs8K1k8Zf5p/GWwXXRdq90M2fec9rFJ69VHvApaH79cWG4cVRi5Ut
aGPjez5lk/bul/Eq4utwiybFgIAmSkogy3LenKmkK9o5uDho7HiT9aWeR/1ycDgu+EJI40jQ+7Km
wcnl1haGi6G09/CG8vRdAcV6vPBdH1F3moaHEKOuDp9Q9eV2vr9sskLeZKB7ghcop+UqXrrpLNhV
P3KrCzqwv+f4RM2l7Vu7YpnMcM4pLJN/DJ1YbiepR5BAw9MVCtAPNqxQL53+N6GTY2Yq0v8A173I
n7M4pKqxbcCQmJ0vta0yt7trvn0zW2Bt8nfPhEt1yqvPs57VI74utV6ikj0WnIQXgNe2+JiDPzch
NJ3hPeFfk3eEYZK6P6yeH14/0fjrnI3OXf+Xzfz5U41vBRPn/U2OIrKNbvIbomcZ/JCZJ6W+90fF
ajrrZBnWWVtxEAtxRk0hM6gMle/enZANNOozGoKPuCTeuY7oazIb0dPgUZUo0QKXmmmB90bKVBoT
u1cDMTSgztkudMAbZylR1s8rKFFYENIuc4OluFRniK1Y8dC9AutFKrS/y77TRIU8oExfJQzaz6fh
1Sk0RdYHZyI0S2rPxK0fjQG2UE+m0DVgNarH4yt0VeFi6JEDK96fF+UJipKxaUScimhRoRgNL86x
/I6WI2fBqaLQhqscID68cUPdZLOcBO3IjlI5d3QRHKARWBqgH0QzmWIL2225bEH7t66L+61vgQAA
AIIAAACDAAAAhAAAAIUAAACGAAAAhwAAAIgAAACJAAAAigAAAIsAAACMAAAAjQAAAI4AAACPAAAA
kAAAAJEAAACSAAAAkwAAAJQAAACVAAAAlgAAAJcAAACYAAAAmQAAAJoAAACbAAAAnAAAAJ0AAACe
AAAAnwAAAKAAAAChAAAAogAAAKMAAACkAAAApQAAAKYAAACnAAAAqAAAAKkAAACqAAAAqwAAAKwA
AACtAAAArgAAAK8AAACwAAAAsQAAALIAAACzAAAAtAAAALUAAAC2AAAAtwAAALgAAAC5AAAAugAA
ALsAAAC8AAAAvQAAAL4AAAC/AAAAwAAAAMEAAADCAAAAwwAAAMQAAADFAAAAxgAAAMcAAADIAAAA
yQAAAMoAAADLAAAAzAAAAM0AAADOAAAAzwAAANAAAADRAAAA0gAAANMAAADUAAAA1QAAANYAAADX
AAAA2AAAANkAAADaAAAA2wAAANwAAADdAAAA3gAAAN8AAADgAAAA4QAAAOIAAADjAAAA5AAAAOUA
AADmAAAA5wAAAOgAAADpAAAA6gAAAOsAAADsAAAA7QAAAO4AAADvAAAA8AAAAPEAAADyAAAA8wAA
APQAAAD2AAAA/f////cAAAD4AAAA+QAAAPoAAAD7AAAA/AAAAP0AAAD+AAAA/wAAAAABAACN8yd+
xRxzCbm1OXN/Wbh/0Hk3XGzKRx9ZA7nvhwS9noujx9e2YZqfmF9oiVJ8+wf2TtjxqLrpHWlu8g7B
HXHSyedxCOA/3ePLoVN3V3zj/6UndFktl79sztQUlYxN30BiFQCuRIuli9LcNcxtrnByFePTKbzg
/Fu23mYXaQthd1367YQ+Lr1x71mNqfHdPWW6dk3556a/eZTa0BtMskPaXIzrpVU1crwOOp2WzIPu
tRQjwUvOoivaw9O6sBEFuNJhsX7E93ADEeFYqw3HvMQ0GmcmKY5zjh5Zvn1dsk+OIm6JwFw1tn+k
70gvuhtyKrPAbftZ7YoTn048d8uO1O34J/Be7j+KJb2SE77GjY6FVZo1T7Z4E0eQN92jhcB3FeOz
SSVwutV+xgH+goXMF9/Az7XZ1sj32c15w3nTKeFhFW3bvv3cjRUexnH9faqwiIy8ORcdHqbc5Y2t
HlDNj2mEEapt4UbvbqOBD0CJL2Pzze0bkpLrPLd5d46aE0dskqEJD2i4X4nCzudW1MiUiAw1EUJ0
yapWm5jyLIEfFvpKAVSdbqiDYkcRa93EEUVAvmfiLhPtWev3xBItKFUO3lSIzYDt0y20B6kD7i3a
70yCQTEDI6JqxQZ2jyOA7kF4aVW9K8pt9cwtC90vj1xTgJ+DLx6WBJiSB8szDk6EGix0oQhFnKRm
FksFxAYMniwLJ4KKZamI+45V8pYyRfxv+s7wps28xTkIuCmgNNlorpxMobRsiJ1C0PGECJmLS9/f
/l2IOz4/vqL9+8mFz3Ohq5d8lq47t4XW8XNV2pRH7eZaglXljdUFy9ZR/b9v5/86NP3wD+xNzc9e
oxuH8o8zmaMpeeMXZ4rDgrAoqNC8g88q07Lgy9k6XzIuPz8PqE6Pl127rPOxIXVemRZS79ZaGHsi
Q4zTlZbte69G7CYdgZE6N1WW9iDHORYrgjGjXj187ev7OeydZTsd2tbab9VxzdV3pjyHk0LyrR/e
m3qUKf3WJEH7niHPjxfR3xaa47XPM1eBIt6HYG1CRO9G0u+whCJ0i0Lsx9mm40e8nM3SyQ2LqBbn
SYK7muHezop0ewpQderVMlgImwnQVqgB0Fa2/9B7VvfjFG7Ej0e/DR1Tv2ssX5+a85tcvmdMaL0z
SjJgwppjGmIZxTRSgqXsCXTlyfKsc3M+Vd+Qqqp+ngbvX3TETA83NQYsful5+Fvz7N6LCh8bae9n
nrR7lB+YP/fKpSbfVL0wmCWQhXTS/JWe0SvxF2xILRtiVECmvSM2omcgAkKsUDzfCsQElsAFQAjA
CQq1wJrhde9O6hOY2iOi6zjrPCSVxgDPVXCMsxRZbOJ/CgppploddKEtV4QOxBjnL5nmGDcE66ep
QDgr4gB8gYSbBzPOpoiuHyWxVwVB+ELL9/8Xyk+/D6yFbrYe4KCLgVZmYAlIdFGx7IBosSz4s4lb
ygLJZCnAMXLQZb4kDlkWRDM4bejqp91rLuFFUvUlJnQqgoC0lE2TkJOQNY41MDMAEcHWSYPZpKtK
zzwQOJIftGBKbX6ZOu1QNu0W3+3ffmPl0Z7KEcM3kVvaHjACRz2ejvHP0S5N1S1en81t0l54Fjac
GtCru+dW+uyFLtRuJEneTEVcvhx1kjLZWXZSSK5n7Cgf8nq0qz1nsuEIUJT4uJ4ztZS2qQlu8DUP
ljwK2kCUg/Z+5M123DjI9a0ab8r/a63ReXxnwrwg5aLfhRcBecKDrsduN7RL7fZ9JawyyV450zGa
zhyhjp7cXjAomY50lwZJRVvOUkcchze+51G835KSNOVdTNXQihF1xVAsDx8IQbWE++olZcEyREBa
FcEQhrddNuS6xtFC/moPCEipckxNr6hNMjau4L/tuNpuOPxvr2bTQlCIYc7efFNoT1kaxiim0FAt
JB6PpWd70PmIeehL/30XZNKqJ6JOmUTl1woHhbdf3Yij8XvFUl1qfa6VZdQquegsXeWfYxo89AeY
keJ0a/Zn+RdugdjKviEXDW0xQhuMBBr+RQG0Ja21u85DiTK10YfMkFxHGHUjkEg/wHP4EKxMXNq6
GgKN3Uj5sNHBSibOHiTUpKsCsqot1kBkve3kIhxZ0GlhNsilMQh7prI906Bp6wZTSR2kOSwZ0fnA
mSQKQau0D7qrIpFIz213+/ra5DoURcsG14JWRg4ftyqITUhgyRMkJRNkM0SQSFQsYH7oggiCxPnY
A+JdsAxxS/DVK+nQVRL4AjVHR05MZcOv3M9oo5f3YtzV1g+FyUmjxVhbpeVUcSN85drdbg4fX88P
dpRcvLl3pvKOV/PgWGeRW+bQfPitx80zrueSmJ+Fg4076Je7xpbePPW8vSswr2bBqf/1ef3I9u81
rueEPzrEjK41XJB2jth+KzksP9iTkkkQeijiWknai2YPcnLuc2IISHtRhmOsaljjQuXbiEiPhx8y
nqwcrmbzw/sPJH79XB/PcOR47u1UK4Kni6JxeCxKmHiYa3Hl95LUwfqdu/ghXrqt5ybHRrfskMhU
/Lea3rJtIrBpJcelJAbh6a5FQABvhLCmIBrEtRHG7TbPnayGku31qCTOHQAms9lZdEaGGqYZoeEa
i3Q8EAvlEbpL6GUjQ60Gvsdf7e7ZXI+XySrTT9FttNxnZZufu6bO65vktQf1+lTcycePXoDbFjBi
u7NkT6AgoqGhfHVK7n1tnDw/lx86FzL1vvpdnPPC04Bw/srNujm/VkGy39PL+dUOtbthAE4eSfEN
YtDIDCCrDYCuVCHrdUa8BQ8oEVj1y/W52HwQN+2zlE4YrOudFBHPxAFmAsyFNo5WtRIbdIJauKyN
9mmqtqIATtbZAIXEIihrWgMS4wgUGFLZwGshFCFgFfxnxfBbcR+caDDdQookp09+gyVMtcSnIc62
AJAdwdX1dwcEq14AKzYEq4cWlQJKIZxKNZAji+txwCtg8qELSyBPj+quJGkjJZBI2d3iZhJwtBoK
Z3as3M+OobxXnhZhELlTFC30SxAtiL2XFkIAiYplDFyQ3AB3wYV0ZHxo25eLuuOCxag2y9A3X381
7wn+8pPv+uhxaS2jKnd8R8qH2ZeBi/SekEeR9JaopWm/SJPfTc+nXyBas/q5rqUuXw6sOQhdeM21
/bP9C8Z+Y8MBBELdCVSxQgJJMj2dGp2J8pE1bqi32xmD/Vh1+yktcMfml6elMmjsFf/NJR1yebGf
fLl+dq1tHl1XCBIigPk2q741Ggpgr/BW9I08uWfp/zasPQsI+nbL8BIm92Hlrb2oQS3YCdQdMyor
3wyJlkyTqc7Ud3RkpqqlZ4ibUcwklQoSfNDw8klRyx/ipeUTOzBIeikbyxUZVS28dpfLYNCy2Dpv
1RwXRs6XsRn2gYqeD1wTrR2cj8Czz2ykrnU/9N+A61Tyga6QN4/ughVcxktWGYSXPOKZtL3g9zre
2POa/HXwCpHXOOJX/zb/bKv2vO/C5FTdXLdQ2RxkTuUt3oCk0huSoCIXp9n333kwDnT2fYNPBdv/
FFAp4NLFBoqMk6IFPukQjgBPkY2yLOzTnw+9JAC7VEMGuse5KlMa482bFvgQAbSAj/+gWiI3xIMa
3AJjJGWdoOIR/9UVOjDg8G2RTgVFfVRWItzem9cHdbxA/fJNW998j5qquaB/O2yi2qJs5f2CwUXX
EiJwplqYq/I4LNSSkdRQULsbixW3hBWgC2KhG73gmOg7suvDBGZ6AE4on/oyZH+6NK5d5UjS5WN2
O2Kkgdyo+t7/mDHdmRJfReqWP7OZvXjr207/nJVDlRdl5jq0mhhbJpjv6bwDYS1hPtcX7OzeVE43
KmVPT71dcrooM/2rwbGyQVWPPtGmU3nmtnly6HL+7LUnPxi6Wgm174aGC5pXXiCfu+LGJ4Yf5R38
ojm+/QddXVnr0VvGzi1GgdV7nh9u/X0ne7D/U0BS8zKzcXt1tvhneRQnRhZDoKBvyInHoORRs3Tf
Nd1N77rKaWu0xcpNVdaebg8Cj/UnXTtNd91doA33uLrj0Oi2N/TpJsNJa72aCf5kldmXf8zbtSOG
EwRJM9tHnlw4iPGJI0nBJcVLVADWoJkHmTu/hj/qO+pX7EsvQBfjB9AZZhIIDL5f1Ixy/CEhw65N
RS3XOai/K28o5PyyzqapCk+tOSsQB7GNiXoT1SmGzvz5SMvdXvJbcEadmgAy69vRsZ5kbehyE9Wg
c09WTubGT88tlY6dljJxDHpnVHx26nGIfln4TNklpc8VKYNDugPSdeKfYBbk+DrOKOmvhuwt7sBv
gd/kUuQvPmpO+B+Wrjye6f+PjygqhYwvNSRFE74VKnJG7muM3PlGrpbQKNeQELlvEplrw4YcIZZ8
JeTckC25r2lyH2F+n4/v75+Nz2c8Hub5ej2fz9fxHloG5DhtE4D+fNAPqzpRgoCfPFWUeUxjWgBI
Z9Ug9OZtAfSBha8UAStAbKUAHHsCB2S1GJw54AUHSlH/DepTTew0YnBIcMLb/D5HP3Avv1/TlZUu
xB8Nnorbf96UAlczR8Nfs/8j1ftzmGkjkXxrC3CH/pg4VW7terq5SRgc1PFQQLPz3AdwBiAOoMIw
OCDmxc7nRydoaGro50FF+XiS1MCRFXNNcVYxIc1TDZL+hNehg6bLU/0JVh5GLJxshypLQ1PEoXqp
MXi3tpisgsWkrSyM+Hk6pNGG0mPtRCpWfxeSHzcFZ87tE42yDYuNxrRWme0xDYzrm1YM2pbcSFJz
CnmcPJtJM5xdu9qOkqmD9oYWccl7xsTTbY3sFLzv1ooP4aybDBhkElf+tII16Qh5nebg1jvzm9j6
7LlDG9JeNSon8BnRSiVY5RZ5K8ixxJ8AM1rtus6dh9cJxZ4X5UkAdJEzF7eclnmUosWQnoTRm1cv
pLEzwuq6lkUFHREhLy3dR6wJQuN9+KVS2z2xepLxcVoX9urybtZ205KN9ROKfJuQM4KjQm1KUz1J
1AQKKE9udJnVnSlK9zhlUsmxxco8qiCBU+bjyXA8H3hTPERXlxXwO8f8bZIpbbGddHpZ0/D8Q+fH
32IfvmVQ+lf2gAzncgr1yJ1gqWxmK3RJX9DimX+YQksyZzUneAACiqMDPKAFasGhaKV0MdVrwvN6
HNWjeqEcdf1f36UJ7PyTRVpN62PFHaZqDFf1RleqK0f24SgpoLu+G4CHbsiYKryOqXAS0JjhyQMQ
Z/gOBFthlxggu5Q0HGF6YfToOF+cd8i829HjF0q+nnr5FRD7oLD3BgBXo3erIQvwAHhwlnBInYqE
AWyY38d7PJ/OZy0ZV2gakt+vdtg4yA/pN79/gkWLUu7kGyp0vA+KBQuvNB1cRb15CAEGNgQ6Dmdu
5tcPIOeC+ePzNpK0tMB5QQB5ajrXSkpMwE/qiUjQAjgzCc4rqnM+LzrEhGcYinzbjJXnX5DS4Had
5zHhFDuP4sCXhYqH8TrxieWzJcDOeJ2zBP4QXuMXw1hRnDxWTIjDNVTsaMifHCLlqlOrfTs99XmA
3gHkhDS6K3KXmONPWfOkVm24fd5PHbOffl/8+DojLmiM7L1ZbbUy4gdLPYBE/pgaIraslS4/rF7q
/mAv0BG762d/ey77axxBy4KcMpFZZe8YUOs//wf7Vubjh2j6wHCkvVa23rGOsm6b0uUJ+u0t8uKb
xR3P98vT9W4dRvJj9jVT9Ot+Sws9aGMXVZzdZX8bzY35dRdDJapn5woMoQhKSpYLh8pNJ7RA6x7Y
a4rWbfYn8rJDg4X74NjJmpU7F6pqfC7aEmSqCcYNY69eP0i26v27VulBLU3SOf3KCADe/zLgCYh4
FD6tgdvXFD3pkmzb/gg8yEkN0LKXuSUPh1ovF2iKRxEoXv92P7a0qyr8q0v3bno9eqn5Ta65tf6E
xfcc+6w1Qx9xHPpT63qqkERawVn3YIi29tz0tQwBIKWdR4nisRfUjxmYyhAnal93e5o/RaNUJD9O
KTjmP1uhP1tq9P2w2O4g27rskoSKPW2U0+2XGU0zjK0O+QUwMDuVp/Zk6SPBv2lHzTgrwMHVE++8
e8BRHA3gC3a87Xt1ClmMzg0WdW3zqi1sRw1FGZR6HooTWExzY/mvTHuqUK1GH6DjPoCD0TJAWsTi
zO00wqGI49fVbUf1xKGmeXn9efdZ+9Vc8dJ8AiaAawgpoUMVIrJdj4GDhrUvXY/HYeGrWzWHsPQB
YLlwCEve+IINOIeWhjqUT1zQ/AgHjk2U92SS5DtOQM8NcOAA6ymnKc6uDmA2W1Tv3QkjJ05Z1vOX
WfPFCkBkskVFhyDFFEUVkdXY6Plv43LJQIB+jeHyYskLj+I9Mkj1a+p19nskEE3Tn6oa1Seklfa/
qWMskhTWfy52/BpZ/13i8YrQ3ohZLqO1uOwqTDkYRZ77XazarTLGePole3Wv7hezPf0DQyluiHZ9
6mlg9vhe7lH08PM6+Extnf1jXSEnPHX8Acr5lJTnSHCrSLbDo7MetoaGhdMX2m329AKfv9nNKffb
zq8q0gvk/0EyJJ2J7FpyW/7RK006I15VWKQ5/6fJsiwXl/XDU4bkN+RIraAUS+Hm0+yvcooKaXLx
6HLLRfECbAo1h7ewRrEWsh13iSuA4dytSbJXGHvEnEDSEX57L5wLPPNv2jkVOQwXOPGfbivuhsgv
0DycBnshzleK7UvxfelcfIbLhyOsqgSeAOZiXpZ8tmrR+ahSNk4WgCoEs4VS+4e9k6UtsPo/SK0d
604FzVBClpezLBE5yGEevpMqSDAeUq8lqd31IORpI79G0awnI7R0MgVcBdyuKVo3zhOa4QsPbpcW
Tl07q9eKmt4WRu1aKls/ITm7cNVRPOpAXSibgC9+VKrYKXjsfqdCfzJ7daYF9Zpj7ckM1IvL4d9t
i45SwmayZukWppQSmcJOdryFq2IqTx+QOdXQUufds7RvIGYS0TKaYVF0CMDnMMNDfALPkH4TmMYR
XOExMysArAyAsL1x1fWmYMdUPT+vGsmP5I8+omV+H3jEaYaUAaBMLXDl6LMIwbHY/AdN/rCPTatx
YxKJvfX/96xXN4Rr1KGHmVKDVwsg6CiEuTkriELuBA6xAm56mJBBqHhDOJKFk9scuBSlyyau/oCi
BtB4ASckkcf0iBoAW/WB8sJzDbwRtaRjv8SEhz4kmLPqhIUyGMx3P+63rzo7M3LPCVrQ/RX9Tyn5
FtbP2MkvWV0dX3y/sN+7vLRr0LvqtFWpKuVln3xrzB6TFVQaqzDTuuTVPbIFa66/vKQiKPXbdEf+
XTngXR+grsxOJxYZ1XoYSWGv1lZFlFq2avdndL/Zzme40WP13+pVsO1Ap6wKG4aNHWdo5MVeh66g
COQVypSgwA5q+68DiI2x9Nwghl1xpqCtKG0BxWVsWviBlLb77EKVUngiQKxuPEYcBUCuDPsk4MaO
ZG3hIcNGL5Ubiggxjz7qQkyQZeRr64hNsYTbQssPne2Ko+DFLX+6rxHKvdTMo2Ig9wAQHy8vlkx9
gC0r7xp4TTh6PBYirgbmXjG2sMwjxsliKdzmx6ytT96jEOKqCs9If6e4KzhMTO8Uyb7RDZSyOVNK
ybzSKi03zePorxwuOFzMknykWqxgn03APfj0dy1U7MmMi4hj8aO1pBP9WPnyx3AH4S65LhnEt0t9
XfA3ATn1JNK3z/g3NUujnkYHEIeXWlR/69bCAIP0ovXqXYPR6ce+jEzv7x4yz1BYuF54x0sAmAqv
MwxfSPK/K6tUp9S7QOgeV8YBDSmAeH+/IfyTnFsCiEG9r4pZnf+VVY5GXxoIo19jxwN3JGUKz43+
H592mnmK2edGAXYv1GFFgWpSCP4y8T6XEIBVOXDIEXoXEldoToXmweUOC8G1EUmsSZrgbDaE7mZv
v4Hpmn77GqzSkcEqHe9p/Aaeo1ADEJB850XDWQEafyd2voA76b502Xl4uKQ6lE2OnQOQhd+0JGzX
ONVzM4lZcNfcGw5Xzex0156unfa+vla9pmWhufPn+Tsp4ubd4OC3Y/iY5mapvm9MrLHnoNYYcpjS
8adcmYT8G7+xsnH9xuDmPmmGFOYY7Hw7yCC3jLGL6cIcYV9zm6I/xNjQNoF8zjwqMEtup3xjNtbs
/15lbP+FzHqrOvPQk8jABOw1Bh/lcmmbYlpuCx5AEn4BP103nnHxxz/0feNlib34Bz0HkHTPT20X
f0zs27dvC5Lq/2Dou7LjGUWNhNFgzIOrGPT62PCmw6eFYvvfJ92CFO9cx/iu5w6rDC4QYupbPLtP
d7TE7+Rqq+7L28d+fPXwS/2uoOrs/mnmaHDNjs0OwqqSWeAevDJPPIDU5s6+Wq1bLVzzCq5ZlD+A
SM3/PoAQwIubq6VrywcQnIMVbje9gMRswGTBzj5XhpGCl2+s+hTkCnWig93mbej7CgeQXuJO/qLv
cPJAI6HrA1NFPu438xI/lmy5JZTDUE0P8iQLffs4eQCRJBI9sjKHF4xRB5BO5pRDCflLx3px1+rk
NH1+c2w0SDjSOLN8Jc73HrI2EWvHSZb9KwKf29qOvfRo9oo81qRLRkPnRI2VVgrh9RfwSC8oNNRy
2/fpsvUwpVf1a9Ye/+JW0F19X/fAp2P21cB/QsXFzzjGHjdHHCdUd8RRJYja2I3rRU0MhQlZKFpn
nve461ed44msrAWa4H7EiNID6mJPBXl8+NUb57Lxt/Bpo+1nxBgR+ZlBwZ5b5ZnTs8W7XNfcRaDC
mlDEs1vnI2gU8ExwRSQj+Kh7py8+eEM3rewvqStAAIvlX1YHwlhUSCxrk8fi1qqozqnvY2bQejvY
DffXM438HxUcImfqNBAOx4eKKtbrKnc4rSrul1Se45CJjy/nMXMxvGt2HG8Qncwmjdu+Du8p9zoK
8937hqkxruiFj92cq653RB7Voj5wU8gofUl9jrnhQSPSziT3G01S2t+7k18ofkN9sT99t4l2Sdjv
TmnEmfsdYTpSKEDs6CZzzNsWsfTVP4DMe1wGNMu9CrsTKZ8UU9+cGpj5mx/n3R33uCijAqafpk4Z
sjqGyKMednZcS8CGdB44GKF/qMnV0ZJzTq4+4HVAj5tbw1/z3Q17oWWpEBuH4gMpxdxaMhZyv1zh
sPxZwAfWtNzuR9PuIn2T4bHs2ogSuWNgRXTndmbcXKt9vPFK+7hJkGVFXgnub/4hQSTinXaUhi6a
RYPO85RDTxHKee38pU7+Ai24EIdOWDiguS+GihtlTocnLLzV0T2pjvhLAyxOaGpxlADveV8UTmJc
Le94VDirJpSH6wxLviPnGW7xxKusNPsYigvWZoIVid8rpby2H0rfcaE4NVucDby3qIzQllpotHyb
tW/qrX9UtUuPJO7dHEm2D2pS7RLA7xC7ihe0YST39QCfXwtMQ8zR5odMv0XPmeVm+U3Sv2uMXRHG
rs8vN+Y9khKGTrIerm39E1Q2gdkZo3keQCJyEXvMuQ1LLdrkvoTUAeQbc+QAUuxQt+KxAeulPyVc
0d1dtxJY+FjtQzuAZOw3rDKmRmvHonvNfqzt5niM7Mv0+Dq1+PWkjTqYDVOfA/EpuyDROqw82j23
4rmhsLb7TrWALJND8mnMt6B5Il+PMQNqiDK/MQ4HkA7PsdSd2m2P4HCM8VKFZEdgtn+NSj/xV87I
sn/z+h80KfDh1tVe3c3I1aau6qkl2+BsMQca5gljdSMAM1pUE59ZHJeLkohp0uO37o01ZGZvuXVR
fDe3gPzGlV5as39j0V22RPbVVN37pb/25xyEe8burq2o9jO3vgOEYlJKhl75KLKZ9Cd+dGOOykAt
jblttRbXzAUTGRLBk11bOfi6wr/Ghvz3i+fWk3YbswDle4Vct4+5PyzrZVl0rlo/eWuRof02eIoe
4Bdf/NtjaeFn0I5DajnTbZN5zLikrXamzelP4ZZQ7v6lrCdLm+AvGKnai3luFZyxbkZiPNr8HTmZ
payIWc+tY3gFvLfZX0DvTgSpej9TMqtn/Jqsdx/TVYn33DLW/bEd0OCwi01lMG51LtqYzpdlr2k3
2s82Bio4FEa7nf3Mxy0eBVdTko38+s16MGXmpkeGtvP7G23QruHUj3/+mjo7ETQ+Pz/6KL8r0Sft
0WcGy2Vrb7EyiXF1pIh04Kvk4wmn4kRC4Z2+7Tuln76V3mdspKaCaQdcy4oS0kRonmr+fLldTksx
/xTlyT8NevMLcIOZUh7NR6RTxu/MRqwH3Rh1wsYl+keFOGh3Td3zUo3EOwk/Q1pRojhVdehAjIeF
fcrDmpvSK3ia8Ut6eBEZCr1rdqI60/ZayVeayIWuuseL/tV/PsIdkU4LtKXuJqb+Wcf+JzT1COpJ
hT5HmMZ9mKHzm0P701dvwFVi+/5BNs67h4dS/7AdUJdv2EvcLR5513DptQHGJwEtJQe8PMG1RBp6
7FEoTA94PZAyqgBOB3cXvvLj3nVT8lCgEmVxclPPfwU4cfws3fVorKSciR3Yming0znckQHr2XI8
pn31FiEDLdD8I7osphQI3XT6t+Ve095rP5X/ikMQlUaquiCU47xYPhD23IAhYhMPcQNcUBJYHuIV
44XzanKAoa+hzhcqzh0lqaFmrnlTtOS8GBu4VgtQPpRbjrufVfPkcbV+dnXYGXox41q9pHEkLsE8
azLE9Sto0ROPPbJam2QK6yOf5ijflalaizUsm7E7gGT7MhWuPL9tTd1Hv4AJIwmkm3r7ORTr9Pbp
weFawZ6F6hmz1bF/CDToAeTF23JmdrdIde613mjY9c/vGUrRuB3UcHnQzC/5G0PbxLstXMrmz7Od
+lPFr11oi1trSPX5grjpp6TcPNdeRhsT63KRkPh+3xPtUbOjt3F9egvjvJ59ANlZZFrZSfi5TWlt
okt/rDxeaXexpLv0jm2K6MsEGxxAqkY9B9OYwUwX+7G6HzneDrAGG23GmU2Msez0kl+A314A5syc
g6BsP4yU9jUL3e06P7M/h9kmmhJb6AG5xkZjLSoPmxV761ZU038UYcU82o3rYxYw3sMTvxfrthsx
L40Io0ybjQOII3NfxdAnnMSnj3lKbq0hkWtJr5g5a7lm2FrdsmGdFYnFfd9ckaK6PaXF4D1psn6X
Z1Wq7Qfy8Hb8Tj1xN+ftUu6mywFkpmM1sIykX+jh8aQ02IT5pQsQH+rznsp/MG0Kw78jv451qXrU
oJZ+ddvAZfjdSmUvK+eQfijL+sTljMru9zUwVC4HF9UqV9AHS5hnCSe3PD7SknMyDIsSEawMUeu1
4W/ReNw299OCcuGa69Yxgf6PCSV6aSd1rQ4XrkNZEGJZd80HjqP7us30i0tCC7TQhdg7/DeksPnu
pm9q/pGMTd9+rvLS2Fnb4o3qnem+TqsIIBWPO6dStewKOGUKELRhB174r3mDDKSJEqJUWvjGirQ7
cyrnwySDOJvh872/rPIlVR2pA8/rnMiRaAHFdZ2wZbe/9YW7TZfkl0b8/eY2zX72FAcSzjh6x1Y7
aZumVMD0ul9VlI37pl/ipcgg2m9ozMQlPJVPe3QMURlSo58GxJxhZxvIx5VScTuyts/ojICb5Yg0
2vTLD1MID9S/s3PuclR3oX7iBUTl/Y/GM3sjNn6oV1tFEpEac3Gn3gp6oeVaUTKarpD+AoDJFVMA
K8ieH+reoVZjqHeLWqitEANByx3Blb2olovl83Htm+3PA8cczdEy6mh4ATt/yN/Ih9E4trNuyLzo
Hiz8MrTwlVhtX36fqWvJ6lbq259Mg/b/Nwv2VkQcGYC95gbHyXTOF/y/Ja7LdtMRKsaWaNLPA66x
JmhoHlpFDZ1QNnN1DSCpcieJFmiEAXGsyXkJkEuoOHGw3cmqE6ULjt/osLNBpTl4RTVhcCo5er7D
fGh4fD9CA+nRhWNVE9cU15J7HR6i86L8mv3HK8PRT3osdcerppL77ReVppwTn35NbfpodC/5TWvB
kgOv1ROb7YzzG1+om7fkYyYsS216BLoYqGXnGhH9Icvyk4zbAkJjvES3pLHWGm+Mb2eQMQLdeyZ/
m6tiprhd20HOqhqHruR2ykGmWOmtXK99/5jvdEL68q+FGfzG9d5V8W3UMPNjQnoPkY84We3c62P/
jPaLy7n4hKGIvqT478XO5a24XutBAjc6Xcrqgk6j5Z231MW6W6lPsTUqJxQPIOiaTRGlxl2XgqVA
u3LZ/Uqy/Sx1tVbJTAWJrf2zVj7QgJk1WAYEc+8f2ZmBBSasdniJ8J7id/tx0DaBcKXuQXvcoAMU
Zl0FaHdt2e3HuS9Io2TmEu4AklK+9+0AIlM3v3fEV6D95LMhRoDQQ9KdxfVtZSNMewHJ969Fxk//
fSSCAWD9lcPqSFDrAeRPA4a+hMl2+PcAoncAMf+D//WFeY40h3XY9hPY+FlnHE+e2zvbtWkrcTc9
bcz2ALJd9e96DII8sBAgfZK0ZleO+UGup20teG18y4VvWwXntrOvVlnaIDrQkcLv+2n7Y/1bKsKz
JHuVTU+P5z2IwoEBavG8SjjNbnvR+SEqzjlQf7L4GIVSONzR62FranUPbIMDPhmhE1rgbCh2eZDH
jjf3OhzHY+fh2peKs4NBUzK6LJx5dVGk1q5PZb3wnrgG1TuCV5waVkRtdBx9Q1J1CvDO+TTVV1Ck
nXXVzLfw8UX/clnkEi39VWYgTOHthSr0nSsTviczkAj5CKoBgadfRTJbt7pNn31w+EtxrpLvfsN+
5RvHvPXuwsxomp4jTB1QzVafQTHN3RH6VMaqUvjmIOFi573playunDhfwBk/SMW7W1zxAaKsLc4C
V1Z5/46RJfQbGbJ48eELXNn7ELSMGWd1vZpryanCzhNa6mgZNSD26Oawirl35o8Ka7fTTvniCoDg
h4CDL1mmrnguqMZXbDYuzxr+Qss87DWd77C9QmWjCjmbyLGj3iHE4YovdY5/4o+u548mwKj7bYfD
xU3CuVPxaymFnyeDiivpRfBB98KMThkDebQvPiIGfvNCPi9rXriFrmg4uzqnaEQYXE2cG4xEce7D
U86i3MDenqYk+NEXURVqh1XHKD42cbUkMV7WBDm1FJZ/OMLVElk1uSCJrKI6h6sJbtyKneNa4uTJ
Jsmv7u9beqkG4VFgoYRFkFPscr5UfhD6lt3tD+w1KsL5aKtu3QtWsMq5buMXF5MWFAUbOn9Qe5DD
OzE22ymFexRV6xfKwobonc9vqT/c3DHozo1rwU49dS3BRlKBgojlBtfMZm2D5dK9WofO1HTr6nZb
o2j+wrT0UnsugZcu/Dc6iqgNhs/2ZJduBuY4T7T+uEawXm/YuIbB3a7d5a4jfstxiJ/U/ZnbLYNf
RMLNUtBp9nq6EPqoNfrJ8FG99y/KzGT1nDdtlh/eutHq+YyBBjsu162ck0RtnMQGUdtBw7uKQZHZ
jQuNdmPxhr5bHRY2t548tezo6T6A+Etv5l7HjCjDpuQWSKN1Dg0NPZtMzL8LyamV/cXjiweQl9jY
/WKUKvX3lvzWTzBK3f0CN3L9flgQLuLLB58zqjwGnZhkVYktaRXhJUAExBgENYyN183sWC2RouHj
mBVph99mB5ABxubpweAp2naj0G8mF+AxBiSMHx9A5N/ubDtj0nNfXFLalkIFl6rn7jTHbwUoj6oy
6Lnb0zuCM7V1C3tWmztpRBgWv9XcoeR7AAlaV1reSbbZ/7W4VfjLT+IlW0pr/7q/qpkKybOx2NtF
X+FtV/rZ1syLFGqWJpegmaaZTrSH/W3/xHw9DkXTlmgKoRH5QbDrXudFYUbK8C+4sftHrynLluRL
UIvbUR8uAjZE/G+9gs7xVN3Uz4xLlmx4AwLM66JbOwr64Xlm8+Msr3ElmK2ykKDLXxd1J9rfXatS
6PuAKuicoC/9/j7TRh2uZvw892GFsURg1Dt1qPLOew+gpOn1mRO//ANovrXDVkVNCsbdjGZPGXJp
d+SN2HIP+k07mTrFfQO7wESP2XqY3JJhmheq2CDDEHs5HIg+rmqnz+JkC1uLEp6qxpnGDj+F92nb
7v+Oez4elv9CuSGV+v8wLnG3VDo3yuUcc45hhqh8kPyurP777LzHle8yhV03j5kZvMCZsdIBO02p
d/JNZadgc/BuLGCZ9uupotSeQbkQum0I3UNU8U/IqaIUO/3EbqwaQMKIGW03JLjCK1lzkSUfr36X
ChWVUrNw5eSAaxznUjfXE2c3fGcbcHiW5C6Jyz9ItV1kdqO/Y/NnXW2aBaJGW4m9KdV1KmZaXDsV
ZpLEUQL25cNZ1ZPAfX62w4k0tSQ4D7jkHxUOKGRufla4qDpHqBiokqFi5yFJoppaLGJsUbyR40DI
gvunYWwAmSoCMZ14RJMTiHJF/Sh/4hmpJF3vvrACcOOIx5BbTkvc2e7MIq5nYeaTXPIEXQL5pk0f
MQd3g4yHFQqVCx7Tm+2stvTqpzcVPa7E1aCtHjYzFakiOsGtNzeJlhXpX+uEqMSWoldtGPheme+2
t6zUpQjPRPLtkU3fKaSKHCb080JRIJHy1PTZKlkbv+B8eujqxxnvnivOTs3ii1NtArNTkxkwPpsX
KY9RsueptRZ69c+kpYI9VjTfd9T7fK6ppGY1uW9bPfnHtjBDR0qKDRkSnXjMwDfydGi2UKpn/Jpl
SOpjLHuXeMoTB6/W+hHG71aU89aXwnYJLY+asz+e1n1sqgp8O/erOdkjs9hwbWg0eM7q51jv4mT2
8wbk9pDHpt7muQPIVCMVUzP2M0DhyxpjajPHp91q/QmztxJBZMhqVG1qf3/I2E332AkIGvlVp785
eyWncU5lALngTrpRs2uA+YYCSDag8geZJgGwZhsxOTfSLbj347tyazf0K/sayXVfzLP1IFpsQLKK
5eoYfkLWJeh5JzqypTdx4xLZLbPt6wC84WJHpjuviZZfm77yswv8DR5SfY3+I15XKYurM1ovhyyF
1gzQEnePfh8NdLd9j/6Mb2d1asELdo7XJktFUK/FAI6Qt4zHrtxu3epWuUzzmmBba01mJrvuuO37
MNrtZxtiEwqvM7RNHGtfZ6Cwl1i/13m0rLooV6fHw7sHe1/QnPl3dYk+cQqzPYFdbiNPstXDnwoa
XBqY/qz4GgiBoXuV3X3AQw9FXor/lnVE1dyDbDCIcg6DqPyO1T+f0HI9LH1g0di2iJ0yZAahm39S
TH19REsNLZ9yNFbUulAN7KHJJ3aDk8PgvOdLATNEqLvQVx52E7SkzMtOcK8d7KMhXlRLqZmDGzb3
Rc1d8bEQmB6u+kS1k9dS6W72zrnGutXhUvKeF9O9ND5nP5ca1CPriO9/0iUcoRKOqplJvDGZtRsd
UZJ7drjX4ZPziZngUWXM92sxqw328QO2+XulzbmzDlFfPY4axex1rcBMk5gOssbue9rmUMeuPyIl
D89fuYW5s3Hy34uRsvN1wLdlgiRyXUmOCTJS9o/vhgD+wm0/W/fhvIdi+OZ4CiuyTpsOh5fO72tq
WLOJsxqyXWTTULvHockpJpYHKGBN8RCdqJJQ0fAoXlGd4yCdamiaaWrpsEXxcUuKlkSD9jQqEmHS
nyqn1s9qzaN7h/n5Mn6dElYAqt9EvgQuQZjU1H9RmX5B2cLnuGKa1XN4KIJjUevaRwmKHsUcIGy8
Jqw0HW5aX/NfeNY3yScRp9otJ5uGXIQH6WuvVgM8btlU0ogiFTMBPm9VCEflCxoDc5dXLZhcrdd3
alb+9MTDcbOtRQYo5IqhoUNJrsKzb+fQc1yITP5fMv7kGIdXZLuZq0Bcol4eHmK0GPslPjT6R2kg
JqvhHXxUS6zCxEk8L1pXxjVaD7e8mSz1csdNhftPuUjFml/QDY/Gq83vPQNTcY9mWprNF2UC0Uzy
zNhIkNxUQVPjfnfZ7i3FPQZRRWX1HqH5LKauune+ycFzv3m/uXsjnZFROlg+R6Toz1lG524u750M
xg5vMmX+R9SXB0L1h19rT0pRElESKkLZ1yzZ92XsW7amsW8zdkp9I2sI2csy9pmsYxuSZKcxZiYz
ISTMNMi+e+/1e3/v+8+4M/ePmT+c55zzeZ7n3Ans8DI9bt1zqx5f/K92UumMrawgfbfvyyGD16cB
h4kA0v64NB2gVvubtgMBpFpvISGKrjOmw2VPNv9xLTXUbiFXKju0wsJGFhDrWEtqeWW8K55DM2Fl
HS5i2RzVjaTuKZAAu5b2Q+z9s+N0AT3WMvaTpXr10Xr29Pot+4QgDlSWrVmDcHqibf4L/r5xX9Nn
7G6/9k8+ECnus8zWTr3wydWHohItP2OOS+l9KiRt29RZwu1O+jgsbRDmnM/7ZpQuYqMl6NiQIcAy
6vrgD9X8wQUV5H0/uMScM8AxcVzj+kecZOVfPTiKv3rio98QSFPZp0B0zbvfew4XdBwiADg8cSQ3
hUQQZUiVgg8SlifKPnDeZUbWMJX5FVDN2I34fYUm6hAQc5i8tWNQY8q6j5W4z6ybr/TdP1TY5WfG
cHAf5APVCExS7kvEpWmalDa/uJVmwjB46tpd8AkUn9j6m9CLwr99/3eeIjK9cOfMp1hA9cWyfr/F
l/9cPUZQUOXccc6UW8idT69ym9stP+sQ9w2JD15VRY7uezgy2h8yVO30xnD2JkeEhnzjZe3PWKcQ
5ZxYB7P3dUN68eczhvq2yGHr3A/FdKUMKkaj9cR0HxleXCkI+NobRrPRKD9k+BKtnWal5JT38VVv
ZT1gWvJKtlJLyIINj4JIVfEOEpJhCv8iW3vj/ggG2Wx5tF52CLlzhX9FtmL3zOWob+xfiLpddzZT
Y9waI0cjZw9GfA2Yatlne2n65yd50uWUtuo3Dk4Of+pQ0F35XRjhu5F6L8rSAxBZkQNvRp+0aRjI
KQkJGJQ6mp9H/3fzE/wxW4S52tQI/vc3J6cGisg9tOQxtmPGJ3i0egAre/YF2NrjAbvX3HrfcVdG
LwF8eyWZDaeknSaRypsChkQUKePeJp+w78wlnmJcFvCY+3r3PtleB+Lrsn3L/HqlVDOLGe8tviu4
KylirIAjYk7D0pbH0NrZt01+hM5WWKchbIWve9KMfCn1Ve6lM8x214NWIkqWzLaXZdcCJbe8wukR
dth39ncsWEsIG1nbLQb+1OkuHPf9xsKQTTglTbcq7oyGGa8QSl4jCWDNjFMeutOo0oEK+DWhc8lX
GpK1eU9Z2au5yfHls924269RgTdx9dHmeLDuWBC0bqpoYKPIaXBy19Z879NO1cWMif0W/KaIV4qD
7Jf9JDXy8BW7NrdIpjtbnp9XI5JGAclJXpxErJaHh5HT7f2p/BmN3w4ZguP8aKZK5evh7ZvydqbD
uvk10/WSpC/7Xlu7lew4imuzlQoJs5vvHBqH0V+hrEzWo2Ld2LIL9YPckkruV3deq6iWoBsoUMXe
D/NRBiqnzFTTh576Edkg1/hVRbhpDpn6+XnNpJ65IItgOaSCczreypmxToDtHm6Zqg7VWvn9zeAd
+bwULhXkJ5YRDVNmw+uo+qmh9hf97PbiVCdaok5BnzHertiq68MIk7oOM6ABmSB4tsHRJqduechP
FEKWjCx2amrmdGb2Ku6XYgLZL/v/nqqCAyXR0qZWTz/XX3CNl5Xj7Jc6VXH6fXUfgFIRT04XMC3x
f6hv5ISKybmyunKR5mODo6Og67PTTQM7KipkMwB/YDZe30t11nNMpX3xvAnHNM7xnYIap6lFRfvu
Xd/mCgUEoyIgGGe1b37HxkLAw5azWqXaK7+VU2yx6q4mxwCfB0hCNrYUNcaTkOPKPL08grycvKx3
tWI+3OUBmOi0GuS42tmoD6/jYwFimq9y/TIYov1SoGbWIXdnYK1rkD//vsaC/T2xgE6JdPN24Zu5
xg9c0nWGGqn77ksCikhdhHQ3V7DNPwHRzPcOTWFsFQt6OQYn06+N0JXYti6/+dxgXCV2bx6vNvig
XXgFtqOhx9od8UCv81xZhLxDqesD7Ut8LgHlPFqxz6Le8ilT1SVc7ViuUF31L/Fl8J5OfvuW7ZLY
yXg7V0a+vfMHMLrFU2T5T2LSokCLzqTMG87HWrHaHOfOIt+agWb0Q+wntYCqKY/mcYMcUip/gu6U
Ga64ORFG8Ft92NBM73zWWBvvCh26mSW7VxkmNVxHhSwMVQWRzKjOir1TqS/KTYbuBUwuYJr3i3Lp
/nGfF4YFF6x/d/8z68CLoURa+34QsNRUIfgwj5nQySNwQGLdkOacGtaJb+CjCYqWrAH/dfnJeqzB
escg3+wewDjcT5fx9Vtqvk4fWdcPKkzyx5T4OcNEsWUdc+Hp8lYUtqqELcWL2Ri6XVM3BkGfXJy4
afYLThmOC2vbvFpf05PBiHufFbJIEq5fHPZYaIeeWNmFkh0GNTKrbdi265CVP/f7C/fHpfCUxLL1
r/PDgrQkEa78U3iMwfkNRLgDtGXZU2rHqnlsSL48L+WxZW/6jgWM/RSESsi4ojM6ZSggWUxbpvwY
6P81sbPVrQiIt1c/9JCM5grNLI2JyZ9dmpG4d5//gsYp88GfBYGa9/4Niq4wL6RI04xs07hxRPbd
6qcH7Fk6ffWeXiO1FdaNctemx8oSXJo7oR7a2PQaCtRev+qJru/XCb2JPAMRZM2so8UF+/NNaDn1
h/xDSw4mWlsTFcRAJQvyX0TTT3p7rXYnDZOKxDbhGkjjiocMYzdsjHZrWtNPAJh6HiCZ7sP8HwCg
Uvf7luAF00e/9/5gfyLR63VN13MqpDOh3OuhbZWpAUK2OetpN4A7F07BExoFJ8AsDODbb5f2IUdm
Pz5rOppA8ANYElz3YErjLgYpT/1UQQzV7IzJm2MqYJrt8SI2Cxhbwym/RaHd7KNQmiNL9rvnIIHK
dxywXx8vnIRc+v7YEFXE5LE8Wqp92ozhu7oKI8vZc7GvVFQ5j394pSbBYnxcmRecElTl+SChBjnS
ecp8yjH3AJvGog3KQHU+UPoB5roiLNs+9Xaxn8tUU3di0VdbvNV1HEFJJYcjYFzzWx4S91DvC7ov
siwkMzvtl867MFF0bNLXTOStPTTerf3OVqpQ1LasrHlY/S4jgTkr23o6a1UEFI8xRfFlBadjOD16
nr3g/x71ARnDpiU3A5OJZMLlbBDNP3q+xk/HOw3Z6j1J4fbvjkozLpbhTVEz04oqOKmcchx8NHCf
j07NFN7Tz90BqN4lqSsPcyTfBJ+XmCp9mtnhqe9WMjCYsqpaXq8UHWraoaho+DiB7j7V4VqbWiX+
B92t4+rwG1P7OJcU3B+HwvbPiIFzmD2Y0B/5kq5CxDfyDWHGLShMxmlLYVeZca92116it5Aie2es
BzxiBbaVcX8GANmIGDJZDMfnWkrToM6GGGdNYC7acVVJagqu9dEgrfHSt6vcP2bbfJ7ok0Jruzh7
tnIRnCEW0ta0QrEFGdSQIUTv/XVEeJt37BubdYvHc4GHDN5r+xPyMPG5vn1fkl3l7ONtg5mLy+Iy
+xyS9rWDindC6w9IfmOz7X92g+u/rMbtDXlYB16zdkBlFTjY/aRHYik1wbTtkpkN7kdm8135p72j
FtqSNKmK2CQL8lLYdd3NfXXikBfF0FxPzll7SD5MaurXgIO0vkIp5XoFrMq4cjYOdeZJnyPgzf6j
9Gco364MQhX1/UKw35/i1tA7UWb12fq/fhn/erZ3ErpiXZn+xGYb63WO2myuzDI5gCxKB+GLZbU3
vaOzkLui5J65vy+30WOb2/uHDMZUhc150p6cXvh24BINj8raFT/w/ts5UG29ASm2Q3uymVflR46G
5E2W0Cfm/AbheaJ8I3RfAbdNxaoWD/QFcqC2vOCKt+WqZsbG8M87VX/3xuHNtGyByCzDqy37cWQK
cvWQAXVR/uO636qlKIffoD/YsgBf7oOxC9wulT+uFnH2AxYQWXhVhvy62KlbyOhnpWMv4BA/WyNr
QKQ+jJY2KZBjFwDcoDFcRIVsZKdTWPdBLkMQXO9TfalRI6ENsdMwG+r5LoJ8Dj9H0VCp19f5gFN5
duIUJCquLrblSYLUd5RdVyTc+3ZG4BTaEGxBvLm9Y1EETpGf/ch4TJVVkNPjhQALTnaaA1LyXDXm
GE8sqEl5j9ZBWc+CC+UAvxUxnuRT0QLeAv/mwFvw8ENFWSsGnL9Sfg68no5/FVOUfEZNOfltDyfP
s6iCe2W2EmJyJAH17ZyA6ac9RFhlwp5ZhXdOxGmfJsjCjvVKZMy0T4BOUrb9s2G2X26pX3p3H424
+rizbX1FX9D7c63qgozbzRgwzFV5NFmb/7dyWgiLPq9QeTaabD8KTQ0bYx0oLJANGOvp4IXPZKVI
FcVUnLxy65jxcTUzNe60tLVetK6/w5sc59TgYcmgcfiMvbntaRPaq+evwcMOeAT3eXvh/pcY76Q7
7eoN++6FG1wiqSIZVkHfKhZ952u80Qs9JWSDhBKhFM86/rz8f5+aDwiSarTa/Gms6Td5Z0uxQwYm
Qe9CXHogv5d71azdDaYqJwuzclGIfRwLxPWBW5Gbpk7f1NcuL3nzzYfOReQ8WltEgWNIBYrLfDil
sZro7XUagRWXxEq0/DTwLjtkcG2u3CO0Fz0LjjRWyNdcY+faaovQk+4MNaGK2t8JrqsVPU228xIk
2V2ruGAuqeFH5HZLq4uolRzxFa4uFLBglpUXmRRpKDDfN8PtXmQPxW2EtiKI0OG0nemBbtFZ+Uql
vTBKxY6YO10hH7nO3b7Rkpln8w8Aa+c30VUrn4XxJ/UWtBKsyQGmCTx5wUAxDoNKl0t66d35ZwL1
f6CqQvZ0c4JvoIbL6YGPLhQH1IqTKRdt0q87ijWCs5cUAuy7CMuITMg3k8/wlNkcQHA9ETbV+zHn
lhbHRZa81jGzEwlPiRPhrDCmXX+X3wsUlJ0k9R+LExPjJv1x20GKnCEiizvr7jKhPyeYSMK+rhXd
7hIF/RUvqZPjoYqT+j8XN6Sy19y9x/Iedv+mS2fRH2atzdFXNh2MBuNYtzwqFCogKZqrkQ0HCz/2
WzbyJv2b/BHUmiC6Z/u6+9jEX++JdXl39H87hfOVMo/SyJPC5n9x1yfZoR0iMQc3I82o7aHrWRsb
rcJTlbOV/9ot4mhDJG8cAoVPnIiAb62nVUHdG/7+xBBqNx91u9sPe9tPtArUsuwlEinZA9wG204d
cBDQqrNxXBPiVoC+NSJadWZ/RPrMuQEFqm8UuOlXf6FvzjkBtKOAE4UyeyEzP8ux3z86IP2FyLgr
UmOLAgB+arTpAeA4TyU7ydY9uxr74WhMX+O/fv1TxwlHVlTFuKC0+R2TEVgKjKXiyz1FIGlPYila
VXVCGb4O41ZB/49yZ3oOcuchRi8FY8G+v+Cx09o8l1TVVFUuWK0STkpe/BxV9F095SPvySgWoxjB
s8+iPgBI59G6xcHG8JaRhe0S33FeluNqjACYAISDgC9i5GBkSL6Ce9vDygPnmY9/HcPJo81honb+
Be+9gnu8QgVirGLcYWdRhF44csHuRjss+7YdhJC6VZqfnu+Yw3H325YAtmjax0xtyyokQEDvZn+7
9spoZhzemlOQ899ov7q9WI6YWSKqJf1368iuXv1rkOq5UHm2l08W5Zr7m2gUZ7wtP1d8Evhl6nzP
YZfkrEjRZ7oenR9M0I3WT2trXMPIKTUO+Q5W6vbySpz/NcLbbNyMPU8s7mzrStYPylmN9nBBSExl
9V+DvuRer4es/9qHKtYTV+OiqsRmDq5qtAqjMW+GaGGixNGB39SW+P6tH2kkKgq9+FQcGj26QAoL
ah4Zb9Bka+iPyI6se9Pij9zlblNPL7/fTDJZl8QZ3/WBBGj1tWXgcoXGJb1jCW5t0IxRaPGa4oXU
CNH2M8Ph3V07VRVeVKGKKpPaf4rjmdsO14lWoUmclcsz3+kZSczv8BpOzZp25RLiGbZyxs0LvaXr
mdVlPi0SeIhYo12hABskU0/WpoaO9lziNP9DW2x3nFoKERlGzHkGbQ+x0xKzKFwrCLtJr01E08FT
6SpYhoNaHuzHEpioN1kx1n4Tk23jfmJ74H3A4m6o835zKOEmehLTiaU070L/kP7ObIiPrDv1RisG
OjU3Lz+KdseCjYz7DwzeIvpluNs+3C4K9nO+/4O5GMqMKKs8Gnnpej5vW+3s2J/a0Lv60HePEHa/
1TBpF03nzv8pbye/TNlG/MvYGnZGQ7EYqFdV5IEoWkZ+IABbXplqbufuEsH9M/eQ4fHEJCYbhZeb
9Gh9lOkwapgxOeL5NCz8W5v5ndCi8sVN++FshdDAwMUAmidWnDXY0LmSZCceDE0IS9xtCieMoJdh
y1ttJX/z99r/YnAbbd5+kWWthwwibfa70wfOpBB0bsOdTiWa6O1yW0O61IS7uNftP5a0pE+LYp1m
FIuhnVCZ/J6d4YMWHEI4a64JurayM7E4SR+nb81cpmzJzHWs+CmEpuU6WRsV7SrVHsy0o/6G0dBq
DdP+UwoRra0RhdUrmIUhn9/z4QOg2Pbr+n+NEHOfWTdASoN1oPrbqKRQbqI5eCehFOx0wkFFDlA7
u+psNtf4kybocarx4CgRnEY/HSs7xqkplcADZs4V4FTcdAqPqRf8Zje1OkpTAsMfOIx/2L6Hqs5q
PrsMM/sQRX+Lzws5oE4cpTyAg4FbI0plIVdugZusR+M/4JM5+Dj4lPteKZeTeW8kJf6nTt52i4mP
vaSqwnhJQo3PKBmQ289fKSefUgHX+3gFebTAP6w8aldOgllV4P4JuEOg1eNz1LOUUJdwkYgvKwKX
U2JhABollJPTAtSYkRDcCY3HaiZqF2CfY+fREbVzZTkayNG08gNBUY3XPkRoMr/mF4u8wjcdI3V+
DRJj2XU55JQtOQWrGy2c1CTFpY25uEhR91+xSeVrqXM0+k5qQUY/Jroyv5REWRftr6gZP0OVj4D2
U3oRY756cMTG7NPwv+OiKR3oQcXKsqcjlbd1ACP8okjFhAfGYWHmGmQlGVbZuBOS+U1WDqrQiyPe
5Gy74COgi2Lk4bZBn2Ar81njqxEly64gtlKdDTj8hh6UsejfFlYNooULm7lOA25T6hOh0022K2U0
XAYNG1qYtc7hds+QwwsLpcGtlWD5g9dpbQp2QhmY2oRh7nZ93COXfw794YmE4nfWKGczt1qrhEFv
mXV0aWC2lELeexLRd9t6W1GpbNGZw4fQFILpyr0R4ZLMRqx4zDYi930QTsB7ZPYHQbJcrD4ToGaF
AtbfLGBijmYaenIzOgvTYQfs007L0zT0DYaFC8hWnN+wbn/2ArZN17sgyO+g1dt9/Qbz0kf6Uggy
gDJsfyLOwZjextfSqpu16ac54Uddt8uLpA5XeH9BMrGHk/9Eigb29w/fMITvGuznO5AX7XPW6LOY
cxkWJV5vt26sdeaWcbIDZhEQo9IOVkiPMxrkch/K9HDaLhpFwe14tozAA2ai23pI3vWkOlK66hbd
4qrRJDMsJ9JjfwkfspAgIn2QPTy/usO8VDKJ+aeG2pH2QMBrZ7iGHVD7tfiQsTuh2vU56CTibIl/
xPgQ5lT+ZgNSYw4OQZk0zkfeOmToXSjx9tqEekIdvL2CZhIdOumh4QjEwmQnbKNJrvuet1rr8CLW
sAyP32hYXFqmiTuI24kQtYewlr7OXVdhNqLUhd8RbLvoJbtDBgdsi43EMqlzYRVNVZQuwteLx9Pn
tuQocuWIMNb0MDuJFk/JHHonqQFv5bkcRrJALHnHDvuvQneUvu/AFlo4ESUrvUrs/7gHUbt26JhW
n9CVmScAb1vOuXGmDQFafbTScga4jAcEfCqz+ccyq84E0GjPHt1mN/V4wq3z/nRsf25y6WCiJ2c8
k8bzmrt/cEWA+H8ALqUIviz7YH33gTEnxzMwjK8HTHYRUfthW+HBYSvQkcZu8tJt3raULqIG52C7
e24ur70Fk9zdsvw/DRuRJOq42TEjVXVVZaNeHhYriDqfuTYL40kQvWeV+YWePzYIKhM4Ts4/M+/I
7m6rygoOAQIe+uyLS3wA5sFJInC19wjsRYxHwVFgo5PnWQ8Aa2Xcca0euNoF3ntF4IlSDCtvlobq
8yLAiluogfgvvFVwrwDwmclvR85ps9gJpthUlf9Oktq1CYHvuBel6OHHvflxrAiJfzPhFSSdBqwt
cVBJvERvBSpJcJn8x0efbky95l0hvBiRYfFrjs5l+kKQsByBZdRjrSKWO6Nvp9EXgnsmEHHNP9dX
Tfz2pfI48mhOe4Ot1qYzZn+e7oRO1e/eI4jKMoa1JQQ/3jsfsLk++3Ti4MzvjZSqm0zu0x/ySyd8
KIbl9fiqWX3nsI/o0+7rckF/Qqf3Kqa+NtR3SQSQWpA/KyvH78+x3S4UiEEms40kEqY6/hm+fBiE
qaom1llsSYRRD2akpppQwWIqqZWo0+7G8xUWxl6KBoEv66YTEwvvwTvMWCsDtPrV3ppo9aWPjlrp
zA9MCBI6rJu+TUjviijmMDuIBPm4aZp50BJ/VmxgSTQND7Ic3CH4ft3eeoP0NLKtDormml6Gl49X
WddQc7KydXvLuE1u+8kVuY7IWTyWbKSW52fGN88I139811GsoIeRSf/i6lNe/UfMkUzYTpto4y9u
v8w6RR4qy7hjauXb6clhq7DfDX3ZVPn0G3pmmOi3uBEaPpbwu3JqKjw6kEIbg2aJbsliZ+eh0WvY
RdKu/PJBbuMwOsclclHo8nb4wfUnGNpWGU2jZPEyxneCuECfQ5O2kGJrBDx/oHMNNoTQ9wiZTWsd
wjyMY/k+YVk9zG8/pmNNCC6cO5hdALz0QktuO3d94+aWSEYJLCwnz8yVy1SJIcNTamCglpY0v3h/
NdFL1gqtt18TqfvjkIGqGOnmRJc+ZLgy/Ouf53yoRbqTnkV8Z9pmruLNpfSIGXTZhP7TyYwwv7bJ
5v3zgYqiO9La/okPMcIEWN/ruR+RZocMpBA6Yi0LhhwZmh2+yKFUP73G3bIq3HYpz+HyStnNUJ6/
K2POtjKU3pukyJVDBszEIUMlKVRJ1Dthc0tzcH38L2InDBHwI4KUsdoI0vGxGckMeS76Y0DDXzca
RZkDjnzWvxoU8D4zbh2VSC5vU+PYGbeseAD0Wf7Vg4XBrkM9eLbBglpbssTnOhgXWeLFKRZwi/F+
HAs4wJAFxtgLJuLSPF8KO0qtHfcQsWD81GTF8t3VJxEMcQJrQFS5ihqZYaA90Dnpf9250UH1mJEq
YM4//P9wQ60YFUB/XwLV/NlS5jRPXscLcm2CCjGvypSYkpMdUfzqYOxcDKDxGXnPXQJgXHpSjQ8g
abXzvG9BWPNmgTweD0Z2AX4a95b6BiRsCDiSxKLVB84ysNixihUBFxduC2q9LNCApPCmqOjfFly4
QTd8lCNNDs0VvVtK7eBhVTPVVxSef2ptYblCFXuSCv810/NKMmV4WnurTcCHZKx+03pX++sv3cuY
Tldv5otkvXrJFbvEZivNTBnINzaR6EfZspAOQv1gYSJ5IULY2T+8JK7AO0dJJT8ZvUJRJOD/OHCZ
6rSOBl8uaUELF28eMjhbjay+l1Tv3bnxapsyHGez5ntAmCeuFFW4WFElWsXXlx/Z4z8nEzJcXZ9Z
HDJIi19bCcgAGJ9g+L+Mz3s/sDgtncJFa8AoEGbgKxwijS5RnBqQEd4UDWu+olgYS2G5uPV/K6U/
v9qU43aZA61sEuuLSUwh67LjHrN2zsWBKIk0YvPu+XWrITmtBRtC4/vwG0lk7dYqTbdSVQy3W1FX
wH91rj7acLFPDTtGtmyK3Qpua+6fM+Ksf5q3KTbgrbGmy6zZ7rHZOu+5Pz5gfl3zjWspFmPQoEMI
MyUwxT20ql5d2b99pWUDg3HPTi3cdMh6hDh4qbeOqKJPLq7sNN1+2b9+A29AO7f4UHSrMUJUX2/o
kKHs7yFDE9r2oCr4kCFj2aln6WUrfbf+Ws0dt4XqBdd5xbZ8wkbL5KmZ2Zl1/oyu34v/WqUmzXZb
Qjm2uwGs7irSl8INvSLs2kRdVzcdsEtr2KXf7Y8HVw1/OahHPLn+x20/H7Yuj6VMrO1X8TVsNNcu
YsRayTRcG/GQQepyeOUGTt5qWSsv43sgVmNVX7Jh0mlTnkwTd5937FhZuGiD9dgzpLR7rAG+/iud
NryNzv0XqTg+sSnVYlF4E/YTCnPsDEtYppjPjYYLtdXmQu2/7e7JUdYekWD7HOsGc9d7M7w9d2Cp
Nkqqv4Iw6/tYrzvslL8RnVT5rDkP2NLFkkMG7cDcbsRyYAJiq7qhRgJfm4SfGw1UjMii5Qbh8RGd
E5NhgUoitQeNN9e9HX/sS190/YGAR5u5jy0aDLYhjMV2kh6PTzYhKK6AZkFgHzUjWiI4/u1OvrGP
JqXt5SZe/dhk+xdw7a5D3de/Ayy/SkbOXJUhIwtl/I5GFaXKGuecUzXeoxAahVc4JXokwKVn12OF
Wg8A6Y5ClBlxSkThIE8KJPnNyWJ4wVRhrZbT1l/kTsUsfOj7xSl5V5jt9DkmdSN4ygcwD9VvoOT6
UQAgOMX/NXnfvYz31AVf1v5esdJSrZOAh79/EsCy0Uu+GEFBVl7OYzyv1CAntG4BH77VVIf+adV+
nlo4XdjzQtDwy9xnV4DsjXp6bhWAR+hnY7Riy1gYGWKuXIIov2XkvcV7pOrBGSXl5LcAyQNIB3tB
R6XhCu4EeMkXUwTQOjgCjjsOVgPtSwFlWchkTvBzNmJWicVwdOafxQMb6Tyu/aGsf796uWvTz74o
UofEIOtW5lVZTZd3YhpdgK8x1bomR+5/iS8kcNRIC8PLzWcM9QMeWueEcV+9smUnyvRsAPDOdO93
FV310+mvRdpsWWn/GTWWeAsz5pY8IJRuiVo9HVmpuC8xEzWa7S4119Xk20OYVNvDze0/qk2Hb1oY
ZocFZdWEQYI55hdp/R67hwy1y26eVXMPFmw0z7pnPfX2A8qF4k/rlCDLhYYGYhu9XXdq3pXUgvqJ
Ml9YE6wwkF37E+DMXIeZxZyQktP945Vc/gsqBFeLfTsiVhQzKuFaWM5vqmsqrKkWL6fplomqxvEB
zKxaE8dH0iyL4w+I/UQIu4Bbs0abyq7NpFomxjZV9NoFPRugWHcFoHR8muGrDsHZtb6Ee0SUxYvK
+qgolw7P75m23ELYMEz3SvtlqZk4ZK04AxUf/ZVou5ytoXeq3M3c44xJ7XPAJD4QqWnV0FNQJOHl
vRYWsQhXWzH8eM1aYe/kWi5q8/pDzLoBO80/yNuwdANWmWa36d6B4mDdHRbAjyKKsw1zSw4sdxue
9vwjvlu8Pwn1HPeZHO91OBtm+Avr8Jdzs6ElRH4J73XdfR2LbTeFXjjAhCkZLHq7rlr0dw8OtRVG
RB8ypC7RW7F77uh3TZgf2GGLh9u6kuzO48Sh9pVNfHl04aOSUrwDud2X1CIgrziG9+0LPlCyeXXI
YFGPH6LuyMOszWbQLTdWrQeoWUrtxJn439tEbRkNbUWLE0i/xPrBnyYtsGx+917zDd3RzOzKlYSh
PytOnlC8Q26kzuZYCxopN9dA+9Xeb1FLIPLrPmKvov8fmr47Lun1fd+WnU7Hhk0t08y0nOVMM224
Z67c8Cm3qJgzFzTNkXrUFMVBOXAClQMVkcrUFJUUFGfkVggHTlDwB53v7y95v0Hgxeu5r/u67ue+
r6cncmKSt7phbYON/JiCDsIe9aFsW20rgfIWsKU364qj5ECYYrguF1ULW2XF6TuURTN42Tp4TKve
e67SOndjMWQg0jloEzDE1ETIHRxjRvf2XtdX2AI6bGtV9/zkxURNtliBi7iOomA5L3hV3hBtKHp9
XQJH9GXf5NHoGnOjo/RY3I91M/bgDRfkVFaqVkWF2++opXshfGFfCVYcmhBQgq4BLb7a16woF4DD
0Ls+p3d9SD43eNpnIy7fOCz+tNZeWDDvF/E28L2jb5B8eZDaHVdfG9/ivOqsg34Omm9yzphoZO6p
bRT0OYera89gFoeJ/+dWxbuQxnA3PalOPdiaTgwMmDqLOvbrJ858r+bV4za2/969LRgz/+u2xoMt
2e5RaR3H045fsyGm+UuRpiS/9Rx0FjMG1ipC23Lu5aC755o5VGQTuqM59hpwp3omDlqGIGEGwwKn
w3/f7H0CX33pw7tH3hVy09FkaQxF6jIc5qIxzQiWBOImz52wf750JzUoop3AM+N2QwjYCc1dIWXa
8zAH9wLY+SHY1q7QXkg9wAXMsysePRSRNTc2uT7MbeN60zibnLLJsJiHyqOSXCuVTcIeDmpXaB28
AblK1p2AKiXzyiQraU+5D3aFOPXb+icXCv1xsfrr6utOiIpFKJ3gpuOTS70gvivEzeK5npjbBO8K
ZXEmEmf9C7CzvYik0sRVHI2zK8SK11i9/Lom9mY24fOu0PFVHP/t+HdfW7X44wIkYQ2IZf1vCH38
rhBmV+hKgQ4by9oiUAHw4TPrEjRuJCORrEud9tgVAhQW8L+LFf+fN7b1TyCjvrrjo3w6GNBn+g7Q
9aV162/zG1/dsRYNtK1EDmERvC5xYaiqjqBgsyuUcnTQbwbL9uuLe4lza64nKFBX5Bgx0J9/fqVY
/tdxgGaRujKnydsdjBj9gU2EihfPtQG4jKJLVv+GunFIMGxmbH5VihLdx5R+MzKbzPBBsjWJoVXr
5xiDW9/anOIO57z8V+BbIc4H54vSwukn+6X8xCTk31TICIyTBAY2huqGN1T5lI+P4fcMDl2SF9Rp
wky64NIZfFxDJjr0Xw6a6171Y6sYD2zpANQU08efP+eLOT7jQyH2W6AlHBR5lxnB3V7Vtk6MtmHj
+JKutW3HTdDziI0TSctK46KAtG85qjU+bfX/ZBg4mt10nPAGn8ruMPTkyWM0itXiV1VuVEkEfmFM
vU8pae7NNZ3qdH/kuB16vT2kUSfAk3qweEXFTXU+3UXdqOCEj8R2NLNXS7MmKxw1e2pwunHZd4IV
sBVRw0wlNyKSvMj+iQUDG0XhkRpzlze1yKgVHc1m0C9rBCZtpqXfz0f5WsGJwTLnelt6ovoDkeNF
Ri7q3rXzCZQw24f9On1i6PTB8rbw1Do1d48iI/HUrB8pHYZHE+H91WFBtq8HfHsjncZerkwDRbBP
nOPm8x1Ls1DApLTepsyqodfmDvgLeG2YanUk3oGBjzWf3LEgvgbpIN0KLGc69tLdSgWTfO0HKI0W
2sPyZT5frpI/109eB6Z58t4RW0aDHX1kRjNXufwF1FP3s3N0QiVlcokT2z3z+3dL2ehmuvF2867Q
+xY9C17eBuknTq/+EcR9Vwi5K3RUCwEZoOZuAi2ZuLKm9eGsWG2/xWF9tYVIriQY3+GX0qyZr8hx
a9TFyFFaCrNCMHM3XZbxD70qV+hPOFxj5BZhgNobaze/Yt7WT2W2VI265CgXDNZZmz8gVl6owg5z
iWTmKGx8Dv1zmgpCDke15I7rOG/c6sBlpF7VG+EdJHJfDy4h41Ri4jnBhUsqxa1D1Bjnwoqulqxy
8jhAlyoLdU2TS6V3VkWhr1AajUd5hRz47xrX+u4p4YjSlr/H0g5WM91LRp7oF3MzB0EjIxsbDXlx
S516xdDKDTxqG4McwT4Z3EyWHnd18J+C/2DHVSBHTWs4BEdCJHYEt7E13HE0dVcIHcqsjgh/gIAE
jaSJHC3WD0JQeP67Qmt5jzxM11usB6EVMbSK0SC5oNH60fqhisilJw0vqAtc2YKWWNBM9K7Q+HYL
csptAa1t3rPFrYw7BBTuOEzhZ/0bAOSUAJ//QLeTlsJpPpYLJN6Axtn/w+7TFQ0zHnlGOcIpqrN9
HlJ9SEOBo734lWO+Rknv6G4pe8orhItKjKi+Xb9cnr73sDk//F5K/qt0av8zT3974RQpHZjUdFlD
r/soG0RemJtLWy7eFh7YL11cr+scElNXijDK1MVtavTPqTF8jlR9XEScD6pCvY9D6rsOL48qPYKx
IoDfiEmFkZbbMogq2AQVtAa5+tzpptfK5tVdoRAU9wOwYLwZB3VHjDxS/vkFElvPqgTGyDlWEIjV
HPCv/EN6XyAW9at1jmNWCLvYcIThjpXwpw3z1wFMLoPQEIuxgXJlNv1zCw13eg8sb+RwlUlLcgs4
GCISXGlALzTADW3FxGrsCu3nVkOSdTf5mDUWHnOGNzGm8soDk6WwWQTt2GiOxnAHdOj8p27yhcQp
jAxsKHlXSHJhV6hsyaqJ1hsJTo1FzPqYzuNOZMO5NjpLcOj1ghViJE82rBBRpw3SKy9wwI6v1ECy
w+AgbZNeU2vbSeliE0GLh4GU+K8Dfx7w2e4+1GJj5r6y7kINixzViqlYf2qm3LGsxy2n09Strpif
WfgESc88zFpsoOTGi8k27xUNDA7oGQTuU87qTA/Gw0rzMR7YKIYesgmTW82m7phHD/dyrHp4lpBS
xmg39XEBJGJnIqclrYYr1y24huXr62A+k+a3AWKITeA39tts762p4l2hQ/rmckr1CLP17YuKb2Mf
O/4Ykfv+M2QR+KnA7nvWB8JWYJQzd5odt7CzK7SVS/1O/Z56BvCWN+lBmMMMQE+wtk0d9+0MAl7y
WOGRcywGBPH7OiZX8Qntn+R++BncWP4awfC1xarG61I6Vz8RQekkuZf9wF8YAglbmTnGl3AdwaSD
xGGIO1WcYNMfWdtc/2aNJm0yGPLyqanA2cfw8rdnxfLhtoYyb+IFWcBUzE7gRCXzpqJY3pcva8vM
+knPA3qqkhYsIl2Y5I57aSGWyHODTtaimHNXYjUQHwpa5uynekPdazuSKqfcXCFmIrNle62SX/n0
ZCbNRilvdl6eTnyh0ERK9hD2L7ndd3JCT9ZFCXXsiwz/M2pNhBNKMqWbHIZvnT+L6m7tp4lmamp8
Xb2cCDE3fpX6pCYjLOrBa2CKxlTbCcz5XrdxBREzymAIJazykk3/pzorMfhYuGvgtuaG2mmtG9s9
QcXUF7qbH0tnWscYWiOhkwv1WNtab30KtT1wQytFc0O6+igiLcmJRGQ1yqTWRGHlYa7a8DvBpscr
+JkPK1H5qKnDv/hUv46M1yCfrmMlRFUpEVEqAWFtvsOpESV1mw3EWQ9Rt6ZxZibwr879raVAdwtH
k4XaXFAJQJ0ng8hVVrjh4mBLftAfa9+VZppXxZfunRZvYzHGlbHnRV0C0Vdw8jumA09Qt7ybciQj
aIetv4+hH9H97QSuLhPLvLohrjYGkSfPrNHzs1rSQcuxCHgIbX4TodaIJY6SSPMrIMt62PGtn4pi
NbPsuKJ6cyV/+vsF0ued1Y8LMQU/N63LegdDmlsQHgP1/dbdHHaMSqUjth6y3cx2Ki8tGcU+77/B
RoxuxkliCqoI5esS4owbU7yyM2k6PvGYBJZzY0TgOthulYs3jhhbZ65T6/0wb2NigGWR+AH9vC/F
Vgo+gfWP+xBkCG0bjFlaWF2jnWnVnN0VotbNLIJHB9d+xXRD7xc732yOeIBGaN6y7aMOghi1I2C6
xha0EHr+RmfpBIqjQOeq0M0bK78U8Nh+rhAMU7+ei9m8SlfPGKPp6zOfbFCRky3JJYyvxBd6M7mP
m5BzN8HF0+zrKnl6mzO025zNQKuu8TSo7xP/DZeRqimuzqoxcV0vD4R90KLyWx/EJZmOsONoMwg3
FuTSGFVCbQZ9DvytmudO1el9wxlx9SRpsSSY4XnDqG7SwYIKnRsPu76PmU2FBWkP/anHtQ9otvHx
u7qRz8XPZXV1nLMfq3YSPO005Z/Hv1YQXE/3IYOPlP4x43lh9K/LFRHBYSSGB4rKvzjYitw1IQa/
0zxt+CLTaFjQtH03yfDcAzPhzw8lgHenQ5o2nUk4qFJ0nO7OCu88ZsQx/pzr9mDaR0lKWCTmVsmm
4eWxKcyX0SlAKLguc20bEMPcuHd5ZzO4RaSWN+PfMglJw0bNbjMtkhdxebHOgYy0DwwMkgkiOuVW
NNKmAlss8xbmp6p/tZm8qG48dPJ+p1RJUlf6ISE+t7c/9lxwLInAJcrkmfT7Y1IvBXv2z6Tk/2zS
H5M5lr7PEi1S9D+NjJ0xdu43N3hTrD/iQ44qfWXKyS+3aZuJyqodwUXVTX3vDQqut/D0OLHTE1W0
YnXgUz4ar3NCVuRRLByS4flFUWuBaRT9/rkTH1xzHsHbMtdqtOOvxuJ4MLrswySz7HnuPdlDDmtS
Zpj3+fGZBsWlgeFf6ha0A0f6V9PRlfOfprmW+WAkk61B/aiYVmC3dmLatItWzbjsLzjdqZO1mV9P
sNcpS8dks51jTFN/r8B+A7vMsmLPAXwL4jpJzutoudxqy+VQhlxvTWFd9C10MrZ7y4ZwSb+c3D4B
AbR/8HbzpcI1bo4AHkiqgC85hYSt1wLKw/qdUD0D0aYUvBwrYyqa0z29sAHvsIo6U5Gp8Vi301GS
Du48of5N/aNyBKRY1/GZXPIadkHuxDMFG4i169mq3Gl/RpboRm6r84Z4Z9D95vR8Q3ppC2lV9ZFY
ZcJrJ8hS+cRYgRY6Tm/O8smyR9X+54L52q4Mg0PS6vPpp0V/EO9T9PdelSfcUW2QScziQ+OXkje1
vkkVx9S9rOo//eoeotRLNmyhMKgwwTinykGzwU7fAVhFLi5Qu71EgznvXNsMl0lC1wbD/UF9Oaiu
cIyONr0xF9tToVsg6giQjdLqqW+a73WNqB1NvVGnORIs41Ec9afYcbqprnmiWF+VlBTn5gIndsG1
0BxmFx8XmwZOYyX8BYiYz6gOMwjSuaTUapJyz6QnSNBzm9CVYZtA1nn/trX0Fn0HB321JRgrXMlB
W6E0ERe8P814nwcnS+Q3tdJrIV8ntZ0klde3wGXmIObZ8jP4CkdQX21mIBlwYS/Ts+cNQbgzGc8p
i4x92wECXkYCsswzsiE2Y2u8qs0j3J8gqMbKhAwHkFvf1DEDNed465f9z8Es1F0lD4IpWjae3xWq
h9DKipmWPm0QhTnoQURcTciWJAVqwx7eFcr8OnfkjBboFYb7eoXGVVkEqkHTS3eadgCjM2s6G2Er
US3pa7i4u73sExiwEZLrwcKotW7L/aZV4eM6efm7QsThLUwMjvw1FOLqFlbqcCXLz+FU5a90Tn1T
j2fGI+Oery4V5f52k4Xlo5p61lFritrAHqYki92wsKxvfGkiGjG8HcOkDhNUoD4KS8kDj5PbtX8t
4Qq7GFgOKoL66uYrFDDPCKeHxQ3hL1R6EKOWaa0L3gwVOfJmiIP6QPm6pX/upleetUdKapBfh0v4
bHzApvbPvRR6g4SXp5jdHk9/NY9X6fWKIXjLrjkPAlmvII1+i8xkzWHAhubu09jfrIFiWAwuJnrW
Ag9II/OFaCiSSb6e3xJkdhnkcKtTMwum3liYCBBBKryih6VqCmoSBcF1lh0K5wPtgiK0nc+l/tdi
36GZonra8A1VM+WayBmpWj/bvXzY+19lygHP560pfy0cU085dYdSnlp6gOJlSGkUFxo1zxIcmnMf
f6Lqx/+3DNsVEtKv87p/V15+z36No8YdmdrO5HbVvoOmod9s378TlCQFw9HPRffIHOs79u+927YX
38n/ZXB3z4DWF9HXblGSf2vNe3Zfm//gHXt9lOJTGZWDTq5b1Cdjy+6Gk9SQGcxQ3tvmEWCUzgTZ
NKJReyS5d33HlHokw73GLcQDOLlzkM+2ZHHRRo0rGEvCvluOXchbJbhoKIUv02OW5RxYVWTm5VE7
XrHkNu0pvcV+YQPGouwKlXfwNn9Z4WasEH5/Kg76m4S94TT5sG3TCMHm02MofusEmm2HjMpgPt4V
okz+eTN3VpnFavJO5QzixBrhc/j2VTLzJc6YqCzHU7cieFmlBYRhvLKWW7R4OjxZcEiMY1HG7xrW
yA4G+A2hKnES5jXGqmY7Q2TY8IJzOsrE5plU0ndS90C0JktlJqZrpQNqJwdo8TH6afEx0pwFpLSH
WwSYs5NWHAHx+lfZsFlvN1fZi3BzZWuKVU6BfRWcG5cAcwq3c8YMRKcX5uDtB123otOvhduyscvr
0o9UHDRgcnS1BLx9thuiIhMpYY8d5/kwzsb7KYxWqb3qCXtAoENqCsiuvUZIysDSYOy6NqC90GlT
g2rpirJbE8MjlKoBGE/1+S0qpXsNrB24IVZo0AJMkuPUdGFmNuCoKNfBRCohleDgZq1qL0gQsQtT
ipwjz4e9vlttwL7NV2ZqDajIfJFCJpTZaViK/V3pcn3sEyhksLnzW42OD1Jp1qRf1MD33TPpqxSi
TZ+0uqmYrUmSv81JSpSa0t3X35Lj9xy3FLM1sDPpghs4uij9QzWVuIQuu1WXVWT+nnTOyiE4fE6G
sfrrA92vrIr9CvKzAP/RRsd5dG4AskKSZZeELLT1AtLyCmTrrS7oKWaA3B0VpC4VA+4pjgebHniZ
cYM5Sg16THavDq/UdtfMxwwyFZun6mItAEzEyY4RhjosK9yo7mdgVx35YVF1mJFrapaay2s7jYb5
N9gj/9SaJLlcQ4kES+uof6JGzmHaJptypxd87EnJJK+Kft3B/eIPxeW1RyUCigYso44ETKzwsDQP
jk8AI347phpum9gt196jNsFb2o7nS4xo8NzoBKJj3j2Mjnm2hnm/KbHq3h7dtFGj01C3QzjBPjpC
8KRRaHnjW9rbEbyOwO2ciSpWNVROWGcCdUHcJhDl8hIvt+DeiAE7Vxeo6jr0nxjQBhz0c/562Z0Y
4988MpAlkzupJP6oQzdnISM1Vx5l3I4ykx3pQSp2P+ogEsjbhV0kFbLK4mMsKL1HchN4aZpmPPYb
gLF+AjWiHe3j6ofM6RIPUj7MYjt7HEc3FYyTOKBf7EKMNWNtMbCvdp7GAS+vho4CzxRRwgcL4Sy9
+Oud7YxpUdQvdtm3scY7n7REG4bF+Sr6++ip9u+URx0K7f829xjrTPCpF/Xcpcd/mBg64sbI/0nt
bIHdg9GfTijFkDrL624jWgpnhZOe0x1M+HTsdJLMKWcpyv/IUhTvFyZ01QaTK6mlXS/KxaSr1A0/
M+Uf1r+pfhEdUz03RsjG6yGm0qjF25GqgoO5Lu65f88qjL/kqec9NN4jwa5XTIqK3gubBu99d/wY
XRReFXsCYiBxWjGNRbB6SU8AnXALdJhtv5/1mBdQWEL7ZUGT6v/cOMwR3TE+efUz4TKigLDf6qJi
TuMjQHa7So65qtv1vmg5ppx1nSqooZPoz6qUs1AldPtACzBX7hWJoVZr9LSVGF4LhaZw3OLWMMH8
bEL/Z5MEk78TxKVFpW7b7r+dfuzPUE6D2JESkeOWmg2anmFoc/RpUH/3pDIIFfNmfStkHJqYwdCF
VbKbqM2LhEFCdRuTMU0VSNS4cZUtFLukewcfm5aLzStb5RJdmgg61GU1Vh0w76PytoqOByTMgB06
QlDdPsxuAydjv+1USXrIETfIszEX0VN10DMghylXZ7GF0Z7odV6m42/J887yu0LeC9zyXq3V5ALd
ikGCNRShpMtwjZuHYYZMy2oHL/QQIhtB2xRoWGYV+PICmfRbY+QR9GB4IrsHQvFBsx3YoZziIg4E
2BkbyWNSf/rMks7XscCvYAtyazwWYTlgB4QZss7D5MbcJAk9CbUz54cg2ZAOa0tG5U8pPxNsRMkI
rEow+zTNu+NRQWUKI+TOxjoNn14xRJauEsLc3T7TjZ7Yh42n0AuN3fG3kAG03jjzgtjEwPnOlJ05
SiP1+0DjZWGI43lmCB5gFu5lc1LQpZourm6o7lVsYPdnH/v5VaUbxx/6bq3QjRId+30Unpsk+Sb5
dhXYnDlCcTmLhsONXAXErVQ8urtCftVFDWEM27c/c9anyq9XfcGIDP/UU+rvWJSNqq1PG/LGMbxc
PcJj1WVKqf+8vcaHDfdLKAtHp/n0jqCfuNBUMkhCQeHFej4nMh8dt5hB7CbT3/yc1bsaP9s4vWAX
QvzeWnSXjzcSF4uuSqt/uJ3dfBflnf3AoNn0cYh2xdE4vcMxkncZzougKW2NmDdvv2TW27BYtUzk
p6br4dnE6UycN8z67190sPLZ0za/OtcgHSrhQaua+nnwvpV6enGR7jkIbYiGi8ExBrDYtAGxnun1
2gzTK+YGsH3z7QcqALKpQZpfUhrNQQx3yQ8F15PP/9Qd2AqqbnKPm39EOh0gQbVbvV4nXo+fufDC
3WnubOuDNUKrJ83KG9n/4YPfNVZkHAw8TvaOVgjDHlaRfbzEgdCggIJZ6OuGaTaacJ8Dbr01501Q
2XHBNLNpu0IfF2K3m6Bz+rwlvCJsaOl1ExM3svQFCmn2X/sEucIBICgbeKPGfp4a7XwEZZygVIv9
WNgYq5BZkPoxacbTL2nGwwY+5clHEYVLVhHaLsjS/3ZY/mzEZgnqrwIHRlbbfwW90HBNgYWM16PP
4RpvP9f67Sl63nfHtzhQ5OE7daWToukPSoJE79Q/fdd353niAfunyj9Q+0WJRgIbafofG+kmyfEb
GX+9P7RfZu8/lVdMWbFHIoFnOw2izrh/UvKn7Q/QMA99Ndv5VsNlFVtl8xY4jsYM3XiJAtgDcj2/
SoQ4B5tGyVxLXg3aFVI7+8I81u2ljODMwH0Gd2/fj0+QlxbdIyUqVZ7g+3eCoN/KZP/tP/cEjVbp
/SW2AhEnMJT45ztf312VFs79t4+/iOmGYUb2facGc1Wcwmus32q+cVawHVqza1lcWJ4llJJGQvB4
8IvqJbAuqA7yfkw/zWtXiGBGaGhj+lNJox1pP0C49jVCYNJPedCGahjwsOMsSeKhIj7rreuBSs7g
6kZRGHM23C9Wr9/ht1KrrAV4o7Ia/6Y3kpWcOr7ygQpKJW2692r1ufhzSxg1+VWsmZlalembBRLy
aMT8J+xQ52o4MJPw+lj9P0M83QgMnL9EWNX8RDspbHrc8rgZ0tfT9j+hZCedoYpOUDfparqkJCrN
j0YpkyQT4v2+7JQn/HBUfukm6vKvumFE+6Mmf3r667vmebIP7gpMjPiRCyhEag4C/EEh3FK69/Xa
mbZyZpo8YOkUJ8CnEugVTo0EZlcjETMeeoFrc5nyde+6TBj23k0dBm801zdutcUAJhsxSY2VZWNY
ERtiI+ZBQ+8FjPV4AX52MPxwDZ7pnRER+HWiAm2TFxpSWfV9Kib6p25VKP/TVq6z1zew1+NSk8bD
PAs6u5bByKZLvqbp9nzF7elWp1iHajn8eHnltDhTG+BAvHzhpg7h3rKGslvkICNYHP5Q/LYRnFL9
w5e874CBf/iBp30lwkm9EpDitd8SdSuDjX5j4KKaOqhCbOn52lH045zIdQACMJARqNn9BGJZtaOb
AunBz2wV6ATMABT2DhKBSXkwF/1GeDZJ2I0XoTkZMVpaCyGHPunBHI1a677V1hIhuxypEO8Wrb1C
f4I3fkfGYd1683aFHjTzEPqlqizlOf0AZjI9UdFPy2q2onbkF9ztnC6tapEDuYCEABlUGFlXbxbi
NpoV7ZfN5w6uCv00kcEKNsIHO5Zn6tXdoqI08bX41l9znv6CMLTJOz+i3pMa8SfgPj0+3/ClvO1x
nWXXjEdWZWDyeZSdhdMM/5VD03SwotPpCufWTKNiIcEPcNjo3wiY/I9T4n//8+Pf+xmXHpuMGZ36
c3ZnUeVthztm/6CFB37Mjf0nOLghxpupfz8XVZBPEK+KPXZ3dKDkWEbR5OjGfqUBNwXGw78bFRtk
YCZqYZ0OOL3AIvPUU6odBjIH/uIHT1HRRSnRhyLH/9qf8PKpoKX55VOT50UXpfc/NRCcLCaz1+Bk
An/9XeTHG907PqFE0PD43+wS8s79Q2Iixy2+L/DZrKDP2ctSTd4v146fQ+4Z2Fl0ZUiFBwYHG6ZZ
6S01dix7NS3DDiogsfkRVFzzDKguZmfxtNnUdxijaNv+LNuu9Tp5jjmVvKajPFeHXYkxY5AkCqAn
bp2zctVYVW9e5ySqlAFfEF9ttVHHrEm6lfysODdiXtsB/rV5ljnhV7yROQsUs5sxJ/ptKuEu0Csh
rp8YwKiYQ6saqyoeUb+mF/xvfPLbKtfIb3zU6//UT4zPsh34UVfs9k/dkZJKTwcje0HH1yUDQSXC
JMmPkzDofjJEFf22b+ssir4IK2+tfcX7ccdWOv2kYFSw713poXlKTo3CCyR9R8UqzS6LfB6e3REe
PXw5PTDOKs5pdkmxedzBxbYOYw/SBh+01RA5Xu5LLFH3KvdNuWekCMsLybD58qVjZmqiIYxOUs1u
wJjJPSDnc2CiLBnyrx5QbXNGt6j6mzGpnmlRR0WcQzWFDZ7CfOZsnW2+gRdd737SoD74Zn7V+ZmX
wV8pp9J93709YztzTUTcU8zpXVfPYfE3N37W1WebotPsnIgac/UShK81Za/FObmyDdNzHvHWcDLa
IrzTsQOsr07syMpNDWeFbNQzWboEq3qi/mRErjqquYR9jmOJu+nO1WiPWoCcW+TBYX5PArmEkYXR
yK1VQpbnyizw9M0VgLvN77VCghVzoZEaRXLthaiNzNRjgZF5g33rOa1Z6U4fxKf9/q2zNOtJfVAN
z+Iv+HuPe/n0loJ+IJDc4fzsdPZj74CioM5Yf22W7lbz7L9+/zfC/TkmQoKhnsOG9g5i11C3/V48
fpeifoB/w+jlU80fFJkEshE8//+P76DPAW/pkpYuOJg108rL7RyIg8cdEErCx71aFIteCrb69yjL
1Fwxk8xN1dnOtQfLl5fzmWbRS+n9z0X3pouoXpS9nyktLmVyUUp+z6UrfAp69uQz/t/9T026RAUA
vP92pZm4qriUgYgg72SpfxekpARRVZ1L8uFqDn3HZL4jc0+SVZG5/9I77cnX+pC3+RcJJbn7DGyr
LtsZuah7qpuha/Hzs9nhcXYvTntVBEyv8/NSRjIwLtpdQcWva2M9soC7wwI1fYFORdSG9mYa//5B
MsyvAmq5kpw3dYzJIcFRwYSzTdu5CJJuFXABqL2BYYURlm++iVwGe/CXv3Ov3TRxmfn/aLr2eKb3
/6+bE6UQdQwlJHfHzG0iahPa5C73yrC538ulm27MJazRGDouc7fjbnOrHNcxrZnlWu4hQi5F6vf5
OL/vH+bywGPb4/l6vZ7P1/v1fr7UPmgt6ZEjP0rmbajYl0MyF6MdRmpbmj4FwmZN4gWwHjYAkQOK
DD+gIWUQsfkJpbkyV6xsQ8uYT5WC5tEOKjBdfbHugnfxT0ziH5n0lBi5VPxTnqM4WMPRW7Y8OZtu
c8urnY2jHo24W4TvllbIU4Hb9PnrWaoq0FuKJkKzjw3TdxiTVnTuinqmuCK95dhVLWLRZ/yALMAs
vYWhQ7kKcsjr1+L6/eRGh9M6nNL/MNirUiGKjosTkRdPWNN0XUX7cRYL08VtxH9lG24HZWRyO90S
w1Z116jon98MDFRVQrW+fYLAGDBBR8UjxcHnJfWR+7iXZpTFB6thIa7WeRsn7cIJb0BVRfswGlJx
LY4if33gFiC3btHGa+kjoRmrA+7K42pZY7vnee9a31lTe7oxfeeu/aulrTmJvkKVQp1eJlVxOSr7
rfptToR6ICVydy7ezX58Pb1w4J7fBT3Cb56F7DNBbLW2jXvHXTQmeggFg03nL3/FjXFxJGeFS1k2
FdiFXrIxR/H67IKP8ocZ70wigPeB0Qqw4zQTDGi+0bLrQG1Qd88e/Egv+A5x56lcDlLAjjbrnFKQ
u4wLZu7naCreZHaNYhzlVXgg8sm2WAGZA4beikYNjSaDwhxlClBQujoKbGM0RaXKmKATHyjqBtk7
c0RLS3CkRVbIAom8hOATBfL3nZf0qVRlI88hJJJPBNyvfOlwPnijHNxGwR8jtB91Vs6QIGX6IEUw
Zb/UK+mDsU8Tig9aKXAfymO7rsYdADAMlAO88WXwShsgyzKkwjyxuBRTqEIyrHfv0AzbQ7cl/Q18
1ZMiwuY3BbK/PcLDnOKdAc0nAbmSDc03Gjnp21DbGWXfXXNrUU0bfXvE1Xbe5Zc9xdsauksv3ijy
uki8oKN3zbI+gcjCbN+79lxg1aBhiRZZ5iXOtFfpa7QnV4+6McK3uMdD7Hd0T+RtLMRxa+ZOzeDu
Sba08PkzaCVE9MaujTfjw/kQx74vARc0lkOe2Z+02NYwdyYKmQqZGh1AYFOBlzIATyk0I5XDEbhF
6EjdecpgyBD3CubmO8I0slseZFCxMap80sqw2AbZhL2ZiGL8vGQpdup1eyiRfauu8iKOCbwAlAfR
t+XUxeoAGqmDPWw6bTavX2+eNh9AI5SoRn+H55knJ9SY4E2BN0mxS2Jk7N+6q+rO1e1anW+n2lIY
YMbfSS+9MMiNRLubZKycd+FOPiFNz+OXE13Lxj3ZMT7+9apD8hkOuBUDpTzZlmONiwYK3e0D486X
+JnC/D0wixuKmvAXlUywbaBnwz6pMyaeFK4zJH6LVmMn/6WWbHtV1conQPqX3Wq7KXz4h2abnJL1
1XJdjeAZhp/y7ES6aID91QLvFoUVFQIuvruns4PxYXbJz2czDtPesVu7gQ4rXlXLX470CXBPatFv
ZPwambhLTuhr8OvvXw1bqr61fOK6mq+Dz+rNln9+kr6ut1DrP+akjYWTN5rm3s3V+y8sjzv+5hHO
TF+gtHRE0cvmxN7aDbQQg7cD7+Xlj9sZc+DGykHNIPtJXAgl9nQesRkN3rMpOalbg2O+xrJ1TtKI
AL6Two3zpFjW+1l/az15a2QL4amxxcS0mSQlb5IYrxwLYqdZFGOBo8nX34mSGP+/P2T7w/17ayWH
wTtc4BUti9ieV6DxSNHBmnMkTGq2BGqWiTX58MoGPBWymjY23WdxaS+Fg7sKwWvaUkUAAYoVeVCQ
LNsljOE3Efa8jDpI+gPR+xRI8xDpVPBHGD5v0FXnAII//+9cBQoG5mGev0d3jG1ZAPVJAfgPKJTD
gIxvwyLCSSVYcIQIJA2APCHwY3tSMc50u628DAfOdx0NTDm6DKgCC2JT/h7OnPnU4p075ADvO4GR
54tGOsWj+u+7p092+p5cvEJvoaACLgRz7X38gxeXzw3bbW/+KL5HvDfTjMq6M3ecoNZW0+qebf6x
oe0nKrxkERLZh95oKhUPr+eSzVZEY7GJoihOGAK72C5W3oZmQGnwOnKeJs21pM0qyXaefM3XiPhG
VnTw5RjxS1lpJUpbYFEwYXicPqd9IeXO6mGc2HUENkWElZaXG7s661FvtqLhmFRTXYoOMvYNHZzg
IJt610LJpgV8jir2P9xkdBiu69dbWXUfP0Tm5ZjrSl58P7KEhnIDllQs4ZW9C53ajvQhtDN30Ec3
NM0VEZNysHpaRtwSedNCoCjRmgj39vB963fNNm8h6Xa92mlbTw775FX3II9GyZqqFd1x2tLOWOjw
tTAllt07MmfR/lOAy+z4+nL4cvoH1dKHbNUbi4d6rqufcz/MMvrUI5CqbDan55tpWtC94kmacQ5W
8Cs4Ung5KJHsZx1Ms9e2Nr8TqZBoVRwSbR4+s8h1RsYoZX0uy4gWK3aoVsvx/lJdypGLPHdHub0t
K01xKrzWqVvJg7BlG9GjEUJyqHag1k58NciKp92Hlk8uK63MVDxnD6xF5iALI/taJOdUCi8uZXd4
VI9O/yoYs5xcaikWD6KmP9O3sg3LDupdC292/ZXj/9xSPdup/+nObx4KPaB22XR3iPGL1nyq87k0
ugDz/eKbnBDhpsELm22R948tX0TXusVhqokhdNrwIIWmcGRDxbKlLCTkH4idtb3S60VV5y/Bz+xp
Qc7HkqJLE0v8ejqVZKxoH8BKcwOGS9eKV7yhDE7o5L+usebjMcaDG/RKYpVhV0ysPIqU8zK1HrAQ
Bw6hHcB1PPevrXYu3tzdYRadlcLHCCsKSyvKIzwsL+2TBr4XTOYzoMCDuk8e0eoRli86e0hWTNZo
L5ZihKVu2CBsDGMF+XhSXtiAtq1AQRHabxwNupGwkgl/HqNgAfbRhRAw3V+smCGFsEIBSiJDCogS
z8tg54l1AHj0psvs1ZVUKWwiBFr5vhk1mAgFgk22t1gOqSD1X2rlJe1HJQpjBKAKch5l5BTXBP2P
Qc9QEcrp8yRXSsgIOkBnqTDqboR92Lh7989okepdmy2VL+/m1r7MuLSEtp6s2n3mfDfN7ZFSuz9J
hOqo4c9uU0FHRQU3bBEbVSfjg0u6r3ETl13fmk8XfAnQ+ZbdqfmOHWdDLJqf6iZhUyBJ36kQg6Nz
NWFsX3352XVFKSy+WCgQCH0GIhVjHSv9iZWWpZj5cqZUwymZdRLi6ZRUi/vcy3UwP1obY+d3mXNC
wOx5fVnf6ZGgrTu/js7Fun5MVfIobHfZWHQ5U0SqHmb6ztoyrkarje+qXVnQVC50xhF8q4B3n6On
c9VW7V3CYH7PKzwyMkj51Ov5tN88TWMiZYEumIkWWlP2OIebd3KV8aRyutPLVb37l3SYub3G8Lcl
9aA70KpIpyustNtyQXdsXtOzqtofDACCwcLtMqpw2QBNJLa+HK2rGRxrmg7qryybZ4VkUyvnwrL/
uMI/yy1ji/YNCniQ9dUVYCFRh3L/ERC5E1zOrV7VM7927KfPU2R+sJ/0l5kqx6YfktLXZ9KPXRi4
s8ZxTJskJc0FuM7Wu1A8vAhz7LrlRmV8w8W7w7pbypMDa74/Tph/zWtN19tsas10u03ehPdFLuu6
NX/uJJyODGjHUQ2K1724X7bWlxc5Bb2BI86BFbTGCx+K1hxLZyhpCzUDQ2afmMNf1Q59rKyr1ia0
R8OI2MEInNyqEsP9yWLoyOOF8Tjs+8/+nlHOdWRnp9KgN+uRGmVDHUBo5BEBSV7UnoSG3IDAHgyk
2bwGtwoZk/5UzN8HUYw3vJTwKDBT5hILERP7zuKRSeK+Uyf+t7t0o/zMx6Z/HyA9LJAg1QI3SQKP
CHA10IPiN8pEgcsr6h3SGWmWZoKXEKI8QFQsPT/0NV7Om/6lXZxQZRdVY9FQfcrX4UJvYJcMFrvn
B3IIbHHFPAA0qCK/yUMSn9jfUsJSGD7pP6xh4P1h2f+qzmH8XkRBoJSEZw7nrNFgvfkMKg7HUAsP
tBh/GREt5CIEgXkA/AxgZF0mD0H2A1WQPkgiyr4Gha1pMhBFFDOWDPB3ADcbDetM/T76nkktCbzV
7cT1oSpucJtra5YVnBnlL5wGk7TrZ97MZ+3cU9AKs/1S9fNU3ZFfmTucjXLUXMRSgGQ5zYnafP9F
7wuWcs3u9fGvS5Iho+nVNVM6/e5kzTzYTEyxkuXnznuoGfeWTD0ZVUpCSa4C6H2QpyLh+M8wTt8e
L+N8Uy6hAi2GZQMiRFNSKG2qwE8C9WFeoRPmUQbdVxYHW66X3VV+ueZTYe4+Fl0xp1LFhRSc4eeu
ffbEtYlmb+pluuT/G3hVxeBIAHW+/sz1djJZpx9nr+mpBqueCaAl0aZeLyZRMsH53qcJNf8Yfc5z
KKkcQcV/qnc7cOrZqULnAHjAxT/E7RN9a52tVVKZqn9WPR1sOfU5+miowwpn4Zv4lVmL3SdZvdHO
BtN0r2TYbWJHp1Zi5aUeNKLCD4CO4s2+PFS5Wu3lwdabygEuK+brUzKi7BIdDCPfetD/isrWWmCd
3iCx0dKJyR3UyUzTcfFN/dGgSR8OpA67hjFXi4Um6eKI2lDi6ypwQ/W3xqS335d3stu/MH6stsbM
9XyN1K8Zmd1UMx/X+BG+9cPNx2GlfGQrdFm802NtB//zenkna2B9282JGrk+xG6aK5/brR6eq3u5
BR+mnzG2F5dQsc6vsLswJJ8jKjeqDDwVtSfbYsU5fyhJlE3hn/8zD3oRG0+B3CvFm0dF3BBb/DBM
FXXAOPm60IMb78htZqIxNbx5mvJKmeDkT5w32Pv9CHKtwedfxz0MpauAAqEILu2V3X8YoFr8NrJ7
TaWDOUXtHIWgT6ihPpHBYMV9B//6r50LXpI/zI+Q3Q+V31vYJsLaD30MdpT25Z0FoK7pIvRCWkEO
tK+yBl2BxUT3dvFlQCVNKLGUvSu0sM8JxTJnB/BhmFLJE1B2LpSVqwAaH4Ltm/8qg6AsEsoPKg8W
+EGE9dbMW2vmofCfSU+zFLtGwwqWrvoXZLnZfOojBbgA9Ivb3O1Rr+9Duvd+q9nH+slS/7HjNhsn
V4bRcar9akecDtGdxqnl3tf69EuTxj+O7eDHKJEqG1fPXXTVpkXxaRMD3HEdQdn/FkxdPdkRNjSk
O/G6rRgQuWAE9rCpWh5l9IA6NLH7dhVeCf526jBTvZtdshQXIGdEQCVCPB2J7ytQ9QJQmGlKIRKr
8ZTSTi+/Q2q7ayHBpJBLz0NeYerPt19eiHvCtOOgL5tx7r0w93hQCV/Ej9z3WLTOMdZVZychqoZz
Oiic7dJy1IYDU5OTFIBUcSouRYchmS7nul8NSfMS4pxPaSidj692M2jd5vzmiRCbWY68OJoznuPD
7GsacLgeEupGbNuU+OVqcPpMyF2H2Tmcm/B6uWXx2Pz3hqhoMQD4BkXrV9MlDqUUpQE58rWDaAbo
T8hLgDX850OvlYlzlRgKSYfj4+SdBRBv4S9e6yI9JO0hC/GpQLxouHeObV7feVG228v5DuUak6Y3
DAjmP9NWhoOHQ+JUT5tt6UZFlUluP/11dHGiPudy3/BG5mZ4VqtlG+P+zMhK2ZhGh/7Jiuw/holz
lW834GZTNRFfrfODKt9ytCV8g2rhWO8r8Nn1SNAaxjcRwZsoRRSUd4A8PZSHeoREPCjeZ3fA8gYs
WfSGPPwFLz4mrajz9kTFr5zdrl3clc/HFV89trERjAFQavH4Aage9huJCvEB6sBQFtDE1yooqi0m
xaqIheoMIZrHYf7Yx4cMYaCN4dGYx7KGsYpShrIIK4W8s1LCGACuew6bxRmU/zVJQYkcA2Q9XoAG
IQTE7BFIIDkDn4BsbQ1eKhNyByA80HcdyzDOfyjN/5IPyhtbEptvyCICKcvIwhZcSKmhApFuM7Yh
yBgnlOZ6OibFkXAcDZUshwwarLdu8fm51ZEw5YVtimd3RH0F1+lts+0yp2ZZnau2FK21kUdcmiK2
sfV+fKe4KLmOb0/0rLayCM/KxZhssj9arS3oq/YzTZHhlq8L1GY3Rw2Okn19zZyQaCrwXHFsSdsv
JcNlrXErxn5tkb2jqtz60Kjif78T5NSgRHjgKiCJrIszBkLRuZoK/s5dg063jR4pvrzi6yAKtdss
oZdm1X36KdaPe7lEWXPw7XFz0jvHVzcRaHWdOeqPKMtycj7KSWuz+P5596nThBlkEtl+huAw5lCw
zb12kzl/QUeDfYHPTdNAtsq+PLS+qHM2m8NkDy8+14Ti7Knw5jNF1TinTLMvw462De+90JcLNhWr
0bCJV6lDIZIBthlUlVMtLfDdWa9jx3bMaRzd70194hFGeagq/wrrZ9zeUq3Kt9/zHHV2jt1XOyPQ
Oeo0Oz1C7cjrTCke6xSg6LccDf0hoy88w3xkTDqJvwFxRUpk3F4pdPUNcc+AXznGO3O1CJ7B0JEs
AC2brApiCEiTtNw454MFSWjxkArdFba+CqrWrryB4k4b4dLKuTiSw2aLS3HOfH+2P4Prff/mWuvA
umvUZktzzc+wnZuYkfHlLCgL07FluYLdyWqZbVzUGpy1T/dzVrNmKfXXgENK4hKgZtlrKU0wOZ+9
5fblVj/Avucz8kBgQYd4lAzSMiZ+X5kwwkdgX/6DI8hDua8GW9b+24Id8Sv/XlXeunbiJUGk0eGz
UvL/Hf2DN6AsBVMuIZCGNoLvRIUA+PaOSZ9MAMhnvKC3nzxSlOcdEgEk6uQUweTDMQ9SwMlJ6bOC
NqCDyQHjSwA20WIAbUfwiVmBpppdoJ9InuL/2qIghc+AVhCNbRYMWWAm9sgFW0NoGcViQfkDPEBo
WSnIIWFdwp6OsEMgtdnj9QocUrlEinlZn3WpBgj1cggGx9JQuYwC20zllxH+EE/I7bYc1fM6y4vT
vX5lTWOhy35UxXX7xvLfPM8TnTbnl0dWdNfdiZHnI93wesp3qtRGMehf8VF1P8UShpjw0MX6NmTh
lbp5zvciNQOUA7s/hkLPlRCIyIX5eFOX+sXeH61t489YQHQHOD89VmAvd6rY+mwqWqiMbtd9XtHr
0WeP4qrCCzpPXnCGWQQB9D+WfT6fkOHL1eyGHupz0UCOrb3fHbNZd7R/dSKj/n6jXqanD/tNt4a5
KtG3z98eefxhWrfZJPKq9elrSVXcP95QTePLyobUYAkffvM8CyC5se+e+ftlBztdpJ3cQAxhNddl
uK2PXLO31IrXJpfWqvmG21FP2HlwXZbr1dkqSt4/R92Oz7qInVupyOo7l+W4tpMd3tdUI0YxNsOo
CIgqPSnithU+kzmjJBHWsJNU9k2AVfDizpry8tTTb2eCQ38oPS5YWbjNUEUHcH5eSCZfn61I8wmN
KjVd1U5bDUoOxdJQRzovHEmLRLJyZ+CXNgZ1MojgYRbzxNMCXd3xUvzE5kk7rSQVAPPhJZH61pOJ
uh9+ROw4NxeM+/eZa1egJJpYa7fXd7bvUkMqNdTaC3Pq3ZS20hhvd32eq6rOZq4anBF1E529exG9
UPMVIPjbF7yqmkbmPSbnvN8sA5m+A8zuIVj2n8FVmmK8idAZDC4FW/SXrTH+CNIo5tEhK5PESyaJ
MN5/3p3ah7medqQ4+KU3NeLP/zeLXr6yuP8i4g7uoI3QJcFLhhaPY+Qv7X8FZnghPhFZhA0gYw/a
GFkclc7lJf9J73lSmEL20y/6R26lJ+8VwMRZYD/U0ApsCeUDH4rgLseHeWf3yAmAYgEh8/wSbFe+
gLSCzNk9CiLC+i/Bg5kd3CbjougJEAHQCwSWUIMDp7acjz5OEXnFb3SD/xDCCmElhSPZoh5SRAjS
xSKstEQhsCJgwROEtEQNFbhtChqqCoSBN1xGIMPTkZGL8Rf2tEmBRAbddsDWaVGfr7v4u7KJ7+3v
6o2YS8zVcgxG1MTaAr7Zrxrfh23Sverrt+5N1gekxofdWt+14fA1FSz56TA1PgjbQwHNrZRfZPF3
hVpxWrUoVEy2ayCfdEqOlFYg2zVo6uT6SMDs898/SAGZ3o9kSWl/U4wLQu3WxdoiFJzXdw572OXE
8VaVD44S7ahxmWUF7bOzlR6UBj96fKJaRfbRTjT55Xx1yuTXk3rt7ILspLoJj7nXWVYrTUp3W37z
IMMZiZe6nzvbbRokjNe/pW/BXi5wCY/gF173aaRr4ch5z1756IrbUCS0tGZb+T/l8Ab+sAtiP6t+
E0lvkUZrEZvZIY0T9Ud+87gqsaZ0han0jbnXS6nmfDW0v5jJ0EGJLylFfUeJeeW2PnXdUUyvkGyD
QyQvnLqODjwLOvWwirUxHS/cqW9JOXDOh+/9Lc1sSoEX7oJEmtL0WKU5R62LU6UOawwOrMXMKz15
njMWbvfxZ6f3L7fABiojgDd6/DdPfrObdnVkVI7neF/riQvqETqTy0qkpttuag3U9sTdzsL3kd3j
zEbzrI258l+nQ4a/bcE6aeXW82bfrk95Z0l8Ca6Ctf9hNZOuZzPqxcOyPuZnZKnzwkSxBitygwLZ
Xyxq4a2EwLqY3RCjWMV/vGKwZ1D1a/oeVWbdKyYZaSRyVpRP0OIxHi8YC3DuPeJ9MBYfIwyaTwof
NrQxjBEUFatyxeI2dNcdeih8qo8Xq8lQykx6skluLq+RIaAdpVPQB2UxNiIpoCkdiGfpY7EPB/qs
9y6uWwEpHYAuOGBkmCLKEttDM0BWHG2H8l/Uv5HRxHTTh9NGMJx0OdSM7xs5w+kuXDKsdzBRQxHb
k8rvfTjfiCBVdeiAnGE+qFMVhEwFz/0NwDvLAdKdpwI5Z7XXJDVNyQXJOBGGDC3OGA0tVXd8fiUA
FSE5iIo/Pdxo2yJQ4UrIHmRafl5arBjq69xXqnILLqMi6cs9FhnZ+2GgATxogyR9AITRgD+1RB1T
kbHk9ee66my6ZQ6kfok7Vv8p5HM18faP6gC819dzMTTNN2Fe2yrLIzumnCQvRma0tkH/Ka1yoAAU
sjJmZzzIioVdMV18UFVTqBist17B9JQiCdJdGnm4ij7Yvarhnj/SmzFbi3ASu34TatYRSDuHXZM7
JZcDM545h+mdCKavfTpYVTA4UoD5oW/qaTX5jV+5uXG3vVD8e6WbY+1EnwTV/zePCmx4npGe6tFT
2dZtb+Y0UT3YYuUSlS0eWLZ1Ue0Mf2JhyadImZcaqHj5JJZdqwbrhOd2w8l2wQa+N00HqOdf16Ep
iqgOitJQh/6dhrtCbxfrcgR611rffHTgtLUTrr1Z16YG+7UR11QbnCTdVf0gHsweGKwvaiegaPNl
Sxahtu9RuHFGaYnr+rfqadbcx9racT+lj8MbLs1R2ujaqd88zh8lC+o36WuPPvzQCgyiPwpiPgrA
wzqcl9DnAncEzPqSzCnklRlwNLH/qx58boswlNHKi2w/7WY9r/n11lxhBAPHvO9V2a8VlY262754
f2antlp7pnWmsp+93Uf5zaPUCr+90sqobxz5EvzRXIzcMnfVZkd9trKniw0qz0yJskTj/V3vDxhX
vRSosnm7tIAqS2DZSsESRUz4/7b9J/egt1lpUsu27lbATMWv7PvFZ0pNdiW/vZB+hRdMsUg5tGfJ
KmizJz3BZeFGlhZAOBQ9PGghvE8I4OtA8pcd6tmcQQk/+nM8ePJx+qXo0ZCX0CumNU1EM+G9bTW8
CfiYVCmQ0QhqnJWC2/SBHX2bLmEoIE2l6dIHgRIAgYLu+QueNYAAzT32IdjppNk0VbSbNOx5szx8
nhbalzG0FlBl+q9sgg8V1ea0xAmWL4OAxwbSGZ42AJt/S06W7VLE2CKs9h8E/jMGqAeoh3IeeVJF
eJNECMYbgrFG9bShegBOjcKH/eZZ8awFBW7BnWuXNYtwJG/wmBX8NSgrTwWUxAOhgH7EWKHwX5/T
6E7B59JyKMPbOSey3t8JDOc2ex3pgCt+YvzUi268l7myQeojj3RkBjds/TpLOIlyk7wZHG29nubg
vLW0RNVRIPYSgCfp+JgEke0CCoEsCcKgfPbxCYL0W+sElEpkt0yOESsnfjkFM+q32G1BDIc6/wj9
u4tD9EUWeSqeWSB52tZO7mhG5V80IL1PtjAc9C6F2CvZvv6XljTWp5p+6gsfbjFPKTvQae552UtX
SgBa83DDGuf8c+mxpx9F3YbRtYzCANp5gYZF1+jdzNecxqilgloqXHP6ls/Mm87Goc+taSsVx/Ur
f/OczrzvT+fuCGwMrV7JoUqM2ZZ6aOIK+yQ9GPk08RVX7AtKgSjXMZAkWSgS9pBwLNw6TxynRbby
u4VONV1Iiy9miON25zfpnm436mgadZl9NPWatqxaeIcS8YU3jvm66jMOP8l15R1dzHTMDDGHvNId
p5tNbEISlk5HyeQHVWgbTyVGRGWPnI6EY6xoBrjvEo27iXrboV81Li4STmgkRO/+iLqqrM9tjptH
fQy5INlqObpehxunsX/c/iUedbe4juAP/7b2U7IMqAmzd4dcfSTKAU7/YXZRjtSWCZAXcIIj8yqB
79BfKqG8YmeJxvgGT3wejzEetu+VwpTr9p7fyfb9pIu2KdtXZ+UBKl9UBDU5+KBI+jHYdIk14Rfc
u/kEVoeDgEI1lJZ+JSxlJAJyGGEpXDVxyeduXAxaQ1KPaW+wPmkaivlRF23R06ZNDXGh2fZk7k3U
iaQIphAVUx/HwgHYg5GA6sL2kA4hrP+zQPEA+ysaZ6V5gQTeW1pgArfdO+PC8EEBHkRBgidnACZx
ANZLSCL5D+WQVodtZJF79IioIF0ihUvJQ2BZRM1PyL1uPrxa0+UEiGWGeWMWueXiQ7I2OQMEIzgo
wwhkQZ4m1AMKWAitI/0W1VP2gCDd6N5PgOBbb2e5lg7cWlSiNPfVTs+31jNW7WfcysOopSCLq8hy
9Otf+1gZ8HTdacDpzAKliIBzGKmtmWJGSbA1nylnYLxtU1VNr790TsU4lxGOEO0wb9Idx0PvVeuE
ZkpsbKRQsjMe22wLdvsvoFTtIgN5HRrunYVmbi/8lWX+IcTepz2FqRTJXkjwoyZE6rl0J2XR3CoZ
Wkq36ka8s2ujM7TLGekh9aENVI03DuH/juttUI+bqUfdcz59L0f1CIHGrHyf9ZZ859cRjpkjs6nX
KWxOUmt5KU5rRlePFdBRxXX2e1s1ceHGolY6oa5aw4AfPwqvI38z9qmrP+DNLCAq/7e3M7zEM3yp
r+H7j7LhTm2l52W9H/0MVF3vx7HVpCrn0y+QA/5QCtSWWMxqQl+Bz3m4FDPG4BWWs/7qmLZMWE/g
2ixeZ5qqWY42m6sBh9Gm3Ikl/na+EWtTFDO6i3/pJCmc67JBX9JQIkYzuOdvrJOz8mba2TvHCT92
j2eP5VD9Lkrem+xubf36i4tZTC1Zjyr5Drvb8jHEZSPTJ0Sp78YbDvkAEnWk2HpfHS9KpuyU3KE8
ExWe6B4Z+SeQ/VVFPRM3VI8Lby0EA2R9fo+sL2RcNIsmGomKSOEfKT7A8gNsHeDssY/xitLCh034
Y4QOgRvH8A9AyvPAJNbQ4r+hUJCeIxSwM/U+LrS2g+TVK2qEmu/hKOEkVNbdvojenQSO6d/6xuk5
xyNeXsF5TJccQNgCSR6GgRmyMiDggA54tssP0phiiocpFJCuAH4BEfsZbLKDGC+WPkg6gOohJ9uA
Az6s/ShApZrgix7KGRJk/o+n7w5ne3Gj1163W28VVYq2ZkvFjK3V1iZaM415W6sRxN6ju2pESUNj
tkYIEi0NYt5WUWL8rAQxqkZERKk9+8tHv7/fHzwSD54nnpNz3vc973tMz77j0ARa/A0wMZYwjOMI
E6C77g5RBgpb9/s49yLTIYoFxg3eVztHikqkThUQJJJVZCPgp4MGKJ52HiQeFXnTOWzaZB74uLhq
EAnvHlFDCjZPcyf4pCtZi185zmui8UKPEIrQ1oCwjt9SSTw3O/1xut1IY6GfwV3h7IOoGvkVslUT
wExrAv3mImbpXuHo7+yI1YkfbxsDlxQwaa9GkhwuQLRtmWKS828aGkhTGm3yrR+mMOb/duAM2n2l
T5V8+NLBhMpLT33t8rIiTLUINQd6a8nZFl08l+n4lY+Hohj/m6uUqtgdRQlEFb9KGac8m5ebqXJA
1mU2ym+eRbyoGmcHhqN+TPbI4tQD3i6Lb7rPNedUlX/rIaov0bNhPT5RrrSRRYqW+szGaXO1llCz
h5vEpDAVa+9WdfYY6AobYfRf2WR7SLtmflh5C/hz0aBYzKvJLwX9lMdRC28/9ZiUb78ZjIBepnmq
W9Rp1tmt1o4ZZsyjUmdGYJ5HBnUh4PasG4o0dRkjpYHxe0zQCql9eHZLUzjkObwUcyq7YXZFiVN1
ePpSx8A/KuauO2uwmhf95nvUpRHOC91qk7EstOAdoda/3+S8nfoX/K3sKZCmqWIsfzuK1SUgUmEF
drx4xAuqS/I7WDl7XgIYFi5YeYRdoGCSs9Or2keGZ9l2C0iHyd1/0E2usRDSYohHcNO53DYXuYVl
5wt+TQ44nTc9kM2JjNncV6s7YvkW6w32EwsbZB9CeoJWTtbHxyOObz0tMf+pwmAfhNUomQZuYs/1
3M/nvRuQep+Wr1iYsIlZ+dPCid2QWDPeU/qF4U014AeUz//h/3/v+nkpQNbKzQMJpJfCe1eA61v8
o+LHz+5y8BEHxEEYqHIo4VLxYwlthIKGlvRuj/zqSJjfhozpnGd+Xbl85U8lEyNr9bpR2g/avIrp
+ZzS6vDRyO5i49Wuwmnck2wgTaj3EVAf6B/n6sVopeKl3SSBBqVeL3/JzV4h61IpwOvpxiPEIQGT
w+aPB7ElJilF+t9kOTKlUNL2taz3Y5yBjYEzt4H5CSzn+9IGgIbnSCKOMuqXMOR8BTxUbbfnMAoB
yScyoHJOHXS66gn4ainfibksrJe2dwPCYdgAqe0iI2IRjspWM0G+kjbMLzSnTuUpj0oaJvHmEXzg
KFOXVKmCNFIw1v9wivWl9/xPcLQj+tMVZ5ipm+Pz6nYe7Q60SEJnyNZQwG8u4TqF/cLrq664bosJ
Fcj+1QSG8JB32jYYfXGe2Ej6BqkfppPcOqdE+lVnMK+xtg/uB4T9GkmDliaAjviSkUD7JfSUtK39
8eeYXqfr1ys5OklnUE4zeLqQJXymZUl05WuNK77wmdNetOvJVE69rS5Wr3k1NeGIZ9Gu9n76pkhV
mn9yKCL80xx9rvF2hIvAmHy+Mw7mHkh3+lTzbgQTnO/o+l4hw0MEPhh8GnWOzaqLkV6eZjn/03W+
gZzVLZBQwND4p5uSbL6a8ZsLD4EWBgA2ogQOSkzHyefmYbBgI5j7NFMtPWV8vc5i8b5kffrh9pdm
pPrRChkfD5dX5Hsj7l8GPU0cy/42HVkjjI+oYQitglY+Um8rpeu3vgdMEQJgVvS5TLrv2dosEqvP
b0qn3n4cgVwOCEY3ZrdXy4h++tiVX5p2eDDnSKHHf89sjuKS7RulsURNpebejighsuM67bQanuxY
Fnjg/FTD90G1xUT2CjG/ud6yG0YnMprSKF+XQhvAmVHdNJ7dqKqNfclf9Zmn7RkQw1FS32qUta5Y
7kD3QuMFi8BWzTE/3w8Rw/8pP3aX8iBXBnx0XPBVchyRE++9GdOXRxsxfC+ufvpYP054/1cRcNW5
HHJjIHnga0zWZmtc4t3X7nf5ix8+eWZz5vXBhLY4zlg87xnQ0pEF1gsA18LhvBNxwseKuR9xagGJ
y3/C8p68O6t89tLDeAA2cDWG8r/9nmikCX1pt3E24j4OFUoap03Sr6/w07CZ44usZXiuf4aJoAts
pF6+ZR39cC5Zf8TZNs+AAxle48d53FggX49T8kq6cT70emUzgGoCo3rT+pLJa0B0Y4L0rQBmsTAu
wP4tnsIhnFTxlqhjNgYG+idMHqUo8qMBv+aBtMJal3Iww98PqKQXnN/7jaOemo3sDLMRraeoU0Q8
O4ocpMhcCALap8UtQS8SSTy8+fpwva8CitdSzulV6MOP0Z9q+nxWDqJ4I4HBQb6aOyG0drRj9dpQ
YKyod9P2GxcvzdXh9rmtjJ/Lfo1+gIqiNSWv0Wz3nmeatu7VSYf3qMuPZDajOApK2eHVc0rB1JYX
PbfrbVCSQEQ7ShP5a5WhY6n53QZjZ1hvqYgOwPiKmLQTBdS1KiazhkzbN2/cVyQ/h4qECRE65us1
hIJQGImCiI/TRK8yTUdY7Ok9HaGOTv9k38wuhuGEgX+DPKo77S6Nz2qGQXcgtJxQd/BmLe1zTyPC
Jns7fGC3HcMVWT99Kj/3PA6o0JhlL4//BEn94tCh0T+mngrpOpqVVamjPZTFwIlRV/90sW0OYJLu
EPjKfWJAzvDsIs1cf2spBaehhbL609tstemBEWcDWeFnM/qNzoaZPUcvTD0cJYZC1ZI+CPp2u5xP
Uv0eSK9WEIN2EWtn3ExGa5cmWBziNR9zn54dEMM7R4osoJc88kHIfLX/2mSW9p6LlN/zn/cofNCp
aV/hZXeg3Rj/eoPfNFNGQ3KVymrGO9c2kRsqlPGF4OGq6qLwjt9cJxmnNF27Vi60YLwX5Vrrc+PB
Q2ui0CJ4f/3SvsoQI1jO6p/AbFSIgUebnIQ3VAZfzLiZ7/3dXpab/574F7yoRB4+q1qiCekybheR
FdnEE6mruru8jUoeuHislzf+7Kli/mKOfPqDBkBJFV8WfxYXH8d7F6AO/0v3BYA4kOMCHDr5S99A
T1IPiFUXEuCKA+BgHP/whB5HA30zfgx4bEIYylq2OfINgr7LWNoYjPkC27O6NxYjxqApP9hKe8Za
01qh+izWqHyU9lxruCGWiVgV1cfS7sCG6Wm9+E+SEe7paP23B7sChja0s0cS8ZfOciSZsHKRNRhw
LvhxOAswDADrPXEFWH60cgH28MFegXgyR0Nyc7jkCU4PqF1t0DxaEuD7EhoPe7Pk8kojsISgHFo7
1lH5PqeGpkLuJblTyyj+fWVdvtq2b4kpwBdaAy2+nOLFV0vavULC9FGB4TEiX+83+z4huLjdqF0A
/Q2vvH6zJuyIqbGYzpaSZptH7vXkzi6qsw98lG72pS6qe+JGa6OFy0Dj0VmyUEsOzZegzthCDgn5
u31Fe3ltOiGgzGsjUN2dSHgPuigQ/SlWbst05KPBSqhm5spTLUjNmvo4vdq/VwGkueJvp7YyYzvy
vf15JmjyqSxRERsE4+trVWSqrVyZreH1I1XaRx5/0JU9tw3//qAOEZUNrX6f/rDitoKdDqbHNkEu
MWEzNNZVc7i/VbcWqY0u8o0RaJaSN7u9gYReXYEIvuht9vGtFnweV+EgEVKHlNzpWk45XeqLVIYX
ZN7Nwa/JRZmYm72c7ESlNkQnh++mmU0TBMZKq+QLIiycurRmxX6azV+3oLZntXX2jFhLsVObajtG
F3FZUScjA7MmXW7EjFbrlGJisXmVFMhqXqZ7EXftJ7Ox2qhYB62uzVmPO3wEVsRiqV3p915mmrMS
/hPe685fVmkaI2jl7+OOi/lJrnaxYNMkHUogRElB8KRErgENlQvdC/BgK6jLSYf0k9UmO7Y02IU5
DHXYVBt+AnTvqJwhnM8LgZhsXz2ZfFTbSkTFqjL46K2ZnNdB4LQIR/Ztq8qXmTXsq9lXN3xJhTT+
bqdFakN72/Os8kSL9BysgsMuasanfctny7uJT5S4l55PXg5z4WmqHmoZRN6eM51yTSrx0hyaimh+
A+/47ynMXMJe2PxI34xi+9+v+1ScJPIgQpSCZCMOvqCdU2ObiGFmESN5QDKmYD/qtcGhSx2PTTnk
Yml55tH749ycAubKLQMgHUT8PacYv/rXTSCw0fFYfDyHc4ANm/9Fs+rzczgijvcwsOcFTI1fxInC
Mg48qG5WRjw7og378u5ml/PbYpHsWFDwhs3ci8SYzIby5tEm844fWxlP1ZHQ8hd1kcTT0unxKtG+
27vRDUV18Wtakts8sf4LzpGuE5+JxY2e5c6LmVFqdoWqQQAvOfFiVN0kgXn0GXHZvCMGkv8Vc/66
NOA2MpA0fHVGFSjQPb+qwA5xeBFw6kkbZvMp9+I4P1HMhMAyBoLRp7GS31Tmz5a4fdGmojbZqXVe
HwvJ6qXpLTJfWyb9WODO6vaS9gdG9lUPOpiiXsPd1DG4q1qtKdsucYQpapluHCxh2aus+tXg2Gdh
PdTnTJj9h1nP9FtCbw07WgiX08zFOS+56gu7arr7QwuR5kG+42otQS1jLnyVZVr0pIvN8ypVqbXM
CbqFBX59a//ch5mo3P/2dBL3faKJucwNzRiHdc1Zu8Lx7aiqcYzLqTBlVqtmqBR1+e3O43tUkYqS
r19m+tbakxHtUNvgWnR3OVYqHR2JqKrpnI3/nFVL7ZKcQRQEqjhJtQnaDNYLvYS5B5URpRGBT6tm
8wOmSn4psnNV7Pclff1hJlfuhFRshd0UVLBVcP5Reg4qJPg5dF0Fk63jSsetkLVCGJPOUTVsVLeN
cy14UJjRqrPDCq4PJ9jDb3TYUmt9TftNTDTLlqVFC1u+4xvoDBh2WSJgmaK2dz+gZI2og6H/dJKq
dY4P7s9K9KhWS4WhkLkx7dQeGR9kegwcAZ1NdB4HBU86mw0v0x6BJntLQsFbId8JWy4FlXWoC347
2OxOP/rTOtuK/pcSvXKNUv6NKgFkJ0cfQ4bFkV+M4IDgCwi12c4qzZHXqwEeyKpcQSHGZrpJeGAA
As9M13F9nvNgIFzYwuzCQKDjxVELSHu6+j1wmuL/AjkUz70P6Bbz3mtQseybh4Lwm3zAyLvcovPe
MmQJdn9RZJCZrOBy9EcAeyOEPY5iKPA0PV/fW3Twsnu/GjAFBHxAtUsxeJGTaYogzm88ag3z5OH6
LGk4HWRqXvttNaRDGVqQpc1hsWj1tovFx/YguyN58YdvYg4J8McZCPAeO2FjdZmbUwfp2ehL6sXL
nkoRMH7xRPbwa0kOvx30vQ7n/bna/9qKU8frH3t8xoa/N8VY+NLDbyavD5Z4HgNJPLhEvDiQY9cd
CSeOTr8vvV6UEHtziL7ltuG3g8aJujzRmLjZv4SsarKwQFv+SNwtty2XX6NPKNYUHl+K+XRnICL7
Omg8thmqOp+TdSFaKHdLXqaNOLIzOQB3eKaCa2zqZ1PCN8AYXa2NIDoGg3fiU8XF9QL3hfmfPEr5
syWRiD+4Qiku28ht+pif5/JxZVmcXq8w6hX2YS+H+oqM8HJWtbj7FebxkLlbFfd5VIDNG68DPqOW
dQWhSE/PqYsijsqVBmhJPpgf51FL9PdyG9w9PkCWCnIuJsMMlLswb0b5rl6OT+W7KuUpf1kZ//rq
sb6bT1RfeGkLnnKHp/R1UH6UYrT28jrRCJDTx43QvOGw9lfzTF8x1AtQah18YsTcWaV98H5Ldg/i
YeVU/G+us7/mXUtYXbQZxOimQm8sK+EZGD0zrCviR9VJ2nSfbVVrkaqTWu9DHmfnaNsVzAhPkb7+
aF89nm5aKd9mXynfwTZPyR8UWQilecJJP0S+PKs/FRCymZZOskcY1ih5QEIqau2Yc3sefky1HmV4
ucBA0q8IeGpDi901orK80vT/OC/jD+cJLof/NJusw1wkNoX1JIavU5lh2bqzqVFhN1QgrJaFxTrt
9XA51LpdCHF63r8//BNlYmJ1o/JTGuNp4gU/SGHH5DmRNEK5fbX9LiRA1BptbebhdqqLYeJeUmFi
J5EqqnIe8hOq/mKMsLQzRngf2BKNmItCRV9ALEXfkWc7xVzE40d76TMzd8Rc+n1jzMcbmL4KJ2o3
pP3DoGa4GZrJj2TzoHJ5/FET58hSoNV2LTBYc3UsjLUm1KMYnCyBq+tqWHDyA30s0ZrJAmEF2eVw
TfBy5OcBKuyLj6scEErpS7R7j7/3kdH1gizLDAZHWYZQfZTCNYeW2E0+7slyY8+Z5snpTzWYDWzn
7BrWZOzzXUcisao1stBjfjLKzxcqV5pUKmaYtXAAsQ9uX9jS9q9ZVlrGayGDWaQVjVDkTGQ0oBRD
kgdzO2UPXYp/cuW4AP/lQ8bxHCr7n2nk8aG7x5T1bQ86ckDE5EETrviE3oFNpDM+TvZQHqDKHotz
1wjZ3uQRstLnUT4SdzBplOUADrCrwl9L/sld7cQD9ijbNh4dlPZ6ZGQg1eVdcx4pT+rzD/r6zzvV
v3refV78nmE5HdBUDb8uWkXbnypAWzcPDN8wm6BNLk7g3P1NjDST7zHXAtsgjTX1tvrL/S2x8Oue
JVmr1B381/qs7bb5yJVcr71z1uBoOeodGqynun77VOrb/YE7W2I0lGcvVBYXpmK98c+d2LfzL5vR
hoyyBWeHlk6b7soGen1VrgPsWQZ4kLDsmOEODGvijTvS+fVM26Vvnjd4fdbN2tBeq1Je+BDQzChy
WFNxhYFjXviRwZGqJRO1WYUdMEVy/Sshq1IprwOlOUDxpwKqc/AArpwncB61t80pholDai98i5OE
5jw+h1TInG+pUvnWT3Phh9Wpe2xhor4PjMjYXFVzl5SCnyp7TqENQasa2LuUu+m1mc/8F50Kvq9t
+0RGOlBXpocqnFwDk9RJm6IyIAXQZqZjgElf9KFcbu8yyzQ7OWN3t9Np5ZRBuh3mY+0KLfe2JqWQ
VrSp25A7KE+fIZp/gjkFESa+FrVhm8nD82+TkUVr1ZDCEU+x66BwRfudyskKiuEYgXTbmorDDU2G
af4cqdZGRBTthWng4AwUxgNREGSe1GY61JVk+jMBZG4HbfN0IPKEZa1TnQUmIOt9s47WhMGa7c6h
AbrOGBy1YUfip8Z7b0uotfkEVauFCcifNRN0+jCXWkWa+j+oCk/0IGrwj7A1ddpLnPLQaKuEFAUE
sXu+1DgILMMI5eul/S2nNmucQNWn49fr1T19Lqsxbi0Fz1dnU/JtYrkLT3iWq4Dqdc6dGACj5ZUc
RB2tds1/OKTDGvsdZGSnIiRL+rFWtNsBH4MDSDbFqxkUNZ2tD64UqCMGw+aQ4VuiA1Mty9nIglG1
eSM6YfVGUvh1Tx1kkULXdVpG1+pMq9i1Ie3nAp/cXATk842ctCt9LTJ+EnfJOHNIgO5Z3Mj9LwPq
6XIiBMvgzMjhaR69zOFmJAHUqEcDf11kPLHHx7wxXEk1Ab9Pm75gM1CIUvvf4fwOhitmidpO7fDa
xIGutTyYX9ZyqNrw3gj5zZU2yvq+e1qLPjIZc7Fu53wtpjhDt4LD4fJxzHTtYh3/aeUe06hKmJbD
v+19tvlShC7nRmpufTmWsThBcf4JKWck9+vHVOxD7h7ntorXl7S5G//oJn+c8XteAW6bu0A/HfDk
HisADGF6+hxW5T7MKf3EDyBudaRG6Pihu8eFgOlQnPAloPMNLDPN66UAyeOAp/wA2ULW+lAbd4iQ
AC+EFyLEw2vLC+xCAacZTjyqN7llqnG+FhH+7d/eZuSdkfq1XKsfwkh8G/L2UFO7IDcKur7ftrr3
iZnQljyUGNsWUg/q358PSjUJ0N87rYms37bzMomtyP2aW7DIKUkSzy7tGKzubVHIv7kSHa2su35z
VRfnKgzeYVD3Tn71LNg5ouu4n7BWGVAa6uK5jiq33dPag7dAcz8Eb5fP0XYpLbH0x9eB/EjajU5/
GOI31+frocUHjzwwPr7PgJDTvViv2VoZ34e5xYub6z9pF9IyKvUbS8N7qquHyLaxh2MqNpnVA8HC
lXM3HMpX2fv2ZB8m39pYE3LQIp/QiyQs/Oay6npfqnA2pvrjnmV9LXXtN5eby2BI+YphIQpTMX/D
kr6PX6u+BvZau6hu1tFaKepFs3HGzzLlCPc4bxFYQptppUAfh9oJzeYUA0nlPj45SY+BUUeVN3Bl
J1d+eZPvD+YYwTzV5f/cR2WKLHxMc5AXTqE9CB4yAzvQbgeSBWeNvMOL8RE+dqQ8+S7h1rAOdnnA
g07PK3DMpT7eJ5dhZULN4H+Mrl85pzwnZOuBNpnbRJ9MN4ch4zs2F1juXUIVzj7MBuqss4I78mnt
5tQ/fr+5tDblZ8ki3rW/psSYVdnjsenIGycEW9A8VdN3t65DwpQpCjKinGLXH6aIwn+Fn9BYUx7G
uQOnoUThHvXkfDUtlndImUNn86cW1QzlcUUWtC5ZDIf4RI5gIrNtzWo6PuEsGk9xoL6pWztOTuj5
8pvrKJY6VLb6rFF29ZfC6ErQGIIQHEcN0wse7CuxLz869V6OWAl2TT8zehIAkZ0hNpAEUXHNLMug
aIRXrr9d8Rpw8msIeti61xDK6GqOGRhmbGX3wHFuvyY5/516aIbmmg99s6ZH/WrVXmOUay80Aaze
JxzVy+wP93APzdY2bzv5A/F4BCr/ya9KrSY/HNPB+ldru3OZln7e9fqaGcxeJRB+P0EWZtTgLKql
nBbWOqZ1A+ZniqpQrjkIix4QU4FZpMu5QlQHitozKILQ+CECvbGhySJov/lNdfU+B8cixKJfM6bf
I3Cdq0+/OBbp1StRbg4EnWz5jri2eraNm2INza+2TG30BP38sgaMfc0st6c2ZzgYNb3Ka/qM9+6t
S8Xiec/0geA6IHg2Xg9IrtOX/FvvwA8ERFGeeaQvwJVy5lHBiYLjXEDCzZ/tEaDHCPQ2g6V4hIB1
drR4KnD7HOi7OHkBVxyErIFCFMepDGGXDkyZHGnKwfHDeA8bjlr9O5Ub8NejxUvc+LAw8RNxV451
pEoYJuLf9QJWiZuWWVeLPUAVK/HBJgFGcsN9v7mubWekatvMRKsjtoO38wtU05MJWcj8hVh9LyP7
LOS7hdg79NhzS16le+/a5rQD021+c9WS+uZKyA/bt69y8P+bi0wuLYQmKEWD9kW7GlsLgq3bU9cj
+9MDWVStB7kNwppuc2t8W6QmA42KUMd/zeZldIObILunrxFCt8xWIitzkfMfsyakt5Kflq56ueR6
6qrt7M9G7CUg2HCYVnfJ3T27HOWeqDJ2lWZFuzNPW86LIjzbZTZx7Qu0dNItOJMVfi/YAKtGPofu
fe+qHqdjO/O+e30msFZvCzpIuzd19MJIJRrDnvibaI7xW1tRojUW0B+yHFkrV36BdfWXUZV1OhD7
qu/TP4krvrZ9MJuhz2nHpB6UINPPJHJe+doi0AOZVOW5tfuLTtCOjkaPo63l6fFRKG34lGZDdOMa
R9pq1U5UF1a7sX1WlIjgCKeIU13l8tkhC5S26sDrNN2NCoI3nRBUElWfdL9NrTNcFCbb5gXJAknL
lWEP9perLUtKpDOcV3zdN883V3lIiyVCfctFy0qNSnNKH3f3CEarTSaEySPIBVnhqdQCSgVSYJwu
TY2nPFXq1jYLoj+PuMIalTJjYhWC15aUYhXILJpoe8Jy9E8dFx56WXEELSP67k5OlJNcoX0F9s1W
RtAgLbqqpOi4uZGo+eSIj/9jEqi4XGzKL/eVO/bLj6nrpyHCrqdDDLFEXxz68Lwj7hAV4p6lEx6p
7hA1PjIhJwPecsnQ8BmZyg5z+cigVyZkh90tD6iOIs43ySnIbLmgQdkLjj5fKrWz/KtPML00+m0i
ZoJqa0ZIUTbhFyjZr520NHdMPBNn/7V/2dwdnu5U2dwCqjlppeGVeyQIk1By2/FQomTR11LMSO5h
97K/D/Ilwwpo1rqgf/76MoN4texSRPmPoWAEcgkI0ooqPEtysuh3nzN6YTYQpEE/FX7Ou01vtwac
FuGkaL2BURptwkx8vKETg85fYyyb/nWTPy9PHHNM/B0vr6Xl3WNxxdzxwNlZYEfmkvFlwI3B0c1x
QB70u7OHxMUBQ7XBIQ6u3AQAbv1zmNZAEhiuHdYX5X3d+/fBE6puqoZJQlDTStmH8XPAQoHxEyBJ
Lk4WSC7ggJMbK2BXwANctwYGCXfPutmaA2te3xQNUjl/zArIKFAusrLL5k17dchYFjAkKQ8EGdqj
MCoOKJKSPSrhVdqYrGl/nuLcwyQjaGgIG/lqWSlRy6kyAJ9y0tie1flEIO11ByXKsULF68sPGtqD
U3j0xN/rxkRZeYo23PBdoSoFY647SVslyxy90be+q6JLrezlm2nGIBSOKzAXZhr72TvDc+sD9KDV
xhxZI8pit8Ne4G+u790KGYXpBBfsDVpufwx5E1065EDcnLLsM1/biArqqe35QUWm3vIKsS9vtkbR
74iq5d7WyLHt6ADTBnqn6NEySdtl/h9L06XCO5aFIzoDRmwy2aJyo+Wd+d/W4azgffhL2FgOKH6t
6cve0WqL2bpddRAaHq40eE2yIOGyFEjwnEFKX7pNW4SWNFts50f++0yVACYIXCkyfMS10JxmIroE
lVqhNtSXVi8iTjFIqf6h7C7iby50Zl95MjhfeUu3yxFpyodYAxnpwCiJERGk8X0kpTr3hxA8Xcyk
o2F2w/dH7iu8e5ZIXYYPceItKxxrMtLtmaHyoINpR8rRSaRO9cbPkxqcbKuN6jeL5wI/TphJVop0
hfEWM6H4+HHi4Ms2g4GWCDD5ypzh0uogcVJ2wpwyWT1vpL0V3eNcFeqh0LJRoxNSmGm2M7h7lNyG
62C9gkoijq/MKbOKBN3p06SQkV7bz0Lzyfpstofo1SG56p9zNXMeG4qsItz8sn/X6k7vDgEWMN3F
GsOgGEWV6JYI+3LE3W2VenI4qOr0eKEiqFARWPLxo7zAerEiSm1/PWD9kcZvyy+0jIY0fd5bvLjK
XlaQ9mdOVC8t59xRt9hrdPRMmWp/WeM8lQBSjVDdRe01rtLRuDpEk2Sjhu7ZwsGujl9zLVQ79492
tHxL3VNrsC6y1FHIfU2tmZ4CeUPyOTvvIxnf4TnmZVv4817WDs5ZQhfe3sC8z6oNIu++TLYvD8yO
CBfq1m27GUX02Ea91J4Eq3nMr0zwX8B0zL8tFZKbhfycQZI4kEyRWJdZKngie0UP8H8b3jx14ons
AeYsLf8GzLNXD98UOAh+PJzHDcwEOZ8uix+cGjvMAWe+eN6JRx4G+v/fEsXf+5c+D+B7Snx2sJFW
EIdLRGGU+/PEayVkjTuAC10PH0vI/id50/qSMbBtaaDKX/AEpzf9pP3v1KtAkdgrfbPobvsZGwMt
bInbwxT+VOWPvbx54h8M9O8Ba87EOIpvHMWyr6zLS9jDIRjYq8FnjKrIZ7jZWhjzp9gZJ11OO0Uz
cycN2tbY3lJJBNEduiQVK4QoGjP/Sd2q4DC7qtktsFDjOyP7BlfrntHVPSKjpazptgYq5GvuUZZV
1CKDLZrUKMJaJCWUZhez2oRjwD4Xtck7LpFm2epN7rsiC226MTiiPUF3hnHOSD76DnFhk9XUpOSx
Hek5Ml9Bw6BX3vRYNDUgb4yyXf4vUV8eDmUbtl/CK0svQuhVGkuZsTXWSNFrb7IOsgwVgzF2xk5R
aZooS/aGso9lZA/hLdm3GEyMJbJryL5Wv+eZvt/3/THPMY5jZswxz3Vf53le93Wd96E7OaGfgwul
0jJM+k7dfWEcAcP9PsZXTnapbwwPCS9orl1u0Oh/golIUst8HDeQ/ANXnWhEls6M9UmwzEd/XfLY
brC+GHZIaUP0OwZYB22G+Lg0XiIlZ/ywjar4fexjXyhWZrp3ib4rW3kWsXJ/5WHOf0CioNEiruGO
hjd11d7D8r7P4zBt4eWJt7pMv8IuL+W0FVHMA7n3JIYW/FKCY0INS5IciyjRxaQnCPWwlatKLSct
NCi9lSJXfdc25fSMH8LkExqsXi7uCwa+sKQSMUfo5YojI+v2uu/tPVmTh13vmuxo59t+ie+njjbi
2mU9X9ZXJLW6UmbwS8rdNerfw81nbsK3MM03bWjjG7MG8rXu1KtfpNIzbHabrRSxqJISr9yxa+j1
qwH+DdEvkDQ5FsoZ/s4c9xOkkrznnnkupzyEY75sBIqUwhtXxrve2dcrZP4k1Z6z6p1fDcgfD7Y6
Pw//GqperTiX/l5D8qKf5xTXfnBdWG/1dLOcikdS/YSeUpiwRjodViPx7Z9Sy9i66YTxGppRTLtI
sK+nz7yMtWFETm7FhouAt0DiTKOOCydp4KDN8sbt7WHOWqWAfOV3gtVjbiFkKKL+hEUZS4Gikc5/
1hY/XPQXvKcTnhIl/Mq7XmJlwtp2Nwo8I4J+nr2Ovs+kD3kJYScQeEx0tEAxyGrAYvIITyCAdjKa
jE0OsMx6iYuH/7g+uJGOB/AOAqwrTXEn0AUAtI4Rijc5qXABeMIYjetgDAoB6hD0jamX4SRln0pS
sBFn7D0o6sgyC+ILOcT54X/mgwBAY05jGde2uJMnbpfgdBKuiEkTxjHla1IkuBRkhJ3MdG387Tir
XGNvgKsJtOOwUUQXaPdUc8GVEhHdRtXOWNNhBdk4Cnyw84wE8LFCUpC3TlUQZEK5of7z4SaJx8PU
3bKHl9HduTRr8uXWDkrUI3EdixkdiOJ/Tixu//B4f+ZkKR8ct8pliIl/dgatLtJ+PVl06V39NVW6
h42lBzOVrqBvh2Y++7Rvu6PemJGJmOl+UikhR6Oc7aIEpBUNnrL+7vVrDWtLTzzzPTQgI2C219BW
JH1se3ErooVC29Ig/j42urqW9/vYmR+jSpMOF5FZzNubR070cJUy+pHIRODvYwLNbRGnKs/drO/O
OsXbfFLhoAxF2ztUuO+ZcZ+j1eeqHPU60/7zEc8x2jM/ORrr/fkGG+9VTLPXVOkvLkdsmNzgmuea
JCJo3alyP+gXezXPxbLKwyd5qw6dTXVN1FsNGRNONNVXRO9Zf7c9usAc5673WHBbQ+iEJzqc06Ig
aCdv4xCfTP34rezf6FHK+IGwweSOxw4LyT2AhuOsmOv3kK3lHywVKhZBll0kpegZTBTP5hifOPVq
QurDsKUtPuwncyl2dsnin6A0//jl/2Y8SsjcvqPfv4/7hGz11FrdJMNI3Ym0luC03q4hj1Vyit3B
Hvz2wosSUvDAErqVs7rUX2uQVyw3OPS7uU6SDDZnw8V+ctx7eooa7XDt75utka45xHhH5SujwuCW
uE9fu7qpIsUsS0hOGeC5De6p53vo//jVnPnRLPskfYf8yv8g05ZW70NZ9m/JOuOzWl0J3SN5XrSf
CgF76P0pdeSjK+Y1CgOwQKRhOLXV29l9/Znqj9crJcIZ6Iwi94fW8rhbvLUlgSV+V6hB5OJ4+Mg/
E7fQMVf3pSiRFJu5quCym7J/WdtJk56FdFtcbdtrQZVsty8OHML2INpoQ1621yaEKF62QnYAf45F
Qdm0+KJeP2Jiygbn8Ri9upduAFzxuD4IRA8e5J7kBkFJVJstkgFO6fA/c6WAiGM0pPMxWtJdOxbx
A9msoHWdaxeJGw+/Y8bOguCQvAEKtVwOcQF93juM9kVwr9wi9wIARzpgwyNwGSGeBoQ6CE8AMmn0
5lbtRmyq2hV5n0B064Kt4MmxcGn/YgXbpMEaheg8f0uF6DmJe3d9zcUtjOM5E8rlnWpPs9p6t1zB
cM6ZJ9x9VfJIvCPN+kIC2PYSm6BtUVHSWFn7cl3c7dtVkWvoa8ZdyN151BHnzIIs0TxHcGZmtBb6
GE2nh7oHtjdDkvdk8dNNO3Z6DeWjIyvp0+nPTrnYaEApunPLr+zU07c88N/SXyjVjvXff7u+q3HG
K8LuH/X07fFJT+XWkI2k4fPnGxdVKDHfVr3rb1f1h3hHVIo0W0/SvZvTQ61Q3wPIIU3XVnbOWwFx
j404szGFrVrVwwmgrEoOhHp21Ppkn8r8/Xfo55CItXbayM9TY7QraoMZNtW2lnZbLj3NFTtKdfSJ
quaJsZ/Uy1QUaaSORFb/ORaKiHgxEvD7GG0NF6qS1aZmdP7L9r01+GDxeb8X8/eWmyRm+6yGQ5om
fh8zr8zyTLnuOFwQGK38TeScnYXtivN6c8+Q3kMN4YiFL838i82TqajqdqE2tW+NHj+qjl5ENKy8
76tx8IFRntc0WBQl70Nsn4TjahOzLfPe9Lpn5SlcpSV0LefVhTRJd/tMJqT8SwzxnxZxHcMUcAmR
x2iq7Tk3S4f3mpUiNrMulkVT5EX4j4S/UvmkHYVsRgtqjoKvIfpsXl2ph9R/6rf+kNhRv2k0e1S9
IeZwemQ/auiln3MahxjiIckclGpvRQCJpupCl8qyWp114FrJ0ZNd8EL9/OWp0ddDm1xA7Ic6l+8S
XLfI6JZBH+JEFYBT11ufjtOMzm5shtirTXgWv9y+da6ukkKRE8ySaQzePEP4iuJQ3nTJM4sqkXhz
NoY+dNeXawtqI7CuJES2LFKBESNfnF9zQ5Wx0Pt7z2e70P/uN2BFAgjDB3n9iMeEj5kxy0fgjmfR
FO16nYt/xKLFBiwjFk0IwOGiBPnAJQMsr3gG9oBEDgAixkndAEvDu0ZKOil25MdEx5AA/BHLQ4zE
8twCD+wcyIGCuik/hsAfJR0vrEmKswZAJpdgBnA6MyZER6EUuFDy5PF1buUm4KAeXyKcYfpHyfZF
F2LicxDd2vhcPNj4zo4XdjLPS4jYGK8jPRRQkV6HVlgodtRJOKpiZZPKz0iWoEvqzYZTGj/GiqEM
bJKDambuwqsrxmtVS1Zmpa2D1mFjhLW5ugKIgc+nsZ4fsxltgp2w0yeTEE8TxhGSBnBJsMN4soSA
++pcoralYBv9Mr7u7C2Xz5q2DxHZ1FfBj+YtLDroMuYGN19uXZSczbD9+m5z7lNm+8n1+ccjFpS6
mvdPQj1Gl6cEtmfsFIY+WOpL2knZehrSm8+LGF/3q6StGl1Woa+3vtKaqS8uvZA/f//yhvpUzdRc
nWN2J54/sG3rZX+GXChlUiimp734DI7LywbnELml7lC3F3iRco6onunlfGRZua88YXRr8afeED0Q
t4pY8d12sftBrqI+Mdg+S058luch3e3bqEp3N0a+KcWic4yLVAPVQ3YllRMahT38yS/e0it7D4Pb
493WC3bOn70/dijUk3JzobSFspF/hFuY21P+e0Hd1vNDkm0iWdvRy2DZf0+daN6NOboXsEO7mbri
uane0Oz3eKVtaJg3pGnNzbGB1vQzqG11F5u+dWdVPaxUIl7urxwNjWbr0dUwdcS+Lzl91L6+DmWs
EwDw+hURjIsV7Gk6vbRibox/5GDx9zH45c6lT7QYfUtT9KXbRjKlqivGw73BqX1n287WhXrb7lTZ
J4b4uTT4FM/VZ5Y0eR4vs37T1zHk/J/rIAf0RNEMkmHEzknm/bLiVj9qGGb+VY53RU4l9mvvmEoE
baql7YuD3Gqmbf5Ek5pPpsPDzo0d+jo1ZuPoXIxGm/T2hF7RN6vW4JxmrzqVV+di1dPXVPlJ17aN
Yke/Af/IL9ob7sENkc/uFaUnzMm/Ix0OixhUf12iZaVfvzFwaLt5D3oJEDtQttfiQne4dTRFH7EC
6wbgZ/rwQmj2hddQKMDX8PrsYDdYpCjv/xC4C2DFD1g+DBsndsYunhjUlVFBZBC4fLQBD4oHxJ8l
c+jinxMNzMCaRJy1aAIS2XFJR1uQGVg6pMfiHbyipLg/Tb98GZ8fa//HcErDgGPergNJYKuiYk/1
qZJYYSdXQDRpOf2pL4K9Js/EzRDRKJhztbG5sopUMWYWbeXDmfwVXcsDp0WhAzklDW5H37rdmTiu
3VXMA1+y5fHFAWxvJB/mHS8MfCa0Awvpaj05a2mjlWIXTO3eVzHVa+smKOC+pXiov1fzuniRvdei
iyhUC4v5gdxKkC699jY/o6a0e7mnVpWIoOqHYtECBqk066rWNCzv4wbk0EDL4t55WONhREbYVaHG
sotnEKmvqqiEayp+lN1QFYUnNQrPRNYDk8lpAnPUtGV6xFzNe5W0nQZsYzjnlXJ0iWlvAeWcHpW+
u7XqMzK3TMU4UiynBKZkjJ4PjMUO97M+x1Ht2gf33zUUmc7aKpThZvHFz3mDy3FznVvkg12n5ena
dAn3WyPbw4UpO9mbfq2DM5+CvOcGh25tf+1XCaUENGQJVCToFmDdPb3nqs8sRWxcvZ5df7+2kToa
1DZP7vo5fE0NRq76tnxeYQizjlXOmjgS8UOV7waVzFBu+lc8tDnom3jXnHwYpLZSFVJe07hcSUmz
J8q8cqwsqpgyNlzUy+Fdf4bSL59Z9VjzaCcrtWVeY91ODWpocJ7xDZ6pMbearyPmeS909nUsCfk5
Z5/QTQSkjpNh7AnY4zFEdfSDu6I5neMBWIkmzzMbm2QBu/MP9UQOreuoj4MbiJnFaR+jz60ON3es
Yjc2Nn4qbzgarZ0jvnNoJKqP2BPfWeUNKwykFBxbv/zqoiFAw4xeWgiJYx3RnbhbDyU5uO4Hm3kE
qQUszL/4rB0xedRK4NbRAQvkkabWZgBcsEGyAbGCNjnJjeQxYQNiHSmuZcodx8aMJ7BoczEjWRhe
x0gTMMzZtUwZTgfgKnCNFGJ4lOHVwIND8QzUyEcX2KSZm+gwIOMCBAoELMcFIR5BjgsC+ooPch9K
nkB0FR2HQOPA2gEFXjQlaolgBTt2idbplDzE8BNLgLJ1pTPca0QHeCzkCWB345zvVpoZgqBPyOWX
F3b2rgOiNwFBKOpEkJIKIuUNnx50dXUgipzQ5hcSLRUedxafPpmI6EwsvpBi86VPuDvPmrAEK/Ij
pejGKU8/6vYUhMf2FmQscvjpNOXdewaFegsn5bLcDnimijKwpWYUPfo5YSUlTz+Vj/UZy8DEq6xZ
uDmvPz+YsbqJsqcVvVGA322s6UUJGwq8CjO4t+nbjHl+QJ2IaFkIbDyVsTFt3fhuY4rVXc4f0zV8
7WLgYKC61XV3x/z2yqqDpB8OImUOqUXzlE9LBeQp69h3/dUr9EA197LSo1+nNiUPNMqiqTnXshwb
8zcfh6qs9u50D1uhY2UmV/xqP9GD6xHTSy3ppdLBc99mqfyzfjQHwa2d3dS28dhv/pj1nD33dwpX
uibUwvuSnN3atXtqYUUWIdYXv/aFYpVfOaO2jedICrHvvXbsM3Paw2Urn9esrOKW/EsbYq7tLM+i
VOGOjWXJU2h/KraAr3PSdMQsaHmrisxZfxDr0k4MXxpfdXaxN7KxvmVHLtzFVlVenvVruhJatDNV
5gDPy7JNr2qsNfUkhsUa3pw2G1r0NGuHWXJ19YHs/9WpwTl5EuvbOOYo/GdBsegwwU2Ksw4scT4r
kriV0WN1bcHT67K9G7pzzPruauZ3OUTwQdDtaRVarU8twJQWqFhao/rGj+Znk9Xrenmrj9bzqyS9
p4z+nUtfdslrut05OCVdp2Z17vrkJUnqwxDjnl/hYrsqc24mUUDihlw6yWyWHYdEAsSHYXfJCVp5
8DHzmDJBpZgYfsZsuaCpNws4DSIKBaQEGNeFzDGP/rfkDAc3hYRFMWlm2lygoRgjI/sXw8lP08y1
zRI4xIU1B3mcojqE5AlaTux4KbDDQ4obnCLPjSxgxkj+K54Gmlt2G+G72g3TSoVBRxsr4ImeNrpC
S5/QwY6HHi9gRVIg8clp8ryi5rL3rvIIgAMjmFwxSeqxbmYMm0H8SThr2svubGckRUFPu6e41Brm
W5/vh0tCRXPcFmMxWPhcMovK8N1LOfnqrSBM+YGFAkoJZ8TZoGdYdXdEWMxngGdQjRpJWDlVXnIg
2u17Qz/JiWPndsVyYzfODiD2gwG7OxaLwWWjzi1rEvXFm8i9xim9plcuAvM16ju/j5n0P83zimg8
f95aPaKyroBjP6emervBc5c1yJDmdeAeLjtFotR1rYcoleU8gRU0oOtfEFw8qrsptKmCx7OrS/lH
nhi6vcvV/foJVRd7HcsECX1zcbsiL5JwtLD4N4Jl8cDwD9e2sd58WH7tKaFQKGWX2Eg8Pd0bYjrz
UzpFo8G/2WUoY2e9zdc32M+RoiHZTE4vMyjLGqf/PlZHdslsfphmJN11OjO+9VzTVCDA02slEuqq
3T3lSoNt19UWONdfjZJQt1r9/BexUg/Aoxw+6Ealusa9E4TeVX6TyLZsl8/0pTikHgWzWKRItKaS
cCmPg826t3b7L7qsVF9/u75OD8UdZnr1ju6s7Gp8WbNLsmrbNRvLf4Ecs07dwaLTXhHNjHUNV1SL
20/ABmUL6+S/LNe+8WIZ9Ll/deCwYQN9qfAC6LKRwEnSYSu8AGRYQ14IlOmROBNEytSUD5yvgLz+
c+KVZjzYqgdEHc8fdg5GBlhiZdJm6ygEe2Bz8fzWJ7QZ25J/7OSXLJ2BWEgGZGpuGr8T3kwrkSlS
X/GRGaRDkMFSCK4EUpwZaJoE88ZbagI5eiBbmhG/JMI4SPNLwFqqIvqdNr98bhqL6AcD7uiYKlyG
jqkcawE/Jp8yg7cHVg48F3gfNO5GJRL/AcZqAYcvWRqqIVvNER2YeN8lWyE3KwtHVS+YOHyQs/jt
hzj3EptBzqK7aGsxa6QwoUrMdNjt7piVYY7soNqwELlCzQK8DAuSywfTryw61/87My/a7ZmkXapP
N+cfOWVEYfVABUxty/x9MZCy1HyllZySKHc340yjcUSj1XnT9cOmZx5BfTLf/qLt7v/Qcd+lRNN8
7BOzsMNetOmgtrnwpv5lwQ1Ai8r1xRyEN+0QR1syBgp8V4I0DrHxXq3tm+Y/1Hznt1DOFLWfNx6+
8te1Eded5qkojj1XHWYKROA/cuKNynsFH5ItAyh/XzOiikzO1kxtW+kGH2Zm3FoNdrjyof/UrUDB
l4qV5sOOQmuAvm2+RjnlNuRxVFt2NWDg4NREmSn56OJ16AKuHWKKeWG4GDLX1YYtUny93unrn9/2
LkWSZcjpo4fSyxYPIfkMXYTyQFKLR6ZoS2cETQ7jklVpW97ou3P0fjlYNuUmMTj4Ki2ghj5ZeiWo
/8My6DCMaT6daWlMCBdWWxrP6GkvqG5q6GnP5lKvGepO+mjWdCDwA+VyZrPq59L+ST4n7iiQ1iLN
2AmEB/qQyBu8EFAk8nDH62izgRtuhZEQyGuGD2M8kxZjtuEGaGnEoikOJMSoOEbsneQGwB2IvQeY
NC4gC8WB4/7OoFcFEHxVoFVFB9TJDBEV6YQfZI3jdeITA14sxaQp3kPiMQDdkLQkrU1NGa5fQ/7a
rvHJRDdnUo5Mu3YMcBWG511ARrIgO6T4BvjwpeIngWSbzzhkIJaHme0tzwmoUPnrmAQIr5OejqMq
HJN2qkbB0awexuNr+MmuZp6z6lFHjVC3ASIBtAjwhDp5mlGfnhXvGCfv0c8lEkMUyVvgNhGu6DLq
W5GNVvoSl5hsAr+/r+6bfN2cUoSV/orlvXo9my/dd1OqWsbdRmi/coNDm7KMFq553J3uHl2gT86t
WSWtdOxNTN2s9YqZHUoNVb9Omvu0XHE4bCfTe5Z+0KDq1aa24h4+fuXtLm6C0D3vZye+u/J+zNmu
nex4P1h85AVhxt+vjS02Xvi22G3oaJjySNkXw/GmMwk2GYDK6YapYx7gZG+3JNsJbmBCuperXK4t
uBgttHJeraVvzoSW0+YlqDO/KP2UCfqRCjk0uNwfEbwUWPFr3nhwK3FgbFttzadrH5lJ9XhSLDOd
PttyY33rqx0RssTSdQdlmKpn+vKjhywCShKOG74Tq7+xK5K0cn++QbmYGGZxVIs6/3R+6mZmafDP
NUDWolcoWZMrtEDFVbdpj24U3DHMrXfnMBFDx9EDJTdps2t/WTkXtL1vnR15P9WXuEv9Nht1SUdL
kDmKRwcChcpzMZuAs8ivgUzHw6JzEsIcBeY4bTMpcKgMEgf8zc0X+WdX9+RxTUBPRcUbcEM4zEwG
wHyn32HwIBHQRv66N3SR8XwDf4FGQVbaPVWukZJaTsAjl5NJtAPQXFqawKstuMU7cnWQmhmxbEiY
OBAwxQBXzNd9kyOjB+KqTWrpv+AY/SMg7QlDCi2YhhOi05LxhNdIsKNADKrfrYvP1U0VYy4Rug2R
Zi7HLyDhrh1Fnz46DT99KF6CkL3pI48OPM1qqF+n29VbmIogWotIqDXqL4nwpNzOxZgKqJu0Bg5P
Pue0KrBZs7zXKEy1SSUPDCjIxuEHyRdQ0B4rg1u3U7GyL8ufnU2arJFfEsE6KqsZzqWUt6dMtq86
fOn/K3RwpVboY+05FLEdg/PAoMETbi3HvMaajOJ31B1IlKuOq9lpQVaQr0f9Vl5DfbYaCphajt5V
vMZol/VzN/yQCeXYMrXFw+3nI3L6FEenzK2yojDBJGL1f1WW3lz8//ju7FUUdlov7qeuBlSvGvfy
thOp1z1+9LlrnG9rPh2tTiQ7ZDlUZ+oh3lVeMnYY3CMehv8MnL6yr/SxON1nhBgSTPRorzPkr7bj
6iJV1clnsJoDMJmKNk36oCX88ROP/bWVqsD6flpzygTlcZ21f3l7xOR9xWl7+zUXlWL7s7r00OpM
n9my7lXM+rf7bsuxAYdEOzn2RvKuA0cL5uu2uW1O6ew2tvdo4XpExFWDRyZQtg8n+dnYtZFIpJap
yYNC/Bs29ihuHSArxelomgBPbkCK2PTf8AABBKhw0LYBTFPH9XnAkhaPxbFE0eKnJxAdBvEM/1fe
42JieYjP+HyGEywQGoCSAI9lqWCNk2LS5j+uT8Bzs0Vlc+qIa8aZwXm9cwmJ0iVFIFZ2pTthBniM
8rFGSZdtwMZNz0LwXCF8VLaUqBQLU7ZUgTjGKSqbFciAgJ7P0UV2DOZraUYKMStq6ffeab3TiuG0
GEcoJFsKugBhJKR0765vBUIIrAj3PuqWBD2k5gDeCCgRZ1QeADrZanrad0fUPvcGDE/GLNgTUfFP
XA3iBwZLYlsTFA3i0eIdQ2TgS/gMowRbcslb5YSlc4TbC45VOLfa4tLBagdJX5q1MyynO+Xt0xou
q8Ww8L96Vw+MRWyfN5bhwnyewIBoHH8vNE/fVaaPawiPVrWGcwaTAssP687M3Q80X8RMZIRSBadR
zwn/3SmwxdSMUb9LeNlOB0sULR+QEYYeZJbs8kjXQtn8irvz3WODv7b9awu/jX9fab7m7r9/ZWRU
SqliMoV/P+Gwz89z/tXvY4qH96vR3ZIvpzjSI9z8dKtWjUJ8Mm/dHakBvqtdDoU82NN6aYWU51EB
v6v8X+fjB6XHzU5/LtwIDCeG4jv1Ng4J2BeQmSy9r36rAQfv+rxUAiupbd5jvsVfAv9WypTudvGL
bTPcXrfn7CP29Nj7lBmPL7+jRQ8crV7/XNZpAdZvtAQLNZ20xZFACorT0dZh02d/oJWkaQZc+S6I
FuEfaSNZNMGTjo+DYuA4KGAh3CfBMQO2qNfScRCwKnkSgCxxJ/EOYXZ9PHhYw7+6AC+vF2MHj/AR
cn1QoWU+BITpfwbxSDyQTXIjARmL5I7n1+d1svQMi5JiYphWGgiZk/iHhUpBtt+ufbfAsFIpBwC+
JDP2VAFNUpw48PbsBGb82/gkxplypHQgl7EkcLKw5eqIKeVevl2CdL9s8y+RJOE8Yikp1J1dLl+H
+vRxNunpQ4BhgQZRSe9A3OrCxA8CKbLeEJOGe16tgKrGkZ640q1Yse/Jw+V97eHYbPjKmUhhC8xn
6Xw8TR+Oq4l297QC25C71m6++h6QtJgXc3sF1ijtVz5ilR2zgLo3++GF2u5L26SU00/8qslHtOdy
XOXDjj3zz/aCrYSbT8/vqqsYB2Y0Ndy8jPLZtWrxShl3q0MBIPhM1WM7GWXfNVZjOOybpTAlG/Th
RqF56UuP2pYdISBBsSeTp/g7k5E0uxOw1CoToVwOU9vnsd5Y/AdnO69YxAS9VjrpsO/sTl7dXBhF
dX7OKy2alh69V/2D9sMlfa3Zc/73MfSRyLmYYFhCpYOhxhiAR/KqarDjVewxbF1P//l5Jzg0c2yn
02ihhlLf2pJX3FfybWJwqvdKe1bdWE1v9V4B7ft99RdbChsWWmBi0WXTdAJIuBjUQpSgbUIgAHSc
rZBZy/QG5BL/cYAiQUGzdigTiFmXAAGopQ/2JD0A6TQ7Y2IG3KLtSgDPukF25OOfWDpHg/a7+c7F
oDwDibj5cUmtG6CKxEvHmfDCefjwUKYfovoPVTqPm/BzK6ItwHYk4NYX2FQqFYJNoDzJsaqM2bGe
6gQgEBD4QilJTXxRFNhJIexswygBog1YzDh59NGJbNo6EAXOIRgRP2q3rO9X2NVqwJnuBG94+lC6
RD4NyDYkAIJG8tQqlQbVJNGDVoapuOdJEowQccx2FkHjihP5x6y0O+iwamsCvRRnkxr4SHeUSdjJ
/4505CA4LLN1heq6ZukX8HzbGZYbIuVIfD4wmXyFqv893e1ccfplxxzioZt9w3U5CUrHeqDG1fdE
HC0a1nnlUDp+30EWsY5tmijKwDpOPKxrJ7rOHC3vZenVTlIj7HoaiOn3pEYGVmk2zXfPpnyMLa7e
u8ZZTsw/nu4nQODkM2YV9sP52y9PGPnf98kQaruiasthPL8zMuzz5hutHNeIaibVof1bM+s0Rmpm
7dz69bCNKtNBDhI4DSZ5xZcGWrbtcexZwhIMgsJ3/7VDTCHD+kGQmSfe1JQ73vRGEfDTafGD9obA
WuPng4uJ8v7hKMDL2HKBVAD6REDYWbRvaIIlXSbwnoN7iwD5BRtb7gCiSxv4WW8JccH/AvI/nBd0
pSoBFjTpfx7a/EA6YZwBliscLGqpBdxsHfGOInAKF+xnKfj/7ETXFg4F7zZJUseaKZtFnF+e18kM
7D2DEBEjOSCZQRvwIKMe3SFoIzUHeKJMYUQBKzUJvxLB0gsEcAgXiAIDQHlZGo6TCW3eSzBGgavU
Op0OYktOtjNKwt8IoWaIK88QwZXpKF22j0WZEtZEBKJRAKqMF4tjZd7d6SrmlLX819o/RwGlFAL1
I6+P1VxGoXF5ac9EJALzev4vNSRf+bIkYg4ftUndoDpbKM3uF3z1Xg2Y33xGbgiyNyaOB6SpY2Gl
Po3Y+PCF7tWAmsFZml0o8W3gVIpK9u9jTxfpIVlcTTX2s8MJmK4wYY2NuXc9eRauu/bVTh+Uf7xP
GI61rA4TuuchP98rL52tbNGlb/e4KGO8qtb03t12GViCymHamRbch8yINTev/seb1rUZxNCMmdru
voKd58K7O/TJzIURymCZrQyYexaxzhT5bmVXTcWHF59TnNIyRJTeO/SJA9EQe+mGFh9zlDwfJPsN
RIxPlPAACAa+NxB2nhtQsD8DyvQAYB7gUDcTW2FUNjNj++yPBwIeTAbsqWxRcYqa8XyMWv//Y+9K
AGpK2/+RMklM0UWIJEYL0oLMFirVxKRdFKXSpmgzshUzpH2l277vi0qLVkpJxLRrIYpSCRnrLN7/
+5x7L1eTscx8/+H7zjPz013Pvfec8/s9y/s+7xERIyv9d7xwvkLngAU+xkuLwbWCUvxV+cdzwWUY
/cj16CeI6l6rMZag0fhExBPxuy95uGcGy2jXz3BUtGxIr7JaGTcxgDz2/jQtnHL9hJN1cR4nGd0Z
8xTJsBYmRwn4WXI38AUKq7grzlit7denlHO6SYJ7Omb+6qWaarUX8FOW/iWh2VJNmXnmEpl57YkS
JbtT8PHmLRI3tdJTo2cWlU6/7DRQf226y9yL0tdV+Qu9f6rJ17VPrZyopmlWUrwBv6K4pVpyd3BL
/tJt6ZnB2Ud6Sjd6DAqlbJu6ci2cAPhksDE5r2podavKdqXuhS82LWrap7XU3FCuY9ZXs7/p6x/+
7XKXQXntD1+WhX3l9OuJHbuq7ffs2n6xo13eIe6rot3OQ537vcp8ZvfMNpPbZeu07/uUjnuD5fMv
xn0536pd1qV5eA1nx1iX6jSDx5Ip5iueyYcaC2qbplZpW25co3mo0KxKrmNY74TOLfuugmUh6cO+
css167+bf8D3ZsGNK+OKdiR2He9+/oNurkS979e2T8p3i/To7t1r+Ly06mZBQJFq/8yaz3x7FEvC
WsOe1/h2dfksJKfpKJFDpBtcV9EIdy8PDw4Fzbmc2jjrxVmyOI+KSCxONjz4+TdwjIFGZHccN0LS
wqNAVgddVWrIUDPeXdwUajGiY5XXqNfxwrJH0qkhE6G1A47bZJFQWMFilUq8uxhfApeqnweXIo1f
VVokVgxOBbhmjHSie72IJDnh1Nx6vftFDX+cqGAZ0ZgskkLTWKOob1FnWS9ouYFjPXcClglTmFau
FMAToqTurrlGXFFVQkCtT1tGAwcNG+bRhNNbeLEc1STpKvnkmVunZykJXsbZiUtuWL1ErL1ZvYZ+
/xpal17i0ZWPre5r0a7PkO6n5chODN0u0qYlGTJf9lJR7dAmC5NitcFNq8Kwo8jwwsc9zwZEwEWG
1v6lbrWko0/T9pX9+LygNehZ4VDivPYl2f7vip41DyvbOLbu+2xXe09twcPbZlV7wr+MyNjdV5eW
ueLy9/SwSZunRo7ft3wt6MNQ5x/pXwuV70t/Yt7QmXWxYe+X36R9tUztyZxV4hIrn2VabA0zXqTd
MvCg93RsbcHmYR/1Do4NM3m8gw1WF5pXbfZMKIqb+aT3F1rYV5HmjTmVnXtPT3vwcPGBwPP5udaN
5d9OPJYbWxc4oSPK4MVmz/tyX3Y4Z34ZXp42bHlto5zYnSv7coYPJ35xP9ZofajRkj5xnIGshFXN
uXDmyncI57HjOTU5Pby4cPCoCGMhbsIeXBzR/Pwa0MOHsxERTnyuiPH5cyhoYG2YSzapuqlyKIgq
wTOuKm7z5grHQyD5tbpPgKk2Yz0fHFAmwr9KYsIW0AFYm/5YuPgI/xRxfi5FHUUBTjoX2XB+PC5B
XdebPw7fwblF/QynFI8mWbNkFQ9FHYV5ItGpqzQmxafiyGOeIp1mOs92wRTRdMhTJwQHzMVJsvFU
HIWu7lQXWTY9XVf/mEa6rrGHW+g5s8MLPS7gUzUb2mCDW9KrIO7zcbrTUpQm6BTcUDRgXrTWxV6+
NUnPpVC+dGmzzOKcgGypztS2afPmKy48o63cE3tKsDI9adOUSQHFmtWSzi3FzRcuF9c+0glxDm73
qnL0ad6+clAo9ZJuD/Y/nfic0W+MxSFLwrV9Wt1eV68XG9tvS0tPKJ7ZTY/cJ7HXukf+my0ObSvX
DVuvd+r1Det6lL+rNTAsyu76pgltB/fOyZt+99ewpAkXJPeLt58Wz1gr9mB7a6ul+TaJRVaFoRt3
ekv8vnLTo8cPlywo3HEx7PCy3p90ebxSJZN7TgjZNzcM6C0Z+2X/8pDkX1qeVrxYf/DgTFg9pG5Z
0Yt1z67whJsMlc05OLbLM+LbsRFDdm09HT1Zj15M7FuityOUbhOxJbTX93u70iyHzQPXw7suxx+M
7vKFy/eOUYihcQqDQqwSOBQb67Z6Moc/hIn46I/RmOaGnQUsG6vNNYafxkfOm+WD+eycitpKGj+u
2sChICLGJ1rDz6F+yA98Bj764+h+WMprVKHVkzwrZMllAd0SV2mN5Z+qUDPOy8M9lV9LOGadID4r
xM3zhMTN8we1xFUuKpKrK3vlTSoSzFgpaOEvgDMPcQ5/VcKfpjFRUFPdI8XfYLXsEV0FtXMV6f40
/RDp4iN8wcdc4w8lKlrytqjj5EEAa4WGND4r5HC2oiBLVsH0h3RNigcNtaQGhZIvte4wvHMZnx7F
OuHXbjvqLhAywxFl+vH+BTNrf1KmuTbQCnglkzYJYkkw2Ii9RmvSTHm9JIPHWm61pSuLdUIys9vT
4ZywqHI8Qj8eIYFz38FN07Pj1C+uDyprbf5mYZ33YJmYQcqi5pasq6oGHVsEL9y4Vzw/wN6k4ffW
BXu+fBFqd97I1m6qZNte61OFB6xk+p78Vuyc9UCvoSqUPljkW+ewtn1ot9N1c6msNTmy6aGbvntY
sGXphZLHDr0TVxa6yKj3cOhsjYYLxLq56D7uMBOjd6ieqprtVMyV3/Zb1s3yJQv2OLU/ub++s2RJ
98Yeoalf2Hg8i7p45WLcF3uzw5qTbnfct/uu6vfhb+uX1KhyasB8NC9tWUWTWDfoJ0qO1sTBAx+O
HpPdcMI5BkZLBdxE5gpA6UtYAbQALs8+GboW4rnd84SNtVlzA8j5aQFjyCvWkEVVpo+A7iIcOpCr
tbht4IIZNfivgD8WjrhFa9JkdFoSrXc1JBpAmVpJFJactGnAoeS8RVsDpFM5/TznqkpzicIMUIFA
kSCclTaM8/OeS5OS9KutUcLao9AoLW6qxJuM3UUOPgV0eZPNqw/J6IvgeAdHmjfjFhXpnCVJexVn
A7NCMttbXWQiXOR2q1eWpBWNP5Kj1qCcIFvTmaRrXqRkHB8i5m9TaF7fuVlw5dU6n4Di+vDB+gyX
XbkRLnkuKduCXZwyccJwyiltqeE2nFp0Zh6jWwRKZwab6qnlLpMTmiKdGVScNhAlYHJ+3fKK69n3
9QzKeNWKrX1kAi92Pjl1OemIUkXXscrSqxEXhhz2pe2717qkP+exzK0DBy5fb+59+uSPazLJLqab
rZ/N2Z49IHfve2ta0+MYiQX5XUe/qJsyKdDmQZxVUflnZ2NrN7qZcQVNteQ6M64pozEjKHFdXpj6
hotTfpDWpTtVdBUfOOq7PK/S7mhFQXr3ix/i/pj8u6ufkvhk4Wht/g0bNvCrwdKhh2I94KJFSgoa
C8lKufgYPzjWh2LnCgjjY63IfSga5stHi3GMEebngpV4OLnwg4y+E25YKQTSRFj0jQ/CAJwsQni4
SoUkuipO8DRxtBetyekuJgCXc8FqP5VshMbHXNlAVkkM5wHNPsfI9XfilHVc3aZzuuI/qq6BIhUB
4pjMCwP440USFTeO27SLL3DMgjULYJk4ARybxuODbaYSfHjF1tqzUzj9eScrWo9zT6dP+0JXrSkz
eKnhvFJBj/sZzlil72debs72FEqQD1xMNz0rliZYGZ+Yqb5yXfA13iVaYTXWvIbn9+yMWFdi7OKR
b2qrlyTk4/y1gV4apnuuwaP68LTGtEZlhyxFp+/XTMpuyVojV2hJh/XZ080MaTgkDhdLU5U67Xw+
QNalflhZ0qlx384H1q3Wg3oPssXKCvfkdidaDRU93Fcf2Wdt2CsR2LP9bGB+ycPfC9ZW3nvifHco
Ks/hRFb+/eCe2XrTbtuq/2oU1VyHiMWdbdmDgf0TNuXFtWR5TJXLvLpJR3lgcIuVaEZPtXyuimSs
dKyAeENBfodYWn1c5EOcFCUt/yVmTnn5HFF+BdBrJSUlRaWFWNBFV8FxpuFQfeuPrvGruZN5XFUO
RXtwkD5dw59DBId5MXEi0R5YxV2TORVFlbQVakDXyfgPH0iRVGELN+HJ5msYXRB+kBfgx1TJyyPS
pHBcKA0ZQ6wYzHQYq6ztfzyCf+oMaewbceSvBeUgeZHgjaHglm1n0S1NRVQEYKFtcX9BGIjr5PKT
9bPkPeUWL1KjjMM9GHiBZTDoXAFzRebyi0fX+h/HyeyhBTzchdqrDi3VSL3UEgfpvJCW1JCQ1aWi
tTrbVjgF1+tXC803M/7pgu2CmQN2IVJOCTlTV9+b1Huyr+nL6klxGfHHV6oN0I/uMRzOpfU3lP5A
ry4N1csMn6QzCBVJw8e7036u2g2h5E6Yyzdj/rYVempXPTa5C9mYVzli0WjKPFUT2nbQ7cF+wbCv
DJ06Kh5OaK6vlOzuy8/fvOJWgr1Oy4BWN51cikHquVCrpc3n+53Ot4Z+MyflUUFBtb2VnlFjyU1P
mRdD5VOa+/cbHVyMCAP9p1H6Ztv1JNyrDU5wJbwQWvTrQQ57x74LdVdk1MfHuGeGHJDdbrs+1OGg
vP9vg8PdSjiJ4+SHqxVoa4hjXxzLuWG1NFxtSfxHUYVDC5UgTosR4HSX5rY4FPuTKLd7Mo+7gNsG
PvfUQ+JwzSXoE4Mp+K5YuAWgCCjOowrjXmMVx8MwK/bgINB8mKqpdA4YJ8POO1q2Bq54kOyhqEly
l4zkzbUHaqArJd4dpr3oxiSaxaofUZUWd4OpAUB+03kqglIC/vYN/PHzVPnjJwhv5E7xh+n6/oZT
pOPd+bHLh3F+afzgOB0+UZz5+4+zmO/Ol6rWhCPBQSH/o/p36EJzJaZMNA0+diSxNl1dMq0wxHrh
vc0yzkK9J69o2k7fHHvyLFkGyHA+nwKhfxJOAAz04mY29RllSLR6h6e1ZbiIX9a509yefvGUs3pl
uoisKl0zgCddXVC2BnN3nX7I5shu7LO/kwx+7vzsxJkXPVO3eZYVpJr8MWlZUPs+vSm7Ki5NULuQ
mPDNwsKa5/u7LIaXB84u7KL9/OxAWoPjgR179tfVGmbt4feUaHzY9kffFtUBRJw4mJ593+Y3yfhg
nWubvtt12+5cSOXGK0stMxd4Tlb4IarMa+hC43q7PtXfeoafwHLlKvNgPahgiLb8aVhvuc+IKmuL
w4C5NAc5jZWH4XZFPBT8+fwEDkXjMFpJQTheUZtjDJ+oqQYObLRXKeDjw4OTrECYEc5JHys9mSzu
asNF2cdLTYY0Spi84NsqDS2Yu7doBj4RLBidurE6pLuVNVsnrestI57ykxg+MsbzxGOm89I5eHJW
HZLeulEYe1pPYUzRnzaKTIbkPxHHcYl0v0ZpHLuJiJuu9vvR/cIC043cqvTx0lznDitIqfKnwCXc
YE3OSwViKptPHZYo9DzuLOa3e/H0YtHD4kPRmzP0rfQMcmkdBoPfTc/uMnjUY9NnVGrdiI9ba1yb
122jutmhs9Ka01J3mrWv1KFnBhQt8FqWIyW+tTZRodnrpr3aucqNcttWTNT3SL1+8rSzXZ+W/YtF
B+Y3Oy2tLe66ItMzK77DvdBqdsrw9DnLi4dmy1/w3hveuqbbJUu18Xnerc6U9qe22b4STw8uKpr5
KDJrzokDRma+e1u1hqQXBelYaDw2HKuZ7pCZ1j7jrPHBEiPTjkADh4Mrfbvm+ElBZWWcEvaXC+Ox
woqIL1Qw5cfpcrQGFFkUNPAx0zmDMynX+PH8ApwwaINjKAV8hisJ41QKxylQZOXnUtDg5wAnygMj
zHBN8QHzH91nSIvzxAvgSAYuAFXoZooPJmPBbC4G9dyh1ywFLtJgsPIkeRsuoo2jZTf/WGVt17OT
t06cK53itVhXxWOccM447gAudRF80FcHmK/GIbcSLLOqFDBXBQdIcPG/mAWKooqMawgG+Z/m4c07
rOIp8kAk1Vjbo2HKokJje5/K8RbLLK+Ih+g6T19kZnwkwSkhvs65pVRAvjVNL/Wo+OOBxyYr7j6x
eLIN+0m92PTbRhHW8XSnC2kW6svFMHVrHUStxd0TRGfuPBvMXBbeUf2iafr2MVrzEoLTqiZfysts
2XxePUU2p/FGwWLfmC8CMx86hKeFhzqs/2p12e7d7TbhISeKL5d+7jnwxxff97YG2vtaX7vrtWdO
8fMtq/q/Nvp2cafn7N791XxxX8wau9G5orF0+9qm6s4Ix94XTvOetvbc5fOj4WxFfLKImJKItPjC
8ZzC0txw2V8c1HJCYVSF19UUv4JDUUkkebWCNvaEIqncW01EYsXgsl8wOUCRR2UyBC+uyXDgNDSV
18CVYCbP560xpfHDde6UoM9PkQZt8YyrYsPYGmYWXFojWJac6EqSZQZcD1jVXwc7t+Pe0hK205Vt
hC/spFtyN8BC0nSBicJbFyqOicWJNYywcEN5RSTIzdRd1X+izNxYHmUdfqzQZob8wVDbnhtvlicS
JyHnmlMjpXyD0yZFIV1qnFmw9HcKTY4JXno7rJu9wwebE1yyv14vN1Q/VL0ry9nX6JvPZjy5cxd7
QFX9ECtNnLIHZM8IbkgPbtCCpSV0uRvGwvK9F5UjjxhY8gwd6i/w6OL6wzdw6alhp6GuCbU/BWZE
bKHFbFtmktjtLU37pbis1fRWdWlXndHRc48PBM4JMzJapPZ1llP+UtMD92/vn3DnD6NvF3SWTJj9
yz3pM06Vv6vROwIzw7tQG0EQpzAu194vG4P/+mPYaO1xcDTbsVjTzMHOyX6bmcPLW5pmxqZm9pLC
Oxy22dnbWJpICuua2TtY2tl+Lb1YCv6TFF7jZOPoZG/2ta2Zk6O9sY2ksIaTiY3ltu/M9mjbWZvZ
fm2yfLmx3Da5ZUvlZWTNpFbIz/vzhznZOlruMGM9oGXmyEG8Mo1VivD/qU/4eweVc33835sLA/6a
M1+vaG+829J2+2LVbXa2ksKvP/ghX0tKxlzOfLn50qWmclLGMsYWIz5mtaXjDuOd/4EPYh6H1VZh
oXOG7WLkB+ZWP6w69qz7yuSpcJgMMQQxVmIcwliH94GAKOFIWBCWhAOxmFAlthF2hC15TGeZ4Cds
iVWECX7ICd+Gp3cQxsR2woxYcpKLmM14wRr8bmP8Fx5mf0l2LhchzHiJIr5rjh92ImxGbEe1gIuY
wXiRNr7rMOJpsSIuQoGAUwlhG8M823jh0G34x3ceF2x/yihnBHwcN9xQNHY0Jm9oWbqYfcbJMfLF
8DAH89QaPxbOs9/x137Tq7h2W5o6WoyzMLPcbuGIP4GbnVGfw9sXZ3HBtsYQn5GPjSGEiYXCnIQz
vu3qyrzPPYaIxI8pKDDvryaI6oVchJQU437yfIK4Z4WPhDDzPh9BHPfjIqZPZ9x3H08Q38RwEXx8
jPsWnPj9qVzEQsYHEozPFyYoo4wyyiijjDLKKKOMMsooo4wyyiijjDLKKKOMMsooo4wyyiijjDLK
KKOMMsooo4wyyiijjDLK/ktszAeCMsoo+zSNncccHwhKCyij7NOzkbyHbi3O98RYJth1gDLKKPu4
jZ37wGNoJoYGzfEYPBgT3gIeJrgxxhGvtIClA5RRRtnHaSO5DxzmxeDDEMCANvtpbwG8hoYxGWMS
wdAC0IGxBBUHUEbZx2ws7oPPB3/PRzBW1BDBEMNYhCH1FizGkMCYjzGbYGjBRIIRQ3xIDEDpBWWU
vbt9aE2e9Tz4aeDq5xgzML7AkMX4FkMJYy2GCobqCKgwoYyximCswrMEYx7BiAkgjmAtTPQu34Ma
V6CMsne30Wp27HhbHY7d90MeD5wFH76cYHBeB2MTxhaMrW8APLcZQx/je4KhA0sxhDGmEAxdYeUB
b/sNI78/6zdQ9UTKKHtlIzkDeTvk25C7jyde1eG4iL+uw430/UIYUlZW1seCg088CgkJRe8LLy/v
+rlz50JsAPkA5BETmN/vTZ//pt8wnvm92H8DpQOU/S8bezxMLsZIMDgCHIO6Gz/B8LlQh/uc+Tg8
D9waTQPGMJ8bz3yf6Lp1643Y+Uynvz+OHDlSgLclgzGHYNQBRssB2LkPvOcZ5TfwMd/PPq5A6QBl
/4s2sk7P4j0fwYjbZ2HMJRi5twjzPtThgFPcxJ81YGTsPx1DwsVlbzRwOD8vH5WXl6PysnJUVlb2
CqWlqJSFkhJUwo7iYhQbG4dOnAj5BW/rS4KRS/ARf84BRnIf6gTA+ZnM3yDK/B2gH1CPAC0AHRhP
/DmmoTSAsv9mGxnrs+r04N+B91Bvh3od1N2WYcgTjPwdavLAI4jB+ZjvYdcA1jaBf8At4J7UDz/s
ias6dw713r6Nbt++hW7f6kG3AD3dqKcbcBN137yBbgJudKEbXYDrqOv6NRLtbVdRZGQUkpdfqUsw
xg+msH32aL+FVXcA3ktiyDF/wwqCEUNIMJ+D3wE6AFrBTbw9t6GMsk/ZRuMK+FE4/4EH4N/Bv0oR
DF8Ldfp1GBrMv2sIhh6ANoAP5SNe1wD28X54DnytHM7fG/p6e1Ff7+0P1gCIC/T1N+4kGGOHwO0J
xKscgP338DB/C/h6aYIx3vAd8zdALVGNYNQTQRPECUZNcTrz+46W21A6QNl/g70p1mf5fOAqcAv8
JIy9bVBXVz+0a5d9ppaWdiC+b4KhRzDG5sCPwqUPZjDfz/KdrHobcBDm+UCsIB8THXP9Th/w/8M1
4HJdHdq/70AUwfDfs/7icyHXh5ojjBeAXmlhGE2bNs3WytIq0dHBKWPx4iU2BEMTvmVuD34La44B
5DbsOQGlAZR96sZe32PxhI9gzLODOBjiYdb4nLaqqupRd/djbaGhYQgQFhqOXPbsrcXPWWMYEYxY
AOIDiMUhxgfOQQzBqhkC94GDoCerszKz0J07fejvaEBrSzPyOOZZTTA4y4o/WDn8BOZfyAuAx5Cn
QOwC44fbFyz44nDICfqTiPBIxMKeH1yKBAUFTfHz6+E7Eox4gF0H4PdQsQBl/w3Gzn3gCvAE+Ann
O8zJUcBQl5RcZLd//4Eq4Ds7EhOSyL8mxibZBEMD4ApZ4D8hVgANAM5MZwL0AGqFkHevnDVrln5l
RSXqv3Pnb2tAgH9gF3xPgqFV8LnCBEMH4HMFmfdBc77B0MYwExCg7fX29u2NiY5F8fEJKCIi6iXo
9LDH9vYOJwlGXAN5wdcEI/cRZW4TYgxWLEBpAGWforHOWVZuDNxnxfpfYajOmDFjy66d9lksvoeH
RZAoLSnFnL2DfvnlIRoauosK8gvQ+vXfQwxuiWFAMObrQRwgRTBiCACrZqiAgVOIdYdJ/vff+dsa
kJmRiQjGvCDgKnActAt8vTjzs1n5Pvj0bRg7XVz21cEYA8QPgJrz51FycgrJ/8jIaBLBwSfumphs
C8Wv1yQYcQPoywKCoSmsPONN452UUfYxGyvnh1iWj2DkzuCbgT/fW1vZxOHY+DGL84CcnFw0MDCA
Hj96hB49+gXz/5eXGpCclPJUTm6ZN36vBcGYxwc1NagXQAwN+TbkEJAfwDw/I0NDo5jWlhY00N//
tzWguKgYrVghf4Rg5CDg3yEGUWL7bKhNAIdh/qCdiYlpLow1Xm1tIcHSgJbmJnT2zBmUkJD4UgMA
Xl4+V7G+uREMfQENg1oo5EjvOueYMso+NmPF/uD7Ia+F2HbFli1bDwcHHR9gz4nBv964cQM9efIE
PXn8GD0GjNCAO319KDAgqFdAQGAf3o4VwagLgk/eSDBiAuAm+F5LGo32g4+P3+3Ozk6sJ/1/WwPO
VZ5Dhw//1EijTd1NMPTHeJTPNsOwxTyOzTuVR44dtl1tHVUDGup/RkWni8j5BVFR0S/h4eFxUV5e
HrYJsQzkSXzE6/MNKA2g7FMxFv/Bh00zMtqigfPoy+y8T8HxcAv20c+ePUNPnz7FePKXGnDt2jXk
5naoBW8PeGiPAZfCtsF8362hsSHC0dG5AvO+l5Vn92J+g65cvXoVNTc3oytXfka1tRcxal/hQi26
8BouYH42YNRj3rZiHreh+p9/Jv10UNDxe4cP/9hka2t3evnyFR74s3cwYYfhKCsrF5CYkPgUeA78
/ysNaGluJHUgNzcXRUfHvAZPT6+E5cuXgwZAnZHKASj7FI01H5fX2NhElr3+FReXgC5dvIS5/Qg9
f/4cPcf8f1cNaGhoBA1oVVBYFYFz5zzgO3AzOjoWpaSkoqysbFRYeBqV4fj7zJmzb8TZsxXvheLi
EnQK+/XMzCwyfgd/HRoa9nTfvn11+vob09etW5cYGRn1tKmpEXW0t5F4Fw1oxq+/XHcJZWRkvKYB
ERGRTQTFf8o+XWP5/wkBAUHHWNwHLgGvf/vtN/Trr79iPH9vDQBuA+djY+Mxb7JIvo/ka2lpGSrC
eftpHGfn5eWTyM7OGRU52bmvAXien19Abhe2AdsCzaioqHwJ+A6wzbS09JechbkCnR3tJN5XA5ob
G9D589UoLTUNxcTEknB1dYM6KSv+p/hP2adkLP6PDw4+cRT42tjYhH7//XcSwP8P0YAHDx6QMX1R
UclLrgM3S0pK0elCzPVT+a+4nPP+yM059Uacys1DhQWnyc+Cz6ysPEcCvkMFBnD8WmfH39KAJgyo
h8TGxCEfH18Y54CxU4r7lH1q9rL+f+yYpyrw/8WLF+iPP/74IA24f/8emcNXVVWT/hc4BzwsKCh8
bx6/RO77AzSAhfy8AjI+gFiApQXnz5/HHG78WxpwrrISxUTH3iQYtVOq/k/Zp2js4/+8OJ/tBv6/
rwZA7R5yflbcDbE4+OB/ksckTr0/INZgoSC/EJWWlJHf8dy5KlRdXY1+/vnnl/x/Hw2AnqXwsIif
iLevN0IZZf+2vW0tLLInPygoaE9fXx96Vw14+PAham1tJX0qcAp8PeTbf5fHkNPDNs+dO0fylB0Q
07Nz+jXkvTsgJjiLt1UFOoDjFRhLeB8NgH5lF5e9MK+I8v2UfWzGvm7Hm66Xwf5a8F/cdnZ2i4Fz
YH+lAeDzr1/vesX7Ygbv39cfl5edQXV1l7E/bSbrBYODd8nawYMHw2h4GPAQPQQ8ZALfHibBeP72
7dvo5s2bZOxx/nwNqT8Q75PIfzeADkBdADTgQk0Nye+3aUBjQz2Kiow+RYw+9+d99v3/hHl7eQl7
eXkpeHl6uQYEBEbR6WHlnh6e9328PLIwdmII/9vf8b/IRvbywfk5jnh9nXz29a1Ya3KQ83/p9NDT
4NvfpAEw9+/ixUukL4Y4H7j2rv4YxufgvW1t7Xg7gyTf794dQkNDQ+jevXsY99H9+xjk7ZFgvA4w
ODj46vUYcHto6B65LdCE1tarOLY/T85JfoXC11HwOoqLSsg5RKADdZcuveT/aBoA8wM9PbxgPhEv
8Wrd8ZFc52Tb/1zEn69R8F+nA/5+flJ+fn4afr6+rr6+Plm+Pj7lPt4+yNvbG2ENQJj/KDAgEMXF
xqGQEyfQBg0NpK2piSzMzdA+lz1dvt6evhga//bv+IRt5Do30J/C6n9j9cLBWDWrd40FeAx68wT3
7t1n0dLSiljG0gDQBJgHBLyHuBli9L+Kr1l+GDgP83lgXlBf3x2yZ6C/vx9z9S7J2weY7yxA/RB4
fo/k+V00dBf0YRDdxXwfxLrzpnmC8Bfuw3OgTwP9A+Rn3L7di5qbWxhawMZ1qE38CYWnX85JgPol
xBMwT2A0DUhLS79FMPqa+IlXPUDsfGfte9BUXibYr1fySY8VBgcHSQUHBWkEBQa6BgYEZGFcCfD3
R5j/DPj6IqwBKCIc+sMSsC/IRZUVZ1HN+WrUdb2TnK9dUlyEvDyOIfudO5GBvj5SWbsWrVVSRvp6
ushh107kfuTHcj8fr50YUv/27/1EbGT/PmvdDpijDn13M5i3occHuA5awFr3chLzOZj/K5eWmv4I
sRmM6cNcIPCP0PfzLnE11P5hjl5Pzy1069ZtkvvAeYjvYX4AI56HOP4BGiZj/j9rAIBxnwHQgXeZ
K0yCvN9HAm7f6LqBLl++QuoRi+ssnB4B6CWorDhHasDPV66Q3GdpwJXLdejYsWPQD8Te38zalyy+
f87cz7B2Aqv3kUa86oVm6e9HHQeE0ukK9JCQrfSQE67YX5efOH78yvHgYHQ8OAhh/iPMfxSIERMd
hVKSk3FclYeqzlWgy3UXUWdH26hg8b8U8z8jLRnln8pGJzPT8DYisB64o112tmgj1gNlJSX0nZoa
2mZijPbv3dOFdSAKQwOD79/eLx+hsffww7kFfIZzT5hg9PFCHxz09ME5y1qrD/guwARoA3Af1rtQ
DAwIaoI4Gwx8KcTEkCMDV16Pqf8cV589U4Fz6BZ8jGFufjfpjyFXH22O0F9pACPWv4e524e6MHd7
sS8H/firOGC0fgEGGBp0C/+9gb8X1BygZgHzjv4K5eVnSA2AnAX8PmgA6IOBwSYn4tU6J7OY+xr2
I3AcuA59AfOYz0ONEHoQWdcqmUq8WiPxo+gZiIyIUMC+emtEeJhreFhoeVhoaBcGwvxHmP8YJ8h4
PTkpCWWfzML7oADVXqhBjQ0/v5Hnf8n/m5j/JcUv+c+OvNyTKCM9BUVFhCEP96Nop60t0tPVRWqq
qkhHWxvZ7rBBh9wOXvHz9XbFkPo399tHYqNxH3pTYR0MWLcC1rNSYwL64aCPHfrXWL2xoAlSBKNX
V2316jXOcbHxZAzc0d5Bch/65EbmyyMBcXNTYzM+vl2Y+90kV2FewNvmCY6mAfBeyBMuXaojawyw
bajtNTU2kXrAiPM/oGeIRA8+/7rJ+iVsH7YLNcA3AT4f9gX0HcC8H5i/7O8fUEMw+oihTxL6iiWY
+1GCuS+hR5j9WibKzPuyxKv1ST4n/h/7hmJjY/hiYmIUYmKid8ZER/tGR0WVR0VG3o+KjECY/2Ss
jvmPoqMiUXpaKsrNycZx0Gl0sfYC/t31783zN/P/GtmzVVZaMir/R9UD/DqWHtja2CBdrAM6Wtpo
i5Eh5Ar3/X29ozC2Ygj/J/fhR2rs63dAbDnaNTW2MAE9udAbCz24cG4qEK/O0++NDI08o6NiHsOa
HmWljDwY+DEyXmYHcARyg86OayT3oX73vnOFR2oA+GngOuTt4Hvr6urIGgLUHtra2sjn3zcOGNk3
COMGEFe0tXWQvxPqf6+h+BVgH8BngwbAeGZSUjIKD4+4LiQktJm5j1cx9yX0GkOfMWiDLnN/G7Lt
97XM4wIaAHEC+zqF/wj/kxIThBMTExQSEuJ3xsfH+8bHx5XHxcXdj4uNRbExMRjRONaORvFxcSgr
MwMVnca52plyfAxrcYzT/I/x/N34n4I5nvNeYOgBKz5wRzZWVkhLUwvp6+kha0tLtG+vyxV/Px/f
AD8fhX9if37kxp7zs9bvECYYcTz4HFjjCnpeofdtJ8Hog4PeWFZfLqxtA+epgbn5dnp8XAJKTEwm
x9hhXJyVK4/Mj2EOLwDW7oBa+7XO62QtH3j/of0C7BoAtULI1WFcr70N5uh1kv2BMFenvr4B87br
rTXBd9OAG6RmXbt2HW+3kfT1JN9xbvAnYA2A8U7QIRjHBA0ICwvvmjFjphnbfoS+YFaPM/Q/2zL3
vQ3zOMDxAH2AuAzyA6gHfFDvUGpKijCGAs67XVOSk6KSk5PKk5ISEQDzn6y7JcTHozTsy3OyT6Iz
5WVkDa4O5+b/Hzx/G//LMf8zcZxfkJfzt5CXm01uJzoyHB07egRZW1kiI0NDZLJ1K7LbYXPfw/1I
1gcx69OwkdfTmbV48WJ5f7+AU8FBxxsD/ANbrSytMwQEBGDdir0YezCciVd9ubBel6WJybaY+PhE
JvcrSF/H6ssZDcARiJ2vXm1D3d09JMf/Tr/ASA0ATYE+hM7Oa4x4AQEAAAIBAAADAQAABAEAAAUB
AAAGAQAABwEAAAgBAAAJAQAACgEAAAsBAAAMAQAADQEAAA4BAAAPAQAAEAEAABEBAAASAQAAEwEA
ABQBAAAVAQAAFgEAABcBAAAYAQAAGQEAABoBAAAbAQAAHAEAAB0BAAAeAQAAHwEAACABAAAhAQAA
IgEAACMBAAAkAQAAJQEAACYBAAAnAQAAKAEAACkBAAAqAQAAKwEAACwBAAAtAQAALgEAAC8BAAAw
AQAAMQEAADIBAAAzAQAANAEAADUBAAA2AQAANwEAADgBAAA5AQAAOgEAADsBAAA8AQAAPQEAAD4B
AAA/AQAAQAEAAEEBAABCAQAAQwEAAEQBAABFAQAARgEAAEcBAABIAQAASQEAAEoBAABLAQAATAEA
AE0BAABOAQAATwEAAFABAABRAQAAUgEAAFMBAABUAQAAVQEAAFYBAABXAQAAWAEAAFkBAABaAQAA
WwEAAFwBAABdAQAAXgEAAF8BAABgAQAAYQEAAGIBAABjAQAAZAEAAGUBAABmAQAAZwEAAGgBAABp
AQAAagEAAGsBAABsAQAAbQEAAG4BAABvAQAAcAEAAHEBAAByAQAAcwEAAHQBAAB1AQAAdwEAAP3/
//94AQAAeQEAAHoBAAB7AQAAfAEAAH0BAAB+AQAAfwEAAIABAAAf8xzydxg3bMSa0NHR8U7jAu+6
fgCsHwSfBdtnxTxvQsXZSlIDYIwD1goKDQ3rnjZtmgPB4DvwHPgO96H/2QVAo9Fcd9jsyDgefKKV
HhLa6Ovjl0ow8i/I02Bc5o3XLs7KyJDKzEjXyEhPd01PS4vCKE9LTUWpJFJwPpKMMP9JXw519oqz
5WSd/crlS/8ax19H+2tg8P8mzilL/xH+jwTkDCw9OHrkR2RlYYHwuc37H+bhv2Ejr6dBxv1BQcez
gcuArKyTmK/F2F/lowMHXK+sX/99En7NAQxYnwPOzf8j7zyA6zive7+K34tf7MzEz0mc59hOnMy8
PCeO7SQeF7mqWrIsWY3qhaREqlEiRVWKYgEp9t7EXtF77x0gem9EbywAAZACSIikSALgeef/7X57
9y72VtwL0pM78x9KRLm7y/s732nf+RY99thjx7BXFusZcvbSF87MsI6HkROrr2sQrCA/N5X9Ao5s
ANZ68H+abQt6gfCzyAd2d3ezD1Av+He3NujJDBHYgHaOByorqoQv4EjweyorVRsQER5JzHQfGFdU
+wo7u5S1/NFHHg3bsH5jS7LogUzmuDpGfD/EtjlUUX0A5A3/gn31HzPDj8bHxgbEx8fGxcfF1sbF
xhLzT7GsmJhoYhvAjCfzvwP6Iws4HimlutrqW4ZtS3XaC7MakYeBP+IP/q3sQWpqCvyyr0w3oH58
GXN+8B/hR/7jvHlvvgTuwTN81EvM1LVrVwWDiMvrauvwtZH58+fn33XXXUcefvjhsKNHj32B79fZ
57XdinvYBPT6gUv4y+DbVZ+gtzYAtXv4F9hLhF6fy5cuixoe2EcuAJx70h/giQ3o5tijtbVdzCGB
rcsV5xFNFmIB5D3Q4wCewTn7Wet+8pOf7l380cdlHEuNoGZSV1uj7xmqr6tlXzyRIiOihLZt3Zp9
6OCBpoiIMIrl9Ts+Lo4SWPHxcZSelibONSguOi58dvQc3nKMd3qu3l6Vf+QcYqMj/c4/FHj08DZF
jYsx2xJ1L3lG3J/qy7j2416QS/rXw4ePtIJlCDV08AbupA1Q4/NrIu8F1kNDw4Tg1yLXhj+NeS+j
EBM0Np4Qfjh4N778YQNOMZfIt+G6cK1QJfvdmDHmTY+QJzagh9co+CDIPyAXAt7Rq2xWkWYD4uMT
BM8x0bGid6C6qtLhvkHUzfC9UZHRFBwYLPJxCRyfIx+Gn8O8ofb2VvZx2oRuOuteMC7VZSHwj2de
yPzHxURSemqS3xV4zI5/1GBRn0XdVp5T8xWNpz+FlzHnh7UfOb9/XrNm7QbJc21NLXP2hSZrGwAu
wR0+42Vl5WJfnMxzmQX2GxqadH9fyt82ALEA1v0+wWyfZY+Qv2wAcgLCBtQ3iLUevoBR+ZrwbJAP
KOdnCN7d2TuMuYLgH8L5B1gLwf4J/p62thbB/58C61Z8u9JJyX9BPvMfNS38Bx07sk1R+f8HxZ5/
2Rcn58SDpVvdNzDX+771ox/96Pbg4JBRsI+1CNyAL1c2AL411lh8nq24h03A5xu5ccTfYBuabhvg
qk/QnzagrbWNfe8mXuuLHc4pg/1EvGDsE3RmA7DGY34I5hJBaWmpVFrKNra+VuTm29kGdPjcBnjH
ujeMu+Sfn/fxwluKf+RhwT9iA+TR/laxP8v2S9MJuJOXce2XZ2j/y+7dexKRv4OQIwNTKluObQBy
AzU1NeLz6yjPBZ+7qemEmAE4MTGu8//fyQagVxU2oK62Xp9pYiX4AI2N1vsFrGzA8cJCnX/MFczP
y2EfoEJ8va212Qf8e867r1m35r9HPG/UItH3Oy38Bwr+pe8PfVtxj/+/UezPt0ec8OfKzevXNMb9
WPv/z/z5C2ZL9rOystSeO63vzpkNaGlR9/Lkav11ZoH9hoYGwb7k+L+zDUCtE/lH5P4LtVlixlmD
iBHQV4zzDNy1AcnJyRQdHSOUzj5ARXmp6LWT/HtmAzzjfTpYd8Z/0fFC5j+a+Uz2u4IDj25Tps4/
cuxf0wRbIM+DnU7fwHiGNnyTbwUGBrWgDg2pPbeXXdoAkVtjn9WKe+S18Hmur68Xv2+cmZUM+9sG
4LrB/iUr9g2S+/+n2wagL6Gmps6Oe51/FmwmbISzvcNGG1BZUcFrf6xQfFy8iAHQU+9+DHAr895h
qZO9veJZg/+EuGjKSEv2u4KD7PiXvr/M/zniX+6NMfP/V5rAH3IFcn+nPG/Wn76BHf979uxdIuvJ
tbW1Yu1U+XdsA8CT9PvNOS2R1+K/R84L7Ete/WUD4IfgOsG5ZNobiZkhIyPTkg9obm6lqspqfZag
WcinIA5wd45Qdna2bgNycrJd8O/+Gn+z+HYlPMd+fs6oa04X/yFBR7e6wf/fTZF/+AOID4xnQvqN
/9mzXvp2eFjEBbCflJgk1sLLly+5tAFYw1C3cpTLqqmuFfv2wOfY2HW/2ABcx+jo59qsH99qZETO
A/FfbRDzEcC5eTaZFHqXW1tb3LIBqOsnxCeIMwvi4+NFj4C9/3+zefeO864ua5061SvOfCkpLrrZ
/Jtz/474/7oD/uVMDSv+/5dim/XgSzug5//CQsMDZR8J+uURL4N/ZzYAfbTIU006ZyO/UKiivFL0
v6n++XWf2gB8HdcyMnLBoc6dO184MDC4q7//7HtdXd33drS3B5oZwlk/Pd3d6h4g5trR78JsILGH
2E89Qk1NzWJvJPZJ2EmbHYLcibvzBDFLFL2aUF5envg+/Nz0Mz91vl3Jnv8Y5jPF7woJOrZVcV37
k/xbxf5fV+xjfzP/X3XA/5c1G+Arf0Cf7yPZxzwOxMqImV3ZAPilmGthlb8uLiqhEydaxO+R/QG+
sgGI78Wcrs+G7XT+3PmT/X39n7JPcp/heemzdE40NeTDR7YSf03kypqbsU+gQ9gD8++X8kuvcEeH
2Iske5OgEoPE/oiWZrdtAGamSBuA7xO9P35l3n+cdzvRaeYfz7i0pJj9HuY/PcXvCgm249+b3J+Z
f+n7e8K/r/Z5Cxsg+0e6Ors0/p3bAMz1RZ3aKncF1dbWi/XS3CM0FRuAr2Fmp5zbJzUwMFDU0tLy
tPa8JPPmuYS3tTQ35SMWlrzAL5bC3/PXhWALEDcjp461GX6B+T0RD/jaBmAvMvYno0fRLJsP4N75
Ajh7PD4uQUjv/fMp875l3Rnj7vBfxvwnMv+ZzKe/FRocKPk3xv5Tyf074l/O05LsS/7l7MfbTPKW
/9uY/aOoHWMfO2r5rmwA+vblvF6Zr5ZCLNvTc9Jhn6A3NgAxPrg7L9ZeVX19fcXl5eV/UGy1E6cz
MZmTPNXnnywrW6Ce11nLMXSN8AkQ7xjf/7yP/YDe3h4xXxB2FbybpfoALeTOGSOoBYB99BSCfb/z
7mfOHfN/kteifrFH8Sbz76/cnyP+jZ/xqdqB2wIDA/838x9fWFgocvrObADWfjBula9Gvgr5LNgI
Z73CntgA5OSxBksNDg5erKure9PEvcs5uMx5nhX7zuyBtAPIq2HvDXL2xmuBzp/znQ3o6uoUcwnK
mHehMnuhv9qdc4YQx2GusHo+2c3h3desO+Ifz7dc8B/LfKb6XaEhk/ifau7PE/5lPOtL/hX5s5GR
UStwnpUzG4AevmIHuWr0rAwMDLq1X8CVDcD/I+8mZvBq6unpSV+wYME/K7ZZN27PwPaEf5sdaNHX
VMzrwrxO9NvCBhqv65yvbAAL/YGwr/ADzKpmHwBxgiMbgOvEmo+zBzo9Xve95306WHfKf1npNPIf
5Ih/o+/vLPfnLPfvaezvK/4V+fMREZGP5uXlj6APxmwD8LmWs7PMuWrEqdjH76pX2B0bgP/H/H3Y
Eqn6+oYt2nP8qmJ/RqZb9+w5/612/gDiAuQGYAMwxw6xkvH6wL4vbADqEcgFwgZYCeebWJ05inwF
9lai5uc++94xP32MdzoVnhn2cFawvUtKiKOsjFS/KyxU5/9WyP35kn9F+/k/CwwM+nFaWlo9aitG
G4BZGcY9tEahTo3Pvjv7BVzZAKynmPEtxbHFQsXGvlf5T/f5V9dSWTOHrGxAWVmJyJcar3PIRzYA
zxn7kys4jldVqQt7g8C90QbUc8wA9hGruGb/VuPdOeNO+ednhueKfdBJidPK/1T7/iBHvr+z3N+0
8I/3eeWVV78VH5/QCH8TNmB09KLw763y01B7e7vb+wWc2QD028C/lsrPz39Xe4Zm9j16ueZ/MveO
bIAaC1SJ+fQ418N4vefOTd0GoK8VsT54rzQLZx61torPP7itKC8XvX6wS7LH79Zk3gvGu50LzwvP
Fv5Y8s3hfzpjf3dyf55yYf5Zed6PmP29evWax1FDRv8+9syjz78U9SijSsuEXcDn3Z39As5sAHJ9
2KMvlZWV9b72PI1nY3ll45zz75x9axtQL86mwOwp1AeM1+2LnCBiKbBuVJUmzC0EH8ePH6eUlBT+
dykR/Nv3+dp6/dxh/qax7oJxp/yfUfnHvOHkxHjmM83vCg8NRhzqj9jfUd+fJ7k/d9gw8y71Je33
/7l2DX+9fv2GV8B/enq6qD2Za1IyT42zvNzZL+DMBuBnzoizNVTl5OSs1Z7xXyn251t49bLm3z3u
HdmARrYBiAOw/rZrs8Qh1KSmWhvEGUPY/4O6n1mIAWCTxXnIyclifh/qlKhXqPfTZie7nh+/MO8f
zntcqI/5H5L8JzH/mWl+V3iY4P9Wjf1d8WFe541nzH1Ze1951te3A48FxaCOjLo+ZuVZ5aTho8Lv
dWe/gDMbgN+B8zSgurq6PEU9Q+hvtOfh8Uxr82sy/56zr/Kv1dv4d6BfEHFAEfOHM2gwS1zeA84c
mYoNQGyLWipy/vCvzGpqatLPQc7m94YPjNwf8oCoA4geJ23+j5wBJvt//M67Dxl3h/9q5h+z/LOZ
T38rwsa/0ff3pO4P+Sv2d8aHkfv/qf1+eb7c17Vr/Tvt3jBL9kexMXGj4L+GP29yLpWQIR+NNUo9
k8v5fgFnNgCzwDD7G+ro6Oy/8867fqbYz7Oe8pkWNv69416VVm/TmAJf8LurKsvFzA3sQ5P3AYk4
YAo2AOcJ4NnbqUYV5pmyjyTmBiclJoozMMW5mOyPVDIPmPNZW1tNDehlNM0B8dwGTJ33qXBupYr2
XirsGqKknkuUUFo/jfyHWPHvyPef7tjfFf9y1tdXtevB9SKWQU0d5/zgDK8fsX42Y8YTcxPiEwlC
bk/yXmES8+rWfgFHNgD/j9ncOEcLWrdu3Rva9Xxdew7ybMspvVT+vWVf86U7bHM0ZSyAOAC+d0kx
YvEksd9Z3gt4nsp+AfgAyAOitmIW3gf5F/CPvX6Y35/IMXBaWgplsS3Iy80Wc7HQG488BfIVuFb3
bYD3vPuS80rmPLWljzbVDtOHlaP0UukV+lke0U9yiZ6pIFp6gmhPYQvNTmyjNzJ6aW9mBXOa7jdF
hIea+ffG9/ek7u9J7O+IEz2vr70Prg3c4+yo/1DUc6R+pahnT2H/zENLliw9AvYxuwu+prEGJYWc
1ODAoNt7hqxsAOZz9/b2ClVUVBxX1POG/l7x4dqPF3Of5wvuOw38Q1hX4QNUVpSxH54pzrSU9wOB
+6nYANRfMI8BMb9R6BNEHlCekbx37x46cuQQBQcFcowaStFREeJa0tkeFLIdwPVhXwOu11gjcIv5
aeC9sqOX0pjzrfXD9HH1KL1SfoV+XUj0ywJWPtEvWD/PUyX5f5b5X8787z3eQvcl9tP3M4h+mEl0
e/YYvZA9SOuzGylZnMGU7jMZ+PeF7+/r2N8Z/1/SfjeuB/0L/876haKe7YUz5nCmHPbR4Iy5lw4d
OtyakJCk+Zu1k3LREObYYX6WO3uGrGwA/g4xs9Sjjz6K9/++9gxl3D9l9vFiVj3k3zH7nSYfoEXL
A8D/xvlYpSUl+j3hvGCv5gcIO3BGxAA4a2GSxGygdsE+zkreuWMHbdq4gbZv20o7d26nPbs/FWdw
hoYEUXJSIuXn54o4RdYJVBvgHfNT4byKOU9v7aMdDcO0rGaUXq+8QncWkdAdx1X9hrn/tSZn/D/H
/Ac0E+1j/n+fdJZ+mEX0H9lE/5Wjfh3fdzv/3OP5o7Q6t4VCcoophxmeiiJV/qe77jcV/o1rP94T
9grny2K9x9mdzyrqGXM4y08/cyomJvZKYmKSWH9E3tlQf6qqUoX5H672CzizAeiXwYxRKC8vL0NR
7dH/1Z6V8TzbKb/c598192b+RS2goV7sQ8HsPZypJe8LNgDsu28Dzor6gbQBMgYA71L1mpAfxOxA
8L93z15asmQxBSxfRitXBtCa1ato44b19OmunRQaGkypKcmiXwH7GNQ4wIJ/H/JezZxntvXRrsZh
WlE3SvOrr9DvSol+V0J0L+se1t3FRHcV05T4X8H87y9qpT8knxXs/9jE/i/5d/wGv5d//12sx4uu
0DuFZ2hfXo13/EeEblZ86/v7ouffFf8y7ocd+q6inh39e0U9S/Z1RT3DD2f5iTOnvve9f90M9iF8
hq1qUBBm+4B/b20A/GPMG4Fefvnledp1/aNim5vus7Ns3ePfxr67szKNMQDWV9QBcI5eIfsC8t7A
teUssXNDBjvgwAZwLIB9gegJNgt7MarZDqenZVDgsUB6952F9N6779AHH7xPHy36kJYtXULr1q6h
/fv3inO45bkgmBEg64KiDjgF5qs7eymLOd9zYphWNYzSO7VX6EHm8g/lqn5fpup+lh3/xVPn/3l+
n5XM/wHm/6GUs3bs4/t/ZWS/WLU5uAZcywN8bbjOhSWDtKugkeJzCpnvDJeKiggD/7eq7++M/y9r
14X19ZesxxT1HFn01+H8PpzlF/Dzn9++9+jRY2dRW0bvKXpRrepP0NDgEH0+OuqVDcD8XZyRB7Et
6VHUOAS5x28p9jU/n7yc8+/+mu/IBwBT6AvGWRSxsdEiHyfvD2ckyXmCw+Y5Qm7YAPj5yPfBDzAK
+7BxrgjOCYIN2LplCy368ANasGA+LVz4trADy5ct49hgO8cBwZSRkS56ZVEjFOeCmPh3xnkNc57T
3kf7m4dpXdMofVB/hR6rJnq0StXDlUR/hCrIY/7vMvD/WwP/vyqw8X+7Bf8v8PutaiE6WNxGD6ee
tWQfvxfvg/e8r1S9FlzXQxXqNePacR8zaohjkVFaVdJLkXkl7vLvq7y/L+p+rvjH74WN+t5TTz31
0jPPPBOwfPny5FWrVh3fv/9AT1pa2kgJx63oK2lraxVxK+YAwv831p2k4H9iPt7noxe9sgE4i7e9
vUPo4MGDhxT1vPvva8/SZ3l/+XLMv+drvj3/6v67FtQB6mupiH1s5OEPHzqoxujaPWJewMiwYbaw
BzYAOQDk+uzUqAp7knEOJmawwxeAzcY+7qjIKAoMDKL9+/bTkcOHKTw8TNQGUB9sQg6gvVXP/xk5
r2XOczv66FDLMG06MUqLm67Q07VET7GeZEaeqFFZebyabhr/P8218b+6lehQSRs9knbWKfv3l9rW
fFzjI/yzj1Wp94F7wv09XUf0LOu5eqKX6sZoZQXbu+JGSs/NodzsDKHoqHDJ/3T4/p7U/Vzyf/To
0TfZp7+InpHy8nIxfxKfOfGZZI1AI8NCF4RGhD2wrD/xZxB7AkYF/57bAHymsa5Bd991N3IPv1bU
esTfKj7o9zO/rPn3bs039tfiZ8FSK8cAsh8wLTVFnMWXkZ6u3yNYFs/WCxuAM66x1lsJ8YXcOyxm
CfWq88VhE/Dviz4g1Ary8/PFeeuo56AnoLKtk3LbT9OR1s9oa8soLWu+Qi80kBA+/xBYABOu+AdL
kv+HDPw/4Gf+X+T3W8P8Hy5to8fSz4rvMbOP9zP6+3LNl9w/aeIe9/9iI9FM1uwmtgOsl08QLa4d
pj2lrbQ3Id3I/3T4/j7hn9eCn8h+MewXE7Eoa1jKgQ0A/+baE4S4AD68NzYAX4NfAfHncoiv72HW
zxVb3d9ndT/5suffe3/frrde66kVNkDEAI0iB5DFfmJYaAhF8Jor7xP7heX5Ap7aAOQAUINVdcJO
gv/Tp5zagJ7uLjFjEOew4fzlw/k1NKvuOs1qmKBZjTfEZx2feXz2n6/3D//wvSX/9xj5L/Ke/5n8
fuuY/yOl7TQjY0DP9Vmx/5AF+7inZ0zcz2rSuGfm57DmNhO9wnq1RdWLRWfBv7N+/5vp+zvkPyIi
8h70ikDYY/7Z+XMubQA+j1Z1JwifO5yf440NwHsgboWSkpLy+foeVGy5v68pfph5buPfd9zr0vIA
4B+9Nrk5WRQZEUb79u3R77Ozs1M/W8AbG4B9/+j5Mwt2+Mzp027ZAMxokmewu8P/Mwb+nzTwD36m
k/9fGPj/mYH/WfzeG9qIjpW105OZA3quT/f5LdifUa3eB+4J9g33+2KDbb3HWj/HwPxrbF9eZ73B
7zOP9VLxwCbl1vX93eK/W/LvwgagNmVVd4KwR02cn2WyAaOm8zTw/zY7oNoA7JFD7QratWtXIF8f
5vih7+cftOfkB/7b8qbMvoP5uWb+0XsXFRlOuz/dJeqk8l7xrCxtwPCwyKVIYdah2QbgzDDUAYxq
ZoF/0S/shg0oKirSz2D3C/8V1vzf74D/e6bKf6Xkv4OiY+Lo48wWEU8Y433JPmL9GQZ/X675up9v
4t7I/JvtRG+x5rPmlAr+ndX8fZ339wn/kZFR98heMawF5yX/TmwAYk+ruhOE/KDkX9oAfI6R50LN
G/lqrFnqPpjzqj+g2QDsj5Gf4blz52Kf3zSs/8y/D9f8Lif8y/X/U+YfZyLIe8UzNdsAOdfU/MyG
hs5p88VUG4D9wNKOGIXebPxbuGMDMKcJMUB8bpFL/rE2Sv6fMvA/Y4r83+tg/Ze1P0/4n83vvYmZ
TCg/QYPBa4mCl9HnoWsoMyGWVua02MX7kv1nLNh/WfPzjdy/2aYx30G0gPV2J9FC1mvldvw7W/un
s+fHZe8f+EefCCT4x5wKFzYAuWeruhOEnpWLF0Z0/sE+cvroC8DZX+J8W+1cMNT58VmWsQB8YRm/
fuc73/lQmY74v6Mtz5drvpn/yfF/qKi7RUZG6veKZ3BRO3dUnC+kPbPamlrDMysUNgM+Gvwk6Qd0
dnRSS0uLplZdWP/7Ra+waxuAOU3gP6SgysZ/g8q/zP15wr/M/T9iyP0/ZMj9O+P/Xif8/9rIv1b7
vzf/Or2eP0ib89tob34TVeTn0umaUprorKPOyiKdf10hy+lS2FrKTY6j9QUtk9if1ajm9hDjY82H
n/9Gq417wTzrHWb+3S6i91jvd7M/UDkI/v259nvT8+OME8F/VGS0zj8+W4J/FzYA/DuqO4F/1Ael
DcD+XewFwiwg9AYgRkCeEHuGUD9EDRy5ATlHTOavFbXv8HFF7Uf8F+05+rT3D69Oj/ifvOY7m6kl
+cdcIMyiRA8g+vC3btlM4eHh+r2CZcRI0gYMnB2grq5uccYH9lfXac8MeytgR/HMsD8CPwebCd5b
TUJeT/YKu7IBqO8i/x9aWO0+/7U2/h3V/tzmX8v932ta/429Pw8UXqe3CgdpW0EbhRXUUGVBLo0U
xNBYQbhBEULjtTk00VXP/BfTYMg6wbyqAFWh0AqhyxHrqSA1gbYVt6rsa/6+XPPnGbnvtHEP5j9g
fdhDtIg1v3pwo2K99k817+fLnh/jS/AfHRVzD3pEoO7uLm1OlXMbIPh3UHdCTCrOzNVsAPLbqm/Q
IPiGP4scIfxefKbhp+L3IhfQ0d6h2xNF7TlG3/+dirr/0C/1f/f595x92QOI2cDZJWUUlJJBAYFR
9NqWPbQrPFa/V9jMz8W5w6oNwDPDel4v+gTatWemngmIPmv8nZwphmeJHIBRmBUMu2DcL+DMBsA2
G/mfqfH/ooF/h7l/J/y7U/s38/9c0SVaWDRIRwobKaWwjKosObexbqdCVeN1zH93A3VWlTD/6ycx
LxS20qBPhC5HbqSijETaXdams4/YHuv9QiP3GvMf9RItZn18kr9eM2Tm37z2T3fez9VL8B8THWvj
X5xrM+jSBoB/R3Unwf/IiG4DMAsTfw+24dPirCxtZrf+86Jf6PNR8blGXRHia5vPep51L+uHilpb
9Xn/n2v+Xcf5RjV291B5z2lKOnWewk+O0P7eC7Si4wItqjpJ89Iq6cVjSfTo5oO0OSxWv1eclS7O
IddsAOIiPBfE9v19/WIOAmaf9vae1J8zuEZdoJvtAr7PLNgF434BZzaglG1Tbk4ehRXW0EyN/5nu
8u9G7c+K/5mll+i9kkE6VtRIacx5TWEOjeWHaTKzbsF7oVTkJI3X5TL/jdRVzfyHbtCYn8w7hX9C
N8JX2Stita769CgKKWugj9u+oPe09V5yD+aXsJaeIlp2muOAOp1/T9d+f9T83XkJ/uPi4u9OT2f+
07X1f2jQpQ3A58pR3Unlf1i3AZh7Bf8V/a7y7K9R/pzj75EvhB8ga4Ooh8uaAl/bQtYs1gOKrQbw
l4qP+/+d8+94zW9izit6T1Pamc8opu8iBZ69QluGiDazNg0SbRi4Qev6xmn1yS9oeetn9H5ZF72W
WELPHYqlh9fvpY0hMfq9wpeH/yNtAPKrskcQOUDMQ/j880ti1qLMs8jaIGI22UsE+ykFW27eM+TI
BmBWW16uxn/92CT+3cn9O+J/ftkwrSo9TcHMeVFhIbUXpDHfoQbWHTFvxftk1m2KorHjqsbr82mi
p4m6akppKGyjjXnB+ycOeb8RscamSKm1Qk2ZMRRV1UCfdF0V3C9j7pcz9yvOEK1kLWoQ/Puz5ueL
OV/GF773zxITk+5C/xek8+/CBgj+TTUnWXdCbdDYJwgbAN8f9S7YAOSw1Vle9eLv8B6yPwD1cNlH
xNeGGZ+vsB5V/Lj/zzH/Ku9YzytPnqaMvs8o7uxFCh28Qjs/I9pxnmg7a9s5oq0ssC/538jsbzg7
QWvPXKdPui/RkoaztLCgmeZE59JTu8PooVU7aUNQlH6vWNtR/zDaADCM54M/1Wd2RnCPvAlqrLI/
ALkA2IkOk2AXrPYNWtkAnAsi+D9ew37/uB77u5v7B/9LywdobdlpCi1uoJLjBdRRkEpjeSGsUFWe
Mu9kfTeyPlnRNN7A/PeeYP7LaDB8k2veDZzbKWqdpZqzYym+tpE2nLxKq/qIVvezP9B0Dvy7Wvsh
f+b9PH3dlpyccqfOP68ZQ5J/JzYAa7xVzQmS/BttANZ9sI3ZoPJMIPQM4XuNPUKIeWUf8Te/+fcB
fH3Y+4ccgNwD4PP9/5L/Juxn5PU8q/88JQ5cpIihK7RnhGj3sKpPWbuYezP7Rv6Na//6/nFac+oa
rWgfYd//FL2VybF1cCrN2H6MHgjYQusDI/R7Bf+i/9FkAxDDlxmeGWb+gV1jjxByBcivmoU5oY72
DpttAHq+UWcIK6p1mftbWTlAu8u7KKKknhoKs6g/P47GcoNZIRrvBuYtuXfFvCe8R9urSNV4QwFN
nDxB3bXlzP9m93ifxPl6VdFGbZikttw4Sq5vpE213RsU99d+d2p+03G+x21pael3yt4vwf/ggEsb
gHyVreZkX3fC2m61X8CYEzT3B0gbgJhV7iGeMWPGAb6+t1kzFVsM4PP5P1Hnr+QduEC0n7WPtXdE
lSP2Jf9m9u3X/hu89o/Rqp7LtPTEEL1X3EavxhfRcwdj6JEN++j+JRsoMjVTv1fUSC9fvmxpA4x1
AaseIeyXgJ2wV5ewCw73DptsAHwK8B9eVCfq/q/XX6U11QMUVN5M0aX11FSYQQP5sTSeEySk8h7s
G+4drfOueC8yKsZO442FzH8zdddV0GDEFnvm47bSjfQDdCN+qxPWTZzHQBud6tzRFZJ/T2p+xvXe
vNbLc2t9daa35YvjfsE/er90/t2wAcgzW9WdENc72jPkygYgJyhniSx8e2GMYosBsCcZdUCfz/9j
9p3yb8W+ce03sm9b+ydozelrIu/3Uc1pmp9dR7PDMunJncH04Cc76N5Fqykrv1C/V8w9wN4nT20A
/kR+1U7abAHYYafzAww2AHsD0VtQnJ9HozmhNJ59jBXIrEtJ7oPc4N7k43uy1nvJu02xNFbMdqrx
OE2caqWe+koajNxqv8Yn7qAbpfGqiqLoBt/fjeTdBtbNbG+yKdaszbouha1drag8G8+b/x8G+bRv
zVcvZv8O2fuJvd46/y5sAOJSq7rTyd6TTvcNOrMBiHMrKyuFDh06VKOoc0feUtQ6AOYAIAbw6fxf
8O/u2u/I7zev/ev65Np/jtf+dnotsZiePxxHj2zcT/cv3UR/WLxGv0/0TIi5Z17YAMF/V7elsDfI
5QwRFuaK4fyggoJCqsvPNLEfZL3m51mw7w73lv69O8w7Zh26btJ4E/N/uo35r6LBqG22NR5re9JO
Zj/BpjKD2Ge5kb6fbiRsn8S3rjhoi5UCpgTiTXplZ+d8F71fUF1tLfv2Z92yAcgvWdWdeuVMCy9s
AL5HzhBNSUk9y5e3RFHnkMxR1DzgT1j/pEz2Aby2Acx+nid+v9Ocn3ntrz4l1v6Xwnnt3xWirf1r
6M0te/T7RKx+VZt76KkNQP5PzhPr5jjAqAGtP8DKBgwaBP7BPtSSl2qx5rvw9c1+vrvce8O8Je9x
9iqJo/ETRTRxhvlvqKKhqO32Pn3SLgPziXSjXCrJXnwNNzIPs2/wKU0w3zZtVRU/SQFTZfFmvZj9
WdIGNDY0iPOTXNkA1Kit6k4QOHa2d9iZDUBdQM4U/8EPfoAz1RYpai8QZpLdoajzSZEHQBw15VoA
s5/nKfuOcn7I+a+TcX/TEL1bxHF/QpG29h8Qa//d76+kzYHh+j2ijwf1PW9sgOij6LbNSTUK/2bn
RY1Q20N4/tykvYS9vT1iVjv6i8sL8uhybqj7vr5X3DtY6x0x74r3EqPidY2fKGb+eS1qrKah6B32
/jzz7JB5OyXTjQpNiBXygmki/QBzvm2yEoQCpsrhzXwx+1/Lycm9gxXAOsrKxzk+mOnTxD4q9okh
VpQ2AHG+Vd0JPX7uzA9wZANgP+Q5Yh99tDhNsfcBsB8IM8lxDglyLfLsT6/jAOY+z1v2zWs//H7U
+1e0X6BFlSfprcwamh2azmt/sL723/luAKVm5+n3CK5x1ok3NgDxEup/RsH/Qu4PNReZJ0QuQPQJ
tqjnBtWUFAlfvycvkU7nxdNwbqQba/4UuPcV8w54txOzOt5cQhN9Hcx/DQ3F7DTE7uy7p+x2zrpQ
ik2VJuH7j0fSRMYhZn67ph1QgC84vNVeOdm5383OyrmD/wzIzckbwT6UluYWEUNa1Z0g9LN4awNQ
W5BnByckJCIGWK7Y8gCoBd6jqGcTYE8g4gDkW7y2AeB/SuwP3jDU+67Sys5Rtd6f30RzYwro2QPR
9MgGxP0bxdr/0ppt+v1h/g7ON1XPOvPMBqBfCjbYeKYA+gMh8A7+UVvE3n6w3p8TTcM5ETSedVSL
8Sfn+MZyPFnzfcm9mXmrNd4R7wmTNN5cyvx30smmWhqK3WWI3TlOT92jMmzFu5l1oVRr8XVOJO40
KsA3xN2SL9ErlJKccjf6RCDkj5BnMtacpLA/zd05QlY2APko7H2BfvPr3+xT1BmkmEP8KusJRe0H
wExQ2ADUWcxngLttB5j9PK/YZ+5ln8/6PmYf637nRcG+Wu8rFH4/en1R77///QB6ZN7btCcoTL+3
M6fP6Gcce2oDsF8K67yVEFPAj5LsX+O1aizziAP2nfn7rtZ8T7mfvNY7X+fd411Voq7xljKa6O+i
kyfqmH9D/I44PXWfE97NnKfZq8qgEuY/aZdRAb4E7hZ6CfYVbVY4s38B/Iv5kpjTbag5ScEHhd/p
rQ3o4M8u9qRDu3fvqeP3XaGocQB6gnEmAeqBv2X9QLG3AcaagFs2gLnPmxL7/WN27C8ubKKVUUm0
cttWWrZ0ES1/czatnPkILX/6flo99yn9vsrKygTrY2NjXtkA5P/keWKnTEKcj75C9Ax15sTT1fTD
dD3rCI3p/DvJ8TnL65t9fW+4F/69A8ZLrfjWuC4zKmmyyqWSaby1nCbOdqv8x+3W8nNarJ623zXv
VY6UTjeqNZXG0QRygzYF+JS6W+Nlxz7rL7Ozc46jVwS9/vA/rWpP2JMCzt2ZJWZnBzQbgO/D2iX1
b//2/R383gGKmgvEvqDZrEcUexuAngujH+CWHWDu81yxb5fvY/Y3DUzQ3p5hCmnuprSyEsrLSqLK
qH3UsHcZla1fQGnLXqFjC56lna88TutmPkQBz/yeljx1H4Xv/1S/J+x1GB8fZ415bAMwKwm5P+wb
Mp4rCqFPGPupZM/gmbQgupx2iK5mHGEbcJTGwL87/r5Hvr673Mfac1/qgPkyM++JFpyrrFtpvLWC
+e+lU80NNBS/R8vPabE6en9c8m7gXFeGvfi6J1J2G7QnwPf43dTXJPZZfx0TE7sZvSJYv1BLMted
pPD5dGeW2CRfQLMB2EuMvDSEM8f4vVcqahwgbcAsxWYDsD/wu4otJ4i6gFW/9KQXc5/njP3Dpy9Q
ZPtJKq44To2FydSbyXxErqOr4WvpUthqGg5cSWcOLqOWnR/q7Ie++4LO/opnf09Ln7qfVs15Sr8f
CGcdTExMeGUDcEZKX1+/fqa4Ufh7+P/Sz+iP3kkjSfvYBhymq5lH6TrzP8brv9v+vtu+vgvudfYd
cF9mxf3ktX2SKqAUO423V9LE4Ek61drI/O9V83OJmtIPWjDvgnUr8TVPpPDvTtUV4B8Mb8rLzD76
bcDWd998860nwD+EHADiTav6k+gDxhwrR3NEXNgAfB/WL1mbfvDBBzEPUNoAzAaSfgD6AjAj4D8V
tS6APVioDaI/wOgLWNoCZj4P3If1DlBySxuVVRbSicIkOpURTBMRa1RFrqVxoXV0nf+8EraGLoas
oqGjAXRy3xJq2v4+Fa99i1KWzqWQd56nPa89Qet19u+jj5+8j+JCg/R7wV6IGzduCP69sgGXLovc
wSShPnPuHMdknSK/UJqRTK3HNlBf1E4aZhtwSdiAY3SN1/3rcu13y9+X7Dvx9Z1xL+N6i1jd2p+3
WtdTVNmxnmqp8fYqmhjS+E/YZ8vRIU7POKQy7y7vNZkWyqIJvm7kEsZtCvA/ltPyknwYzwUGU2AL
jN2Zk5P7OT7HmDGDz5ysO9mpt1fwLOvO3tgAcCJtTWJi0oVvfOMb2GNl9gNgA3BGKeYE/FRR9wni
rCDUBmC30FstZydMsgXnE3fnT4StpImwT2gifJWm1cz9ahpn9qEx1rXwNfQFc38pZDV9dmwF9R1a
Sp27P6LaLe9Swep5lLj4ZQpe+DztZvY3zn7Yjv29q5bo94FZm+Ac/HtjA/AnavpnzvRNEtZ+5AUw
Nwz85wbto7JPA6iZbcCZqF1sA/bTpYyjdJXX/+s5wXRd59+Fv++Rr2/Bvb7uG7k38V5mwbod81as
p6mqtNd4RzXzf4pOtzXRUOJ+W44OcTp6ehwyb8E5VGsh9kfG0/YbFTAtdPr/JdkHL2AH+xfQc/df
rLtZM44cOVoI/vE5QwwAH0DWnqCTmsQZIp+dn5INKNP2pkIH9h9o4/f/RLG3ATiXFOeVoTaIfUKY
F/jv2jWjVxh2AP7AV5TJtuBL46Er88eZfSFmHxoTWk3X2L//gnWZ1/rR4E/Y119Bg4eXU8/exXSC
1/zyDQsoe8VrFPvhbDo6/xnaxT7/hll/pE+ee0Bnf+3rL1BWerp+D6c5Rpcvb2wA/kR9pU+cBW6v
s2cHxF4iWV8MW/Uepa57n0rZBrQEbqT+2N10IfUQXckMpGu54N+CfWf+vhu+vl0u35jfwzpfnjg5
fq8wyrC2V0KpJmmMVxmVPknjHTU0cY7jobYTNJR0wJCj4zg964jD9X3CGe9C2TYhz5B+wKiAaaHT
/y/j2o+YHzNNwBPibMzje3nOnDkHEMPCP0dPKXwAW/3plC7kokYvXtD3DHljA9Cfitk0Uu+8826m
YrMB6A3AGYU4pxTnlb6oqGeWIx5ArzD2C2DPEPwB+DCwZXLfldhzdTlwecHV4BV0NWSl0BfBrJBP
6DLzPhq0kkaOBdC5I8up/+AS6mXuW3d+QFUb36b8VW9Q0scvU+g7L9CBeU/R9jmP0roXH6KVvO4v
e/p+wf6y5/9ICZHh+rWjHi+Z98YGXBNzQD4XM4F09duEmj/sANjPSkminQtmUsiSeZS+4UOq3Lea
OsO2sT+8nz6HD5Cj8e/I33cW55tr+Jbcx9nX7Mzxe4XZl58C89VQhq7xTo3/dvB/UObnVGUddWN9
z7ZQjqo6TcgzZBxkHZIKmB48/f4Sc4EUNYeG/YrfUVS/Gr13s1gL7rjjjh3IYTdj3s+gup9E1J5O
TdZn4mzL81OyAegxxnw6qblzX0nk61ilqHYggLVUUX2BtxV1vyD2Cz3Cuo/1G0W1BcgR4hwx1Apg
D8SspjN7Piw6d/BjUrWEBlkDBz6mM/sXU++eRdSx6wNq2vYuVW9cQMVr3qTsgFcpftFsjvOfowNv
PEk75j5GGzjWX/XcH0SNb8mTWPd/R4uf+B3FR4Tp1wx/CSxL3r2xAWNj10VvFeaomTUg5i5eoIvw
/2vrKDU2ita98jTteeclilixgPK2L6WmYxupL24PXUw/Sl9kB9F1Xvuvi/Xfib/vRpxv6evbsW/w
661i90qzD5+uSmc8w16C80wHymL+62jiPMdE7c10LvmQyr3M02Ufc4N5A+eOxLZpnGMJgwKmgc3p
eBn5/5qi8nK7ovI055vf/ObHHIv3o79E7iFBDID4c3It6rRYj9Cratw77I0NwGda7lGA5syZa7QB
6A+QvsB7irpfAP3CLyhqbgC2C/kBnCWI8wTQO4SZov+vZv288rZt71AbM962/V1q4f8+sWUh1W9+
m6rWz6diju1zVrxKqUteZj9/JoUufI4OznuSdjH3mzjOX/PCg7TiGaz59wn2wT0U+Ok2/VoR9+MZ
gG0j/57aAMT/Z8X+vckyzhCBDcCsoMMbVtCO+TMpmH2AzC2Lqf7IejodwzFA2hG6kh1M18C/vu57
6O878/WNfToif28Rs1eYWBfKmMy6zrw160I19hrrAv/9dKajhc6lHBbcixxd2j5R+3Sb93oo10J5
zH8aM4+eKl0B08Snv1/S/5frP+buoef+jw888MDytLT0M5gZPcBr/sBAv24DsAbB37eSPON+qjYA
9Sy5VxniOETaAAjxQIBi8wVgB5AfxBzxlxR1/xBsAc4Uwl5i9BD+NunDF2sLV7xChcx44cpXKf//
s3fmMZIc9Z5vy2KtJyTsXS2rlXYlZv9DiD+MtG8fCK086wc2eo/DYBuezQIDiKflWOzV8t5qPbYn
bR7sItg3HL7A4AvjC+zxnPbM9Ez1TM/0fd/ndPV9VHdX9VnV3dUTG9+IjMzIzMiszKqsyp4hf9JX
c2R3dVZ1fuJ3xC8itL8n5w59i5x+5JvkxENfJ2/941cp8/eTF/77l8ivv30P+dW3Pk9+RnP8//OV
vyU/pLH+Ico9z/XB/SfJo1/+DHnrDy9Z7hP5keC62DEAf0cshb3B5+asQkyA8cXeI4S1GG+/+Cx5
+ZHvkbOHD5KuF35Kpt56mmSo/2f8U/Y5/171/QI+XxXry3X+JlscX5D5M6Zkxg1Vc7XZdY5s6dq5
0kl2lyj/IwNk4eTz1jrd+d+7M6/i3E00D2H9lKa0yiFaVrPn/6ihfeShhw5qjY2N69PTk9TfTHP+
pTEAzyF8PZ51u5CbomfdvodI0DEAX3eJ5h1ivzLogQceQD1AjAGiLqBV8XEA8QDmCrF+SIwFmC9A
XHAf1Zee+dbnel//H/cRrvvJq1SvPHgfeen7f0ee++695Nf/7W7G/D9//bPkJ1/9NPnxf/0b8vh9
n+LcU+Yf1rmHHvvGPeTNV1623B9iILC7CxU9BuTJ5maWfsbzDrFzAFKLjH1VnyDG39rTp8iFp/6J
9L/8z2SW5v+rp18kWZr7bzP+X/Ou7xfj88W8HmJ+mfsWW0zfqojl2844/LnBeLusc051QOdJfqyL
7C7PkunRQbJw6gWpRkfz9fMvezDvwTv2FJSFOoPcS139klZJSMtocv0fdbJ//cbrbzyBNYCzbL+I
aca/egyYV9alIfiujH52aKljAOpbYs9i6Mknnhp8//vfj/NXxBggxgGRF8hjAWqFD1bx9UTfe+yL
nxh64pufJU9883NMv6L6xTc+Rw5//TPkZ1/7NPkJ9fNg/of3f4o8Rpk/9KU7yKM69wfvNdn/fz/4
Njlx7JjlvlD/gP8WDBc7BuzuXmVzfmDdqgXj7CCvXmHkBu2N9WTwyO9YPrx+9vckx2L/14qI9334
fDGn36yq1/nl3s57tZJ1lfJj3ZR/6o9Gh8jCOy9y7kWtLvGHwszbWcd+glC3JPAv7Y9CpVWY03Ia
qwEcPnz431youXAcdT7sFTUzM+U9BtBnErko5qGn5Ro1etJofoA1a+C31DEA4wjWsYpzC6BjR49n
7733i3+sMmMBr7HgYBUfD/73Dz7zn0d/fP+d5MeUb+hHuv6J+vjHKe/a391BDn2RxvVUj1DOH6Y6
eM8nyEMQ/fsj93+avPzMk5Z7qT57jnGJuJ3H7sWPAdC63u+r0tLiktEXUGi9QFtzExk//zb1/a/Q
3P81so2830e87+rz6xU+X7DfdJLsUEZMnSE7bUJnTbVD1ZLOWWRlXs37dkeCbHeayid7yG56nsxc
GSYL777EuT/zO16nq3nFB/M21m3C/oJ5vA/LOumXtQg4LZexGIDm2x3oI8Ee8Yz/gmPArGt9GoIf
YnnAgnM/wWLGAKwTwt6F4vwy6Nlnfzt+5513vlxlHQdUYwGkfe9THxt79N6/Jo/e+wlTX9QFvum/
H6asH5QE9h+5/2/JMz96lBx/+23Lz8e8CM43QK1e8F/KGICvR3zPz/3kSqW4EBPgZ/ldM4R9grDn
2ELtMcb+tsj5C8b7itq+m8/X+3UN5l25tzHfYcrCdud5C9umash2l0qUz2Qv5X+B8Z969/d6fV6v
09Gcx8m8G+c66xbVcuE9WPZB+4MWDarlsYsXaz8i+kjAuMF/gTEA6/dFHKASn6NKhzYGTNP7QX1d
nGEu9JvfPDt+zz33Ih7AvoxuY8EPv3PnR5MP3307MfXXlHeug3frkrh/7MAXyNM/eoQcPXLE8TOx
/+n29pZRrw9jDMDnJXjnWjSEdT68N6DwmqFN+ufE+Djbb7S/oTYY+4XyfAv7J1i9j7MveK82ZfPv
O5RxIebHO1Ssu/F+wapurvx4H9nNpMjM2AhJnX5Zr8/rdTo67rkx7+S9lu0lqBTGrZpXJL2qRQZr
Gezy5br9gn/04YLtmenJwmMAzQPwnLL6FGrVs85aNXwROA5rDECfYF9fH8u5T5w4adFrr72e0bTH
mu64g8UEP6qyjQffvuOvkge/8F/IwS/cznX37Qb3D+l67GufJz//X98nLz31S8frQ4iRsG8BONyG
QhgDYBsbm9IeXlaJPcP9rxvcYGc2g/+BRvBfBPsFfL6Y59+hOb7p61Xcn5e4T9i4r7HKznjXRVPd
smoN5Sf6Kf+LZDY5SlJn/mDd94COee7Mu7DeW8v2FLSo45zZK837J7QoeS2H1dc3jGGPKuxTh/1k
wbyfMQAxgDEGKOrVeH6xfwWrBYQ4BuD7cNbQO++8S44fP6HUM8/8evwf/uEfL373u98988lP3vHy
w9+8b+7/fuerRNbPHvwWeeqHB8nvDv+E/OnVV1xfC/2PYv8+1p/HVPoYAMP3LdLcXmhpSdYyHW9W
fa8Zwt/RjyHOG5isry6BfRefb/T1nbJxX+3i7724L8R8rUKXyHYPV35ygOyu6PyffcW6z1HtG4WZ
d/B+2Sm8B+sZZVrUvIZtlP27xD514pzaacZ/4TFAxKv2erXQ8nKarWNn+1GGOAaIPUSwvv78+fNY
NxSqTp16h53Lhdob78fnPflhjQHC/y+z/VNM3mUhJ8Br+lsvkGX5v2C/q7nRlX33Ol9hny96+3hu
f86W05/3iPPdfL0P5nsuKUTZnByk/C+R2fErlP9Xrfuc4HwwJfMFeIf6hOpInt67bU9jLWpey2EN
DY0J7AMK4axYcO53DMCzm2I1K1XtOsXmrdDPvsj2ow1/DEAfHMYs7FVC8xmWox89ejyw0LuP/kOs
bYI/xfp7rmxZxgB8LsvsfB+nwD5+rt81Q/g3zmZobW1jSl8+HhL7J5x9vc3vStybfn6nk8vkXBXX
u8X2hZi/bKqXi/G/ukzmxsdIqvo16z4HOB/ID/My67L667noe7CdV6JFzWo5jHK/T+xVjednQY8B
/IwB+Npl/exqN2EvW+QC5RwDzDNGMmxNIsYxnLuNfBjCnqYQ8njkDxD2MkbvEttvB701en8NVI4x
QPh+1PMRG0HptFVgH77c73oB/FyMwfi9Ye3RcFOtgn0/NX439q39/GwuT/b1hbhX5e89CsZ7ZV12
UZ2h/NQQ53+C8n/udeseBzgfxJN5Besq0fu3rYPSoma1XEbZ18QYwM+jnWHnxvkZA8A4P7+e16wX
7aK5LZufYrlAZcYAcd7gqn7uMPoSINQl1/W9NSHkJ5z/8o4Bu7t5xjN+hsl7xiKwj1gJvPtdL4D7
6OnpZex3traSjUtvu7PvNq/vmuvb1vG0UN/feV4X5b6LS12r98O9O9/bfVC9WmBzepjsrqUp/0nK
/xvWNc6Xj3gw78F7f4NV9N7FHie6tKg5LZfV1dXf0tTUPIbzapBDzupzAX7HALYGcHnZpZbNc1zw
D77Crgnu9TFA+H28NjvXy0WIC8T6Qb/rBdCDJc4Yn24875N9lzqfIteX1++xmJ9xX8NkcN9dY8zL
Md57hGol+eC+z4V7yqJd+ekRyn+GzE2Ok9T5P1r3NNHPByns5yXWBxqdwnux7lesRc1pOY2yf5c4
sw759MICzQOmJrzHADpO4OvAMnwaYlprHdsUxgf4N3AV9tyg2xgAruTcGnEK8hWwVokxAH4f3GIv
wExmhYmf7WMVPyNkK9B6AdyLYL+ntdkl3y+izmdfv4seX/T6dNZI7Eu8C9l577WJ+mFTdVb119vk
ZH67v5ELbM6Mkt31DJmfovwn/mRd18zOByjAvIr3QaEmLrwP697kWtSMltso+wkxBkxNTjDfrhoD
0AeYYnv/8DPqcRZdWq9dsXFgSV3bgsAbnl0wWs4xAD8LcxLI9c+fT7Ce3Qs1F9gZhuhTwHmk5RoD
4PsFp2BbxTy0urLKrmf1fX/wc/2tF9hl57DgLDUoU3dSXesrIdeX1/SxGl/B2F7m3ubf+2z+3cE7
1UCDTY2mBoWamPIzVyj/K5T/Ccr/m9Y1Dg3H/DFv552p2RTu3doPoUXNZ7mtpbllnzizuoP6FTAJ
X48xANxjLxBwCR5R/x8cGGC5J5t36upmrK4YfjftWueC/8UzD+bCWi9gHwOwJgl1cfTrNjY0srM4
sdfYxQsXWZ8sxoBy5AIi5sefYHuVneelFnIivA7iI8Ey5jXxb7GHoGq9AD5f8fVXWi571PmDsn/K
uZ4XfX5y7V5Zq7+sjuvtMb3Kt8ucO3g3mYe2dO3MUv43KP/UH6Vq3rL2OdL35Rrbe/EuNKQL78G6
d6kWNZ+VMMq+JuaSce6PzCPOlMQ5gd3d3Wl6/QWq/VT4evybnXUNHoV/U9W5WK0rndHXtG2asUDI
YwAYR2wMRvr7+xlXfb197LzDzs4utp9RmPUA+H5R58/ltnT2udbWnMIev7ks9/nYCx33OdxSRzK1
b5PU5VPs71hfiK+VxwCMC3g/mN/o6Wgnm3VHvXt7ArNvXc+Lep8zxlfl83L9Ts7hXWJ5C/NNXAbr
zUxbQkNW7cyNUf5XyQL4v/CWNOdBPwP9fBDfzAveh1qswrhl3aNYi5rNShjl+BaqMaOfhPr10dER
9szRfyeoDji/p+WAmH/G/AEYhH8D4141L7GnBY991/l+wiGNAfD9uPdhtofxNOtTRo8cep3x/zjD
JKyaIOJ9kZsj11fxLrS+tm5hv6enh7E82NpIsolX+TyWXsvevPgmmWxKkJHeLmOdNX4PYg5zpjlR
gP23i2Rf7Lt3Rqrp6ezb5+ks+bwb941S/t5klY15g3vKoFOtTDtzSc4/jU0XLx6x7kmOffsc3KuY
l1gfbnUKsYp1/0Kt8jRGY5TjW6nadabHqODj93l8yw2NjU3fEPPQmJMCn8IHuuW/cv0LHCF+Bn+l
7ifI1wv0s/uAD0XMAS4xH4GzS8DOldHRkucFZJ+Pep+Y53TXBuv5R3yA2EiwP0DZx9nc5n698n6d
vP90uf4UGWs1+xemWi747Oktjv0trOPH3L7s7x3sq2p4frhvlnhvYdoadOd9a1hWG+d/c03n/23L
+9/Bvn0q7mXmh12YZ2rjwv1b8qFTWoXwuxYN64nfc+HCxb8H/2IM4PWAFTMPXpGkyIfBlljvtiHG
gSLHAOzL09rayup9oqcOvQpgrrm5heUbxc4NYpwS3CMex949YFuWWJNjapONQYh1cP+C4/6WBrL8
7otksxp7dpu+37pfp8ca/kJ9fUWyvwXfb+nRsef19ba8XmffUbtT+3gr9602tTHO3bQzP075XycL
6D+pPWp57zvYt08V27sy32ZqpN0U7t26l5kWNWR71MR+Qth3/31Hjx57kMYBq8i9kXOjl0j0tZn1
sDWLLPEx/TqwKubR4GtRHyh2X2Gxvgn5NdY6NjY2snWyQfsDxNgkuMefomZfSJubnP0tvV8Xay2Y
Gi+TsT89TZZO/pZsnBH8y+dzSPt1evb0+5jnC8I+8/01ivl6ez3PI6e3cz8k1MJk8e+CeQv37VaN
dBjaWZggu9l1kgL/l45Z3vcOzgew+HoP5mXehUa5dnDf+p6F+meiRYvZnjV5P9FbqD7wwAMP3NfS
0rLe29tn9AhhfhB5L+SVH4sc2RwHtsmOPp8O/4vaXpAxADVLjEMQzs3C1/ntEQL3WZbf7xjzbvg7
4nf4c+HTvZTV1+khZhD9AeivaK5+h9Q//Tjbsz91/FmyfuZFksOefYlXPfbpdunpL8j+8UDsb2F/
rl6bz3dl31bDG7D7eQX3tnieaQRqt6lDoU7K/yS5mt0gKaxFv3TcEutgbbKaexfmBe+jHVahBkFj
IElalJDtYRP8y2cJ/dUbb/zxyJUro9ZeYcriml7/2mBxcqF8eV0/D1MfB0RPrb5XNvyzOE84jD7B
ddaftMnje4l5kd/jZ/rlXUjUNeT+AKw7qH7ul+TSk4+RwT8cJvPHniVr1P/n9D07veN+Vc7vh/0T
/thH3I/5PtW8vaquZ6nf2+L7ISF1Hs+Zt3E/CnXY1GlRnvG/SRbnZsni5ROW94t9SRzcj7QpmJd5
73QKcw10HJSkRQnZHjbZ/wv+/9PZs2fr2F7Ctl5h7COK2pfwn37iZzmOFmveRH+NWFsHtjifG2xc
WINP1/35muB7fU3Suj53l7X06Ju9Nnn2/+J1/Ur0A3Cpe4SQUzScfJNcfupxMvTKz8n8ccG/tF+/
V9xfzDyfT/aZ73f06sjz9fY5ezv7LRL7rZx9ew6v5F7B/BVZXYbyqSlyNUf5n6f81520vE+sT1Zy
7/DzEutXZHVxIU5pr9Z1DtKihGwPm+M8gS9/+ct/Mzg44Ll2GPV9tiZA95vmeOAvrhZjAT83x+qr
Wc+9Ys8tL4nYnq+rsTOfs8jKuEqm73cbAwb7+0jzb35MRl//pXPPXofv95vze7F/sjD7Yr5P1a9j
Z15Z17Nxb2Ff5PG2uF7l5xXMM41B3SS/OK3zP0f5P2Xbn6Bawb0X8zrvY1C3Kdwz4/482epg0iKl
bO+aOE9YnCfwb0+fPv2LifGkr/0EEbPLcbOfmNpLYv7Aki8oxNfQ8nW0hXl2l7k/H38dfh+F+wSx
VnLw3T+S6SPP8PM6zvHzOpRxv2r/nmJq/UZfn5p9+Dp35mXunXm9HOs7fb6Kezmm73KybmNeFuc/
S5YWKP/171hiG+xPILh3+PpCzNv570jI0iKlbG8b+Md5An9B9S+7u7sn/O4hwvcTm2X5eVb36SZH
bgrqj4Oz7EfyOlyxF5/fXmFcG2lvJEsnnyPrZxS+v5S435P9d9Ts4+wdzPU7YnzV3J2NexpvC1lq
esOKWp4n991cYyr1kK0kV35phlyln+HSwjxZbHjXEtdgXwKHv5e5d2W+hyupC/fcWSNLixaxPW3i
TMH3XL50+V7U2f2uHZbPF8B+IqjPbUrjQCU4VmvbIsG6LPwsnrsUt14APQrp86+zs3rYWV2OvL+I
uL9Qrb/FOscv2Ees62DfMX+n8PWM+zYmntt71fIk9u3MX5E4l5WU1cuUX5qV+D9t7VnEWiXf3Eu8
09c1NN7Lxo+trguSLmoRM7bXjY0BXZ1dRxn7hdYOe5wzxGuEy6w+UAmOvaTKG8Ay33e/tDVD6I2a
brmon9PnVvMrMu4vyP5pk33U/JD3+2F/2Mq8wb593k7m3qWOZ3JvY36s12B9K9ln1Xgf5387R5bR
I9p42vKe0Ldgsq/iXvbzEu+G+rgwRtHPhKsW0qIGbI/bDa2tbf8Ba1mWFhf5HmIljgGp1DxfHyv1
zoQtrxqBRca+W7lQ1gzhdfDeBvt6bDW/sON+VW+f5Psxt8Xy/gZ1T74b+yOQVz3P7udFLm/P52Vf
78L9ONRvKL88R/nf4vw3nbHWL7Fvlxv3hZinry20TV8j13NJlhY1YHvdKPsH0PeL+W3k8+C32DEA
uQDm7rCX6OjoFXa+GOYNs7a6f1jK7+QtMvbZoj8HewngPSWTSRaXsD13SxgDxPwl3hvWI63Wnyy9
3q+K+1X1Pjv7zPfXqufxlDm+jX3X+TpbjC8zn+xWxvUW7m3Mcw2QrYkByv885x+94U1nrXFM10Wf
3FuZ34YmJNHvzfVc5upl0qLma68bZf9B8I++P+S2mTTvu2F7igYcA9Cfw/f27WNreYSGhobZmh6s
5xN9/XLfMPyrnWU3MX+e22Jr8Tb1HgOMK6hBYH+AZHKMrbeza53t2bEZeAzYZv3DfFzBmclgn/Hf
cLK4Pp8Acb+j3if6WpD3G/G+eh7PP/t2P9/l9PN27seF+iQ5mZfF+N/R+W+u1t8Ln6vHWGawX4B7
K/MDXJO66PfmeutM9dVpUfO1142yug+8CvX3D7DzM9B7A7+JfYP8jAHpZb5fGH2NDhpTfJ3++XPK
frs8DghhLGDnjXnsH8B6/7AvSXrZs08QLMPHCy6FhmiMPtl2mSzVHiPLF94iV/q69LnJDV9jAOIF
sWcveiCxJln0JA8P0Oe99k3/vj9o3K+q9xk9bdW85m+P9YdVeX47474w+151PMnHj6vkxf0g1+Qg
yac5/+kl8H9OZ/8cH8t6aq0+38K97utl5gXv9HWZpnTR78311etqgLSo+boWjLK6n3I5ZvXZQ/rZ
oCuMOX7eoHoMWFzk6/IGBgaTiUTNv6ridUVm1Pfu6+vrO0D1AlWH8MeoN4Sxlxj/uZT33h4y1lZP
5uveJauJ10n+nd+w8+V33qGif66de5WMjw6zPEScvakaAxAjoN8fuQTGs9HRUYN7aKK7lWzUHSui
5ldK3H9W8pfnzJhfleePmP6eS5Hju7HviOvt7OucT9ilYF7nfmtyiCmfXqD8b1P+F8liy3lLnw7W
LFl9vuTvHdzbmGca4qLfk+un3Pc3CmnRUXXtGeWectqfluNm7MmD/QLZOeF07J6dsZ45ij4AXKOc
pDs7Oz9SJbEvmeg3fM8jjzzy77ppgIA8mvFf4hiAfbdGWqifP/IE2Tz6JNk6+QzZOfVrg3+cM7+j
K1N7hJ17Dr++JvjXxwCwL+oTuJYcS7K1iEJXaDyx0vhugT4/j5pfyXF/te77L9nm8lvV7I9Cqjk8
H+x7+XlbXL81KTQoacimYZLPUP7zlP9lyn9rQu/Po39ivwKaqwfnfkjSMBf9vhwdGyVpFQXoOjDK
/C1UGpVlHMD5HHyPoBXGJa/1LzD2Ec/Dx1ep2a+qMvln/UanT5/+CnKMBcF/CWMAYvPxky+Rlbd+
QbLHniLbp3T+dfbzp3/Lzprf0bXQWM32FGE9/agf6Pv5gfssO5NvwsL9yACNVZrPF1jbK/v+QjW/
4uN+5iuV7Lcp2WeivHN16ermGtNFuefq5aL8cdlqa3K+PTFo451qChqyadhQPpOi/O+w39lSa43O
Pu/TwboFZ34vca/y9YL5aUn0+3L085GkVQib685oTL2P6nlLTk1zAtTA5HU5qA9gvKhyZ1+Y6Ddi
aw6Qs4PxUseABZxrfvIFsv72r0juxNMO3y/4x3nzO6ep6J+zbZfY2ma+3z/P8WdmZlmdUlaq9QLZ
Auuu+3r4nO9z+P5i4v5qvq5X1PeGrHP5Rrzvi/0eLpn9cRX7tvqazqPFx6uYn5Y1wpTPLDL+M+C/
TerRw7pFmq9bfL6rv1cwPzNiin5fbrCFawhq1cqMyXVvlPtbqRJyDjw8PMRqbthrlP77iM+XMnIA
qr8YGR4ZZ/wuzJU0BiCeX3kTvv9Jsm2P/QX7Ov/5M8+zc+e3z71Mkj387EDMeQjesT83NNtRT7Ko
79n39ArL9weN+9sl32+v70k1Ps59J5fM/liX6e8N9nslny+x76itDxriPn5Q6d+t3I/YNEryK5T/
Xcp/mvLfLvXooVcHfQyuPl/FvWB+1Cr6fZR5XW0kN9ymlQ2MPzOjnO+nGpPHAap2qlt8voRYc8R6
jgf6By6s6POMxY4B+P6psSs073+CbDHfr479OfvPMfbZufNUuZrXyOjggME8NNnTRtbqjlvPpqrx
4fsD5f2FfL8i7kfND77fMqdn1vcMCf4Nf29j3x7rJ/skn9/nnnO7+XmDexvvM0KjhvKrS5T/PJuz
WWq/aLKPPj3sSeBgX4rzHb5+1KnZK+y+svSzydIxUZdWLh7+XI3mxAeoNKoHqW4J+O3GGNDX1/84
aneM/yLHAOQhM71tlP2nyI6i7qfy/Yz/6heZcjWvk8WWBPP3K/Wn+Fm04kxKN99/sYy+3yXuZ/wP
NTvm8y3MM3VxiVh/TJHnjytifY96m4N3RWwvfLzMuyFwSWXhv6OWsZ+j7KNPbwvzGSqfX8jf09fl
GmPCPWXpZyJJCx2A2Eo1Ngb09w98np9BtlzUGIDvw3z+dHu9gn332F/mP3/uJfMMekiwnwji+z3m
+z19f6GaX7U5R475fsucni3ed63veeT5E4pY34t9O+8KH781c8XUrKwxyv8y298BNeSljksG++jV
w97hruw7uLcyvz1nCveVpZ+HJC3qhz02pd0wMDB469jYmLFHEJ+D17WxbpPel6f35vF9vHOsP2Gx
8QzjP/+Oe93PHvtz/l9y57/gfr6Kul9Rvr/wXD/3/a025jtsNT4R69u4d8vzlewP2nJ9F/ZVPt7C
/ZhTlM38GuX/6i7fC7JT789nPbp1Ov/2eF/h8wX3c7KShhCDZGn8k70i1K1F/aDH5m4jI6NkbCzJ
eurVSlmUglJcmD9Eb066/h2T/QCxv8m+4N9H7K+o+5XN94u4H/P9llhfruvLNT47+72F83x7Hx3N
8625vhv7dv+u4H5OKMmUX0tz/lcyZKlL9OjXsV497C9qYV/JvZ19wf042Z7nwn1R5rnoZ0ClRf2M
x+ZulP8jGAOEwHNQ5c6+aPP9fmJ/H77fT+zv2udfpO9vc/r+HZydM9Ju2xvDuheOhX23uXwjz7fP
6VnrbWZdz17Ts7PvzjrXuCnKZn49zfZs4/zXGeyjTxd7jnmz780908IEuxfOfS9XsleL+hmPzd0o
v/uo2v2yjl5EoeTwIFm5fIzkT6l8fymxv/+6n3effzi+n7E/Iu2NI9i/Yq6XM/N7L/YH1LG+zL7L
3J0r+xbe1dwL5dczOAyRneG81F1v9un3N7A9SJzs232+gnvKvKlJek9JynyfLC3qZzy24LZ79JeJ
3WO/JLvHfkV2j0NPkN0TT1I9RXZPQk+T3VPPMBXmP+TYXznn56fXr0DNX+X7cW6OY18smX1Vbc+j
j8fCvtw/O2St6bvl90r2rZxzTTik5F/v1Wf8q9i3+HzZ35vMc00x4V6y9D2bGtCifpZjC25W/p/w
4P/X0cf+Qep+Bef7bb7f8Pn2PTB19uX6noV7VQ/foCPPF301VvZHnDU9e13PlX3K+oLQpKEclcE/
+sd7Gsx1OgNNbG2ilX17vG/3+Vbut1NcuIcsfa9cg2RzYlCL+lmOLbhR9m38Pynx/7TBf97B/x6I
/T3X+PmZ75d9v9fety59PKp+fTv3fthX1vVsMb7s6xec7Ock5ddXJP4bDfbRp4/1iYX9vuzzrdxv
L04z5ej1TXA/CQ1BWtTPcmzBjfNvj/2fNH3/Sb+x/3Pusf+5oLF/iXW/on2/7PPNPTLMXF+1Xkex
Rn7Stm6GyT6fL/fsqLhPOrmft/r6rRTlnWnKovwG5x/ryZd7dfYHmnmvPvjHfJ8b+ws29iXutxZn
DGGc4dwPk80pJi3qZzm24Gby7xX7P1PivF+IsX/Aul9h39+u8P3WvW+tdT5Vbd9Z3zP76EeYlH17
st9X1fYsPl/iHvm3jflcatoQ459cZWc2Lvc2Gb5fX6fD+3bpe85hrTHuFTmAKt5n7E872N9anKX8
T1HmR0xNj2hRP8uxBTd//Hvk/mdk/ovp+Qkz9neb83Pz/bVW7mXfr++Po16vp8jzPdkfNaWK+Y35
PHs9384+597CPmJxm/KbqwSG9eLLfWJ9rsQ++vXRs8v69rr0OfxekkMvEu4P8b/C54P7rSVojo0z
m/T9mLqiRf0sxxbcKPuJUHP/ajf+y1z3LyL2Z/P9qphf2h/Ldc2Oy7ze9vSQ2VM3zevsnn178ly+
qqav9Pl25mcsym+u6fyv6fy3GOv01Oz3iDl8PpeHej7qevT+c/S+EOsL7reWufBzNul74RqDtKif
5diCG+Pfnvsr+S8y9xfzfgk7/xWO/e1r/LovOub27XvfW2J+ZZ1viFjm9qZt62imFezPeLE/UYD9
6YLs55Zs/Pe3WH3/iMT/FYl/G/u8tifn9yMki54fel/iZzHuZ6EkpEX9LMcW3Jz8+533LzH3d/T7
Vzb23xlulWr8ijMvZN/v2J9DrvO5rZe3ze251vhsft+S58sx/zSXHI8vCc1aJPhfF/zD99vjft/s
s9yex/imrxfMU42TzTkmLepnObbgxvkPY96/xHk/xVmeRcf+nv1+uu+3ze852HfU+tX9+/ZcX143
b+b69nU6buyr63zu7M86lKMx+k523eA/3d9q8/2quL9P9PAUZl9wPye4n+Can9CifpZjC25q/p/2
WfvzO+9fwryfsuentNif+35R57Pvg8/3xVTX+l1qfYL9abOvbmt21Dmvr+rdVbGfmpJkZ59znl2e
J5tUG+kUWaNaTWOPlmWSyfDzVxj/65T/AR++X8n+sAv7Evfz0CTZYJrSon6WYwtuJv9h1P789vz6
zf2L6fnxjv2571ecb+m6J67d9yv2wtVzfbmvzp19ucY/4cl+lrKeXZwjG8sLZH0ZjC/pjKc9JfPf
2dFGhrrayFhPG5npbyfLQ51kA/7f7vvluH9K+H4b+w7up8jGgtC0FvWzHFtwo7l/Ql37C7Hnvyy5
fzF1f9n3u5+BoezlN3y/Yr8cC/8S+461es6+fcyjZ1MzZAOcL82T1eVFxnkhxv3y39XRTjrb2xzq
62wnw90dZGqgi6RGekl6rN83+8zfc+bJRgqagbSon+XYgpuV/zBqf0XM+4eS+xeO/dW+X/L7E5Bb
rc/W12fJ96V+ekd9n/OfRb+MzvnaUopxzs5/EyqBd3f+10kX5RwxgF8N9XaS8cEeMjPST5bGh6SY
X4r1DfZnuGicQqVF/SzHFtwo+978V6z2V87cn8f+rM8/KcX8tpwf7O+o9upQnX+hiPlz8JFgg/Kw
xnx5yle8XlgZV60ohHOXiuVfpT4aJ4wO9JDJ0UGyMDFKVmYnZO712GVOi/pZji24efNf7tpfwHn/
Eub9mO9P2vN92zm3qj3xbfk+avroicHzv56inIPxEuP1IMyreC83/66xQn8vGR8dItPJUbI4M6lF
/SzHFtyc/JfY91dS7c9lj9+ic38p9h9qtnEvsy98P/f76InPoa+FxbrT1JcvMF8e1DeHJT/Mu/Pf
wWoAFZAW9bMcW3Dj/Je77y+M2l8JuX9nwlbr48znpnlPGzhfY3n5fFE+uiCTK5WVzH83+KcxQAWk
Rf0sxxbcSuO/2L6/MGp//nL/ze5aNt+N+vU6zc3Beenx+t7kXsl/V8x/bO7G+A+05r/Y2r/Pvr8i
an+5tnNko6uWrPa3kPRwF1lMDpH5ySQ7R31uboZk9L4YU2m2N7arVtxUKpsrFVHMf2x+zeQ/jDX/
Zaj967n/FuV9oyNB1nrqSGaghaTGBsjC+DCZnZlWa5YL56jL3Huy78p9qew7GV0NotVgcvJfEWlR
P8uxBTdf/Bc99xe89r/ZepastydIpreJLA73kNRoP5mZmVLKi3vT91tj98r6/BK4D8i8LJzXIvOP
GkAFpEX9LMcW3Nz5L3bu7/ce/PPaX7bhBNlsfpdkeurJ0kAbZbyXzNJ4fWZ6Sq0i2Dd9/95gv9zM
e/JfGWlRP8uxBbdQ+LfN/eXP/57kqE/fpJyvtNeQdE8DSVFfPpccIdPTkw65cl8C+3bfX0y8v+ql
VTeFx7Gp1UDa2tqK+Y/Nl1n591r355z7w76em5ffJmvNp0mm4yJZpL58frSPTE9NUE06VSH2Td9f
fG0+OPvRML+mkJX/zkpJi/pZji24+eF/s/ZNsnH5KMm0JchSdwNZGOwkU5MTXFNOhcJ/Cexz318G
9vcI9yrm3fjvoWxWSFrUz3JswU3wnzv3MsnWvE4yLdVkuf0CmR9oZ32dk5PjlPNxk3dZe5B97vsX
i2K/VJ+/5qU1L62GKgv/3Z2Vkhb1sxxbcJu+MpSYnBgnhiadUvIfNfuuvn+2qFpdKXU5T+492Q+X
+5j/2IIaZT4RmH0F/9Nu/FeQ/dnZGbK4mAqP/WuMe3f+uyohLepnObbg5sV/OeL+ctX7wD58P6v1
B5ifKwv7FeV+zSEr/xVhP+b/GjWD/2sl7ndjn2qJ+v7y1OwC1N8C8rvupXU3rXlK5r+XstnbUxFp
UT/LsQU3N/73ZNzvwf488n7q+8vJfljcl4N5WdvbEv+VYT/m/xo1xn8FfH+52Hf1/dca+yUyH/Mf
WzFGWXfwH8z3hxv3F8M+9/2ZkPtofbC/x7hX899dKWlRP8uxBTc7/yXX/Coc93Pfv+iLff+1uvBq
cetuKpHxIPz3VUZa1M9ybMHNF/97MO6fU/n+ktkPj3tX9otkesNLG1bJ/Pf1dldKWtTPcmzBTea/
YnF/SOxbfP8eYr/s3G94K+Y/Nr9WkP8KxP3Fsj+v9/p55fBhzNFVmv1imPfmv6cS0qJ+lmMLboL/
sH1/+HH/jIN/9PoFXicTSo2uWH++7qkNlTaCa3t7O+Y/Nl/myX/Yvj/EuB9i/XvXBPuV4d6N/37K
ZwWkRf0sxxbcwH9Uvr8U9hdT7r7/WmE/TOY9+e/rqYS0qJ/l2IKbK/9h9/n58f0+2Re+P4zcvXzz
c5XnXs0/2OythLSon+XYgtsU479I31/2mp8z5xd5f5B5uEDzc9cg+5s27cT8x+bTlPwX6ftLqvkF
8P1sTi8i9gvX5UvlecOXNj0k84/cfIDyKYR/Y78e+f9Ckhb1sxxbcKO8++R/b8T9at+/F9gvP/eu
zG9atbMj8U9z84H+XkPYq7Pu0kVDjQ11pKmxnjQ3NZD2thYmnOfRQ78Okr+3gLSon+XYgpuD/zL7
/lLifuzr5/T9lYnhy5ezF8n9pruc/PcZgu+vu1wbWA31l0kzxgkqjBE4/1d+XSot6mc5tuDmj/+9
6vuvb/aDMO/Of6+V/27wf6lkIV6I+b/2zcL/HvH9Kvbh+9GnG3w+znvuPfDc/B7m3o3/QcqnEPbq
aai7VLJamhotrzsY839NWmH+94Dvp+xjP//i5uIry76lFr+pUnCe1dp0lcw/cvPBgT5DWKvfWH+p
ZLU2N1pel0qL+lmOLbgZ/BfZ61dZ3x/ePFzY7O8F7k3+d7z5b7hcslpbmmL+rwNz47/yvt+95pdK
zZfEfrgxfIF4PTTOg3Ov5h9s9hvCfgBNDfUlq7Wl2fK6VFrUz3JswY3xX2nfHyDuh7DGz3MerqS5
OH/z7b5y9QiZz0oqyH9jfclqi/m/LkzFf0l9/kX6fre4X+X7w+3BuXbZz7rIzv/QYL8hrAdA7b5U
tbe2WF6XSov6WY4tuFHe/fG/J3y/IpYvKZ7fi+wXx3w2a0rmH7m5zGk/5b+luaFkdbTF/F8PZud/
7/r+a5v9rKysSpuhycn/gCHMB7Y0N5WsjvY2y+tSaVE/y7EFN1/871XfH7MvKWuoEP+o3ZeqmP/r
w0Ljf4/4fvtaOPV8XLi1N9/xeog+3s58EP5RuytVnTH/14XJ/Ic55xeG7w9Wzwund+7aYF/NvRv/
w0MDhrBWr721uWR1dbRZXpdKi/pZji24BeU/vNjf2/cXE88HXSdTTv6j4F7Nfz9lc9AQ5gPa21pL
Vldnh+V1qbSon+XYglso/IfV6zdnrvErJpe/ftn3x71f/pG7lyqsI475v/ZN8L93fP9COL7/GmI/
JysnK1uU8vlK8N8Z838dWMn8h+z7M5l02eP+rF1F1eGD+WSVcnYVyXsQ/lEPwNr9UoV1xDH/176B
/5LW+YbY57+wMBewlh/cr3v1zUTGfkjcq/hHb87I8JAh/Bu5e6nCOiL5dam0qJ/l2IKbyX+Esb/F
95cvn/9zYN/J/4CN/wG2BgD5eynCa8T8X/tWEv8hzvlx3x82+x78X5fs55jy+bwr/yrJ8/jIF+R9
fdjZPvoZv2Ae+4dBfTH/14VNV5R/97rf3vf9e5n9nEVB+Q9JWtTPcmzBjfMfbexf0PcXxX/YvTh7
kf2cUjL/6M0ZHRmqhLSon+XYglvR/IcY+1+Lvj8cntX8QluytoLJyv8gZXO4EtKifpZjC26U9wrx
7+77i5mDLyvTZeA5iEphP+Y/tiDm4L/Csf/KSjow++Xgfy+wXyr3Mf+xBbWi+A+p7hf7/vDZV/F/
ZXS4EtKifpZjC26R8R/7/rKwb+d/ZBj8j1RCWtTPcmzBLSr+5+dneY9fqb4/MP9h+/69xf7W1lbM
f2y+zcJ/Bev+6fTynoj9o/T94bK/xbS9vU12d3dj/mPzZeXnPzzfXzr/e9T3B+AcZ/tA6PGFnwfr
V69eZbKb2f8/qNBQzH9skfB/ffj+8Nnf3t6S+M4zXb26yxTU8L2jo6Pk4EMHyRc+fzf55je+RX7w
P39A7r//fnL77beTv/zL/8h01+c+S77znW8r9fxzvyMvvPAceenFFyyqPnuGnSsspI8lt0b9LMcW
3CrN//yc3fdXiv/ofT9icyi/I/vuXaXvLmRizFhbXWVaXloki4sL7DM36zl8XxfMASTOJyjPz5Of
/vRn5PHHfki+973vk6985Wvk7rvvIXfe+Sny0Y9+jHzwgx8kH/rQh8iHP/xh8t73vpfQx8PQ+973
PvKxj32MfPzjH6ff9xVy6NAh8uabb5KpycmxtbVVLdqnOLZizeB/j/v+sPkPm32RezO+dd8NvkUu
HtR34/XwnnGeOfZDWpL4Fp+38bvQfz+W36E+Bhh7uxpnvI+TSV0d7e2kuamJnDtXTaqrz1K/Xk1O
nTxF/15NLl6sJY2NjaSdfk1fXx8ZHh5OTE5OJlKp1OFMOq2ll5cOjI2N7qfaF/UzHFvxVkn+o/P9
pfOP2JzH5zsWtovx3eK1xD7G6H9Op5fIwsI8+4wgsSZafHZ834RpT/4tY4AP/icnoCTUPjGRTFA9
PzGe1CbGxw5Q7R8fH7s16ucztvJaJfl3+v5oYn97777Ivbnv3inJd+N78Dp4XaxlwP7ljO/lJZKi
fC8YmiML81zzTLNcBv+qMSA4/zQHGNP3eHqe8q9RPUjZ3w9F/ezFFr1Vin+1768M/2JuDL4bKsV3
i/qcuC+cS766mtHz75SuBa7UAtvPkGue8Z+S+VeNAZ78O8aAMfp7SFAdob8fDaK/u/1MU5O3RP1s
xbb3jfF/Dft+2X/z2HynpLwbr4GxAnECxqu1tVWyukL5pv6ba5GL8r5kKEWWDPalMaAY/s0xIE3Z
TzDNzmgQ/Uzvop/tfqp9UT83sV0fVgn+S/H9Yq5sZ3ub+25pzjuI4et5bL9j5PTifCGcNYIYPZNZ
Jhk6TqUtWmKx+7JFCv4dYwDnXzUG6DlAgvKfoOwfptIo/3dR9vdT7Yv6mYjtz8cqwT8YUe7Dm80a
tXN7bB7Udnd5zR25N+IBxAYYcwTfTqXJCmPeprR9DFhSjAF2/h0xQDvlP0F1mPKvUfYPUO2n/N8a
9e87tthkKyf/YAQC46KnpXTfzefbxP7fLD5fXSkgFf9uY0DBGKCdKkHHgOfpe9Mo+w9S7af874/6
dxlbbEGtWP6Rsy4tLjIuwCB4FHW2oCbn3YjLERtssNh81cEsWC7Me4AxIGMZA8aoEpT/I1Ramms/
5R+6JerfVWyxhW1u/Is8diWTYf1liNXltaVBfDevme8YNTuMFxCf9+b+VvbBjEn45tDYZ0rT70/Q
14E0XXfRn7Of/rxbov49xBZbFEa5SCBHFv2kQQ1c8/nuHPPbeC3wlsnwOTFeLzdzZ8QLPKdeltj3
y78732trKwldGv03dBfVfqp9UX/GscW2V40inPDy3aKnVZzJIxhFvYvPc/M4AbUvow6u18Ts/NvZ
V/l+k38L+wn4bsryYZ3tAzrbt0b9+cUW27VsFPPDVM9TaVQHqPZT3SquLyzM709BKYjVsrXF1MJh
vb6d4LVumX+JfX/8t7OcO5N+nkqj7D/IYvKVzP7oPpXYYostqFH+9/Fa+OJ+yv4Byr5GuYeex59p
iNXSlvdHfa+xxRZbbLHFFltsscUWW2yxxRZbbLHFFltsscUWW2yxxRZbbLHFFltsscUWW2yxxRZb
bLHFFltsscUWW2yxxRZbbLHFFltsscUWW2yxRWOBN7aKrSjTbvC8nK+qus3req6q6gNe1zNVVTd7
XU9WVd1U8Poh11e/uaaq6saM6yvU3ITrSde3WHUjrtdUufyAfNUN9PoNmttbpG9eo9dd32JSPMwu
N6iJ6y43WICGq+b12wpcV76BfHjXb474eqn3f5vq+qPe1zP/wry+T9yg9CglqyS7kf9fjfROauTr
/AnIyL9qTb5eZdyw8QKWy+znSq9k+e3r70CzfBaO6+J+b3R8Ouy7cpZbcVx/n/VWGBwudpvxXtV2
Y4Hr/AWS7tdvKnCd3WGNx/WbClyvKnT95gLXbyxwvarQ9dsKXL/Z8/3jBvTr/97tBjL8z7zbdf77
vcH1Or9wk+t1/vzdXOD6ba7Xk+yPQ67XLbfhtKsFrvP/v6HA9Rtdr+d8Xb/J9XomlOs3R3z9A+W6
fkOBn39jges3Fbh+c4HrH+DXXT//2wpcP1Tg90+8n59DxOv5O2QMz8rn95A0fLte9+DjkOR+VPwd
kvyDit9Dkv9R8S9/v2r8kP2Lavw5JPuPh92uJ/k//j975wFmVXX2+wNEiuin8ZovNyqam3yJuYmN
z5YYg5oIKqKiYI0xUVTsaBQRQoCg9F5lQBgYmBmm997OzJnee++9V2aYOWXe+/7X2vucPZVBI+bL
nf08/+fMnHXmnMP+vW29a+3NFWON60cO/H81XvkNxzu/4fjY9cPExscKLBMdH/yG43Sh8Q3fcFx/
ofEbxx+vXDf++Jj/QnV8rDP4P2X8Qv++C42PRXjC4xu+5XE95q7jjHeK+e/Y4/26GeOOD+quqhxv
nDY8MP545QXG+9d3jjs+ehTQjo+VHq3Htz0+Zn6aHJ8cnxyfHJ8cnxyfHJ8cnxy/VOM0/viU8cen
0bjjw5d6zOMPDxu/avjw0PGbRgwPGX9g5LB2fP0ow5rxUYdt46OOWsfHXGJT+1Rjjl8x2lkZcmy4
atzhyePf8fiFTiyuiuXVKbofj/DSyWPymDwmj8lj8pg8Jo/JY/KYPCaP7+CYMo4mj3/vA4ynjqNJ
G/j3PcAXe4DRwbp6FGFL7EzWtO/gu00e3+4B9rNY/8n6GWsu6781wu9oYV3HulJ5/eTxP+NQY/r3
WJfppP8O54exq+bMmfP4448vcnzssYVeLG+NvBYtesL1lltuWc6v+5HyPsM/Y5ry/Pd0k7niX+UA
A8R0+OwPdNJ/r2HN0A21gcumTp163erVa0LCwsIpJCSUgoNDWMEUHCQVFhZG+/cfqJsxY8Zc5e+n
DPuM7yvv/0PWVZrPmLSDS3+o/ni5TvL42ZQpU+7nxwd1Mp7Dh2fqbHX9DOb/Kycnp6LWlhaqr6ul
2poaqqmuouqqSqqsrODfqynWYDD//Oc3L9bJXKGyhb9fy7qdNY/f5yF+/KXyGagZLtNN2sClPMAF
bP8X6ybW/ffee+/nn366KumZZ5b48u8vsn6jk76K18F3r7rsssvu10dFtXd2tFNDfR3VsQ3U1bIN
MPfqqirxWF5WRvPnz1+tk74OG5ih/HwHa/Hdd919eMOGf2Q8/fQz9ldcccUifu7nrP/Nmq2brBsv
xYFzjHMNtnN/8YtffPDhio9STp50oJjoGMrJzqEXX3jRh8eeZf2a9RPW/2H98oYb5rySlZVlam9r
pcaGBqsNiDhQw3GAY0ETP7/kmSWn+PW36mSdCPu6jfX4zTffvDPAP8CIz3F1daetW7fXPPDAg7um
TZv2II9j7zZiAWLFZCz49g7E2qtvuummp5a99nrQsaNfmcNCwzh+V1F//3kaHLRQZUWF5Te//s1R
ft1S1qOshez7Lz326GMn6+rqqK0V/Osl/1rmjxhQXU21rKamRtq5c1fe7Nmz3+K/e4o1H4/XXnvt
alcX12bkipLiIspIT+caIoScnV1o3br12XfdddcKzgvX64bWDZPHP/ngHD91yZKlbx85crQtMCCI
SkpKaWBggEwmE/X19VHvuXNkNpspPj6h56677v7qvvvuO/7WW+8YUNd5enoNsv9TWloaJSQk4jVD
lJyUTBkZGRQZGUVHjx5rW7Xqs7T58xecveWWW/ft27uvDLVCSXEhFRbkU1FhASufUpOTKTAwkBwd
nWjlypVnZs2adbVukv+3dsycOfOyL7+0M2RlZQvuOIxGI/t+P50/f14IP8MWoqMNzCaIYmPjSK+P
JtT9/v4B5OvrRz4+vlb5+vgJ+fn583gghYaEiderf4e/KS4qpIryMiotKRY/wwYK8vOFDeTn5VJ8
XBz5ePvSvHnzbvuuz9G/+7Fy5ao96p4j+D34Q2b+uaenhzmVU2JiEkVF6sU8z8qc+Xh7+ZCXl7cQ
fldtwNtbPo9HYRP8+gC2hZDgUPE+sbGxIuYXst8PtYE8IeQETw/PbK4Jr/yuz8+/2TEilt5///33
dnZ2msDfYrFwzh8U/GtqaimB43hQYLDwZTCEX4Onv1+A8GtwTEtLp9zcXCoqYo7FJVRcUkL57MtZ
mVmUlJgs4n9QkHwPGRMCKCAgUNgSar+M9AzBH8yRB2AHZaUlxPnib2N89+8kH+zauXPG9m3bf7Bl
y9bf7N27/7VtW7e8u+WLjbft2LZ1xnfxfS7yUOfdmL/N0Gl6blxv/4eXp1e0GgO6urooMyNT+jpz
hvx8JbeIiEhK5XxfWlpGzc3N1NHeTt3dXdTT3W197OrqpI6ODla7qA2bmpp4PlhN2TyXMBhiKTgo
RMQC5BLYFurN+Lh4tqEcYQNgHx8f1/nTn/70Vp2tF4l5ynTlu0/XfYv95MOHDs48sH//j/bs2TNv
z+7db+zbu3fb/n37PL88fDj75En7TjdXV3NUZCTt27uH3li2bODt5cuzP3jv3b0bN6xbumXT5z/8
tr7XNzhEv0Yn+3k/UYTvifnV1axrly5duge+39LcQjExMRTI/hmgkT4qmvJy86ipsYk5d1Nv7zmR
G7rZVjo7bawxH2hsaOT3aWbuDWJeiLkBHpsaG6m+vp5tp1TkE9hXUFCQ0jcMEbVBJteLlRXldODA
Ab1OzgGvVr4nehNzdHLuqa4pfKP+wInjxy8/dvToHLsjX/6e9a7dkSO7jh218z1pf6LwrLNzt6+P
tyU0NJhiDTH8vdI4LuVRKderlRVlPMet4vgXRJ7uLnTiKzvatmUzrfz4r7Ti/ffa/vrhCr81q1d9
9vnGDfds+nzjzG/yHf8Jh7bXCn9Cj+UZnZyH3cO647rrrnuBY1peOsfhqCi99EuO13gMD48QPQDY
BWpAURcq84Kecz3CFmADbW2t7L95fK7iRN1fU1Oj2EAjc0dvoF70CNEfEL1CniciX2CeEMJ5BLYQ
ynEAuSI1NZXrf8fmuXPnrtTJHuFdrAdYT7AWs36nk7aBdccL2oCzk+Ps02dO/9epU6ceOXXy5AcO
Dqf2nXZwCGbG5V6enueCg2DfkZSYEM//1kxRg5aWFHHdU0pVleXMu5TKy0o4LhVbhdoVfxfo702h
wQEUxrYQEuTP9uBKx4/Z0fatW2jtmtUmtonCz1Z9enTjP9a/sv7va+ds27r1Uq+DIc7PnnvH3CVP
PPGk3U9+8tPt/PsnLKzLvHzDDTd8dODAwWrU9mCt+iKE3A9OYI45oG1e0Ed9vb3SBjgGnONHzPkR
32uqawTXgvwCamlpHsUG6kSPED0i9IerKispk+sEcA8LDRdzCvwcH5dA7u4efffcc882new/vsF6
n+vBtQ899PvDCx9buHHq1Kk3qP/IZa+9OjU8LPRKNze3X7q6uDzhctblr66uLgc5Vkd4e3lWBwYG
9EVGhFNcrIHSUpMpNyeLa44CK2f4NB61nDE2UsUiP6EmDgnm2OjnRUEBvor8hA2EhQRSeKi0Bw83
F7I/fox27dxOG9evO7d1y5Z3LiF7kfPnzJnz3ydOnKxHncZszPb29sWPPvqo+80333xg27Zt1cjJ
iO/wQdUPMzKyRB2AA/Ug5gUm5o85ojo3VG0AuaCB4zv8v62tjcrKytiHikRMwNpA85g2UC3XC1j5
bC8xMdIGw8Mjea4Zw/6YSC5nXc/fccfcr2655dbDKz5YEefn69uZhNzB84gPPljhsHjxU5/anzhx
zMvTI5r9sT4iPKzfEBPNdWcC/xvSeC6ZI3oM0meZs8K4vEz15ZF8rSodXWX891jfQPwP8NXyH6rg
QNUeAoQ9IE6cdjgZdPnll1+ts62HfJuH6O3yeToNvwIn9QC/vLx8C8452GMcdRge8/IKmPGA9bXg
bzZbxrWBc5wLEPMLCgrFHKC1tYVrwzZRE4xtA7VDbAA2E8d1IPwfwndDzyAiPGIwLTVlsLKiQjAr
5jlCtF5P7m4e/J1DKT2dczPH7GIN54n68ricxxDet4r5h4VwjvTzFpwnooiwYDrjYG+YOXMmahjE
LtQxqGuQx/7Za16iZr777rufdnV1M5ZzvDKbTaKnO8DsmCp1co2O8yt9LkLU9oXMAHFe5X4xNtDX
1yvygW0O0E7tbRdnA8WcO2ADUcwX9SBiU15eHp/zUjE3VPsDuTnZPCfxI09PL0pJThSxvGxUxhfm
PRbn8fhXV1VQeFjIRfFHDGD+0cwftcv1ig3gEetd2EfzfcUWhq+1f51jyvTp07+/a9fuZJxPsOpX
+nlG4wBz6ibEUXCPjIgS7DFnB1+wtljMrMGxbcBktNYDqAv7es+JOkDw75E1YVenagOtF2UDhUoc
QA6AUCOiN4i5YWGBtAH0CJKTEoltm797OD+XK+L8t8HbphKhcp6/YH0zIpznL/4+IsZPRPB/x9Mn
o2fZ+EPq/gfwx/zsWsUOsB8C63Ko3b/3dQzgtdeWvY15NuZdAwOSE/jDdxGnwRz1Ph7Rq0FswBzQ
bDIr/Ee3AbxG+r/sDWtySn97e7uY+3cy+66ubjE/wM/tyAWiHmiekA3k5+VTLNsA/B9KSUkV/NU+
IeZiEOK/j4+PiAcY/+a8S8ZWmapSsb4VGfG1+OuZ/xwN/x8p/FX2yAdXK/wx771SsYOZuotYC501
6/Ir7U+crMpGX58ZIfcjPsMOcP5F3uf4ityPHh18FbyNJtn3HWoDFqsNYB4AO8J4R0dnV05Ortfa
tWs/+fiTTx7mOdVnyIuI02p/X84DWzjXyJ7Q+DWhzQaqqioJaxLIT3EstT+k7RVjnpaVmSH6zAnx
8YLNxTEfj/FQlWuE2gLfMyoynOd/vlyLBkxIEeEhzP+UftasEfy1vn+Nhj/YIx9gT466d2JCdQLX
mLM93D0r4XeYryE2I0+fP98r5mnwe/ReY2JieU5eL2oDte+vtQGzhr+6FsQcm8+ePbt53rx5/6X9
zLeWv/mXxoY6waWoME/EZNTfogZnbpgjID5gjgAbGH1uqNpANVVUlFNqaprIBeCvxgA1Dsg1wwKu
w0MF/wqep18U7wtwHkuCf2016Zk/6nzU9RNRJPN3OuMA/mrtNx5/1fdV/mrfFvzVfVTjXmPx9NPP
3J2YmFBgFmu5vULIBfApxFTkVp4DCKZGjueI6SNsgP0dQl6H3xsMBi/m/n9H+7y83Oxloj4vKhgi
uaaXo8ToYtEPblXqgfFsACouKhK9wsTERLHGnJebK9ipdoA1pOSkJPHz8B7NhXhPhPXoKhXzV31k
hJjzhwYHTkiRXC84OZ5m/rNU/pBa+4E/Yv/3h/GfPQr/CV9jc/vtt98QHR0diPoc+Rp5FbEfMRXn
ExzUXI48obUBk4gBJpG/e3v76MiRI5v5u4/Zb+OaeNlw9nJdRwp2kJ2VwXE9U/SVkANaL9AjQi7I
zMxUbCCJ0KNUeYJ9Bs/9VC4jmH8j3qXjqEzYaLQ+UtT16PdMRFFcLzjb+P9Ikcpfzf1q7fcfiu8P
56/WABO+xurGG2+6nHNkDHrwqRxDEU8RAwq4llbnBOdFLae1AbkHBD0g+P7+/fs/nzp16rifxbyX
jcVeFZ6HDaQkJ3GdVy1jwZhxoEaopKSEkpNT+G9SxPcvKiwU/R3U/zbmxSOYfyPW5WMLeaahvpYM
0VHM31/0fieiqIgw5n9mOH9t7XeNhr8a+8F/ls6273LaBPhr18wQL644eOBQaHJyMiUlJQu/hy/h
3IO5mBf0DbUB+D+4w/ft7OyOMfsL7sOy8R/JfbgNpKeliJxdrewRQ7+ouWkUG6irEfMB9IhTU9LE
WjNiANYiE+JjxVxQXTtWe3MXzXsszkq/EKquKKE6VmNlMTVXcQ7jOichhudPQT4UESr7vWGs8HGk
jwyjs06C/3W6ob4/PPaPVfup657j8Z+mvB62hM+5cc6cOfM9PbzO4bxhzp+YkMR1c7aS0+W84PwQ
G5B9HdRpHCcyr7nmmh9r7O4C/Mdjzzm7RAq5IC42hmCTtbV1IhegRzDavKC+vo4K2eexzwz/BsxV
0bfw8fEWc/94toOU1CSuDbLF51wsb7VfWAXO5QrnCmbMrGv451KO99klFRRaUEunsptoc3oHHc7v
pcORWXQkOJ6CeA4aE+pPBlYU20KE4B08QqgXzzo7qvzBXjvv/7q5X8tkivJ69BewtreA9ciCBQt2
I+ZjTR8xFDaAHj24i75dr8YGRH+gX9TpdXV15oULFy7TTfAaPj73y8bjru3N4PmszHSeFwWJmgSc
R50bYl8pC/32DP7+UE52tohfDg4OdOjgAbI/cZzcXF14Phsp1nXw/mPxVn26ijnXMtsG5gzW1Srn
0gqKKKolx7wm2pXVTitTe+jlhH6ab7DQ/XqiuZFEv4wgei/dTO9F1NIvQwZpQUQvvRdZTfsjMsgn
nGNCWBDFsi3o2RYi+WfM+8NZ0VFD+P9Qw/+b5H4t/2mK39/Jeo71Jmv5K6/8RY99mjKGpop5FOZi
vX2yZ3duuA2wWpiDh4dHAsf9m3W26z6+Bv+x+7GI3ViTgw9XVlaKz2xX5oawgWarDTSIdeOcnFzx
b8B6NGzZydGJPv74I1q58mP64ouN5OzkKNZwkV/UeRo4w4frVc78e1l5GeWUVVBUcS25FDTR/tx2
WpvRQ6+n9tNTiRZaEE/0u1iie2KIfs36TTSL2f+adU8U0d2sTzJM9HFUDd0WTnQnP38nv+5+/psn
4oz0TizbTkw+uUXGih5xTGgARbNiosLI9axjFPNX8/7wnt/VuovP/UP8n9/7x1zzvzF//ny7F154
0W/VqlUJsbGxfdjXi9iJ+TR8CH0BrNlI2WwAvQL0gurrG+jll1/+QifzlOb/+Zko/5E+P1xFzAl1
nLu7m2CLvSG4lkSNAy3CBpqokees2ENSWFAoekLZ7P/oXyKWnXV2poMcA3bv2s1x4ATHgCgqK8qj
qrJiKmXOecw5pqSWPIqa6Eh+O32R00PvZ/XTS+kWejqV6LFkot8nsRKI/qAqjn9nPcQ8HzSwLYAt
28B9zPlehf/KTBN9qq+luyIG6bcx8rXz+W8f4fd6NIVoURrR8/wZ76V20baEcjodk0rh0dHkYeP/
A91I3wd/1fcnMu8fwv/WW2/9T0dHp8TMzAwjzqHa7wPXqqoqwT49PV2s02J9Bus06NX3wgb4NcgF
4I9zz+e25/rrrsc+EeSpCfWfbfwvxF726PCazMw0cndzpRg+N9g7AP7tmnVD7CFAHICwbygnJ0eo
qKhI2UtSJ64zwBj2DkWGh5FLegltLeihVXn99HqOhf6URfRsJtGT6URPpUktZvZPMqcnWI+zDSwE
t0SiBcxwPvv/H2LH4c854LMsE600NNCd/PwDcfLvHuf3eIrfbwnYZxC9yJ/7Ug4rj+jVfKKPC4z0
WUhm1IzLZ6s1v7bn+3Vjv5X/Sy+9NBe1Pa7D6Mb6G59HqKuzQ8xZ4f8Z6ZmipwL+2K93rqfb+ih6
xL29wt98fX1zp02b9oDy/Sa0z4q5L5sId7U/i+ew38bby4PreT+uScrl2gH2Dop1BNkrhC23NDfx
vKtC2C4E/vI6I9kvrmH7ruLxBM6xmw0ltCSX6I8499ks5vBCpmTybLrk8wzzX5wibWDRMP4Pj8L/
PuZ8D/O/g/n/ivm/z+95UJ9HL0a20EP8Nw/Cjvh9l6TLz3qZP/cv/B1eZ+5vFhC9XUj0bgXRK3GN
UZfNvuKHynn9Z8R+K/9nn33udoMhth/npANrbiysveE8lpWWiT0dmSzUfmCONbpq9jnEBeRT5Fzk
AeTbTZs2RfBb/lYn89TE+JcULRuT/bD1mHI88vO5WRnk6+mOebHYA4K6E98LfSn8jnk/chfiAOaK
qBXz8wqEDWuvNaqurhT7BhOi9bQ5voL+yOf+zzmSwx8zx+GfbOP/SKKM/w8y//vZp+9l9ncaZA0w
L9pCj+gH6M/6Nvosqpp88uqpPMSVzp9eT4mep+lQWAq9ndRBz7JdLGV/f4X1OrgXsa0UE31YwjVD
FdFbCfVR02dfqcb9sWL/aHX/uLEfx3PMP84Q34/z0SbWXFukDbTLPTnInRD2AvQw/2b2KZlPc0RN
gPON3I/9m2++uTyA3xLX5WKtYkLxv3QM/uBcXlpElfxYXVIoVMG/F/PviRyT7Fw8aNfxk6Kua2tt
EzkJ31HNVWlpGYI9eCPvFxYUiZ5QvbqXUIkDWHtKiImhzxOrhe+/ovKH/2fY+D+NHMD8H2f+C5j9
g6x5zP9hZv9YvIWWxPXTe7EttCmmnI7H5FJwdDzlRIdSe7Qn9Ue7EsU4ExUmUGMYP55aQ3SG5fg3
Ou+yldL9nOhkTBqtyeqgt5n7cvb5FeXMnrWmluiDlPpI5q/O94av92j5q74/kbpfHM8//8LtPM/r
R7+kra1F5E/YAGrqctS8XGNlsyrKKwR/1Ft5uflYx7Pu30KswPNvvvlmML/lQp28ZnNC+9vLSgqX
sagce2SLC1iFgnsJ1+IF/PmpldWkr2ok/5o2cq7roS9rztGG7Hr6k1MIfXjUUczrkfdRhxQXF4t4
jx4F9gMgf6EfgD1CRYXFIt83aK45rGMbwLWEiQaD4I+8+ycl/j/H/J9mLcqQWsz8l6aa6S/JfbQq
oZn2xpWSU2wWRRliqSg6mLqi3Wkg2oUo2ol1muUomcecJUuMC1kMrjRQlEL14W40eHod0dmNRM6f
y0cn/t15Aw24bafCQEfySUimXQVttKaa+bdyHMhojpwh+V+jG7/u0/Z8JtLz073wwgu3cP4X/NFP
a2mRvVXkADDHPhrwrqyoFH091FrwI/gU4ip68rAL5IT33nsf8f95nbz2/8qxPlN7FJcWLyvg+XZa
ZRUZahoouK6NPBp7yKG5nw63WmhfC9FO1hbW5iaijVX99EliGT171J0+OGgvrgOB/aFuxVwQe0jR
98kXe0lbhI3CLrC/rJxrBXVvOWwAcQB1QFKsgf6e3EDPcPx9mfn/JZPn6em9tDGlgewSi8g7Lo3i
DdFUEe1P3XpXMkYxV/0Z1inmfEYwH4yWnM0xrmQyQG4auZM5lu2jOI0aIj3I4rSBBl02SZ39ggZd
txAJbSZyYZtw2UhGj51UFupMEZzrdibmRk6/YlT+au7/2v3+V1999dbExCQj4r9YV2H+EHIA6n+c
Rwi20NHRJvbto9ZCboWNqNdwwO/27N6TyW+Ja3Z/r5PzlAvmAKe2gWX2HRay6yQ6xNrXwWon2tvG
Ytvfzdx3NbMNMPtt9RbaUNhO7wYl08KtdvQ3OweuBbLE54u+FNehsFGxj5C/I+pVxCXUAhD6BegR
NSo9IvQIUQtgz7KXIYWC4lMo3RBBdXpv6o10JlMk+3AkM448SRTlIJgP6p3IoncmM/M2MW8TeMcM
482spTysMsd50EBJBjVEeTH/jTTotYsGI07RYOAR/nk3Dbpvo0G3rfy4nQY9dhB5bCdyY3vw3E51
9hvDua6+UmGs9XM1z+M8q/fbuah7oQQEBP40PDzCgljfruZ/UQO0iBwpc2ehqLPblbkBYkCX2Ksj
hdyLc+vh4dk4ffp03LcB1/3/XPmu434Xuy5adoS5f8ncD7MOMfsDzH4/s9/L7PeAPWtH4yBtqu6n
VckV9MrpAPrD37bTnjMuVFJYIPeS8Ry0V7OfDDaBdaj6unpRx6KWqRY2rswP0Sfgn2vqG0gfl0St
4Ry7w44SRdizTpEl8jRZohzJzDIxbxN4C7nYuMPPYzTMDRrmcZ786Ckejfg53osGSrOoIdqHLM7s
8z77aDDRlwaT/WkwwZsGOU8MhtnToP9BYQ8Wz50sthGfvTTgtSt4ojwv9oiMjJoSFhb+ssFgOJub
m5PJObOL+VvQR4F/FBeVCCF3Is/CBtqZf6dQh5gn9vR0iTwQH59gue222w7y277Own1gEAOG38Np
yHGkg/lr2B9U2CPu71F8fwf7/tZ6M61n3387MJkW7z5J81dtJveAIKrkmk/sKcSeUhED2AbU/YRs
A3W1daIuLOf4BZ/HHAFrB1WccyoLcqgsxUBlUb40EHGGzMzcFHmGTIK5k8Ld2cY92mWor8e62ZjH
eQzhbYzzkor3FjIxY2N5NjXG+JHFZTMN+u1n/j40mOQvbSAlgBUof473FLZnCTpKFu+9RAEHvzX+
w2xhuqeH17XLl791v6+PXxLyPOJ+KcdOce1eU5Pkj/mB1gY4BqjX8rz/3vt6fqsPdbIOwHU4yFlj
7kE72k3Lvmwfyh5+v5sfd/DjVtYXzH9tZT99FFtIL3/lTo9+9jkt37hN7EfA+h/2mgyo+4pVG+A4
gH2E1RzDEJtwLWF1TS2lJyVSY4Qb9YWdpv7Qk2QKOyX8XbJ3lOw5vwv2+rG4D/NzlXe8jbcRvBN8
rDIl+JKxIo8aDf5kceNY73+I2fsx7wApsBcKosHUYBpMDxX2YfE7SBbfA5eEv/Z49dXXVqBmquLz
htgJ/qilrfyVHoGwAY4B8DXU2V5e3h1XX/39rfwWH7Ce1snrx1CzjGoDXCkv28++v4dzwA7Wdv55
F2ygyUyHuNY/VVxDZ5NSyNHTjQ7t2Egb33mFPnvuEXI5bsfz0BzrfSfwOMQG+mQtUC3m+dUiDxSW
8Hw2wp9MQcfIEm5PlggHMkdofD7KaWisj7kAd5X3ENbMORHyk0qSMrGfGysLqDEukMyc3y0BR2zc
UyGFu6r0EGEfloAvWYcvJX+x/j9//oJFqalpFnE/Jo4BqJ2xL1OtEdqVHoG1X9jVKeIr1trfevsd
Pb/HKsUGFuvkfZtQv464V9v77kHLTnf2k3tZNYXkZFNSkp4Kuf5qDDxBXe67qMXhcyra9zFFrPkz
HX1jMa1f8iDt+vANioqKEnFc7i81ib1nVhvoOy/yAfqAYI9r0tGfzMkroGxfR+r0PsS+f4pMVvZO
w9hr8ruWuzbGa5knDmfOrJmt9TE5kEx4rC6ipoRgMnNeR2yXvs6c04IVhUi/hzLCRC6wBNmRJfDI
peKv3p/zx7NmzXrE3c29FtfP4BwihlZVyjmirUYcagOIAagXw0LDB+bOnXtCsYEVOrmueK9O9oX+
Q7ED0R/8ePFDr5tCOMbxXIiceS58Zh0NOm6gPocNVH90DaXv+JB8Vr9Kh5YvpQ3PL6C/v7SIvF3O
UnpGpthnrN5/QFxrqNrAgIwDYA4bEdcXc+5KxHWjBz6nfPut1OH/FfWHKzFf5PqzQ9nHKLndWtNp
47y3xrf9Fc421sYUrYLIyL5tYhlri6kpKYTMXnvJEvyVLc4PURhZmL0lM4Is/PfmkGNkDjp2qfir
99i7j/Xipk2bk1HX1XEdiDwA/tgLCt9vHcUGkAdQI6alppOz89nWG2+8cR+/zxrWp6xXdfI+ULgu
F3uAsUZ02eonf/cuuW2inlPrqPPkemo8/ncq//Izytj1EYWse5NOrXiJdr3Kfv/cAlq95A905ssD
FGOIE/2n4dcXqDaA60ywRok9ypj/wQ7a2tpJHxZK+z94hUK2f0qVbgepN8xB8Xs13rva2Gt9Htzj
lfwOvwd3wVqRyllhbWSuQuzPqkxpocy/lJqTwsnss58soScUf1d4Z4Qzc1XMPiuSLPweZn6dOfT4
peb/20WLFn2ZmZF5rrW1WfRQsM6GWgr+JNfbm0eNA91izl0n9oudOuXQNGfOHNjAWkUfsbA3BPcE
e5j1q1cfunNj6b5PKG3b+5Sw+V2K2PAmea76M9m//zztee0p+uKPC2nNkt/TmqXzyX7vDgqP1Iu5
xmjXmkkbMIl6ALEf69H47ugDYY0Se9c8jx8it3+8TyVOu+kc14BGEfOVOZ2I95q5+3Du8T7S75MV
3snMOAWsQxQxY3BOC5NKh8KFBvBYX07NyZFk8jtE5rCTNj8XipTKUpQdRRa2D3P4Kbz2kuV/XAOw
ZvXq/fV1tWb0AMR9GBobhB+BfS3nUswN25XrcsayAVzrhP1DDqdOt3AusFf44/9O/zvrM52sDV5+
5Paf2TuveIFOvL2U7N5aQvuXPUXbXnmcNr74KP392Ydp1VPzaP2fF9Npu0MUGh5J5ZyPcB0iWFsG
R15nBPX1ydgP3hDmAegPYI9aZ3cPZehDqNz9MJ3n+G8cEu8Vv48bFuu1tR18fYh/M+/00CGshTIi
NIokI7M1NlRQc6qeTAGHue50sPm5EPPO1tuUEy1iAupTc7jDJeE/ffr0Gc7OzidalfVz9EgbGjh3
NsoYChuAGtivUPvjdWPaANYK6mrFvjF/vwDTO2+/E3v99dfvVfjDDtazVv36Z3O8tv7xUfrHc/M5
xs+ndUsfpjVPP0SrnvwdrX3+Edq75iPycHGhSH0M1bDfy+sJzWQRsliZqwfsArG+qUn2eLA2qF7H
KK5n4Mee3j4qSk+i7igXMoP/sNreOpez1niyvkMNhzguxLyF2IdNHLNN4AzGmcpjFhSlSE9G9mdj
YyW1pEWTKdBOzDeFvw9nnhMjlWsgM7+XqE2izlwS/rt37/l5ZlaWWBsV7Oskf2kDDcKXGhoarTEV
cz+ssY9VEyIO4DlcT4brxpycnHveffe9hLvvvuck15fbpkyduvbOH//IZ/0zD9Jq9vM1Tz9Ia5+d
T5+/9iwdWPcpOZ08QQFBIZTK9QSuBbPeUwDiOD+aDWDeL64RwF6Q1lbRG8S+9AH1HhSwgd5eys4v
pPrYQNF3GxnvvW1+r6nrTcjjgrnkbWJ+qmycoWibmKVVzTXUkhFDJq79zOgjZ9mYm3NVMffcWDLn
xZGZ31PUJXrnS8I/PT1zJsfseKypIu7Df4UNKHEAa79NYr819lc1yf0WzHk8G1B7A6gJsA8P15H4
+wcMHj9+ovOLTZsLN61bW31sxyay2/4FfbVnB5058RV5eXhSSGg4Jaekidpdva7EqFxnMtIG5DwA
tb/k3ibUzbFe3oPEZL1eBbZQx/ErLTmZemJ9xLrcCPbaOZ1S45s47o/krjAXUpnHSOUYFMVK5caR
sYVzZ2YcmUJOiPUDM7OXvFXmqph9QTyP62Vuina9ZPk/MTFpHsuM6+jAvL6uxmoDsAnZP8deSyn1
Ot3xbAC5Qtznq6dbvAbvjWuy0tPSKSk5hfTRsRQbn8g/p1IW25661oB5nEm5Xrx/oF/8PsIGcO05
x3y8rr29Q8R7CL1/kSeUmtCoXHuONaL07Fyqief5tZb9kFzva5vHCwVIvwdz+KTKfCzeuQrvPK3i
ydTK5y8rnoxh9iLnCO4q73wo3qaCBDEuc5L7Je3/ce1+FNdP1dfXCv5StdIGOA8gv8pr8WSMRX1l
jQNj1APWWMA5Af15ee1/t3IvoB7rPWEG+s9b5+/nsbcYdRuuIT0/0gbE/SaZsbzmqFveP06sS3WJ
54bMC/h3PFZU1VBOcgINGDzEmqyNu8bvrfN6Ob8zca1n4vwtxdxzlLieCxkU3rE21sxPKsGmgkQy
tTVQaw7/HO4g1wTz4obyFkokcyGrKEnYBnqMpjivS8qf/f/6pKTkRuy9w7W5uJ4K7MXeapbI/Z2d
yj67NuFv4IgeoFw/HtsGOjrlmpG6l7AO+0ny8sQaHdYUVTuAn0Lj2YB631F5vwC53tfTLa857TeZ
afgBG0nHfpH4QI77bnKdRtR5Wp/X9O/U3h38PluTx8E8D1KY52uYFyQoSiRjIZRklamd/SM3mYwR
jszVU+Gu8BZKkipKJnNxihhX5h6XvP+fkpzyDuIz1sfVuUBZaWl2SXGJe2FhkQW9XjCX92yUUn0Z
c0PYwGg9ItUGEAdgS9hfimsLcE0PeszneuR9gXp7e0bYgLiWXLkXhYn54hE5XtxPDvcXFPeT4dq+
pIwq0hOpvbxAxBpYgol9v7C0nEqTOeai3ldjvvB7bbzX9vCC5PwuZzQ/j5cS/p2o8FZZM2P2X2NR
slRxMg0wT2MH+0Veiuw5MFfh7ypvVeBenErmkjRhG/I7+V1y/qmpadNZHhkZmW25uXln+PHJiopK
sadrx46df8WaKupB6fddcm9QZ6e8PoyZYU8Q2FvzwfBecZdcm8H1pPBd9Bexdwf7ScAM0tpAn2ID
qt/DFuR9YyA1XvRRaXkllSZGifXcAZ47dxu8qS0nkcoL86kgI4V643057nto+jo+o7BXenno7aCu
F8yH+brq4wUa5oXMtghKFRooThV7fgZKpIwdfB7yeQw1faK/hr3CXBXYl6bzeLLSZwq85PxxpKWl
T2EbuGq0sS1btv6toKBwAPUA6jq550L6oXrdP64Jwhi4Ixa0Knag1oToI2EPGduVyAHoGcH38TfS
BrrF7+o1CWKdT9Rw8t4UNtuQ1x8Wl5RSrj6EuoPt5b6NaGeeZ0n1x3CuR861stfUeiLma9nLvt4A
ejpafx/u61ofB3dmZwRvwTxdUYZVpi7OlwU8hvjDucXKvURhzq8X3KGyTDEu+4rB3wn/cQ6sE81e
tWrVPtEL4DiA/dfnmIXtfk6o6Xqt9w5SbUHc3wlryMo+IuQJrC0hn3QrNYG8vuScJtbL+RveC+zV
exKpEvUA14EZhihKP7aZOgO+IiP6+pp1e7PYg6ft7WjWatV8r7Lnem+Az/sA6nttLWf192G+Du4l
qp8z89IMRZk0wBzlYxbzb6e2In4ea0n8WZK9yjxDCtxZJrye7WJA9I7D/tX4Y53gik8//XQnajk5
L5B7A1R/BCebf8req/Y+EXKtVmFnHLA+J2t6k7Wul9y1/6+A9HWp88r79pOZ83tVUR5lnNhGHUH2
Mseqa7ja/k6c2sf3HbpWK/K97OWDvZHn+kPivDWvD/V14e8lGTbmZRmSOVSepShbyNTN89Ni/h37
gVJDlTivYc6vleLXVuQwf34vrj0HMiL+1fhPueLKK69JTUnJa+V6X50b4v4Gzc2NwofV+/5o/VT7
f0MMDJvHD7ELRTbOqPtt95pR7yernRdgrIdjRnW4O/WG2MscO2Q9RzvH1/i9Nu6rfo91HNR7aj2n
MrdyV9gLX0/X+LqN9UB5Dg1U8GNFjlRlLpnPcewr4ef4803s12BvsnIHc4V7RS6ZKvNEDBjI0rOi
/tX465YvX76wo719sE7tDVh7xbVizoi6D3WhvHegUeTt4Wy1vw+Rcdj9ZHA/Ia735X0neq3zwyFz
Q8QCfk1bURb1c+0n1/OUNXx1T96Q3p66bm9jj/WcAdT7WK+x5ncNc9RwUKkmxlt9XcNdsM9l5nk2
VeUz/y7qKOXn8dn8GSLGW7nnKtwV9vz6/8fel8DJVRV7T8hKEgMEEeIDgwZ/3/cJqHEZUVTkPRF9
n+9jEUmUJ8KL+ntAnqKiIiCJrGGHJBqzJ5CEkH32fd+3nq1nunum9226p7unZ3qm9+6pr+qce7tv
9/RsEGZwMuf3q9w5nV5unX9VnTrnnqoK0/fg2gPpI4d/dXX1YfLl7Gj3LWYjWM08rlJ8XkD2gHK5
szMBLj4vELaiXQ9L8kTRWo7lDRP60r+DwRC4cd0+MDTMznTxmMOkdQHOL8w/xPdbTEbwVp4WzuFL
9/WFPZ4Eu5+baPcRe4Y/+XxSfe9tZroeQrxD6mT7Luq6SPIEzIN6BV6RjAqIeD3g1nRBgH4X9Zpj
L8VcwJ3IqIQQvh6Q1xB95PDv6uo+QHEV5P+RX097w7RPFJsLUAZoj6e3V13T2SlvMBpNAdo3JGJ7
P+QvjowIuSS8MTzFvMCDiLnRYmWxJuqOFjA1VYLb2c98i/jakK/3aU1InzX12VieXx/O8Qz/Mfv6
yf5ebtzfE7GnZzlszd4k2PiWGPZ8bhcwl9p2hjmSoUugbo45IyVij2RScfy13RCg30Tfktl6vRRz
BYQIdxORCkL4XQFcbwS66z6K+F+J9AaSV9wLcNFZESGuhjBWq9WF3/ve7curqqoX7du37/qHHn74
v0pKSorE54biXqFT3CsSzpUO4mfNOjUYS8+Cp/gof16WswvctTkwxNb6PiYjZPPZOa9+B9/zaW8G
T12OoPsnBfyTn+mMtfsi9kE6s0HrPMGvC6lbBJ1vg1Cyzsf0vDsRc8LaKF5VDHdOPRDxD4Nbp4RA
M99TimFPuJsE3M0qdk4sZO5FWVBAAH1OpI8c/mJTKBRf7O7uPk4xVyy+AnEcGnLTc7uem2+++erk
96enp3/WarX42fkR4ZlR8j7hgMcDttZq8J56lc6+QjR/D0QKUAZyd4O7rQqGfdyvdKAt6dUZQCNv
h4GGAvasNErn9WPYS3R/jN3PS7L7iD09z2NzvUzQeSTU+ZC2jZ3d59TJ7DKnbtRRBcOJ662C6S1h
HTSL1CuQGvEfgUG9CgJ0PqSrhmEf0/cY7kgWxN6iZt8VwPUl0kcWf7Eh/t9FKkV7PYpy0N/Y2Jie
6n2LFy9e0dXVpSYbQDbD0S/Rf0EGXGj7XY2Ix7m3IJInYF+4H6IFByBceABs8mbQ6E2gVnSDo6mU
neGheIkwPctPOK+bQvcbpf6+gL2siO/1KGo55qLOM71v57jriOTsDH8I9ZZsc8go4Id6zuw1w1vF
8bYIZFULpIFIwAeDhh4IoO8XpP0EkptUuON76axYyILvRVkM9Mo+8vhTU6lUF/Woem7VqDUpc32K
rUvedY7WiPz8UIozA5QLvjabxT5E8vYK+B+ASNFBiCKFSt5h/++vPMXitOgsRUKMxlR0n9n9Aqb3
DH/a5xV8e4Y/4a4R9F1HOi/ovUHQeVHvme5K9Bzx49hrGOZBxDHYh9c+LeLvR/x7wd+GazraUxBk
ZgzufVp2Voy+w49zDtI/Bf5TbTKZ7FU6v+sWntW73G4YwD6RG/1Cm8MJw+UnIZq7CyI09xfsF/A/
xM9DUnwei9k5ws9HibEaVSnwjz3Tleh+c/5Y3Sd9ZJiTvos63ynR+W6u96Tzgp0X9Z7ZeYtawJtj
zUnHyUakh0jQD0MmNfjbcU1He0kMe8JdwJ5wx/fSObGQXc8+60f5Q5pT+KPP+HX0GQ0arW5Qo9H6
dD1K0FFNHSJNL5g7cQ5GzKMS20+6H8dfErchxmxUnkg4vxk/vzeB7gvYB3HeD+N8H1+PdzLic3xX
ks4Lvjmz26KdV8fxl+DNycDJboBoKABDZtTpzir+PJD0PqbzAu4MeyMj+pxf1w1+ffecwp+aWqtb
odFoLhkuPb45gnY+nPMPdi6SYrMiebuZrxfJT7T9HPu3eaxeQozmOLY/4TyH5Jy+6PPH5v16jjvb
h+P7b7E5XsRenOeZzvewuZnP7xI7bxV0XsCbkzFGDH+LFvzyav48kOm8Lo49vp9h329iZ8WC/Ubw
4xzjNyrnHP5ig7OvPcBiobN28JjI7L9TvBP3+xj+ybb/bW73Rfxjtl/U/dOJZ7kS9vhTz/th2odN
2H/tSuHbS/w0s6jv6iQ7r0/EHHEMOkwQQCyJoqEgeCxo03GNSc+JmO0ney/Fvd+M2Fsg5LSwz/pQ
1nym3jmLfzRz+6Zo5g6IIvZsrYfYU8xbJF9i+wtT2f6jk9v++hTPdsf4/PUcc8leHNf7ZFvP7T3D
jHw7i2SeT7DzAu6IY5BwdxJZGEXDIcRfD37a0+lpYb5dgPYQaL1INsBu4ti7+iCIFHBawYfzhc+i
mcP479jEYpwl+DP7H7P9wtxffEhi+6Vzfyrbf26s3yfGbbB5X8C/TdiDF+Z7tg/L1uTdEr0X12Y9
MR890dbrxth5wj3osMRwJxwDLivHvw/ndEUjrulawa9uR9+uA0lOczzaeRX4yedHeQo4+Od8Vh34
+nQXCP67kmz/JHO/1O8X1vxTsv0x3a/jmIvP2/RSvRd039QrWZ+p47gz0sdtfr+o9yaGfZDsN+IX
dFmZLgddNnYGdQTxpzxQATXqPmGvE7A3KLmtRxvjw9/y4e/40J74bEaiCwD/v6fAf6K5/90Uc38q
25+d2vaT7pO/x3ReHtuDT7T7PXGbz3w1TXy+F311m4C9Q7T3VvC77OAd6IcRtwOG3U4YclM+zQFW
F8dpMUKfvBncPW3g1SD+ZP/x9wL4OwH8HT/hjnLFsEdb4sN5xNtvnrv4Zwn4M9tP+O8W8E+17p/q
3C/x+5Ntv/ich+Z9QecTnr2IJOAfRt0Pi3ZfwD2AuPhRx73OPiQ7DLsc4BEwZvmxBvk5dDc7E+mO
EcWrUw6FluYm6GiTgbxdBj2dbaBXdIClRw5OnQo8ON97aY5AO+JnstQHPlffHMZ/J+I/ge834bp/
qnO/1O/nz/iY7hs4/hEigzDnm8R1vRoCpIeIg9dhhRGnDTwDDqbLgzGcB5NwHkygoSSi+AM6T011
LCiPfRtRq4zVnCWi1zrbW0EhbweNsguMGhXYjDoY6DNdMPhP7vuJc78U/+Tn/BmSs/xi/g3JM5/u
WtR3jjft2QbIx0KdHkGdHkbbPTRANjuO8SA73yzSIHs+OREl4y7Fn56Rt8qaWT2bBGrj1M6Iy0Vb
XCbmNv4Jvt8U930SfL8UuXnYud4cCCLe9LzF21kDQ4pmGFR3wDCuszw4PyfY7PGwHJeGpk0i/m2p
8J+YLiD8x/H9iw/zfE30vIcI14B0rjssxPEEUd+9smLwdFTDIOLs6u0AB86ndpMebMKZFKvNCv10
vsAzJNhnMRZJShNhHsfdk4o8E1Mc/xbU6bbp0IWBPxLt+7KcR5QfifLfkRzg/E/zPj3n9aNejzQX
wSDiPIA4O9RdYDdooM9kZOdOLHQOydbHyNoXrwXDzqTZLCzuIIZ7Cuw9UvLEaYjySQo0OfaelBTD
H+065bCfBs1Z/OHcG5sg402290u2n57vB8qOszidoeZicHfUgEMpA5tWAVajnp3vo5hwM2JrJqyt
VpafSKz5xGJWreJ55Ph5RHqNzhqJNaal+UtFSo395Ho9HubDScTxN0M7zu3yjvbp0JzFf6g+b5O7
pRScnfVg68F1kF4NFsSZ5WdHbI2IsYny9JJux8gEFklcMiOreSz2EvzJBgwKcafJ2I/V5UT8h5Np
WEqeKRPDH++Vrf0626dDcxZ/g8W6CQmMqL9GxNNENTyFOp5UL5fIwojXdYxjb06kCbAnu8B0n+UE
TpzLJ5q/zw/uwzGK49/K6tpOg+Ys/iajYZPJZAAiMyNew3ci7MfgP6He87wVdN5sanY9he0eB9sR
KY1IaTgljY5G2f3SGp/qDk6D5i7+Jin+xhT4mybW/Umwpz6dMxv2DE2C+9Sxny7uifhbmE/XJe+c
Ds15/Keq+6mwT+XviXM+1333+HZ9SvY8bsPF2PSJcPYmk5cTwx/vUd7ZFqtxP0W6APBPxN78fux+
MvZWK9d9IRc8x35yu54K+5EpYJ+MdzLF8W9HTOXToTmN/wfR/fF8fZuo++jre4TcBONhn9qeT6Tj
IwnkFck7MVEuIsK/C/FXIK7ToDmO/zR9vgntvoA9+fz9/bG8FOPp9lT0+oPiPgZ/eTurYzsNmrP4
m6eI/1Ttvk2i+7TG4/lEUtNE2I+15ZPh6x1DviQi/Ol+u9GnI73uEq6EsZJI0Q0qCVFfyf9vDuNv
3HS+7X6fsN5PzCUzdf2enl5PgLsvkWL4C9jX1VRBXW0NNNTXQlNjPbQ0NbBnw60y4blfRzvKAJOL
efwn1X1rSt2fzIZ/MJs+NdwT8bfGdL+utprJQK2UqkWqhMb6OtEmzG38J/D5p6r7Nsm8TznryWZP
F//xsPeJ5BNpfIzj5BtDDH+8R0W3nK3rSO8b6mrGoWpobqzjc4HywsD//Og+zzvAsJvSHD7Wfk9H
p6eCu5gLLY5/F5sDGhvqJqSWpkbEXkE0d/E3S/H/oD6fheUUGBFySEzNlp8v7MfinUB+jj/dJ83p
ZANozp+IyBegfBY9qrmP/3nV/SnP4+8Pe553SEq+KZBfgj/37VuaGyck8gN7VEqiCwD/ydf7E+l+
n6D73O6PxXlqupzado/R6ynhnZijUIo/zudsXif9nojonEhvj5LogsN/urpPfXq+E88Plqjjk+N/
PrEfm/Mujn+fOKezc2ATET0n7u1REc1p/Ce0/VPw+bnu949r48fD3p9gy6eOY0IuQ5ECk9MoxPHH
OV0445tEuO5vF4ieE14Y+H9w3ad53zcNPfdPqs9TxH4KuMfwJ/239bE5nXCl/Z3ks34d7SK1srNf
lIMfac7ib3mf+NsS9vrs05rjZx57nsOUShSJ+Au4IqnYHC/4ecLc0B3bC76g8Z+i38d0n/T6POv+
1Gx7PEdtUKRgaiL8qX4m6b5G3TshaTUJ/TmMv2nT+7X9ou6P579NC+cpYjweTYR7HP/RKeOfRPP4
j+P3kc/P67rNHv5TwT6Gv93GbLpWo54OXXj4T2L7WT2iftus6/5kNp+RkM+aGuU5NBkNbL4jPuzo
D0jXNuJcSM/EDHod6LQawr94tnH6sNr08Y/bforZmU3dF7Hn9QuCrO40rzkXEepRjsZqU4p1yFqa
m+HggQNI++HFF16Al7a9CP/YtQv+9redsHPnDjh69B04fvwYnD51EqqrKpk/iDJwbLZx+rAaw3+a
c79Yi2yy5y3j4z+RH+9Lwj5ed0DMWU44SnFlJNQfF+uU0PMHiimgfJaU49Im6LkG7Xl9fR1kZmTA
/v37YNu2bfDEE0/Ao48+Cps3bw5t3vyI5w9//INp+/bt9RkZ584pld2vo424brZx+rDa+8WffP7p
675YR0qKvVBPLhQS9Dcs4Bsdo7uJdWhG2LlhOltMuUsdrDaqjdVBYbGmVsmahtv0CP49gryhC2ht
RvnNcjrte/C61W6zPoSv3eHot33ZZDKuMZlMK4eHhxfNNjYz0VLiP9G53gTdT9T/eL04jr+ox2KN
GSm+yTos4kvvE2tFkw6TnFHsCGHsFOqZUd7ifnsfw5tqHKB+RvHqxasDcezE+akA5fQQ3u+LeL+b
kZcfIV/fQB7XIr8fM5uNi2d73D8qbTL8433+HqoxQ3F8XIe5LU9ln6PRsXOvWGeG5433CTrs4THd
lAMAcXa7XSwHPctD7RJrljkCLqdjEP9WIv7FDkf/EVx3voRy8Hv0QTeiPH4L8f8M4r8K8V8622P6
z9TE8x8UAyA+B2DYo66Tb0xzJ2HCz3ONMNwI4zHYol6HhRozUnzFM4Di+X8e9xfPyYO4B/E6hEQ5
yavc7oET+HtvDAy4/oh0H8rCv6EsfA7xvwzxXzbb4zXXGo7pryjv95BQF5jsNrfVYaF2cySmt3zu
FXAVMOXxvAKWUlx5rF8I3+NBMiHVIJ1C2oH0JP7fJnzPD5C+gJ+/HD+zHPG/aLbH40JruEi6G6kK
6QjSi8FQ6BXE5yDikYNyUY+614PkRhvsRR0Mk03mueKdUdTTYcTMiu9tRspCLPcgbUVsf4nf8UOk
LyOtQT8N/amhhbPN63wb2xDz1UifRlopvoZrpYtxbr0K59jP4ly7HufcWxDzH6Mtfhhl4hmklxD7
36Kt/n+I/9cR+/+FOnwlYr9kNnmZb/Ntvs23+Tbf5tt8m2/zbb7Nt49igxloCxK7o0k/GknbktAP
pN0i7Q7elHbTWklff1XapUsl/a3IxUJJn7iS/OIoY3PLNPtJ3yfpu9n3K/Cv8i3iz7MbGEy7JPZ2
vIEI/9SoOM70zyWx/oKtQj8iBWNBUj9tLQ6GtC1M6qdtSXx/2iVJ/78U+wvKJS/g+5dK+3g/l0j7
eJ9rpf3BpL4+qY9/3zJJf8sH6C9I6i9M6i9N+r1LkvpQLr1fHO/kfkA6Hpcw/BZK+xF+T9L3p30n
qZ82QT8yyf9P9/Ojk/QhuX9RUv9gUn90mn34oP3ybyb2B59K7AdGE/swWR+S++Xz/fn+TPS3JPYB
pP34HMT6kimqPLFLfemEBrUJ//vhtv+dxu3ZVrrjtGvT5tt8m2/z7Tw38kJWI30GaR3Sp5CWz+od
fbiNnjFenMb5prbygQcePPbMM89q//KXp1XPPvusZv369b+SvJ+eV82VMwWfuuGGGx5bs+aTv8C/
r6QXli1bdl1jY6OTzkHSWQ66PvPMM6eE99MYff4Ln//ClquvvuZe/Ptjs3XjH7Atuebqazb++fEn
ZEqlCkqKix2XXnrpg/j6jddd99nNOq02Qnno6FwL1Tl/7/hxzYIFC27H///it7/17R2tMhlknMsI
b9yw8eTHPvax9bPNzHTbzTd/866mpmYIBoIx3+L48eOGP//5Sfl77530V1RUQlFRMRQVFkFJSSmU
lpbCvn37XX/4wx9kNTXVw3TOneIhOjs74MCBA9rVq1d/YrZ5mk776lfTbw6Fwoxvyiknl8uBeC4s
LIbCgiIoLi6B6qpqqKutg8qKKtYnKisrhyp8va2Nx/gaDTrIysxsW7p06Qd+hv3Kyy8vefmll695
7dXXvvbM1qc/jPEkO0d2nWzXcsS3jc7QlSBfZ8+eg7LSclAqlWC324VaWG7oRx1wuVws/kmn04FM
1srkIjcnD2pqalisw4MPPvi08P2rBFow0U3s27dv2d49u9fu2b371v379v3324cPv3HiveP5OdlZ
qqqqipH8vBzY9sJzzq1PP5Wz9em/PIpj8YUXnn/2A529RN1dsHbt2jtXrVr1a+zevn79lx7PyMgc
KUK88/MLEMtedhaVzjDRWSY6f0b8dnZ0gsloZDkpyRZSHLhBrwfSnYKCQhyDWnj11dfa0Abcjd97
95o1a377iU984mv0m39+/PHl2VmZ1508ceK206dO/k/GubN/y83NKS4tKdbW1Vb7qJ4U5ZOiWFKd
Vo3fq8Xf0kNrSzPk5WRCbnYGnDh+DPbv3R15683XlW+98dqeH/zgB1e/H/7XrVt3S21tXRjx9b32
2mvt585leEtKyqC8vAIGBgaYHtC5LfGcNMVjWq1WNgZ0dptsIJ2bpTxorF4L2kXSmdLSMqivb4Cd
O3Yatm3bJm+or4dDBw9ZduzYXlZfV2uQtTQFKT6acudo0F4Qn3qdhsXH0N8aFi/ZA2qB6P8oh0pO
5lnIz82CwvxsKCrIZVRRVgz3/vie/0F2SBZIhqd67mvxSy+9XEa8UaO8oqTHlZVVMDTkidk/OpMo
nlsT/xZzi7txjOhMozgGVA+A6h10d3VDeVkF0wuyiRT319TYgN9fxvjSacSY0DiPmgmI+Cf8c7Iy
kP/sBKquLIMN9/74j8jPZUhrkD6exudfOrs67jmp22773s/MZjOvY4q2DuWA8e90Ohnf4rlMsfn9
gUBVdXVFdnb2KavVEiU5cCDvJCd0his2BvidVO+hs7OT2cg2Ie8FxUAXFxezmmiE7/g8C3GSmjjp
UQcof0pudiYUoB2QUnVlOWzccO/vkaVLkK5CuiKN2zPqrxTGYYxMfPffvvtDvPcgxfVoNBpmxzUa
LYv3Ec8fi/wjz+duuummz9Pn7rvvp18hneS5HLvYfMd1wQn9aCNFOaC4sJaWFqirqweVkseINzc1
Qhfqtoh9Kl61KYh+j8YtL4dkPzeBaqoqpPxfKeB/mSADywWdIDkYY39vv/32byHvg7IWGTQ2NLJc
O6QPROxsPcrAc88997z0MypldzrdO+W8oFh3im+n3AdaHDs6Xy2OAeXGVyNvZAfIXra3t7L3M/1W
T8wvJ7QJ2l4wItmMON4dMijKzYzpvUi11RXwk42Mf5pjaH68HOlSCf8i/lL+aTyWLV++4urTp8+Y
yG7T/VNsAZ1JpSvJxY4dO99OHjOzyZAu8i5SD1Iz2ieSI5IDpgsoE2QL2ts78P9acH4sYvhTvjgx
JlwksgfEp1nXC326HrAh0d9qtIctvXooUPVBRksPnMorhvLCHKgqyILyghwoLsyDuppK5H/D7wRZ
T5Z9Wr8sEXiX8k9jdNuNN974IvFO90dzmRiHQbLf3d09gPPW9cn8I7/pcd5VbJ4ieaDaFtVVVch3
X2wM7Cw/Qg90IP65ubnw3LPPwNuHD4EC32tF/qxa5FPL+WxV66FEZYaj3XZ4pd0Nv2n2woa6EPxr
ZRS+Vg7wi2oPfLvIDz8vd8JL5Qo4UVoNJUX5IKspg//ceO9v8dZWSGR/ldAn2V8s5X/FihXLHnro
oTd3797djT7rIPk2bW3tzK8h3ilehOT+xRe3nRVkJzX/vZx3Tjz/Q0lxEY6DPBZHRPMj+QWdHXIa
TyhGGcjOzIDy+iY409sPuxSDsEXuhYfbQrCxJQr/3gBwax3AN2sAvlEFcFMlwFeQ969UAPx3vQe+
VBmBr9cDfK8J4F7ZKPxG5oFdXU74j/s3/VaQdansi/wvlPJ//fU3XKvVakdGRyMsX46iW8HmK6qn
Qnbbhj4dnc2/6667nsO3j4lbQszTRb41SFokfa8STBoVVJUUos2vYGvDPsFPIFvY1dWFc5iOxfrY
DFp4p6YD7ukA+FEbwF0ygDtaAP5vM8BtjQC3IH/fqEXeqwFuxjH4bnkINlR64WhNN+zLLoeHa5xw
bzvABgXAAz0Av7YDfPmhJ38jyHoq2b9Iyv/nPnf9tfJO+YgYB0T49/T0sHlcoaC/e5kN++pXv/rX
tBTrWH2PIh0JdCQDqMdyrRaa9CYoMfbDK/nVcCynAIZxLNW9asRcAQaDHlQqFZMDFv+Ec/nb9Qq4
qxN5xzG4A8fgbhyDnzYF4ZF6N2ypMcOeqm7Iq6yHtopi6KvIgGDNWfDWZsHo249D+N1nQJV5CM5U
1cErcgdsHcSx+vVTvxGwFvlfIfCfIPvU0tPT1yLeI1Qrk2JjiF8iOrdPtdgoHors+He+c+sufPva
ZP4rrI70/L4BOGkfgYOOIOx0ROFVB8CzlghsOFYIBzJyIeAdYb4BfR/PkdDLZMuO321Fm3i2vgPe
aNLDe3UdUFldDcrKPHCWn4FQ+XGAiqMAlUeQ8FqF/ar3YLT+HHga8iF84kWg+nJw8nmAd7dC5NRL
4K7NgAcf+NlmAWcp7mN4p5aVlbOyubk5G/F2IM8RklG6P5IFijMQ88k/8sjm0jS+rZ5gAw4BpO/E
MX/LDfA6usivuAC2IT3WZoMfvrQb8tHvC+P8wWPY+DiQX0F2sQ91wYCyYyrPBCjeD1ByEKD0MED5
ERiteBei0vrnYg1cqn/akA2epmIIn3kdxyIDRuvOwWj5uwAFewFy3oLmVx99MBmnydr999+/+Je/
+OUviH+6P8Kd4lvJdtF9nzp1yrFk8RKyK+T3xOzAFpkyfQd6Ta8j/9v7o7DHPAx72lTwx9e3w++f
+DNotFq2ZmDrBRwD+l6D0Qy9ne3gKT4KoaLDEGW1Xyeq+3w2XvsXKdyUBx5ZGYQydsBoYzaMNufD
aEsBjMqK8LtQVkr2Tpt/aldcccXnq6trhsgPJnwGeCwCi0Uh2b3nnnsoV8MmpK+kcZ1Ku+UH309X
tteAvvQkOLL3gOHQc5Dz+M/huXtuhaxjhyEoxLqEgjz20NZnA7PVBvXZp8B+8k1W6zRe8zZFveuE
Wvc5jMLI53B7FYSydyHvech7IfKO1FoMUfyeSM6u98P/wiuvvPI/q6urh+z2fqAxoPmKiGwB1dNp
amwKp6d/7Ti+l9ZXtJa94RvX/cudA3//HWhe/zVUbv0F7PnVnfDk3bfCnleeB5vdEVszkR/tFdaL
A4NDUHLmONRsfwqCpUchUimp9cxkXKjzLtb3prrOQo13onB7GQzL6yCUtxeiyHe0rYRTRzlEUVci
Bfumzf/69evT6+vrTCTzhL3ZwmtMiGPAaouiPUD/NXTnHXcWLVq06AUah09fcenLb/7s+/Dixtvg
ybtugafu+w84/Le3wGAyc96jo7ExcLkGgMaWfMoR1AVtUxV4S49BJEWNc6ppHSZeEduwrBhCrSWs
tjmrby6vgmFFE4QKD8b5JsLXo2gLIiVvT5t/XO88zv1UnoOD9neIWGysoz82BiQHBoMBjhw56vrZ
zx+ovvPfv1/x4iMPwKuPPQwH3nwVqiorweUeZDHWYswmJUfiuu9gvgStp0LhEH6PEYYqz0Ck+iTX
cUltd5LxMPIcJp4R71B7OYQ6KpAqIayogxGVDEIlRxjfEeQ7Iq+GSHctREg/yo9Nm/+GhsbLW9va
tDw21czsFO1pEZFMOMQxwL/JHtDeD+mF0WgCFc7tBrMF3OjniLHmYtw5yxsQCLJ1sdfrg1FBFtye
EdA3VjDs47xzPWeYdyDPyFuosxIJdR35C3XVINVCWNUEI+oOCOL8yHgnvnFMIsoGiJDMVJ18X/YP
x+DntEZD/Edttr5ep9MVGBoaiu3zuYQYabKL5C/RGJCukD9D8wTFZvLcizw+m8fjBvj+COLuQNkK
egYhhIOgQ//YWyXIfJ1g45i+53Ocka9QVzXjN9SNuq6ohxDyRxRWy2BEK4cgfj7SLfCtaoRITzPK
C+pJ3bn3xT+uexbLZK0PKxXK26j/2GOPPUH8xWqKCDHjYgwx6QPNl+QvkX/rFXLQ8zWjmCtiBLw+
P+jRP3QWH4cgzm/uljIYrMuFSM1pjjvjXahhT/JOOCOmjGcF8oy8hRDzIPIX7GmBkLYDRvQKCKCv
E1FyviO9LRBRt0K4s4K+633xn6ItPHXqZC2Px/Tw/Av+xPhb0gUu2yNsfuN5cYKJeRjCEVAUnobh
nL3Mp2FzVPXpuMwLdj6Ics94F7FGnkPEM/IWRN6C6jYIatogZOgCr6kXAg05nG98jSis62CfD7YU
nRf+161b92lc1w3YbVaW+4F0n3gnuybGrYo2TnwtjH+HIlEm9z4hT0UQXxvU94Cv+B1u6xPmdoF3
nN+CJPcC1sR3qFfG+Ubegoh5UNsJQV0nhExK8Jo1EGhGXdcg5vgaIxyXEMpDsL38vPB/4MDBOxws
vwnfz6X1O9pBdJWd1oAkRl/MpedDov3Cfr2ayQXN9+z1YAjsOKf4SV9xjuf2jtv5UFMu5x3tPZP1
BL7bOd/IW1CP+q7vZhQyq8Fn1YNfVsIwJ77DBgWOiwplRQYBec154R/94CVdXd2P4PrYKuSC8G3e
vPlb9967YfFPfvKT+9BGhsV1/QDav36jFtx5hyCUswv9s0rw+IPgdA+BVSWHwdps7tsxeyfKfS7z
a4Jos4Nk4/HeQ2jbQiLeOjmT9RDyFjQqIUj8IYX6tOCzGSGAcyLDHOUhZMbXLWr2uYCy8XzpP2sK
heIKHINtzU3NG8XXVq26ZJlSqeilfQIX6v/A8Ai4ezsgkrkDovl7IVJ4AAZa0RdoQFzRtyedJx8n
jr2o88g7+q0Md9JtxJzsW0hPvCPWRgFXcy8EiT+kkN0Avn4z+GlOJN4tvRCyanBcdBDAz/h7W88r
/+M1eVf3QfTnIjajntUmGWwp5XXukXeqax8lorUN8R7Te4m9Z9gXsrk9rG3n9osw13fF+A6Zezjf
yF8Q+SMKOUzgc/aBn+ZF4h3lIWTD1+0oE6Ye8GvlM8I/NXflmdvCWTshlLsHIrm7IZK/D/k/CJHi
wxAuPcLXdIJvz7CvF/U+jn0Y5Z7sF+ObYY6YIh8hwtxKvGuRbz0EEfdgvxGCLrQlLhv40daFrFwe
Qv0mCDmtEMD3+ozKGeMfzr6ePpq5PVbjPlKwH7E/SD448n9UwP6EIPvn4vOdoPc0X4VR1sNM3hWC
LvdwXbYQ30g24h35Rh6DDjOE3DYIuPshgPNEAOeEAMpJgGTfYQE/2gWfRTNj/Eczd6RHs/4G0dx/
IPYoA4X7mexHSoQ1vVT2md0TbT5ij+uaMM3bhLkUd0GfmbwT74g54w1l3jdgB9+QC7xu9EGVLeDV
oL3DcQvgZwL43gCOEdqGmeM/a2d6NFvkf6+g+4chQnpP63q2h3MqvqZl6/hcNga0josQ9oINJxtH
OPrtJvA6rDDisoNnwAEet0vIfTHIiHxR8rnaZM3Q1d4KPfJ2MKi6oE/bAy6zHobslhnm/+9J/B9i
8h9B/Y/gGLD1Pe1hIf9B1Ht/ayl45TXgQ6zJjo8grsTnEPrTjE9ac0iI5fCR1HYnv5OetfJ86q3s
maKYY52eK3V2tM0Y/6MZb3H9RxtIYxBF/Q+j7AcrT4IPZX1YVgpD8npw9bSDQ6cCu0kHfRYT2HEd
NegReMQ10ZBncEz9+qFx6teTr01rjw7KI9/eNoY62meOf3/pu+neytMw1FQIAx210K9qA5tWBVac
E830/Bv9PguuoYistOfJcrta+X7KIOfVI5JQv11av9nDyMNJqO9KfiV9nmqtU73dFDRj/BtNpnSj
2QxGXP+ZGFnY3hE957BIcl7F852ZWT45j4i5R4qvWMM2sW51cu1aL64r3Ohv0pkJubwjFc0Y/yaT
IT1W41la60fM+SXN9ybkeaO9A2mtbhHjeP1eSQ3PFDV7aY+B7IS8o4PV20xBM8q/tMZpAu+WJN6F
urUJteiT6hMPj0h5T65dx2ud0bqL+KdnrGId4aSa0jPGv1nkX8K7FPvk3M503yKPE9dcl/CeVPcj
wPgfZHUWeQ11oc6qcAYD/55B/o1j+E8p91S7kNUvG5/f1DWtJDVuhOfxtLdGdlPe2QH1rJ5gLasp
R3XF6OyFSqmYWf4nxT5et1PcNxL5HfFyivMu8pqqFiPPBUl7KzQ3EvaNDfE6i/W11ayuTo9qBvk3
J/I/HvasjkVKjFPUJktRi8znj+c/pT02mjNI5ukcXHNTAyPCn+a/3h7VjPKfyuanwl6s35S6lsNU
6jH5YzkhiX86Q0bn4ESSNTcx+6/u7Zlh/iex+ejrcZ5pL1jKuy9FjaLJa5HQ+VOaP5UKhaSuTCur
K0Qyoe7tnTH+Lcn8J9l8XsNjiOGZslbLBLVZxsvfTfuuxD+du4nXWVEJfXb+aAb5N43Pf6yGxURy
nYrPiWsQ0PMl8hv0Oi3EfA8kOmPIc8r3/teM8j+B7PMaDv6J+R8nLzvL/RoMsdyffJ+dEz1bpDMp
ZaUlkJWVCdlIuTnZrE9zIo7BT2eF/zG+XmL9kmTeAylyzPPnCCGeqzjAzx/SnEHyTmsedqay3xZG
v3OgpblJlZ+XW3Xy5In3jh498lpOTs7velTKu41Gw4qZ4j9h/jdLxgFtPvn2JK9SLNmzX4F4PtcA
G5d4vt7BqHvANeRyOjQ4fnV2e99Zm61vO47pH3FMf4rf/x38nf+DY/5xnFdmPSeg3W67iXR8wOVi
uUrJp2drFK83lquWywCb76P4f+j+eQyIZxOu/7LRH/4H4vok8vyAa8D5XZfLeSPyfpXT2f9PETsG
AFch3Y9yezvysdHtdv1mYMD1PNJepANIf8XXf4l8Uj7W9cj31bi2XYHXCeM/5tt8m28fbps0kcCo
kMLAuGQLu1YuWsuuYtYEMccBXQNbKM/JslH8czCNcg8sYFdst+j5dalwXaBnmQnS0gYX8mv50sTr
1tTXBcJ14Vb2uQWgX8Cvg2lCn3/9uNdB4TokXGGya61wjeUf2vpPcN3CrwyYrRNiTHkivoj0QNp8
noj59tFpS5YsXXfZZavvumz16rsvvvjiL8z2/UzWLrroos+sWrWK4r6Z3/373/3+HVVPD4t9fOvN
HQ3C2xYtv/jiW5ctu/jG2bvTxIb3vWjduus2tLTIHEqFInDFx6+4b8niZZ8/e/aM2ov+6uCAC+rr
agdXrlh5y6Ili29yuVyR5sYm//ovfenRxYsXr5z8Fz7cdu21196gVmti9iwvJ9+7d/eeIMXunTqd
AWdOn4GyklJ498jx8LtH3/XROpvWknRG6eZv3nz3LN/+okWLFi5pampsp32/c1lZkJGZDW3tHWCx
W3HtOMDOW5nNfdDV1Q0lZRVw5sw5JlMmk9G3+rLVFNuYHMeW0Pbu2X3x7n/s+pc9u3ffuHfPng0H
Dux/4/SpU3kvbXvh7Nan/3L/c8/8dd22F56bdi2iNVet+eHy5cvvX3355T967/gxR1ZuHlRUVkIo
HGRr82g0DHU1dVBRUYZrOi97rut02qGtqQ0ys/KguqYm8slPXvPAwoWL7r766qvvX7ly5eVPPfnk
mtycnOtPnzl115mzp1/Izc4qrSgvtTQ3Nw7Tcw6KK2Sxr3oNi3M8e/oEHH3nUPCtN17vfvON17as
W7duSrVZrvnUp77Rrej2GfQGX1ZWZqCmuhoMeqPo8LCzupFIiD2bbGluRR0gHOxgQ0ycdjuL82pt
7YDiwuJIZ2eHj2L6jh450ldSUhysLC+DzrZW6EIMTQYdfq8GdDotj++UxHgWF+WzuGWKV6SYvYK8
bPjsZ6/7ehq3H+PG6S5Bw7h37946ulOS5aKCAtCq1cKdx5tnaMhnMhosbuH5uRt5oRg8WpP3o0zp
8B4yz2aAAe+NzrVRnoJzZ05CZ2c7tMtkQkymEIfcK43DVYIZ+aJ7pvun+y7Mp7jD/ADKGOX+oHg7
irm8NI3H3STI1ko0JJVV1W10j9UVVVBeUc7qpkciUXbfkXA4+tetW5488s7hA79+ePMdBQX5UFCQ
B4V4dfQ7YMDhYjwM9PdBa0cHZGdn4r1q4cSJd6Gqqgy6ae9Hr2VjIsaU9hKhjVDha934mrWvH3Lz
8yBXuHfCoKQoP4i6cjKNx0t9XLh/sm9j4scvvezSlbW1tb319Y0wMDTI4hpYbMPISPCuO++8V3xf
PgqzqlsOsuZGti+bj79ptprA5Xay/XAz4tDc1AIn3jsGdbU1IGtpho6OVtCadaCmeGiKAUVyahUQ
MMshbG2FUXsDhH1mUGQfhdb841BdkAFFiEV5aXFo//59J9J4rCPF/IkxX2Ksp9jo/2/JzssZUahU
7Aw+7b/R+fw//elPb0j5xDHPo2dJdO9NjXXQ0dqCWBSAw+4Ah7MfXBQfp1RBQ0MDbP//7H0HVFRJ
9n4jZlEQ05pGRx3HcdQxZ0QRFcM4o+NgGgPmhAHEHDCiYsIEIqAgGMip6Sbn0GRocs5NDg2d6Kbv
v+57DeLsuOu6/vfsnvMrT/l4r7tf3Vevwr11v++W2SNgerlDQrg/tJRlQxORubEwGyqLcoCbVwSs
zAp4z60D/agm2JbQBvt8ysA0MAmC/H0hxdcJEoKYra9srJwV9Y7vAPmayF9s52wxBgwcqH796lUP
dy/3qszMbGjhN0ErjufkGfLz80Tq6urTO8vPZrFYXG4ypCYnUziJtJRk4JB6Dg4OBEFzC7Q0NEIp
6bvI9wsOCgI/D1fw5RaARU4TXE9vBoMUCfyWIIfZEQDfhQIMCQDowQQYG03ngfEA01IADiQK4H5q
lcz21Usnhdyd204Hz3r27NmTcJ1LLpNBUnIq5fOKJW0IORaBgYEVSkpKY/4sf2ZKImQkRENmIgcy
UxIgitR1BBlXsU9jXALcdzA2mkPVhYhfDxcd/WBBKsBS0sMWJwBoxgJoxZDzyFaSZbDFtxa8k0og
2+MNPPflgF6KCDYWAeyohVbrl5T8fTu1nY940tZW1m8RcyAUC4ETF0+1Gyy7tqYWmExmFYPmRHUk
lh/bO66UB8Hl1eBUJQDr2lYwCk0DR/9QEPCRRxMLPDL2xMXGUjgYXC+77uwPR5IFcDO2Amyj0iAy
PAyKw5jQEOYEbWFWAMFXAbJZAE7XAd6cB4njdSjztgImlyu2trZ5qxhz2nmuXTu3fUdHJ2t3D3eB
UCAU5mTlEvmbO9amY2JixD169NipaG9UcgkK9H7EB7jVBHCdHK9UAWywdgdWcBi0SaUgbBFSHIDS
0grwIPPfexc3aHMh8jmdAwiyBgh5TXMXka8Y4QRy5O0FvgZBUSaIvM0Bol2JPf0ewI88F+uxyMPd
LYPxGen78ROGFBQWShFPg35wxM0gD0V72bL35ONZiudm2Dm7eto3i8GtoBT8Sd999tIKTp06CcUl
JdR+ljh/1JDx1MnDHVrdTAG8SJ263gNZmAtISX2389Da+UgSxC0G2oGkKBfEzOcAMZ4dnDN5yBsR
08vzs+QnaTAZs/iIf6ijuCQ11L6cEeHhgkGDh9whny8neajOjIlbGl3uQemzU+BrqAsmuloQ6O5M
z3VyOgZJQ0MTWDq8A8/LB0HueY/ku0Rmd1ruSAXWlOIW+NDcsSgnkJQXg8TvJcjJtTbkyyUHkWd2
/Cz5Hz9+YnnH1NQD/XUJZFxBvhQ+Q2N9A4iJPGw/dsvsWbPwPRh8P7DvU4sdOnBVdylc3bMZmK7O
IFbsE4ypmd8CGB8K547cgkJoe0/ajgeRP8b9A04U8f2Ii0d8dDLRrzgeFA5UTNoWxXtTcL5kUe6f
Jb+FhYVVSUlRbT0Vn6MK6uobKV0Y/RSNpB3hWj3yHG3tXldcPns618b0Oni+cwC0ZaSyNsVcJ4dW
mZTCu+OaN4bEyBe1QtubC9AWw6Sx3UR2KcqOXLV23hY3gsb81pSCKNgZ2lKCQZYeQfGWpLHMz5Lf
3Nz8UWxsnC5ys/x9/UFIxnEhKRu5R5W8cqitq4ZmAR9krRJKvvLKatqf0iql/YbkHUnJZ4IWAbX3
LnLzZCR7sEhdhr8FSbQ3jc0mckqRe9WZg5QVR95BIEjI3NccRfp6ejjNO8qJw3ckYnp/Xvsnz2Dm
4OAQ5O3FnLll09afy8srJBhzBfXkBtKOainObT0kJiUR/SCe8qGg/4feu1YMrUQ/bRGJ4YHpfbj/
6BGEhURAm/N1igfcgS2lOEQK3lSWgj+EHBpyTVJfDeIo0vYzYz5whlJDPlv+PycHh9eBMpSJjN+y
VhmRkd6DUSii/V60T6uVaj8ikYSq8zfO7yGWzEHgdgPkXvdBxvGg+QAxLAoXTHGfOvg/CR+4IMiB
aqoHcawfkT1RgZnn4veJ/F7/svwPzR6+rqogen1NJYUnwvpt3+dZJiXtnYwzMqmMamMYs4Bq/6iv
kjYfQ+YmOemvkpgPXA6Kx4L8q9wkur5RbiJjB38lPxUkDVUgQs5mXjJIizJAWpKJvK4vkt/S0tKi
paXFl89vliIe9ty5c6tXLF8xOycnh499WUDaVBLRezxtn4GjBalnMv404x6aQj542T4n44aCi9GO
R0eeKfJPiNwUD4PC5NMcDIp/UpIBEn4NxbuQFqYrsNoU5+SL5Mf0jPRpGxubN3Z2dp7t10gfud9K
5GyRtILNOzLmu18GcLwEry2fgr3lM2C+NKd4vq3RinGS4hKQjNwxlLkzf0SBp6e5I7nQ2lgHggwO
jTVHzkgVckYyv1j+v0rJKSleRPev4hFbicP2ALkLaeceJtBG8fodyFjjRPH4O3gwCh6ItIBL12sn
LDzN/VBwAEiWIpYCuTLETqA4DzUVIC7P/6ryY/J1e+8OjhepepcHvlLwOdr5DIhnb6970u45PjQv
tbhTnVeg7Ijhz6d4G63t3AVBI/V+5Ngv8DPk8VQWf3X5/dydAsDnCUgRj+5nS8sf7EDHF4h0AQnF
w/FRcO98QEbau6yY9HHkkpVmQxvVtgtpPkEtDwRkbmmprwGJWAC87DSozkwEQXEOCMm7EVeXi5lM
768qP9vdyR98His4FS+gzY/mlLSRd0D0LZCHvwM50WekpA1JMqOouib1CC2kPfAxZgG1r2oDtY6B
c3s7lr6VzB1JXKJbE70b55hMYjPnZqWLvL9y/bNd3weAswnIiW6JzyAmbUYYzQQBGWP43CioKcgA
HmIGyPiLayxNzY3QQHITYgBIRpugqR3z3gn/LiJzS04GF1Lj4ijcU1IKhfkXeXt9Xfl93F0DkJNX
mZ8NpURnLC3nQUllJZTU1EMJmafLq2uhHNdTiP7XxOd/wLE3Nn2EX++M48YsJPWfnZlG2dXppO4R
r5fO5Yq8vnL9ezJ9QqqIflTMq1Hg0T9gdCrLEZ9SSmFUEI/bmVvQGZf8MfacxqkiXiUrJwu43EQK
f4w5Iy1N8rXbj5eXV2h9bR2UlRT9JbawAvW9mhpaTv7HsjZ/hLFtoXjZ7dhpsUQI+USfJTJDdkY2
ZGYidjjtq7d/Ty+3qMYG0kbKij/GxSjwQZWk3VMY+L/AQVM8ckFnTPAHbCjqsLl52ZBCbDrEPadx
uajLion8mV9Tfg9X16iGxloqZlk7j+EDtomODdIZy/tnvDZiHSnMi1AhuwIHhbifgrwciAgJIjZf
KOCaKekDEi8vz6yvKr+Hewy/sfav655X3sGj+Ssc7kcYXAU2E/G3IvI86D/AuG6It0a8KWKvs7PS
JJ6enjlfU34vV7fIhobGjnbPU+ybXUGeAev+IyztpzC0f4GtRFuokIqfiXjZBIiLi8X2Q+T3yP2a
8nt7uUfVE9uyvPTjtoNjD/ZVsVD0MRb0EzjQj3GBQqKPS6gYWlkZaRTWn8L75mWLvnb7IfN5cE1N
7Ye2U0PXPeLvJBLRX+D5OsspoHFtiixU4DcR04e2HmI18Rl4ZWRcJrmosEBO5q+v2n/ZLB8W+ixQ
/moy1mD9l5Jy0SZAeYQCYUf7FiAWUUjLLpGKKfunjdhrrWgDkfYiU8TAFJPnxv4RFhYKNjbW8MLS
El7a2MgSE+JTyfjD/Zry+7FZzPLyEiil9o8vg0IyD9RVVxD7TNJhp7XvIY512kbhJmn7E5+NfEfe
1NTUVlFe3lZYUCAtLCyQkPGSHxfLqfLz8y3082Xn+bJZ2Ww2KyMkJCTla8qOKcDfz7u+vlbe2Fgv
F2EcTSI37mMvo/azp+zL1saGhtay8lJZQUGBhMxBLfGxsfVxHE4lhxNTevv27TVnz57VOnjw4Hcb
Nmzo97Xl+2cpISHeys/XN5fUTz7JlWw2u8GXxeSTdlXDYvqUsn3ZjkanjL79T8v1f+k/n0AB8lIc
1eljKBcaFdfVHpBj/EIZtcdNKLf9KMatySC+qBFvojktuQiPPdRHh+BRKZRLHRmh3CL0ZDNkRSFz
6XPjj45to6kj+b4xfk+TfL+n4kjdt+3XEPr4kD4q7vvh82S54pzad0tTPpo+mqvJp+LRoogChmk+
e0Vt1KX5UyN9JM9FHWfspI8TfqWPh199/PnnHhc//Mvrl83V8HgZjN1BrNS5njuOiNMazaCDD/4f
TuuLEuUHGjZs2PT169ffmjFjxn+EH4L4mjmz5+y+ZXIrcMCAAYsNDQ3tMJZscFBQnYqKyqxffvnl
/uHDR96oq6uP/f9Rfn919YGVlZVijDfm6eklxRj2kRGRVBxuJyfn1jhiQ9cTfUZfX//2P7vXg/v3
+5veuT3yc8smzzSPPPMKJtOnLDY2jug8ZRQPqLS0lIoBiLoIxsNOSEiEzZs23yH1odG/f/8x165e
Hcr09l7g5ua6w9vL87a/n69HWFhISlJiQh3bx1tsafEsxeLZk0cnjh/T+FTZP/44aUlhYaE4MjJS
ivGMWzv5XXCdl4rrhjGJiT2P/l/c24DoNK1sFoufnJQgRB5Re5x1jLWN8cbRR4IcQ4w1jzHmH9y/
m8Cgfb3ob/wI53Du3LnbWFZSUjKlJ2Kqrq6uPU2Sq6vLO5oLXkHxwtCHi7GA0zs4rBmKeOC5HXGh
MR50XTUPEmIiwNfHiyr/0cP7EQwaq4D+fvTbdvgulZWV1ZlMZgnWMyZSF7yxY8dOxM+InnEXOVKI
p8nNzaFkQPsumciKOATUq8sLcqACOfyFOVQc6ixi72TzasErOglYbB/ghPjBM7O7WD766hFToNJe
/qhRo344ceKEI4fDkeLaE6Zdu3ZdbJeN2F4P8zDuN6nf1MR4iq+EvBYq5rq/H/gFBAArrxKsMuvh
UqoAdsRLYXkUwIk0gNXhUlgdLYOrKdVw4YV9OIP2VWNGrACFmdHT0zOknrmggIo5jnUwZcqUjrhF
VeWlD3MwPnVRMfglp0FUQhL1LrD8KqLnR2UVwrokgF8SATZzRFR8YeOwIvBPL4FYfx9wYvnDjcxq
WGPuylHUO+pm6Cunxhg7u9frq6urKjAuHNYttvn58+cbt5fv1goPzZsAHrQAHAhIgYCYOCo+Lq7R
VJL3kJeaCMmhflAe5gmCMCeAMIx5+xYgOwrkwfYArKdUrFjvO6cjVXp0V2b8yc+NaezYcUODgoKr
cG0H/V1mZmZoW1B7NF57ZXs/MTMO3O2fw53LZyj/H/o10FeW7esMbf4vAUJov7UMfdaK+KOyvEQQ
RXqAnPwtTw6E/HcPwz/V/2bNmrkhMzOjBddn0JeF/uldu3aHKCkpbdozd7yr19Hf4OF+XUiOjqDa
B/pOa+sbICcmFAQBDqRcZ9oHir4sjI+U6A+yIi6I4tjQFs+CNm4Y5Lx7/MnyybhyCbnWaGdi20IZ
8O/AoCC+w0trfoivD+l3VRRmCu2H5hYB4AjRgDzNcPLM6FfA+CwYdxLjL6KPtSwbRMkhIEsJAllW
DOS4Wn2y/Pj4hN6kT1+1snpxvqioWIBrIvgukOvJI+U2UzEwJZRNKBCKoSaHC8LMWODHB4AUfTLo
j0G/KRX3kPaDSXkFIEqPBll6JPUucrzsP1l+5xQZEV7WPgbhPID2G8W7kslBJGkFEbGZ6uKD6HhF
kYqy0eecRcdia/e9SatLQJSTSPs7i9JIW3H6p+W7urqpFRUVscrLSiWPzB5d9PX1DZcgdxPjPyQE
QktpHh1HktQrxoeh/JcY5zUj8kMMtOJ0kJRkgrSOB6LCNMrn11qeA1lBXp/1/JiSkpKo+fWowcmf
W5qbRXXZKYAxe1oDX4OI9DGMT0NjBXxAgr5TjEOG/iOMwYW+o4p8kDbWgAh9AujbqCqGzHC/zy6/
PdVnxHURsW3MpRgnC+MkYYyc0Ld0bKT2Z8+MoeMhKeKaUfG+qkpAyq+n/EDoL5TWlEEmJ+xfLh+T
3PPR/TaqfBuQBr0m5b+j/CFUP8dYXEXpijhERSCsLgdBXRXl9xCTtltdVgwl6UlQXZgNSdHhX1i+
2UMqVlCALR0jJ5YF/LQoqM9NhcaKYmhuqAM++i0w/g2uq1OZXvdHnSExMYGK+ePD9P6i8mtTox9W
ZacCD/cbKC2GcjIXl5M5mIf7GXXyM/w5BguuOeBaIvockGPKZjG/qPyS8vKHpYr4MO3rYri+hFii
zn6C5k4xInA9GMcKXH/CmBeoJ/j6sr+o/LLSkocUXx/XFRVroqiD8BVxVzrWoKn18g9ro6hD4Xcx
3kAKhQX8d8r/eE0W8SjCfxDvgsYRSCncJK67oh7my2Z9WfllpPyONdVyCmPdHlPmz+uoNEeXjmWL
vGPE+2DbQ99NgL/vF5VPnv3hR89eX6vgRws6rSd+4EFT64ZkvMY5GnEvOdlZ1F4oISHB8V/0/KUl
Zu31j/WJdd557fIDz/zvuLn8gvz8Uj8/dryfr6+3i4vzxX9e2t+n6qrKu7W1NS3t8fVpfqywgeRC
UgfR5F24keuPic5gVFtTvZl8fxGPV/4DkXcwkfvf5vuS+X5yS0vLanL/bWROPtfU1KBHyltK+vxE
koeQa5+FI/9vTO02TtsoYucoYZZfLqL3T6f2iw8xZjCufMhK5Bw/68hikhtJbkN+H2bjz8qXwViz
g0+GSzRTGf+d6xTEHu+pqqo2lRy/Gj+e2FpdFy9evHfevHm7tbW1j+fl5bX9/PPP54nNsW3JkiVH
unbt+m+12Z49ew4i9xQlJSbhPmrSrMwsCA4OlYaFhVE+HDU1tY/25LCxtv7sPfBWrFixy8DAwCk4
KFjUqLDV0B5AfR33JwkNDWvdv3+/01ItLdsNv633OHZMP+n8+XNV169dE1lYWMBV48tgetuk9bTR
yZRBgwYOY3TCynfr1q17TExMVo0i5juqn8+fP7cg41YUjqMYB6ukuJiKHY7jGdq5aG+XkIx7HbU0
1UN6QgwEEXub6eUuVVVVXcX4sH8Xpq5Hjx6zbN+fbPfu3UZ4MSM9zZrajyc7k7LZSd2R5wgFbnIC
lBbmQTax88JySiGtRgDPYovBLjAGvD3dm9X69cOY3+3YYcb+/fuuZKSnizHOYmpqaj2D5jUwGqt5
9mi7xqWkQHZOLoWXTCdzgnN8JhxNb4M/EmWwLkoC74skcCakBI5H8cCQw2vuqdp/KePD/kMMT0/P
6zU1NSKUPyoqCimp2H0YvgLZa/tmgAuRGRCXmkbh7KvIfJ2QnApe4TGQGuYPNWEeICN6IOKL29iW
kB3owh88cMA8xp/4QBcuXLBsUcSO0FmxwoJcUr3y8P5rluMLsDS7S8Z08plACLlRgZQ+SOGVI53o
PUVQ9yT6MBB7C+I8+Ysmj1/Rue1s2rS5V0R4WD7aNopYJPL9+w/4ndm8Nsv94XWoJLoa2lfN4lao
IfOtINSRtm0Q30d07DaM5ZqC9lQwyBL9+avmT9fpfP/09AylzMzMU0TPcC4rK5Og7YQ2E+pOQjGZ
D4ktQ+FCirKhBfdCQNsFY8djTOCMGGirqwAxsamo+PDpkfyV82d+dP/2pKGhoZKamiKk92cRyDpi
lZAj6p0tITQWmrJFEQ9K4RGTQdZYDWJin0gRK5eXxNfRmPuX909OTunO4/EOX712bdue/Qf2tLRK
oTkpBEQcJjRzI2kcWIwXsTsCadwdsXEQaydrrqdi+bbScZ/5OosX/OX9O6eAtzY9xRGubKmvDW1f
BDt8sKOJHUnbFdmUHSET8Gk8GdH1W6tL+Tpai//p/TGB2z1bOdMc2gJe0XZTtCcVhxrjUmPsWUEN
0afqqqGV6BI1vDIoJPZCRUEOX/sz7y8MdbLnYyzJ9FioyUuHquI8qCe2PG0P0DYB6qqUPsrjQRId
85OvobHws+5fUlZmj3Eay6iYlBVQWVWlwGE0faR3o38R96dCjA76DRct0vis+xP9yr6zfotjKY2N
aFbgUGg9F/VJvH98LAf5KXzNRYs+7/5l5P4K3R25W3SskXa9+YNPF9c1cP0JY4IlJyXyF2tqftb9
iW1g3y47rp2IRJ114Q86aXsMHrSFEEtN5oiVn3N/Im8mHcOz5aOYPpgVMfVFpJ83kDIqyLvI4fEq
EhsaGgKGDx8+/3Pu/7+QyLB4XnYZGEVEyyrqB6NDyJBtzGAYXyWfkdyTZHJNebExQ5lcV9YqYihP
IHmqjJzLGcrfkXyI5NFy+lyN5IckYxwWvHcvnEjUGLTP6F/Uw75Y9x0/fvzCmTNnbrp69arXyJEj
NYcNHTrpc387bNiwmfHxCWLcd62oqBi4qalgamoaRPQ0rZEjRmzU0lpyQldX976enp6zzoplJj16
9FjX/tsZM2bMS01JFWO/JfNFWlZmZgXyElKSk+VhoaHCzAyutKwgB2pKC6CAjEVRQb6wbKnWYYZC
V5k+ffra0tJSWWBgYCLpg13zMrjBuJcbrgkjJy8yNQPc8mrhLpcPF2JqiM6QB5orVh1iKOZZolv4
Yp8wOnnyDZ5HC6QRr1LzIZ3oBlWlxeCZkAkvItPAK4zTkXV+XdcRn4vojjNxj9TUlOTm4SO/2Xz1
zFGOt+NrEJA5riInnYyztmROdiRzsDe0xZH5OJEF3iYGB9t/HxkROZ2MgRzUU9COT4yOlFGYExzL
CjNpnCuuaZF5UKJYPwyxMj3Uuf5v3jTpQ+orJzUtvVBEyhVgzOk8LrSGvIVWxITjfgxkXhJT62+p
4G/77KPfY4qIiullZnJtcK6PQyliblsx5jnig7NiQYpzGMYnJ1lakQ/+zm/+7vftKf/FZQ7idEVk
zvpUdnxj/8nfx4QExKM+iGM77kPEV8QaxfERx0PkuL58af3J30dFR1G/x7G5pWO8pmM54XiHcRbt
bF99uvzo6AT4Bwn1xbdvHI5+6vccTgwH90vPz8+XEt21JisrM5v0hwhy/TWbzbppbW2lv2/v3qmf
+v2/kkRw83ARMfRClLzUjBkMKorKLaVHC42VHv1qjP55kouUGtXE5EhnBoPOZu7ol+6zhOoD+Fjt
OqcKdqp1v501PLlXf4q2gd7pg0f3Txqtu9fA8OCxoxrTp0zFf5NGLzU6ctLIYK/G0b1GJw30jkwa
/avRriMHd6/ee3bDscN7j2rsmjpj36x9c/ZNm7Zn1lS9GXrd8P6DPr7tFK2DJ/X1juMnXbX1Tur1
6IJl90KPiCr+V0hOu9z+de2Kvr2HoXuo70odbaT8q2HuiUbZqGZAP3DX/Ut+XsJgeDzoI9ND3bzX
cZ3NhgxGv1DMSmyzw3XkRldWai/ZMPcXh8fbdH7T+1t0Zs/lJ0ex/zDfbtTfcM6Sd5O1q8bwo6pT
Q0aPtZ1aOabnYLbpsuR7cw4dqrj+rfYPl57s8LLWX8EqPZXo43V//wufnwSVd0a+3b8gJ3jGT89s
w023iwsXqiY1XCwQSTQnMhwh5Xbk0UfjDt5cMk7d7KzNkKzj4gU/z+j33aK50+ZlZ3NzpWymIPRp
SeT3Xf6Ywtq48pkGZ4/60oxioSfjbVzVD7pux45o5WWHrp1iYmWnsfKqO7ObAeea/IpIf68St7l+
6eKJ1hFuL3N7j+uzbqDqty+uMoL5AQVBQXxj8/z+BgfWRolLtm++6J5zXzlvbbTvxgrWkJtRG0sa
gmLcL/64M23y7ml/LBab3N00301Ha9x34fP5gh3Gvl7NAUk83lWl+c/MhaP3GOwUT7rJ62Pxpvcr
3d49I/h3xiWvG7pNeQXj+rXk3+Li9ox/vOTcxZHXTXPMB+ro5nUbPqCJ8zza2Y2xUWfdVNUxbNXV
SbLCftXV1Sq3tdUXaU7enrotIFOep90vJ+qhuUFPgx9U1owKWc7YvTpEnKo0fkLR+7O1egd7n/K/
uGr98rSUpvgtKrHzzMdqiXbf6LNrcpBShnSokt3wsrADK39mDW8wZ5wLlOsu/Kbw5fPntocOHUqa
/u2lKfGRD1c5FDet75nS1Uf8IGa627fsHcY7asMSbubMfrrKqCL5dnp6+saDmpMH7U/wPGK8N/x9
XZ3Kk1/a9Fk/1U7/VrfCrpd2aZdn19atSZivF7AOdJTerdbNOMTs7hY99sQIE2b67xMKTCJ3Pf/d
KT0qdlW+dc3y0scVFRVzJk+ePFbQ996+e8u5J+Nv//7775kq3cO3PebMdORWHfpxorf5L7lpu+Ps
vR3muVQekKsOTJLHLvc9fR672cpla7VdtXZe/e/ugYKv2gPN6R547/EOnS0nBka7TR+Ws/5W6HF3
jfKlo3uunzDp1jdPbg7fOm650/FbxavrbW0rRgy/e4oVkf5qu4FquInAJ8/qvKtL1E4N7exw117p
gXPA/jeu30bDc0L/o8tYmu7K5nFtJ4JeGtbPKxzVnZHF2X/IYP2ztW8LzwUW/DijYV/X/eUjbJoi
ui5hE80gykzNbcNE41Lx4xtufX6buUxzoapB11+d0o2uhJjMWhvTLXwqc86Q0J2N/tvdgs8Mtu8+
+pL62ObmHes5ezzj3SfV1trv3LvXwQ9UH3H23LH9dcKQb3vWrNTpu3PoiAtPcvNvXLy5LH1R5AtL
y9oxZpXPVjmEmT97ZnB5wa7QAzNtuquoqu74ZkXo721POVf/mML7junj47faQX2c+koLC4sz+1i5
w++fvsLMP8AF1w16588PDys+3uv3oEsLbT081nl4ePQqG9zrRtg3M+fMYTUydnmwbYPdjk0abLrE
9w/XUydPVj74/uTp0y+EwqGbHjgrDyu7tWFiuQtzNqkawdxvHiz12NT1jp3OtdDjK95viJ082PS5
XeWkZdw/Tu+c/UJZ9PN41tq3NTwJ4/f3zWcWurHDw2dVNJ+dMPLJleUlx0xN00VeV1aNU/9hj+G8
xTNsR/YzuR+nyVc61PaosKFQu+lk39/7uLmG8fnTne1ELd6qOnccl79O4VdWHriS2zvOc1nayj5J
t7ed9q/u3r379ldGgeNWqs9fsGBbYKAo6sjsXN6eMWeTudzmYeHuhxe9bOjRxX2+S73w/fkQ5ncD
ey+b/nzNWLWeU44Xrn1reGqIpOtBofcW/T6tGuOfrlpy/rw0YYbS9/njzXSqXXRr9kx50a1Mt+x2
1wkDe4+dOFr2E6OH9lUnsaHs9XKXs1Nn7jl/TbY+aXjJWda9/cNUnM4yIs2GyBn3L3vvWOHedOR/
p19qfM1+qVRI98vdYgBN5e8sxiSMNn2/2zh1jOb4Pcca4931nljyiut8ph3Wb3GNzS1esMpmi8u9
QFvmzAPMyhFDNIOen4qfKtg55Ix+os14VnJ+l4jBL2smVLIXndUvreoFW5PWindcCCi+XFn/BL7Z
OlYu1X8gbQjWqArmOD5se9Rs5VC8vWeO2YkJB3dwfix9qjc+dIHn6dPbrBqD5UdyIfVxOpSq7pGJ
8oa15ektjfjWv6/eAqs5y6xU8q1l0btX512U3Jiya+eQrrVr8nINbJsux/kmvtQfsgXSrV3adhj6
lFwW2zwxvekkW/pkyPnGMefXGb1/y457Y+Famb/MaKdymGhcvb7fJmFwk1Y2tPb5Dg4nPZWp5jx3
1zZ8PmRI0ARh/rPxjNmjJcdzCmxqymGB2zNZQ5Bua3D1kWLN3L6h+yLsVd2VHN4ailzPpPIvN70e
P3W7kF1+Ofqp45zi8wPW9BzaZfZo3pm1+6VPq8dONp8omrltUmH+Sdsj+6PLq3dXmXiNV9vLWNO/
UHvJ+PpLi/q5Xtq+ffTkCQs3a9/xuLbOxtZ6yR3ba0tUbnUzthh+K9v4b1aD/2b86K6Ki0rt4kkh
yVGjlSMsFx/pHdFvcW2vDT3D+i0+0iVi2OJJfWfdGqkzY/33Pwzgf7/o7J1tDMbC7Eve35qOePi/
077Pf277VjJcv0KL4Zo4ouofNPYwzEqDJqwi6nEXNbqxPyVq4GO9v90Mvjjf4oya16gU219vtxmn
9Ks9Zpusyoy9paXlrvx+be+Dk1ttk8Ou9fsj6lWX25NW3TNwnv5DzLxpd3Z+dzPOYdkWbt8Z5js3
5Vq6bXx5tVvFoQVnzhRfLJSWnP2mfmsX+wODnLePfbC5pdeAn89vSJFrD/rt8eOs3YnVF06PO2yx
1WlWk/IkzvzC5yoXBq0u3nXoaJ6xq/IPc3wtu51urpxsLZo+ZXFlYr/0t9zVrb5W3UVzimccvuE+
Za1F3+k1/bpcKS5Xzp9yndt15OALR7+/khRUYqFU4lcwkB88flIRr+sFUfC3f2w9vmBfiMlrP94m
3ph6/WUBc/sZOb1awzdY9Wi/lnxYcVzMAccaWbGa7uQ0nvHrXzfvWTTqR9a0VOnE5mDjose7pVLZ
tbuS/Lvnh6lpnLqk4s3N14yp9Kq2fGfsGP9EMHJv1MSGXvkxbBfGtLLl2lqruvUvlGkfuXHG1OEW
b0/9tSjr7GXcV+/7f9OQMcq+uXbjH/sulJsWhY14t2Epd9+BbCer5Ww7C0dtrbRhag9OpWx5sm3R
e+suc9X36Jd6njT1T0uesy64i/Md9pamEHu2S1craVHUqvJLi7a9uXFNyOQMmlyzYWWwErduZpxn
zjPXRZlBGikDgrwZTVMf3LqobBcact5wS7LHd76us3bo+ki/N14XfnLyyokHZxywLPwmtd+8e8Ok
3HuOdy0uNrrdSrog7aYljz9udTFe8lHv0OzBYFhOCs2fb702NuieeDZ3WRfLQnHdozneEeR0xrg+
Rzi6NrE/Z1vwN08x191jKA4uJ9d/mKtS9WR/unrIxnut5NTgyZJpl1fr/fj0OTnJObDK75f8JQHC
XmELYzXKZeq7GrqdXpPoPtQr5A352CLBVi1NVmm/14yc9Hix4Xx8ccVTk7gTBjtYQT8+CNW+cXlI
whm3Nad/Upq+pWm2Pqtb6rkJ28lXX026eNzVvtKz20Vy4rLJSHMAzG3rfiHsZNSxqdLrJte7kMsb
jhtXHb240ygZT0YbV9f/VBRtUnD6dvoJ8zHkSp1qmnJdf87OBeTvyPGeF90Pxr+K8+3qN8prp7tg
Wc/o4Htis6dqy0fueFQtJ3+7r9hlwDA/7mNtbi9Uiju0la87r0tInfrSfRzuDt6ouyoj2HFGd84O
13jBLpGRr6/VN5t3rFCjwZT8PdvIw6P0+EDLXWbkRKY3wWvj+OIzKpPb8g27SCdkGTqTqzonv9fP
y+vtRv58oSLVlJuZ7TXZdv/56mu7JxxsTY0nl4Vpqd9svXl969x91l3NHxn1fJqaJbj9dHM3OFak
5mC1efEdk9nZ22143frMHsBpmc5xW5F7doJndcSE3gMTqsOMvj0x6ghjx1aW3347tT2v1rpMGjbX
2nBatWx2QI7PBDttVs9FW6OUfy17M2jegT3rT/k90ikKyD2oFR6xZsPDiGc/2ZZYZk9osDtWdvxA
pJFkhFJQJCPKwVK3n11WhNnu5UEeBWUB98TfD0tufH7My/lHk4lO2UrWSyrBjz16yxvyyaaZf/SS
5i9ZYurbpF/xw9idS6cO365iJxx+bcCoSbuchna5Gy2N1+4z9bqKhYiTmR5IfrFo8limhdsv508c
IifCE6wzfv67ziRaSP4fe98d2FTZ/f/cm2bdjCYBpGCrYQoIFUqhlN0FFlootCxlpW1og2lSkhRa
BG1B0Sooe8iQjcgsexVZynCgbAQUEJAh7yvKBs3vnOfem6TQOn9/6Pu9p30+9znPXuc857n3JulZ
ZdPt4Dc+6FO/Xzfnu7V1poU3Xo3Nj/14cPyB4oYR7XpA4oMdN2xpNGJtl5NhF9vfa5jQ792VTVb3
uRH2rje23e7Y6I2n7ve+uTHN+UQrSBrS41Txq7I22s5Z03uPVMy5OmnJog/fem1wg7zcTs+2HRzx
9OWn9peOu3vO9F3P+juiPjmjOQrcq12mLbhYdVibxeA/rvv+4MLt3X44UdL24bzXptadWBK5zrzM
02vm5QfX4m0jO49cGj/XFR2S+UOHYMOVkk276pzZGKkNnbTRkdu31sNlRyvvfPJsF+VyKKh0e+yF
dXB9JSYybBVcv736avbQGvs8b+z/edq5orCGJVkFH55LhYi7h5uv7wrXZSumj1xz9cPe009f27C4
5dprJ1qYr3d8xXOrGcSNLI3qvSAnY8FL9bddrPZDTo1ZS/ealOfqvFg9pd+JlZ/bp3GL60V1eXnP
yTdPhYTtl3dL29W59NY9tWNOf92x18b0qXw9NqL18b3ze39UOOuzKPO0nVvG3e26W5nw4N6hH9/q
vaD1wKQmH1yHsOujG37ywqzVnZanTz4/qeax1ZtHW+ecHR18MLXZcnfs8qy8n/bGLN6Z7phT+Yb+
WP1jtQcFfZa4sKr22UNbIG/tYy9HNbu2MHHh+DR77We+bb1jQa350V2P7ZM3U04+cGbSg5rmbw5u
27b3VmoqJN6X3vzGy62OP6H7z2huyKi8Xe3XPFF1fC5EVFo1dW6Tt7Y3HDV+SlHMtVznikHPjBtz
MKzbcgtEpnT95chm4yGFcfrXp1rUGdWxfdzlF+R9l9e4lL864W4kJCj9MmVSsxUL91bp1HZ3i4yH
L8uWnNB98eTR6ZMP5Pw4cuCan4+3qRp/aWV6Se6icW0/6bH48NZxd5N6nr/CHhh4ALymi03Xzr4s
8+yutfPglCc/DTOMOX4fghfMaBjRNsJub5BjXJg0pbBqcegYCG22/NkjsS//uGlpy96txgLvKC6Z
vEqrJf9VHog6HbH4Ndnb32y83PAjiJky4fnv2HcbvqB9I1VfNxUCbAV5E9MuHNwb1WVgv+6dhhvu
jh08IwXCt8Y6sts//K5WVrefKqcPgoDv9k96p9GG51/o0fDy5x2bBx8kENZ35q3/1Ov11MNlzXTA
zZhQur77p9urgHfF++cv2GJTPxtpHXWoDvCe2vMTS7ZfatVpy52NzYHvuXRr5yeLG78+66kXjtze
u2nc3UPd+rj2T2qpm/Jd6+h9ByAgbdyMnPhqGQ+Xq8OGdYq4dXdNS5MXgvfvrVrjaOiSnxt8Wmet
ZhYEPKze/idr6bXPuzIPP+pz59qGecO48NtfP+xybuHaU6s/m8sZ5kGimvY3LcdPdava/E6rlGH9
ow49vRoCv9B9H98gLO7ca51fSQB2TPBzfad0zGjVcNX7EXVPG4I1NgjcN6XBKPLclc+2mqN2uk3y
1sMgrO77tc7lh91mlWoF1l/Yd1xs4wsy8EbMOn5y7+WNlrYD+o3qVhMCdkQNUu8wLtWAd/c7Ocp7
9ZrsmpO9Q50+ubN3bKsZlcyTfmnBtPsq/o7ufNPxhoPPXbZzhTN+3Tzuru782U6Jv7Dpm7QlVbI2
HWze/PjT+/puG1L8tbLJmkkzzzcjsamdYhnhWTY+9R+KJmSzxlERURgiJ3je2mMipNYrhDSuREgS
+lM9LrAP3ZhiRB3e4KvVsUdiPFzHAn8ErMFasXYn3n0f2JiQ2hjfI5XWATYj06vK/DBqRt5nmtIA
8L4tGI749AyfQPXDW4tCGL7swgS4IMHpAnglEZ+q6ITeKEg/ZhCjIEMpjqI4mWkF4bMozgPUk8VM
KYQfZc4zevIL8wSrJw1ZxOYUYyimsXbAIkAFeYfFvNPYdRCyl+JBimcBFeQSxJrIdTYW8CbF+xQ1
sjCZiTSXob8VxQSKXSi+SHEgxUEyB6R8neJUih9Q3EhxN02zn+JhiicofgOoINdkrcgSckeGfZcH
YTuDKYZSrBsUEaQgHak/iWJviv0pZlIcTHFI0CuQ8k2KEynOpbiI4mqKmynuovg5xa8pfkvxB4o/
09LuU+TkleQKUodiW4r9KOZTnEJxPsWtFA9RvC7/BVCvCFcoSBeKNopvKGYCbqG4j+KXCqzlvOIm
+E1KxKcpRlJMoNhbiWkGUHRRLFCOUsKcKqcCLqEhyymupbiF4jGKZyleBuTIdWVdwHsUlSpEPcVq
FOtSjKL4POBaJkWFn5xIpyFOisMpvkaxmOIMissollDcRvELimcoXqV4j6JGjVidYk2KTSjGUexC
0ULRSbGI4tsUZ1Asobib4jH1FXUtVgNy+wxr4rC11bkr+CV/JBxPdoRqCMZAooCTM8gxwEUD9zFw
RlIIXCsapyRVaco2AhdCU7ajKdUklKaMoXEhJJJycZR7ijQnnK+Gp0gU0Qg1FDM1SQvKtaJcbYFr
Q7mmAteOcm0FLoZysQIXR7kOwGHLErguXDPQMy2gF1HcfMBobjFgK24ZYDtuNWAbbj1gDLcF+hbF
XQaM5q7T9GoG02sZTB/MYPpKDKYPYTB9GGAcVxPwJvcM4D2uIWAzTRPAlprmmF7TCjBe0x60TqIm
AfxdNJ2YJlDy9wzW8l/AVtxNwHbcXcA23APAGO5XSB/FVQYdE81VBWzFVQdsx4WxGF6Phj9L/eHU
34SmiaRpogDbcC0BY7g2gHFce8CbXDzgPa4jYDNNJ8CWmmRMr0kBjNekstjCnoBdNH1oyX1pyQNo
yem0ZCstOZuW/BIt2UFLHkJL9tCSh9GSh9MSRtISCmkJo2kJY2h4MQ0fS8PfpeETafgUGj6DNZIX
NLPZFDOuxTEhVq6O7+2rqeaXuPoCVwjcaK6Rj5tgnstFCt/xi9xiLlr4BBlyK7i2wme5kNvIxQv7
B3IHuET+/TTKHee60k8+8dwFLo3//nHKXef6EK2P+5UbRKr4OL1mGHnKx4VqxpBnSG++D9C3iaQR
KfRxU4F7WFPs30ckgmjphymKIG43cM8LXDT3KciN3Rd3GOQml3J7SCPNKVjV031xZ0k06Utfd5sA
3AXg9lFuNNTwE3BfUm4SxN0GLqS+yD0EzuzjWCaa1Ksvtqwr05LE1xdrSAXudAOxZS8yrclrDcW4
DJDGtEYilwVc3+dEzs60I+t8XC5waY15rhXnAS5T4NpxI5gYYhe4NtxrTBwZ31jMN5ZJIElNxNon
Mx1JrsDFcNOBG9tETDmXSSTbBC6O+4DpTH7wxa1mkklIU5Fbz3QhmT5uO5NCtvm4T5juRBsp1neQ
SSWRkWKrjzBppHek2OqTTA8yIlKclW+YnmShL+V3TC+yiX6ockJIqoZle5F9bfCNxalQgwK4ge3p
ugZOw/YmF9qLI29mXyDaGJGbx/YnlWPEUhYB15ByU1WDNUuBI1Rbob2FOpT3B+Lj4b+dUka1bxDV
s3KqexVUyyqpdlWBzOO3wt77B+b67TSP970if0Vj9dsj+f/L/8fbVhE+ntc/Gl+xVm4tW0Ss3DY2
GpCRDYEQo6wAcJysCeBHsmLA/8iiAZ8Kqg9YP8gGGBXUDTA7qAbgm0GJgMuC+gBuCCoC3BmkBvwk
KJF5RXMgyMiO1XwZVE02XXMsqD4zX/MT4DLNbcD1mvuApZpfg+Yx+zSs/Ab7uUYun8B+q9HL5zGX
NFXk+8lPmifl3YLua56W9wmCHQBQrm0otzEGbWP5DBKqjZQXy6xctLwaW1fbAbCVNkkeAzV2l59k
47S95RZZJ21/+QToXba8mKRqc+RFTCONB3I10uTL50HekfJowCJI2Uf7ujyGydIWg9+tfQdii7ST
oQ1WbiaEvKtdLC8h07XLwT9fWyKvwVi5jeBfrS0FLNXukTeBkP3g/0R7EPCg9hiUcFp7CvxXtecg
7x3tJXmMTKm7BlhX96PcAulvQWys7oE8GvysopssSacCzNQFK4plQ3VPKCyy13VhCptsoq4WhEzV
NQD8UNcEcJuuheIGtLwdpPlYlwB4UJcEeFrXTVFNdlXXQ1FfdlPXB1Cp7wdYX5+uWCprpLcp1GyE
fqTiBhurH62wwEwVKxKZrvr5ChyxJYoSZpB+BYTk6NcoCmQv6zcrEmXj9dvBP1O/B9J8oN+nsEFr
v1J8BXgMsER/CurdpidKi2yfXq6swRzVawBP6YMhRK6tBHhOX1V5DtI/o7xBftBHKBn2jr6l8p7s
F31bQC44QVmNrRzcWbkURru7soQJD3YCtg0eqiwgHYMLAbsGv67EFr6l3Mn0Dh4P2C94GmBm8Cxl
IpMXvADwzeAlNM0yZQn0a41yJzsluBTSLAjeo7zBrAv+TKkm24IPKY1kf/AxwGPBpwHv6C8Afht8
HfBa8H3A28FEtRPGQa7aLzuqrwx4Sh8C6A0OVRXDaDRUlRDOEKHCFdVKZQyqZOirukEaGNJVTZim
hmwVw5bo7aorTBtDLvg7GvIAG2lGQppGmiJVNSbZMFV1j/Q0zFKpYUzmqhjAReDvb1gOuUAqIWW2
YSNgU8NBwBzDYRWOzHHVSZJvOAM4ynABcLrhKmAjzU2VkZlv4NRGZq3BqK7G7DBUVReABIWpT7L7
DeHqbpA3SZ0ImKI+CWuml/oe4IvqPoAD1E1AsqzqaECb2kIOGnLUuOaHqC3sScMwdQzMzgjA7wyj
1Ocg/Ztqi+wnw3gIOa2dpi6Q/WqYDag2zofwSsYlUPJB7UrAesa16mpBkcZN6vpBbY3b1TWCSrWf
AH6i/RSwk/YQYKzuuPorKPMbyNvReEFdQnoYr6mLZf2NPwJmGW9D+DDjA/C/YWQ5C5lhVHNaaJuO
u8LOM7bmKpMlxhiuGrvW2I1bCuPWC/ATY3/AL43pXAz7tTEb/D8YcziGfWB0g19lyudOwtoYwZ1j
TaZRgE+Z3uQmMF2Dx0N4PdMULpRM1L3H1SbPmZZC+jv6dVBXtGkTZ4N693FDSFvTZ1w4SSXhQeGk
M6kFGEd+loWTF0lr8LvhpBxOXiLjADNIDuDLZCtgK7IH0jxLHIBNyQTZAvIk2cEuIJXIRlbGPkmq
yGRsLaKVnWU1ZCX7dVAbeYZ8mGKC4lvFU8o+ysvKn5ScKlhVU/WMKlb1umqP6q7qGXUzdWt1nLoa
V8oZqPU7VKOUsaQlaPhupC/JIkOIievEzedWcISRk5c4PM0pyWi4xsCpbC7HwlVDFnMyuOrICsoH
k43AM3D6OEDDK5Hj9FqFXIArYaqS63BNYKqRX7kgCH+S6DV4DSOhGhkJKsS9hiWv6Kf3oSYwbVfg
bzwwhP+Wi8AwOD0/FlYJRuzRsFASG1AOIfgZuSQd718ArreH9+/DBGf5+1v/BbdJ8D8Al3uO99cF
UM1T0vIjGLQsWGgHCzY+C5Y9S3Tg9OCC+RakDbNaXnInObOcjkB/uDXfSnLcGU6X3ZZOhAepvWyO
TOcwd3gHpyvHLQSSsg9ZSeawHEuuLTzTbid5bquraQT1ZmXaBF+P/LRsa46V+gPr6251O/NcGVZ3
eJrL4nDnWlxWhyc8F0qsIBWG8oEVJ4q3DrLk2T188ODcLCILd4mRZbKkuJy5VpfHBnn8uf1JVQH+
84Vjzhe+cb6wkHqKzheOoixgMfW8dr7wrfOFoyGKdLdm2dweVwFJtmW4nG7nIA8OYdMIX0Rna4HP
39Niz7N2hhEmsU6n3WpxkNgCj5XEZVtcpKPVYXVZPNbMOGemNcbjcdnS8yBOGHoMjHfiNSfXZre6
SLwtw2NzOiyugoER/kR2u5UGu8NpcbYMghmcDhhnsc/JFoclCwrw5RHik6EGOyR3eCw2yEoSA7yp
ebm5Tpcn0WHz2Cx223AricnNtdsyLFhXqtXjwVursRZ3QHMdg2xZeS6agJRJEQ99TLPlgMeanpcF
LenidPSAVVRut+NtliyH0+2xZbgJzB/Mje+a6rFgiwY5CSymDCjOmZdutxL+BQDoh93por2BrsXY
bVmOHPCQROBduU47bRf2+JGlLV4j4kkHyEsh1VMA5XZ0WXKzsRmipwcMBknMgO4l5sCAkgRHBpTn
erRAjESZEaJTLC5LjhUa8ViAmy8HhyGDdouyKIYWD0lx2qA13WFyLY4saE0qzgFCB6E+2l83FDrU
5nLyfU3NtWbAbHVw2rFZCUNxIFxZbt73vMWRicsoIT/DmksnSXj9glYt9KGj3ZmO083PYsc8WyZJ
jLe5c51uCw41DGaT5oiw2gGbRyKmeFwwB7guu1stAeOR2BWWrAs64ARZ8flobR1gQVOIyaATjF5f
BJ0k9KR6XFZLDkm25kA+gUmxeLJhdVlcGdld+V4IEV3TB0MFpGsuihQMv6DHYtxua066vUBsVHfr
IEFgfFEoDxZHgX8l+iMClnR50bkFLltWtufxqHirO8Nlyy0/XxeYfR8DSzszL6OcItJsHru1nGAX
DHGOxfWSP6oCMfdpPMJrENqL7la7JZ/63I9JXvc8hwek1KdwUq2uoTZ/fqvLp68C6ubz0CH02NJt
dpsnYCAhuKfNbUu3Py7mYmVUPJ25vrpwyfkTJ1tc7myLXawmrSDXyi9jwi8clHaX047hYsGp1ow8
F7QivEwKfj0JUTxDk/OJuucJy5EP7I6T6g4I8GVMtfGymBaTlg2rLqCl/MMmXsTRI7QmzZrvIclO
UBxO38TwWTERbXcPXqh68FLVw2HJ82Q7XSDomXzj/PJK9xKaR3iTivR0goAGKGYSk+dxpmZYBCGK
zfN4IJC/UFUMM5LjdICOtTuz/JpfHCSqPPM9yVZHHvYnlwRGwNW/2xC+CFhjoEPoSAlldoB1xqtP
1GMUYp0u0Ar+QKrGU5xuGy0oyZIOm1AydBQWb6wzP8DLt9sdEEKVb7ITTBBfHDJ+TednRXUHCsER
0L4USyYd+hTouMefz8+K+VJgtwXliC3ye1H/8nsIeDrCCPG94icWFRiqbuxVGmz2/BD6fImojspw
AcPpC8exL5sy1QpWkwXXD8hSnsVOq0ywW3mNX44JFx6Qzk34KBJnEdaQP6671QHzAl1tDV0CCWgL
pqOMyImCqMCUDPbt4RWYVCQc9TmJH5aT6KYmBT+hCQ7cKTIxPCEftuLMDrjbweJ2xtltdLitFrB8
PPFxJNUy1AoX0ElWWJvgi4M4j0+Z2DEo1YpDJCj3eGA81jIMJIH9PxYWIQvGG5Eh4EZMzVGUvoT8
srxQSXxibKpvKeP+ZiVyzKtCUCDoEYIRWLT6wjNodzN52zPR4YZ9GWyQLKtngGCPEvGKYV1TRRlF
LtCfbBkM5aAvyTqIT0wVDvWlOXPpNdYJyzuHvAC6EQcLhb6Dy5kjKD9cfV0HEWfugIQhMJuomdKc
zw9C8wUzx0C/hvJNEzLQenkpIr1Ak1mTQOyx4IR8UG04y759EgLpBgUiDzqFuLFROGxUaklqnhvk
KTPJUuDM4ysTVQQmjLVkvMSbYcj5VQHlxNbF2iGVEOSy+pMnOQUdhgxtAnqo2UMbYUlPhPWa72sR
NfEoR5UepqMj6D9n0EgwNP0LCvPxyx51gBAdIBL+DoCaGAALVmipT63Gwy7kwKl0lw2nSgFD+EXu
a40wOm4Sk5kp9rmMQqR9LKMQseYkpyWTeqhewh0+L8cqDHqK1YV6JmAKkm0OJ1qXKHhlZB8kuIK+
i0sVNlaSmg36Aewi0AWwoumKcvPrKGBNBJiZPS0uG7UGE/LhiOPGWN7ipLYZdkg4NfitP6xCUMBY
MOpjOsMJjkx3Lxvk4sXBkSUUIFgNfLC4LpDpTbEPTZTCTzLKhWADxtlRjsVl45sT3lqHZoKFZBtk
dfsORmI2XiP4WosdsuH4YV1dYHDSnML2jiafoHgwVVkTI4tfTi44tMGs0f6JQbzJl5kZYG6kPpod
ZiodpRL7a0+2ZGQjwzctNS8dz5SQhZoAQgt4P+5vQnxHMZ6KGb/34+jADpdOw1JcNjAdCwR7xLdI
fZ5etkyYACgmNm8QLAdeVdCYTrnWLNJN0DVZ/ODDyKEG5/WMlaowrI0fbX4ZPHr0Qk3smw3qibfS
MxE/1vzRJzGeMvTwkQqmjYfEwmHagYsKgQEAAIIBAACDAQAAhAEAAIUBAACGAQAAhwEAAIgBAACJ
AQAAigEAAIsBAACMAQAAjQEAAI4BAACPAQAAkAEAAJEBAACSAQAAkwEAAJQBAACVAQAAlgEAAJcB
AACYAQAAmQEAAJoBAACbAQAAnAEAAJ0BAACeAQAAnwEAAKABAAChAQAAogEAAKMBAACkAQAApQEA
AKYBAACnAQAAqAEAAKkBAACqAQAAqwEAAKwBAACtAQAArgEAAK8BAACwAQAAsQEAALIBAACzAQAA
tAEAALUBAAC2AQAAtwEAALgBAAC5AQAAugEAALsBAAC8AQAAvQEAAL4BAAC/AQAAwAEAAMEBAADC
AQAAwwEAAMQBAADFAQAAxgEAAMcBAADIAQAAyQEAAMoBAADLAQAAzAEAAM0BAADOAQAAzwEAANAB
AADRAQAA0gEAANMBAADUAQAA1QEAANYBAADXAQAA2AEAANkBAADaAQAA2wEAANwBAADdAQAA3gEA
AN8BAADgAQAA4QEAAOIBAADjAQAA5AEAAOUBAADmAQAA5wEAAOgBAADpAQAA6gEAAOsBAADsAQAA
7QEAAO4BAADvAQAA8AEAAPEBAADyAQAA8wEAAPQBAAD+////////////////////////////////
//////////////////////////////+zCerfN7F+PSDu7W5+ieGRiyoLtKR54XzUvhEUS6pHULu4
81JZ7Q6HLiuVQGpRxDuH8esPjoIFfNUZgqZKtuTbcmAA0VDw8Xk5Pr1V1lKABU/7kYBDA8fYAt+c
gSfOYrcHqmI8TvHGIfrwvgEVtrIvyfOTDfunsJjpQIi6RCgB7Eq6Eh02HGwsQ1jPdIYcgqYCGxtF
Go0KR0Y2CDvaoISktNrarn/swdiFS5pPYAckhxLVxuF9e1aLPFtcjmd1uwGvGo9yLWVmwsgIYRWE
ZUJMtYMIExICoAqRE1YVoqI8eENoKMuDlqjZEBUQgNpA1KoQ8OhVKoMx0mBsqPcHYIiGKEJCDMbW
EKiGyliNWc6E6E1WY+EUlUxhahSkMBV9VQ7MxpYpzSwTaipcUfZadCvIzDCs0HQGUzcBKNyMIXJC
gEUs3KwgDAMXVqGCf7Gy6wi/+GA2wgqAUdUQwkQfH+FPUm57MAzawuqxZ+D05TfY1/CLjxdSdEvk
oSC9XmVmTYW3TD04CDX1MPXQqczQhWJT4TgaXQb4IVAqqphqsCo9jsBRmSJMzioUrIJFHx0dwsBM
EDZMjn/8UPD/SnMQg7MoBqjL/sOAGesFphf/Q8qyCvr/eLLAf7nvHwptDK4FzEZ73wTCZLUPwpun
dDxFT3uGNH30iByO1rY7HKTCCQe8AjS3MsXI2Dwbbm5K4VMrhMhhYGGgVIGl92ZIZ//tQHETzsu0
OcMTMlHZQuGCOR1vdYPCsrp8AfyhEncc4YDtdCmjxcqewtu/aewTvVyW3C5gXYuHQThEgsHPYN2N
GFLPdy/CvGup2RzRuEljc0zmULRQM80pceZka6bNYk5KiiMEJ1hfnyG1IzMzmjaOjGrSqFmLiBaN
IpulpzeKbhwd2ajZIIu1RUREemTjFhYheQOG1InLRpVo9mRbzcJpwxxlpmcCM1pNWS7QH5lCevo5
Hd6rYoRXVJBTPcuQuvxpIjzDmSNk50t2mcGq8RctZK/OkCq/1ZEwhoRUVODjjfF7WZ9Mq+VmwHHA
q6oqdcZIY2QIksrYOsQ0qpGxoalwPcYFOlirKsKYigqMRcmgC1TgA10GygwiQ7DQUTUUUAdcMADl
F6SFQWFmVErWVKQzFdWgdeto3TX4FkAR+tBQ2s4gJWNKpD4o3pRgShQUgqCcBAfr29hHDqHGPlid
sWgnB0pQrzXajEPkGG6yBiTBVatS0YSFE/jRCAiZQaeHpuxHK6I5eR8Cpg0Nob0qLEFGq+Uzzuar
niEUQ7uynqYrKuGj9vOXzwMyCyUV3Qvsk0pQKwxL9WvRxzoSZCzarNcbi04ai87IYUxQAbNsaCit
RYcKTg9Xg1Khx4SmwitwgflC3aTH4dTjwLM4iHpj4VKh0wQS4ZyozDJWD1pxMz/kZn6GOLOSgwH6
jX9hPAh4AxaF0KMSlVIGDblhKuDMMqz1urHwohImscBURCeNDsYohk5PATAQrOezMlWUWr0+DBpt
KuqhN6nD9KowvbENroDCM3o1kWGUsfAXnJk2VFfLoV9h0DuoSM/SJYaJITOMJHUQBXn0fFOK+hmL
uvFV9VESOnQ9+EECpQlSwJjUsM9AylCjji4vGHA1HRalMsikVkF9NA0EhfLjyi9TJavySQYd3XNC
OGPS8qOtgonsg1sCWAOmBL2+mlILYzwDh6kHXHU6HexNKhw2kAp+EQEKZXJBZhImx4aFyWlFdBgN
SjluXyNNha+bCosgO92Zx0FPRtKVrIC1YRrJKSAvxGMOLZQAg0w3vdc5pQLbAzthjr/pVBpgAHNM
BVQQLGoQJ1MBJsQCjEp5GM2N/+jDDw/ilTa3lEc1rE+4wL9CyYbpw2Qw4PQicPwFtUCdMNMoo7gi
QIOIPaMro1GgnNP9RkuHnV82vJiK+ywvXjf8ssuvZb7YFXQ0xCVrGlVFCV6s2ZdGkH19OeJ5xac+
THm0CCE9v4blolJSCZZCTaVJT5WbDuyaGqowOWzRMGdy6K+eT4F2HxMKtghbiRgqMUI+XhUKQgCF
KqBGyEfnnUo6rYXjJwlaL6MZhsCS0OOS4M0WFHlUCJWIr1zM4PdS1RLKKVXQIjUgbT5Od7QpGuZR
YVaaiRkaYWbBx5rVgEFmkBwIYWT4jfENq6t8T3O7oN9MyqX2Aen8BPa1KyHfmgwnQ/4BrJV/WIrk
rUPM7csvTKJ/BhlU9P3Zgf8zXzsm0V+nIPq2dmNCCvHXHvLhaoDreLjiZ4A+4L87KYD4tzZ2QDjm
OwFXfL/7R7jim91gIRfix9DNcMV3u1vAFTVICvNoOWC9vkpIdjnhaNcWVhA+vbxygFYzhJQXvqOC
8C8rCD9bQfiPFYSXeUUmINxQQbi5gvDGFYS3h/CUWBWpZ/b/Dkt+upbUU/kbNHewjtTzv5xD9i3X
kQ/q+PncQ8Ab/HzIdzryptrPz/1BR7IDfuZFdQP4gJbkAh9QPRl/S0e+CeDric1l/5lfjiyRRBJJ
JJFEEkkkkUQSSSSRRBJJJJFEEkkkkUQSSSSRRBJJJJFEEkkkkUQSSSSRRBJJJJFEEkn0F4n5i04i
iST6d1KgHLN/0Um6QCKJ/n30qNzjx+aC/qSTCS5QD0gkkUT/bAqUfZRj/IgsfiwWP32JP2+k+R3H
CQ4/Qqsgfl0g6gGJJJLon0mPyj7KMH7tggFcZXBPgKv6Ow7T4I+bmcDhx/NRF6AekBHJDpBIon8y
ibKPez7u9wZw1cDhLw7ir/nh7/Q1/h0XDu5ZcPhtDvizhqgL8Cd4leSv2QCSvpBIoj9Of/WevBiP
+zTKajC46uCeAYe/StkOXAK4joT/+e3ER9zzgusADn9jEr+pCX+7E39nFG0CtCNQr/yeDpCeK0gk
0Z+n8u7ZBbrfuw8XuPfjOR5lFvfwKMLLfA9wL4IbAG5gBQ7j+oLDr+vrSng9gL+gayb4A228XhHP
Ab/Xh0fbL/ZBup8okUR+elRm8NyO5208u6uJ/z6cnPz2fbhH93782cXGgwe/VDxlyrSb06e/5/2z
buzYcV/VqFEDbQM8D+A5QiO0r6L6K+qDWmhXYB8kPSDR/2UKtIdRJsT79ChjeN/NSPg9F+/DBQvh
GI+yVZ4OYIQ4tZCvdnJyl/6B8jxjxp93Y8aM2QhlNQX3NOHvA5R3BgiUfZR7rpw+GIT8gc8VJD0g
0f9FevQ+vSj3BsLb7aHgahD+7F1T4PE+HMqUijyuAx61/fFrdJ8dPvzluSjDG9Zv8H700Ufej7Z/
5N2+fbvflZZ6S0W3bZt3W6DbutU7f/4C77Rp03+GsvCnmesI7Xv0DPCo7ON9ApT5J4U+1Bb6gfoD
70egLkA9oCaP2zSSDpDof5ketfXF+/S4v6Pc4/12vF+H992ag4sm/Pkd78mjHKENbhDyBOoAsUyU
P5QtlL3G+fkFCz7es8d76eJF78WLF7wXL3znvYDuu/Pe786jO+c9f+6s9xy6s996z36L7hvvt9+c
oe7rkye8c+a8742ObtmT8M8PKgXUXV5fxPsOKPcNwTUT+tCC8DbEs0Ic9gP1AOoKFfn9s41EEv2b
qTxZwX0U1z/KAe7vuL82Jvxei/fpk8GlCNc4wusD1A24hxpIWR0Q+Lwf43CvbQbn90PfX7rk/f7S
xb+sA9Au6N27Ty7hnx2ibGuI/wwQ2B9O6Avu9RGEf97QWegD3kvsRPj7iagTGhD+nmKI0N7yzjaS
HpDof4EqsvXFPR9lFWUL90l89tYtKSlp1JAhrpWpqWmTgE8H14vwz+ZwH8WfPqgu5Bf3TvF+G8og
vueDtkL0vLnzvrn8Pcr/X9cBX3z+uXfkiFfeJ/z+Hfob9eJZH+854vMC1Fep4PpXrVrVMdg2eLHH
nbciPPw5/Lke1AnthPKwL+I7Bni2CTwTSDpAon87Bd7fE+XEQPj37NAORntYfD6XlpiY+Mabbxaf
fO+9mV50M9+b5R1e8PIBiHsJXH/C2wJoH6AtjjY+yhzaEOI9Q5R9lEHUJ7GrVq7yXr78vffv6IDj
x4563yp++xPCy6xof4hneI1wxXMByjGeU9B2weeHWXXrPjN6+rQZt2fPmuMVXUH+8C3VqlXLhPgu
2EbC2wOBegD7I9kCEv0vUKDso6ygnKB84nrHd3Lag0tq2LCRc+TIVz5GeQ90ixctodd0S3oJ4XVA
P8Lvn2groA5AmQkRHOoDvFeI5+6WoaGhvXfv2u29cvny39YBEydM+hbbSXhdhfWaCa8HsN5qAo86
py24NHDWypWrvDxu3LuX5s2d7124cJF39uz3fW7GjJm3XC73asLbNXguaEP4s09toUy0MURbQNIB
Ev0bSVyz4tkYZV+09VuDS6xevfqAIbmuVaK8z5o5m7rSbaUgs5e9P//8k/f69R+8Gzds9Hbp0hVt
cBu4Fwj/vh7aAY0Jb0OgE+8ZtgcHR4jk0VT+r1z+2zpg5YqVXsK/F4SyijKOugv3+gZC3eJ5H/f0
DHC5w4eP+ByfMaD9gG7f3r3eDz5YSuV/zpy51E2ZMu2H9PSM9yB9d8LbDahf6hJep4jnjIqed0ok
0T+ZxDM/2rIGwp+dcW9G+en60mD7ArCNb4kyj27NmrXeq1evem/dvOm9efNnkP+ffTrggyVL7zRr
1nwc5MWfScT3+PCeGt4vQBsaz9t4hsDzAb7n179fv/7zjh875r165crf1gFbt2z1tmgRPYbwZxDc
39EGSQioG+9NoAzj+4PO9PTMtfis8cTxY9SJOuDY0SPenTt2eBctWuzTAejGjn3nBOi3IsLrF9Rh
eC8Uz0h/9J1jiST6p5Fo++Pej+datG1bDBgwcPSUyVOvBp6JcX89e/as9/bt297bt255b6F7RAdc
/v5776SJky9Vrlx5BJQzmPD3BXFP7kN4mwBlE/deW5UqVfLfeWf8xdOnT4M+ufK3dcCe3Xu8o0e/
frhKlSeGEV7/WMqp2wrOAXI8f/269fTZ4ckTx8vVAYe++tK7ZfMW+n7B++/P9bm33nrr0+joaCwT
bRk8JxlI2fcNJB0g0b+FRPnHPaxq//4DUuAc/UWg3C8Fe/gY7NF379713rlzB9zt39QBZ86c8RYV
jToG5aEcusA5wNlB3oelpHSb7fEM3QVyf0k8Z18C+Ua9cuLECe/Ro0e9Bw9+6T1w4FNwB/xu/wHv
/jJuP8jnIXBfgdweBzk+6f3qyy/pPj158tT/jB792hGHw7k5KqrFW1B3juCc4DyRkc0mLl60+A7K
Ocr/b+mAY0cPUz2wdu1a79y588q4t98euygqKgp1AN5nlM4AEv0bSXwfV2uxpEcG3v9asGCR97NP
PwPZvum9d++e9x7I/x/VAYcOHUYdcLx9+5jZcHZej/KOsjl37nzv0qUfeletKvFu2rTZux3s7x07
dlbodu7c9afc1q3bvOtgX1+5chW133G/fu+9mXdGjBjxee/efZYnJycvnjPn/TtHjhz2nvr6JHV/
RAcchfRffP6Zd8WKFWV0wOzZc44QSf4l+veSuP9rJk6cXCzKPsoSyvWDBw+89+/fB3fvT+sAlG2U
+fnzF4LcrKLy/qi8lpZu926Bc/tmsLPXr99AXUnJmnLdmpK1ZRzK+YYNG2m5WAaWhTpj167dPodt
wDKXLVvuk1l8V+D0qa+p+7M64OjhQ969ez/xLvtwmXfevPnUFRYW4X1S0f6X5F+ifxOJ8q+eMmXa
Gyivhw8f8T58+JA6lP+/ogN+/PFHatNv2bLNJ+som9u2lXo3bwJZX7fBL8tr/rxbu2ZdhW7d2vXe
TRs307qwzt2791CHbdgFDmX8zOlTf0sHHAGH90Pmz1vgfeedd/8fe+cBXVd55fvDZCaZN8l6yeTB
y0thhjdvvVmZlRfCenlMQtqYFkpCMOBQAxgTCMW40ALG2ALcm1zkXtR775JVriSr996rbVmWZEu2
sB3AZb/9/8757j336Nyqe2Uz4az1X2BLujr3+P72t7/dPuQ5kDv9gv0vrs/bZY3/r1+/8T7wf+XK
Fbp8+bJXNmByckLs4cvKysX6C+bAYXZ2jsccW5XuuWADpLIys4V/AF9A2oKKigpmuGVGNqD0yBEK
DQkbUtTY6Rfx/y+uz+Olz/9/jfezR8G/pzYAsXvs+aXfDV8ca7AvORbK8FzwNaSys3KoIL9Q3GNp
aRmVl5dTY2OjlX9PbAB6lg7sP7hacT1v5Ivri+tqX65mYYme/KCgoHdHRkbIXRswNTVFHR0dYk0F
U1jrsd+eKcfY0+M1S0tLBad6wafXM22nTPcFn6CYX6sMdoD9FeQSPLEB6Fdetuw91BV9sfZ/cV1r
l35uh6PzMvTfi/Xr7xcvXnwzmMPlzAZgze/vH7Bxn6dy7+l6bCksorq6el5P20S8YHz8lIgdnDlz
ls6ehaZoCprSxP9/Vkj9+vDwMA0NDQnfo6KiUtgf+PtCWe4JdgBxAdiAqspKwbcrG9DS3ETBh0Iy
FPPaH0+e/V/FtXnTpps2bdo0Z9PGTQHbt+8I3rt3v2Xjho2TWzZtSGYtYd10te/xP9Fl7OXD5/PL
iv2cfP18KzmTQ9T/7t27LxdruyMbgNq/mppasRbDzwdr7q7HyM/hZ7u6uvl1xgXvp06dptOnT9PE
xARrkiYnWeL/jVK/DxofH7d9Pwv/f/r0hHgt2ISOjk727StETbJNOfbKtlfe4XxRQwQ7UFdba+Xf
zAagPnDjhk2oJ/qaYps7bmT9b3XP/++U6WcU/KezA9u2br1l69atc7cGBgYEBm5JDtyyxbJl8xba
vHkzsQ0g5p92bN9B4WHhtGf3bnpo7lya9/DD9NKLL9DyZe8OBG7eGMiae7Xfx+f4Ms65QX+K7H+T
vXDIVcveNSn8HXrzvv3ee8tfam/vIHlJGwCbgDogcA+/GT66M/9arsNgHvU8qAsaGTkpegZGR0eZ
1VOC2zPMuxTih+B8QnB+ik6fgn0Yp1PM+zjbHUd1gvgv/oyvwT6NjY6J3zE8fILa2tpVW6BjHbGJ
acrJtdYkIH4JfwJ1AmY2ID4+4bii9jX9o2LrAdLzLp89bOrXNOnPK/lc5wp37gy6ZWdQ0NygHTsC
dmzfnsxq2L5tGzH/qgIDiW0AHTyA/rBIXgvS6UhJMVVWlNNAf6+o187PO0ybNqyn15csoScff5zu
veceuufuX9Pjjz1KbyxdQuvWrLJs3bJpCeuWq/1+PyeXsX9fzu1AjTr67r6j/T96fMA6bIGce/lf
ta+h/vfW+LiEc6S7kNNHLRDWR/T9uONXI/aPGr1jx47T8ePDgn0wD/8e9QGqPw8//gydFT7/dBsA
qX9WBTvgTq2wkPjziBD+f3BgkOrrG4Q9kqxL5RqEXoIjJaXCBjQ2NAj2pQ1oqK+j9evXox9I398s
n6Xk/evac8bsBNn7eINi64WW9vea9gP27d07Z++ePfP37tkdwOu1ZfeuXQ27du6kXTuDiPkn5p92
sEJDgik2Job9qkwqKy2h+roa6u3pMpXkv4D5T4yPoayMVEpJiufXOMj2YB0tXbyInmB78Ou776bf
3H8/Pb/gOXr/vXcH2A4Es+ayvnG1n8s1eOl7+PHZAs/47N2kqH286INDTx8+s3JWH3i/XhNsA9jH
vIu7dmwPaoWfjQtrKXxi7JHBir1PPd2vLi4q4T10O/8bozb/qFiPsVc3qxFyZgNUX3+C2R2hAWb3
BK/lsB/O/ACzfgFVqg06zv8d5PtCzAExC9QdOZPFUiRsAPYsWPdhA2AfnnzyqbcU25yT72nPGs8R
jIN19AX8L+3riBGiB1GeVfLfFduMxGuiZ+DQwYNzeK2ef/DA/oAD+/dZ9u/bN8Ai5p+Yf9Zu4a/H
REdTakoyP4Nsqq6qpJbmRoecO+V/iPnPz7Pyr1dmegolJsRS8MH9tGHdWlqyaBE99uijdP9999Hv
582jRa8tpA8/WNmwNXBzAOuWq/ncrpHLjH30pmIOBuZWYJ7V/ZrQD4c+dvSvyd5Y2IRbFLVX9/47
7rjz7fCwCOED93T3CPbRJ2fcLxsFv7m1pY3/fQeY/aOCVdQFuKoTNLMB+FnsE2pr60SMAa+N2F5r
S6uwB6qf70XPkNAx/vwdFfFLvD5eFzFAR8Lvx7NA3wHqflC/vG3b9kpF7SNGnyT6in+gPccfaM8S
PcL6s0x+rf35/ym2+SRfV2axbygsLPQboaGhc0JDQ5aEhoQEhgQHW4IPHZoMPnSQmH/hqzP/FBJ8
iBLi4yg9LZX9oFyqqa7i993kMeeO+e8TPVuFBfmm/JvaA/4+aQ8WLVxIj7Id+P0j8+jZZ57GXmFy
W+DmYNZ81k3+fIbX6KWf3wHf0uxMjWc1oScXvbHowcVnc45i+5w++MzTz2wMCQ49j5kehQXqPhh8
GP1lvcAI9ga9PX2CfcTvPK0VNtoArNNgHft2rL11dXUihoDYQ1dXl/i6p36AsW8QeQP4FV1dPeJ9
Iv5npzyb8Azwu2EDkM+Mjo6hAwcO9t94441/0J7x7dqzRK8x+oxhGx7VnvfTuud+j/bvAhsAP0E/
p9An/EdHRd4UFRU5JzIyYklERERgRES4JTw8fDI8LIzCQkNZIexrh1BEeDglJyXS4VzeqxVZ+N+w
mn2cNp9x7h7/scx4mkdS7YH0D9bRwldeoUcefoQef+wxevXll2n5e8satm3dErh965Y5vnie1/il
3/PL+R03KaofjzUHM67Q84retyWK2geH3ljZl4vZNvicPvnii3/aGxEeSVFRMSLHjry43Csb98eo
4YUwuwOx9r7efhHLB/fe9gvobQBihdirI6/X3YUavV7RH4hanaamZuZ2wGVM0D0bMChsVl9fP79u
i1jrBe+8N5gmtgHId8IOIY8JG7B//4GB73znuy/oniP6gmWPM/qfF2nPfqH274B/D9gH+GXYHyAe
4FXvUFxs7E2sObzvDoiNiQ6OiYm2REdHEcT8i7hbZEQExfNanpaaQkWWQhGDq+O9+Wxw7op/C/Of
xH5+dmbajJSZnipeJ+TQAVq/dg29+srL9MzTT9OC+fNp8WsLJzesW5PsFVmfj8t4ns73br755tu2
bd2esTNoV8v2bTs6Xnn51cTrr78ecyveY73Lelux9eViXtfLCxY8HxoREaWxXyLWOtmXYyYwAt+5
s7OLjh49JhifSb+A0QbApqAPobe3T/X3mXPs35E3bGGb0NPT41ZewN35AZgfhN+F15c+jyOVFB8R
NgA5DswK2rdv/9Fvfetbbygq7+AcvOPP6H9eBt1www0Bry18LXHXzt0de/fsawncsjVOUfdf2Kch
L+Pw7OLkxMRbkhIT5iYmJAQkxMcHsyzxcXEUJxTL+5EYYv7FWo44e0mxRcTZG+prrxrj9uq2k8r/
EO8pC3zCv1HYM0h7sHbNKnrlpZeIP9tf8zOHV+Mynqch/P6goF2pYBlKTk5hXvN4vcqiFSsCGn73
uwej+XtWsDCfA5/Ndx5++OFQ9MpiPUPMXvrCh3PN98OIiTU1NgtWEJ+bSb+AIxuAtR78H2Pbglog
/Czigf39/ewDNAn+3c0NejJDBDagm/cDNdW1whdwJPg9NTWqDYiNiSNmehiMK6p9hZ19n7XyobkP
RW9Yv7EjQ9RAZvC+OlF8P8S2OUpRfQDEDf8L++o/ZoYfSklKCkhJSUpOSU5qSE5KIuafkliJiQnE
NoAZz+B/B9RHFvN+pIIaG+quGbZN1WsvzGpEHAb+iD/4N7MHWVmZ8Mv+YbYB9eOlj/nBf4Qf+c+v
vrpwAbgHz/BRzzFTn376iWAQ+/LGhkZ8bXLRokVFd9xxR/CDDz4YHRIS+hd8v5V9XtvNuIdNQK0f
uIS/DL5d1Ql6awOQu4d/gV4i1PqcP3de5PDAPmIB4NyT+gBPbEA/7z06O7vFHBLYukJxHtF0YS+A
uAdqHMAzOGc/a92tt/77nmXvvlfJe6lJ5EwaG+qtPUNNjQ3si6dRXGy80NbAwPyDB/a3xsZGUxKv
3ynJyZTKSklJppzsbHGuQVnpEeGzo+bwmmO813MNDqr8I+aQlBDnd/6hsJBDWxV1X4zZlsh7yTPi
Pq+Xfu3He0Es6d8OHQruBMsQcujgDdxJG6Duzz8VcS+wHhUVLQS/FrE2/Fcf99ILe4KWljbhh4N3
/eUPG3CUuUS8DfeFe4Vq2O/GjDFvaoQ8sQEDvEbBB0H8AbEQ8I5aZaNKNRuQkpIqeE5MSBK1A3W1
NQ77BpE3w/fGxyVQRFiEiMel8v4c8TD8HOYNdXd3so/TJXTVWfeCcak+E4F/PPMS5j85MY5ystL9
rrBQO/6Rg0V+FnlbeU7NP2g8fR4ufcwPaz9ifv+yZs3aDZLnhvoG5uwvmsxtALgEd/iMV1ZWib44
GecyCuw3N7da/X0pf9sA7AWw7g8LZodNa4T8ZQMQExA2oKlZrPXwBfQq0oRng3hAFT9D8O5O7zDm
CoJ/COcfYC0E+238PV1dHYL/zwPrZny70pDkv7iI+Y+fFf7DQ4O3Kir//6TY8y/r4uSceLB0rfsG
xnzfd3/0ox/dFhEROQX2sRaBG/DlygbAt8Yai8+zGfewCfh8IzaO/TfYhmbbBriqE/SnDejq7GLf
u5XX+jKHc8pgP7Ff0NcJOrMBWOMxPwRziaDs7CyqqGAb29QgYvPdbAN6fG4DvGPdG8Zd8s/P+0jJ
NcU/4rDgH3sDxNFuUOzPsv3SbALu5NKv/fIM7X/dtWt3GuJ3EGJkYEply7ENQGygvr5efH4dxbng
c7e2tokZgJcvX7Ly/9dkA1CrChvQ2NBknWliJvgALS3m/QJmNuBISYmVf8wVLLIUsA9QLb7e1dnu
A/49593XrJvzPyCeN3KRqPudFf7DBP/S94e+p7jH//WK/fn22Cd8Wbl69Zr6fT/W/v+xaNHi5yT7
eXl5as2dVnfnzAZ0dKi9PIVafZ1RYL+5uVmwLzn+a7YByHUi/ojYf4k2S0w/axB7BNQV4zwDd21A
RkYGJSQkCuWwD1BdVSFq7ST/ntkAz3ifDdad8V96pIT5T2A+M/yuiLCQrcrM+UeM/RuaYAvkebCz
6Rvoz9CGb/LdsLDwDuShIbXm9rxLGyBia+yzmnGPuBY+z01NTeL1LjGzkmF/2wDcN9g/Z8a+TrL/
f7ZtAOoS6usb7bi38s+CzYSNcNY7rLcBNdXVvPYnCaUkp4g9AGrq3d8DXMu895hqaHBQPGvwn5qc
QLnZGX5XRLgd/9L3l/E/R/zL3hgj/1/XBP4QK5D9nfK8WX/6Bnb87969Z7nMJzc0NIi1U+XfsQ0A
T9LvN8a0RFyL/x4xL7AvefWXDYAfgvsE55JpbyRmhkxOzko8oL29k2pr6qyzBI1CPAX7AHfnCOXn
51ttQEFBvgv+3V/jrxbfroTneIKfM/Kas8V/ZHhIoBv8f2uG/MMfwP5Afyak3/h/bv6C78VEx54B
++lp6WItPH/+nEsbgDUMeStHsaz6ugbRtwc+L178zC82APcxNfWxNuvHt5qclPNA/JcbxHwEcG6c
TSaF2uXOzg63bADy+qkpqeLMgpSUFFEjYO//X23eveO8r89cR48OijNfystKrzb/xti/I/6/6YB/
OVPDjP+/V2yzHnxpB6zxv+iomDBZR4J6eeyXwb8zG4A6WsSppp2zUVQiVF1VI+rfVP/8M5/aAHwd
9zI5ecahxsdPlZw8ORp04sTIm319/Xf3dHeHGRnCWT8D/f1qDxBz7ei1MBtI9BD7qUaotbVd9Eai
T8JO2uwQxE7cnSeIWaKo1YQsFov4Pvzc7DM/c75dyZ7/ROYz0++KDA8NVFzn/iT/Znv/byr2e38j
/191wP9XNBvgK3/AOt9Hso95HNgrY8/sygbAL8VcC7P4dVlpObW1dYjXkfUBvrIB2N+LOV2nJ+x0
avzU0InhEzvZJ7lH97yss3TaWpuL4CObib8mYmXt7egT6BH2wPj6Un6pFe7pEb1IsjYJKtdJ9Ed0
tLttAzAzRdoAfJ+o/fEr8/7jvN+JjjH/eMYV5WXs9zD/OZl+V2SEHf/exP6M/Evf3xP+fdXnLWyA
rB/p6+3T+HduAzDXF3lqs9gV1NDQJNZLY43QTGwAvoaZnXJun9TJkydLOzo6Hteel2TeOJfwuo72
1iLshSUv8Iul8Pf8dSHYAuybEVPH2gy/wPg7sR/wtQ1ALzL6k1GjaJTNB3DvfAGcPZ6SnCpkrf3z
KfO+Zd0Z4+7wX8n8pzH/h5lPfysqIkzyr9/7zyT274h/OU9Lsi/5l7MfrzPIW/6vY/ZDkDtGHzty
+a5sAOr25bxeGa+Wwl52YGDIYZ2gNzYAe3xwd0qsvaqGh4fLqqqqfqPYcidOZ2IyJxbV558uM1ug
ntfZwHvoeuETYL+j//2nfOwHDA4OiPmCsKvg3SjVB+ggd84YQS4A7KOmEOz7nXc/c+6Y/yFei06I
HsWrzL+/Yn+O+Nd/xmdqB64LCwv7R+Y/paSkRMT0ndkArP1g3CxejXgV4lmwEc5qhT2xAYjJYw2W
Gh0dPdvY2LjQwL3LObjMucWMfWf2QNoBxNXQe4OYvf5eoFPjvrMBfX29Yi5BJfMuVGkv1Fe7c84Q
9nGYK6yeT3Z1ePc16474x/OtEvwnMZ9ZfldU5DT+Zxr784R/uZ/1Jf+K/Nm4uPgPcJ6VMxuAGr4y
B7Fq1KycPDnqVr+AKxuAPyPuJmbwahoYGMhZvHjxvyi2WTduz8D2hH+bHeiwrqmY14V5nai3hQ3U
39e4r2wAC/WBsK/wA4yqYx8A+wRHNgD3iTUfZw/0erzue8/7bLDulP/KilnkP9wR/3rf31nsz1ns
39O9v6/4V+TPx8bGPWSxFE2iDsZoA/C5lrOzjLFq7FPRx++qVtgdG4A/Y/4+bIlUU1PzFu05flWx
PyPTrffsOf+ddv4A9gWIDcAGYI4d9kr6+wP7vrAByEcgFggbYCacb2J25ijiFeitRM7Pffa9Y372
GO91Kjwz9HBWs71LT02mvNwsvys6ysr/tRD78yX/ivbzfxMWFv7j7OzsJuRW9DYAszL0PbR6IU+N
z747/QKubADWU8z4luK9xVLFxr5X8U/3+VfXUpkzh8xsQGVluYiX6u9zzEc2AM8Z/cnVvI9XVWMV
eoPAvd4GNPGeAexjr+Ka/WuNd+eMO+WfnxmeK/qg09Nmlf+Z1v1Bjnx/Z7G/WeEfv+fFF//03ZSU
1Bb4m7ABU1NnhX9vFp+Guru73e4XcGYDUG8D/1qqqKjoDe0ZGtn36HLN/3TuHdkAdS9QK+bT41wP
/f2Oj8/cBqCuFXt98F5jFM486uwUn39wW11VJWr9YJdkjd+1ybwXjPc7F54Xni38sYyrw/9s7v3d
if15yoXxZ+V5P2L29+rVax5BDhn1++iZR51/BfJRelVUCruAz7s7/QLObABifejRl8rLy3tLe576
s7G8snHO+XfOvrkNaBJnU2D2FPID+vv2RUwQeymwrletJswtBB9HjhyhzMxM/ncpF/zb1/naav3c
Yf6qse6Ccaf8H1f5x7zhjLQU5jPb74qJisA+1B97f0d1f57E/txhw8i71Je01/+ydg//bf36DS+C
/5ycHJF7MuakZJwaZ3m50y/gzAbgZ46LszVUFRQUrNWe8dcV+/MtvLrM+XePe0c2oIVtAPYBWH+7
tVniEHJSM80N4owh9P8g72cU9gCwyeI85IwMMb8PeUrkK9T302Unu5ofvzDvH84HXGiY+R+T/Kcz
/4ez/a6YaMH/tbr3d8WHcZ3XnzH3Fe33yrO+vhcWGp6IPDLy+piVZxaTho8Kv9edfgFnNgCvgfM0
oMbGRouiniF0vfY8PJ5pbbym8+85+yr/Wr6NXwP1gtgHlDJ/OIMGs8Tle8CZIzOxAdjbIpeKmD/8
K6NaW1ut5yDn8++GD4zYH+KAyAOIGidt/o+cASbrf/zOuw8Zd4f/OuYfs/zzmU9/K9bGv9739yTv
D/lr7++MDz33f6e9vjxf7pvavX5Le2+YJfujpMTkKfBfz583OZdKSBePxhqlnsnlvF/AmQ3ALDDM
/oZ6enpP3H77HT9R7OdZz/hMCxv/3nGvSsu3aUyBL/jdtTVVYuYG+tDk+4DEPmAGNgDnCeDZ26le
FeaZso8k5ganp6WJMzDFuZjsj9QwD5jz2dBQR82oZTTMAfHcBsyc95lwbqbq7kEq6Ruj9IFzlFrR
NIv8R5rx78j3n+29vyv+5ayvr2r3g/vFXgY5dZzzgzO8fsT6ybx5v38hNSWNIMT2JO/VBjGvbvUL
OLIB+DNmc+McLWjdunWvaPfzTe05yLMtZ3Sp/HvLvuZL99jmaMq9APYB8L3Ly7AXTxf9zvK9gOeZ
9AvAB0AcELkVo/B7EH8B/+j1w/z+NN4DZ2dnUh7bAkthvpiLhdp4xCkQr8C9um8DvOfdl5zXMOdZ
HcO0qWGC/lwzRQsqLtBPLES3FhI9UU30fhvR7pIOei6ti17JHaQ9h6uZ0xy/KTYmysi/N76/J3l/
T/b+jjixxvW134N7A/c4O+oWRT1H6heKevYU+mceWL78/WCwj9ld8DX1OSgpxKRGT4663TNkZgMw
n3twcFCourr6iKKeN/QdxYdrPy7m3uIL7nt1/ENYV+ED1FRXsh9+WJxpKd8PBO5nYgOQf8E8Buz5
9UKdIOKA8ozkPXt2U3DwQYoID+M9ahQlxMeKe8lhe1DCdgD3h74G3K8+R+AW87PAe03PIGUz54FN
E/Re3RS9WHWBfllC9PNiVhHRz1g/taiS/D/J/K9k/vcc6aB70k7QD3KJbj5MdFv+RXo6f5TW57dQ
hjiDKcdn0vHvC9/f13t/Z/x/SXtt3A/qF/4P62eKerYXzpjDmXLoo8EZcwsOHjzUmZqarvmbDdNi
0RDm2GF+ljs9Q2Y2AH+HPbPUQw89hN//A+0Zyn3/jNnHxax6yL9j9nsNPkCHFgeA/43zsSrKy63v
CecFezU/QNiB42IPgLMWpknMBuoW7OOs5B3bt9OmjRto29ZA2rFjG+3etVOcwRkVGU4Z6WlUVFQo
9ikyT6DaAO+Ynwnntcx5TucwbW+eoBX1U/RyzQW6vZSE5hxR9Svm/peanPH/FPMf0E60l/m/L32E
bs4juiWf6P8WqF/H993GP/dI0RStLuygyIIyKmCGZ6I4lf/ZzvvNhH/92o/fCXuF82Wx3uPszicV
9Yw5nOVnPXMqMTHpQlpaulh/RNxZl3+qrVWF+R+u+gWc2QDUy2DGKGSxWHIV1R79b+1Z6c+znfHl
Pv+uuTfyL3IBzU2iDwWz93CmlnxfsAFg330bMCLyB9IGyD0AeJdq0oT4IGYHgv89u/fQ8uXLKGDl
CvrwwwBas3oVbdywnnYG7aCoqAjKyswQ9QroY1D3ASb8+5D3Oub8cNcwBbVM0AeNU7So7gL9uoLo
1+VEd7PuYt1ZRnRHGc2I/w+Y/32lnfSbjBHB/o8N7P+cX+NXeF1+/TtYj5ReoNdLjtNeS713/MdG
bVZ86/v7oubfFf9y3w87dJOinh19n6KeJfuyop7hh7P8xJlT3//+v20G+xA+w2Y5KAizfcC/tzYA
/jHmjUDPP//8q9p9/bNim5vus7Ns3ePfxr67szL1ewCsr8gD4By9EvYF5HsD16azxMbHdHbAgQ3g
vQD6AlETbBR6MerYDudk51JYaBi98fpSevON1+ntt9+id9/5M614fzmtW7uG9u3bI87hlueCYEaA
zAuKPOAMmK/rHaQ85nx32wStap6i1xsu0G+Zy99UqbqvUtW9LDv+y2bO/x/493zI/O9n/h/IHLFj
H9//Cz37ZarNwT3gXu7ne8N9Li0fpaDiFkopKGG+c10qPjYa/F+rvr8z/r+i3RfW15+zHlbUc2RR
X4fz+3CWX8BPf3rbnpCQ0BHkllF7ilpUs/wTNDY6Rh9PTXllAzB/F2fkQWxLBhR1H4LY43cV+5yf
Ty7n/Lu/5jvyAcAU6oJxFkVSUoKIx8n3hzOS5DzBCeMcITdsAPx8xPvgB+iFPmycK4JzgmADArds
oXf+/DYtXryIli5dIuzAyhUreG+wjfcBEZSbmyNqZZEjFOeCGPh3xnk9c17QPUz72idoXesUvd10
gR6uI3qoVtWDNUS/g6rJY/7v0PH/Hzr+f1Fs4/82E/6f5t+3qoPoQFkXPZg1Yso+Xhe/B7/zngr1
XnBfD1Sr94x7x/uYV0+8F5miVeWDFGcpd5d/X8X9fZH3c8U/Xhc26vuPPfbYgieeeCJg5cqVGatW
rTqyb9/+gezs7Mly3reirqSrq1PsWzEHEP6/Pu8kBf8T8/E+njrrlQ3AWbzd3T1CBw4cOKio593/
QHuWPov7y8sx/56v+fb8q/13HcgDNDVQKfvYiMMfOnhA3aNr7xHzAiYndLOFPbABiAEg1menFlXo
ScY5mJjBDl8ANht93PFx8RQWFk779u6j4EOHKCYmWuQGkB9sRQygu9Ma/9Nz3sCcF/YM08GOCdrU
NkXLWi/Q4w1Ej7EeZUZ+X6+y8kgdXTX+/73Qxv/qTqKD5V00N3vEKfv3VtjWfNzjXP7Zh2vV94H3
hPf3eCPRk6ynmogWNF6kD6vZ3pW1UE5hARXm5wolxMdI/mfD9/ck7+eS/5CQkIXs059FzUhVVZWY
P4nPnPhMsiahyQmhM0KTwh6Y5p/4M4iegCnBv+c2AJ9prGvQnXfcidjDLxU1H3GD4oN6P+Nlzr93
a76+vhY/C5Y6eQ8g6wGzszLFWXy5OTnW9wiWxbP1wgbgjGus9WbC/kL2DotZQoPqfHHYBPz7og4I
uYKioiJx3jryOagJqOnqpcLuYxTceZoCO6ZoRfsFerqZhPD5h8ACmHDFP1iS/D+g4/9+P/P/DP++
Ncz/oYouejhnRHyPkX38Pr2/L9d8yf2jBu7x/p9pIXqW9Vwr2wHW821EyxomaHdFJ+1JzdHzPxu+
v0/457XgVlkvhn4xsRdlTUg5sAHg35h7grAvgA/vjQ3A1+BXQPy5HOP7e5D1U8WW9/dZ3k9e9vx7
7+/b1dZrNbXCBog9QIuIAeSxnxgdFUmxvObK94l+YXm+gKc2ADEA5GBVtdlJ8H/sqFMbMNDfJ2YM
4hw2nL98qKie5jd+RvObL9P8livis47PPD77f2jyD//wvSX/d+n5L/We/2f5961j/oMrumle7klr
rM+M/QdM2Md7esLA/fxWjXtm/o+sF9qJXmT9qUPVM6Uj4N9Zvf/V9P0d8h8bG3cXakUg9JifPjXu
0gbg82iWd4LwucP5Od7YAPwO7Fuh9PT0Ir6/3yq22N83FD/MPLfx7zvurdLiAOAftTaFBXkUFxtN
e/futr7P3t5e69kC3tgA9P2j5s8o2OHjx465ZQMwo0mewe4O/0/o+H9Uxz/4mU3+f6bj/yc6/ufz
797QRRRa2U2PHj5pjfVZfX4T9ufVqe8D7wn2De/3mWbbeo+1/o865l9i+/Iy6xX+Pa+yFpSd3KRc
u76/W/z3S/5d2ADkpszyThB61MT5WQYbMGU4TwN/ttkB1QagRw65KygoKCiM7w9z/FD380/ac/ID
/12WGbPvYH6ukX/U3sXHxdCunUEiTyrfK56VqQ2YmBCxFCnMOjTaAJwZhjyAXu0s8C/qhd2wAaWl
pdYz2P3Cf7U5//c64P+umfJfI/nvoYTEZHrvcIfYT+j3+5J97PXn6fx9ueZb/XwD93rmF3YTvcZa
xPpjheDfWc7f13F/n/AfFxd/l6wVw1pwSvLvxAZg72mWd4IQH5T8SxuAzzHiXMh5I16NNUvtgzml
+gOaDUB/jPwMv/DCC+jzm4X1n/n34Zrf54R/uf7vZP5xJoJ8r3imRhsg55oan9nY2Lg2X0y1AegH
lnZEL9Rm49/CHRuAOU3YA6QUlrrkH2uj5P8xHf/zZsj/3Q7Wf5n784T/5/h3b2ImU6vaaDRiLVHE
Cvo4ag0dTk2iDws67Pb7kv0nTNh/XvPz9dwv7NKY7yFazFrSS7SU9VKVHf/O1v7ZrPlxWfsH/lEn
Agn+MafChQ1A7Nks7wShZuXsmUkr/2AfMX3UBeDsL3G+rXYuGPL8+CzLvQB8Ybl/vfHGG/+szMb+
v6fL4ss138j/9P1/lMi7xcXFWd8rnsFZ7dxRcb6Q9swa6ht0z6xE2Az4aPCTpB/Q29NLHR0dmjqt
wvp/QtQKu7YBmNME/iOLa238N6v8y9ifJ/zL2P9cXez/AV3s3xn/dzvh/5d6/rXc/91Fn9HLRaO0
uaiL9hS1UnVRIR2rr6DLvY3UW1Nq5d+qyJV0LnotFWYk0/rijmnsz29RY3vY42PNh5//SqeNe8E8
63Vm/o0+ojdZb/WzP1AzCv79ufZ7U/PjjBPBf3xcgpV/fLYE/y5sAPh3lHcC/8gPShuA/l30AmEW
EGoDsEdAnBA9Q8gfIgeO2ICcIybj14pad/iIotYj/qv2HH1a+4er1yP+p6/5zmZqSf4xFwizKFED
iDr8wC2bKSYmxvpewTL2SNIGnBw5SX19/eKMD/RXN2rPDL0VsKN4ZuiPwM/BZoL3ToMQ15O1wq5s
APK7iP9HldS5z3+DjX9HuT+3+ddi/3cb1n997c/9JZ/RayWjtLW4i6KL66mmuJAmixPpYnGMTrFC
lxoK6HJfE/NfRqOR6wTzqgJURUEfCJ2PXU/FWam0taxTZV/z9+Wa/6qe+14b92D+bdafB4jeYS2q
G92omK/9M437+bLmR38J/hPiE+9CjQjU39+nzalybgME/w7yTtiTijNzNRuA+LbqGzQLvuHPIkYI
vxefafipeF3EAnq6e6z2RFFrjlH3f7ui9h/6Jf/vPv+esy9rADEbOL+8ksIzcykgLJ5e2rKbgmKS
rO8VNvNjce6wagPwzLCeN4k6gW7tmalnAqLOGn8nZ4rhWSIGoBdmBcMu6PsFnNkA2GY9/89q/D+j
499h7N8J/+7k/o38P1V6jpaWjlJwSQtlllRSrSnnNtbtVKLqUiPz399MvbXlzP/6acwLRX+o00dC
5+M2UmluGu2q7LKyj7091vuleu415t8dJFrGem+Iv14/ZuTfuPbPdtzP1SX4T0xIsvEvzrUZdWkD
wL+jvJPgf3LSagMwCxN/D7bh0+KsLG1mt/XnRb3Qx1Pic428IsT3toj1B9bdrJsVNbfq8/o/1/y7
3ufr1dI/QFUDxyj96CmKGZqkfYNn6IOeM/RO7RC9ml1Dz4Sm00ObD9Dm6CTre8VZ6eIccs0GYF+E
54K9/YnhE2IOAmafDg4OWZ8zuEZeoJ/tAr7PKNgFfb+AMxtQwbapsMBC0SX19KzG/7Pu8u9G7s+M
/2crztGb5aMUWtpC2cx5fUkBXSyK1mRk3YT3Eqm4abrUWMj8t1BfHfMftUFjfjrvFPMRXYlZZa/Y
1VY15cRTZGUzvdf1F3pTW+8l92B+Oev9o0QrjvE+oNHKv6drvz9y/u5cgv/k5JQ7c3KY/xxt/R8b
dWkD8LlylHdS+Z+w2gDMvYL/inpXefbXFH/O8feIF8IPkLlB5MNlToHvbSlrPut+xZYD+Jri4/p/
5/w7XvNbmfPqwWOUffw0JQ6fpbCRC7RljGgza9Mo0YaTV2jd8CVaPfQXWtl5mt6q7KOX0srpqYNJ
9OD6PbQxMtH6XuHLw/+RNgDxVVkjiBgg5iF8/PE5MWtRxllkbhB7NllLBPspBVtu7BlyZAMwq81S
qPHfdHEa/+7E/h3xv6hyglZVHKMI5ry0pIS6i7OZ7ygd646YN+N9Ous2xdPFI6ouNRXR5YFW6quv
oLHojTbmBe8fOeT9Suwam+Kk1gq1Hk6k+Npm+qjvE8H9CuZ+JXP/wXGiD1nvNAv+/Znz88WcL/2F
7/2btLT0O1D/BVn5d2EDBP+GnJPMOyE3qK8ThA2A7498F2wAYtjqLK8m8Xf4HbI+APlwWUfE94YZ
ny+yHlL82P/nmH+Vd6znNUPHKHf4NCWPnKWo0Qu04zTR9lNE21hbx4kCWWBf8r+R2d8wcpnWHv+M
Puo/R8ubR2hpcTv9MaGQHtsVTQ+s2kEbwuOt7xVrO/IfehsAhvF88F/1mR0X3CNughyrrA9ALAB2
oscg2AWzvkEzG4BzQQT/R+rZ779k3fu7G/sH/+9XnaS1lccoqqyZyo8UU09xFl20RLKiVHnKvJP1
Xc/6dCXQpWbmf7CN+a+k0ZhNrnnXcW6n+HWmas9PopSGFtow9AmtGiZafYL9gdZx8O9q7Yf8Gffz
9LouIyPzdiv/vGaMSf6d2ACs8WY5J0jyr7cBWPfBNmaDyjOBUDOE79XXCGHPK+uIv/3t7wTw/aH3
DzEA2QPg8/5/yX8r+hl5Pc87cYrSTp6l2LELtHuSaNeEqp2sIObeyL6ef/3av/7EJVpz9FP6oHuS
ff+j9Nph3ltHZNG8baF0f8AWWh8Wa32v4F/UPxpsAPbwlbpnhpl/YFdfI4RYAeKrRmFOqKPeYaMN
QM038gzRpQ0uY38f1pykXVV9FFveRM0leXSiKJkuFkawIjXedcybcu+KeU94T7BXqapLzcV0eaiN
+huqmP/N7vE+jfP1qhL02jBNXYXJlNHUQpsa+jco7q/97uT8ZuN8j+uys3Nul7Vfgv/Rky5tAOJV
tpyTfd4Ja7tZv4A+JmisD5A2AHtW2UM8b968/Xx/S1jPKrY9gM/n/8SfumDZf4ZoH2sva8+kKkfs
S/6N7Nuv/Vd47b9IqwbO0/ttY/RmWRf9KaWUnjqQSHM37KV7l2+guKzD1veKHOn58+dNbYA+L2BW
I4R+CdgJe/UJu+Cwd9hgA+BTgP+Y0kaR93+56RNaU3eSwqvaKaGiiVpLculkURJdKggXUnmP8A33
jtZ5V7yX6pVop0stJcx/O/U3VtNo7BZ75pMD6UrOfrqSEuiEdQPnidBGpxoP+UDy70nOT7/eG9d6
eW6tr870Nr143y/4R+2XlX83bADizGZ5J+zrHfUMubIBiAnKWSJLlyxNVGx7APQkIw/o8/l/zL5T
/s3Y16/9evZta/9lWnPsUxH3e7f+GC3Kb6Tnog/Tozsi6Lcfbae731lNeUUl1veKuQfoffLUBuC/
iK/aSZstADvsdH6AzgagNxC1BWVFFpoqiKJL+aGsMGZdSnIf7gb3Bh/fk7XeS95tSqKLZWynWo7Q
5aOdNNBUQ6NxgfZrfNp2ulKRoqo0nq7w+7uSsUvHupHtTTYlGbXZqnPRa1crKs/68+b/Vief1q35
6mL258jaT/R6W/l3YQOwLzXLOw0NDjntG3RmA7DPrampETp48GC9os4deU1R8wCYA4A9gE/n/4J/
d9d+R36/ce1fNyzX/nFe+7vppbQy+sOhZJq7cR/d+/4m+s2yNdb3iZoJMffMCxsg+O/rNxV6g1zO
EGFhrhjODyouLqHGosMG9sPN13yLCfvucG/q37vDvGPWoc8MutTK/B/rYv5raTR+q22Nx9qevoPZ
T7WpUif2Wa7k7KMrqdum8W1VMrTFTAEzAvEqXfn5BTeh9gtqbGhg337ELRuA+JJZ3mlQzrTwwgbg
e+QM0czMrBG+veWKOofkj4oaB7yV9T+V6T6A1zaA2bd44vc7jfkZ1/66o2LtXxDDa39QpLb2r6GF
W3Zb3yf26p9ocw89tQGI/8l5Yv28D9DrpFYfYGYDRnUC/2Af6rBkmaz5Lnx9o5/vLvfeMG/Ke7K9
ypPpUlspXT7O/DfX0lj8NnufPj1Ix3waXamSSrcX38OVw4fYN9hJl5lvmwJVpUxTwExZvFoXsz9f
2oCW5mZxfpIrG4ActVneCQLHznqHndkA5AXkTPEf/vCHOFPtHUWtBcJMsjmKOp8UcQDso2acC2D2
LZ6y7yjmh5j/Ornvbx2jN0p5359aqq39+8Xaf+dbH9LmsBjre0QdD/J73tgAUUfRb5uTqhf+zU6J
HKHWQ3hqfFov4eDggJjVjvriqmILnS+Mct/X94p7B2u9I+Zd8V6uV4pVl9rKmH9ei1rqaCxhu70/
zzw7ZN5OGXSlWhP2CpYIupyznznfOl2pQgEz5fBqXsz+NwoKCuewAlghrCKc44OZPq3so6JPDHtF
aQOwzzfLO6HGz535AY5sAOyHPEfs3XeXZSv2PgD6gTCTHOeQINYiz/70eh/A3Fu8Zd+49sPvR77/
g+4z9E7NEL12uJ6ei8rhtT/Cuvbf/kYAZeVbrO8RXOOsE29sAPZLyP/pBf8LsT/kXGScELEAUSfY
oZ4bVF9eKnz9AUsaHbOk0ERhnBtr/gy49xXzDni3E7N6qb2cLg/3MP/1NJa4Q7d3Z989c5dz1oUy
baoxCN9/JI4u5x5k5rdp2g4F+ILDa+0qyC+8KT+vYA7/N6CwwDKJPpSO9g6xhzTLO0GoZ/HWBiC3
IM8OTk1Nwx5gpWKLAyAXeJeink2AnkDsAxBv8doGgP8ZsT96RZfv+4Q+7J1S8/1FrfRCYjE9uT+B
5m7Avn+jWPsXrNlqfX+Yv4PzTdWzzjyzAaiXgg3WnymA+kAIvIN/5BbR2w/WTxQk0ERBLF3KC9H2
+NNjfBcLPFnzfcm9kXmzNd4R76nTdKm9gvnvpaHWBhpLCtLt3XmfnrVbZdiMdyPrQlnm4vu8nLZD
rwDfEHdNXqJWKDMj807UiUCIHyHOpM85SaE/zd05QmY2APEo9L5Av/rlr/Yq6gxSzCH+E+v3iloP
gJmgsAHIsxjPAHfbDjD7Fq/YZ+5lnc/6YWYf637vWcG+mu8rEX4/an2R77/3rQCa++oS2h0ebX1v
x48dt55x7KkNQL8U1nkzYU8BP0qy/ymvVRcPBztg35m/72rN95T76Wu983XePd5VpVl1qaOSLp/o
o6G2RuZft3/HPj1rrxPejZxn26tWp3LmPz1IrwBfAncNXYJ9RZsVzuyfAf9iviTmdOtyTlLwQeF3
emsDevizi550aNeu3Y38ez9Q1H0AaoJxJgHygf/B+qHy/9k7ryA7jnO/r8qlh+tyuegglVUul+kn
V137QfLDvb4PtnkVSF6KygwiKSYxKJASKCpQlwDIAUhQDJKYARBgAEAkkiKRwwK7WAALYHexOWds
zjmns/zc/+7pmZ6ZnjlzMqh7uupfCxAbzlnO70v99ddOG6DuCYSyAYz7goTY719xsP/k+Tra+NER
2vjKy/TU+t/T04/eTxvv/S49/cMbadNDt1vvq7i4mLO+srISlw1A/U/eJ9btEvJ89BWiZ6gt/yAt
nnyXlk+/RysW/wE1vqC6vjvWj4d7Ht/7MF6k49vkuljVEa9KpI5SpKmEVgeuCP4PbDbrc2aufmJb
dN7L/HSSPi03VXSAVlEbtGUklbqrYznYZ/o3eXn5hegVQa8/4k/d3hPOpIDzMLPEHHbAtAH4PPgu
qb/92//xGvvZRo6oBeJc0P1M381x2gD0XKhxQCg7wLgviMa+o97H2P/j4Cpt7RinPQ1X6ETxJSo4
fYRKP3qLarY+RcUvrKETTz1MO9fcSa8//AN6/t5vkXHHP9G622+g/dvetN4TzjpEIhGmlZhtAGYl
ofaHc0PqvaIQ+oRxnkr2DPaeeJ/mTrxDi7nvMRuwg1bAf5h4P6ZYPyz3nzi5L/JhvtjN+2EN54J1
nSJNlxn/ndTdUEPDB7eY9TkzV0fvT1TeFc4t5TrFXvfqsc2KthjJxy+jy8M+03/4+ONP/oReEfgv
7CW5952k8HyGmSXmiQVMG4CzxKhLQ7hzjP3sjTkiD5A24L4c2wbgfOC1OXZNEPsCun5pz2LcFwSx
/27PJH3Y0kUXLxdS7fmj1HmK8fHh87S4/w80u28Tje/aSL1vP0WNrz9hsb/313db7G+4859o/e03
0rMP3m69Hwh3HayursZlA3BHSl9fv3WnuCr8d8T/Ms7o/8vrNHHkLWYD3qXFUztomfG/wvx/6Hg/
dKwfhXuLfR/ui3Xce327R5ehYw5FWkppdaiLuptqGf9bRX3usKmTb2uYj8K6Tuw1rx5j3/u4JSM1
GGZkudlHvw3YuvbRR39xK/iHUANAvqnbf+J9wJhj5TdHJIoNwOfBf8m96ZtvvhnzAKUNwGwgGQeg
LwAzAr6SI/YFcAYLe4PoD1BjAa0tYMwXgPt9nYN0tLGZikvPU/35I9Sdu5tWP3hO6MM/UITreVpm
H+f3PUdTe56l4R0Gdb21jupe/S1d/MMv6Nj6h2jP4z+iLT+9lV6w2L+B1t52Ax3Y+771XnAW4tNP
P+X8x2UDZud47cAj7M+MjLCcrI3XF4pyj1LTzhep76PXaZzZgFluA3bSEvP7y9L3h4r3JfsBsX4Q
9zKv1+Tq+nhe59ePCTlYP65VpKWMVodN/g+9ZdfokKfnviOYD8t7xSmNTtMqe92oJURsGanHMi1L
8qHeCwymwBYY+8f8/DMzeI4xYwbPnNx3cqizk/Ms953jsQHgRNqaw4ePTH7xi1/EGSt3HAAbgDtK
MSfg73LEOUHcFYS9Adgt9FbL2QkeWzB6ePPZ1X0baXXfM7S6/1lTmxj3myjC2IdWmJb2P0cLjPvZ
PZtobOcG6ntnPbVt/meq/POv6dymR+jwkw/Q7l/9iDYz9l+6/zsO9rc+u856H5i1Cc7Bfzw2AB+x
p9/b2+cRfD/qApgbBv7PvP8WFb9pUAOzAb0fvcFswDaazd1Bi8z/L+fvpmWL/yjxfkyxvoZ7y++r
3Lt4L9aw7mBex/oJoVKnIq3ljP9u6mmuo+HD2+waHfJ09PT4Mq/hHKrUiMUjkRPbVBlpoTP1S7IP
XsAOzi+g5+5/MX2N6Zb33ttxHvzjOUMOgBhA7j1BXab4HSJjownZgGLzbCq0fdv2Zvbzn8lx2gDc
S4r7yrA3iHNCmBf4P83XjF5h2AHEA/86x2sL/lVk78azEcY+F2MfWuHaREssvl9gmmO+fnr3MyzW
30BD7z5NHVufpHrm80teXEN5G35KnzxxP+345R30Bov5X7zv2/TMXTdZ7P/hZ3fT6ZMnrffQw3J0
ueKxAfiI/ZU+fhe4UwMDg/wskdxf3Pfsb+j487+lImYDGne9RP2fbKbJ4+/Q/KldtHQG/GvYD4r3
Q8T6jlq+Wt+Dny857M3fL6tSfHspdNwlk/EyVSc9irRW0OoIy4ea62n4yHalRsfy9NPv+fr31SDe
ufJsoc5wcrsqIy10pn6pvh85P2aagCfk2ZjH98CDDz64HTks4nP0lCIGsPefui2hFjU9NWmdGYrH
BqA/FbNppB5//NencmwbgN4A3FGIe0pxX+k9OeLOcuQD6BXGeQGcGUI8gBgGtkyeu+JnruZ2PX1u
cfcGWtyzkWthN9OeZ2iO8T79/kaa2GnQyHtPU//b66iTcd/0+u+o7KXH6OyzP6cjax+gvY/fTdsf
uZ1effB79Pw936KNzO8/9cMbOftP/ejbdOjD/dZrx368ZD4eG7DE54DM8JlAlvptYc8fdgDsnz52
hF5fcy/tWfcInXzxCSp9axO17XuFxcPbaAYxQL7Jv1+8H5Tnu/fwtdwfcO7ZufP3y+5YPgHmy6Fc
S5E2k/8W8P+2rM8Jnd4Rwr/naZQvVGUKdYbct5nekTLSg2fKF58LlCNqaDiv+F9yRFyN3rv7mNZc
d911r6GG3YB5P0PiPAnfe+r2aozfbTmakA1AjzHm00k99NDDh9nreDZH2AGDaX2OiAUeyxHnBXFe
6LtMNzD93xxhC1AjxD1i2CuAPeCzmnq3PHFh5O21JLSOhpgGt6+l3m1PUueW31PrG7+juld+TeUv
raGLzz1KecZP6ODv72d5/l20/ee30WsPfZ9eZLn+s3d9k+/xrbsNfv96evLW6+ngB/us14x4CSxL
3uOxASsry7y3CnPU3BrkcxcnaQrxf2UVHf/kI3r+4R/Slsd/TB9sWEMFr66nup0vUd+BLTR1cgct
5L1Py8z3L3P/HxDvh8jztbG+g30lrtfl7qXuGP6kkMV4rlOc81M+Os34r6LVUZYTtTTQyNF3BPey
Tpe3MwTzCud+YrYpwnIJRUYa2EzHUvm/Jkfw8g85gqcHv/SlL61luXg/+kvkGRLkAMg/vXtRPdwf
oVdVPTscjw3AMy3PKEAPPviQagPQHyBjgd/kiPMC6Be+O0fUBmC7UB/AXYK4TwC9Q5gp+t8rXnik
pPmVx6mZMd786q+pkf25/s+/ouo/PUZlL/ySLrLcPn/DT+j4ugdYnH8v7f3VXfT2I7fRG4z7P7I8
/7m7b6YNd8Dn38DZB/fQrjdfsV4r8n78DsC2yn+sNgD5/wA/v+eVOkMENgCzgt59cQO99st7aTeL
AU79+Umqfu8F6vmY5QAn3qP5vN20BP4tvx9jvB8U66t9Orx+r8nZL7tY58r1sm4xr2edq8KplXbw
30+9rY00cuxdzj2v0Z14i+99hua9GjqjUQHj/wRjHj1Vlow08ZnqJeN/6f8xdw8999++6aabnj5x
4mQvZkYPMp8/ONhv2QD4IMT7Osk77hO1AdjPkmeVIZaHSBsAIR8wcuxYAHYA9UHMEf9xjjg/BFuA
O4Vwlhg9hP/vyBP3VJ7f8DCdZ4yf3/gTOms8TPlPP0S56x+go0/eT5/87h7G/J204xe301s/u4Ve
f+h79EeW4//h7m/SMyzWf5pxL3J9cP8Neuqub9Ene3Y5XifyI8l1vDYAf0Yshdngg4NOISaAfXH3
COEsxsGd22n3+kfp9MtrqWbHS9T7yRaaZP6f88/YF/wH1fej+HxdrK/W+S+74viozJ+ypTJuKU+o
wq18WjK1cqWaVscY/21NNHzsPWed7sz7/szrOPcTy0N4P6UtI32IpnS583/U0L7y5JNrjZKSktm+
vh7mb/oE/4oNwHMIX49n3S3kpuhZd88QidUG4PMusLxDziuD1qxZg3qAtAGyLmDkCDuAeAB7hTg/
JG0B9gsQF9zBdPvWh75T/8Gv7iChO2kf097H7qBdv/whvfvIrfTWT3/Amf/z/d+mF+65mZ770U20
8Y4bBfeM+XUm99CGH99CH+/d7Xh9iIHA7ioUtw2I0Pz8AvsdD3nE7wEYGeXs6/oEYX8Lc4/Tuc3P
UuPuP9MAy/+nc3fSAsv9lzn/+4Pr+/H4fLmvh5hf5b7MFdOXa2L5ilMef24xXqkq36sq6AxFOmpo
dXyA+tqbafj4DqVGx/L1M7sDmA/gHTMFVaHOoPZS5+0y0glpCpda/0ed7D9++MGHb+AM4ACfF9HH
+dfbgCFtXRqC75o07w5N1AagviVnFkNvvrG5+Qtf+ALuX5E2QNoBmReotgC1wsdyxHmiRzfc9vWW
Nx74Nr3xwHe4Xmd69cffoZfv/xb98d6b6QXm58H8M3feSBsY80/ffj09ZXK/9lab/T/95md09PBh
x+tC/QP+WzIcrw1YXf2U7/mBdaeGrbuDgnqFkRtUlhRR84F3eD48e/p9WuSx//444v0QPl/u6Zfq
6nVhuXfznqdlXadIRy3jn/mj9hYaPrFTcC9rdQV7ojPvZh3zBKFaReBfmY/CZKSZ01QuXgN4+eWX
v3ju7LkjqPNhVlR/f2+wDWDPJHJR7EP3qTVq9KSx/ABn1sBvojYAdgTnWOW9BdDhQ0cWbr31to9y
7FggyBaszRH24J9/863/0/7cnTfQc4xvaJOpZ5mP38h4N354PT19G4vrmdYzztcxrb3l6/QkxP68
/s6baffWNx2vJe90PucScbuI3eO3AdCs2e+r09jomNUXEO28QEXpZeo6c5D5/r0s999Py8j7Q8T7
vj6/SOPzJfuXj9EKY8TWKVqpkDptqxLKU5TvkJN5Pe/LVQW0XG0r0llHqxND1H+llYZP7hLcn3pH
1OnO7g3BvIt1lzBfMIL34TgnvdvIAKepWjwGYPl2FfpIMCOe8x/VBgz41qch+CGeBwx75wnGYwNw
TgizC+X9ZdD27W933XDDDbtznHZAZwsg49Eb/6HjqVu/Rk/d+nVbt5kC3+zv6xjraxWB/fV3fpO2
bnqKjhw86Pj52BfB/Qao1Uv+E7EB+HzE9+LeT6GRESHEBPhZYc8MYU4QZo4NFx7m7C/LnD9qvK+p
7fv5fLNf12Lel3sX81W2HGxXn3GwbessLdfoxPjsrGf8D3P+R06+b9bnzTody3m8zPtxbrLuUKEQ
3oNjDtoeIzOopmadP1/4FdlHAsYt/qPYAJzfl3GATmKPaiJpNqCPvR7U1+Ud5lLbtm3vuuWWWxEP
YC6jny145uc3/O/OdT/4Ktn6GuNdaO0PTCncb7jv+7Rl03o6dOCA52di/uny8pJVr0+GDcDvS/Iu
NGoJ53xEb0D0M0Pz7GN3VxefN9pYXBgb+9HyfAf7R3m9T7Avec+z5fLvK4xxKe7Hq3Ss+/F+zqla
oUhXA61OjlB/RxuN5O426/NmnY7ZPT/mvbwX8lmCWsFund2raJ+RMVhTsC5evHSd5B99uGC7v68n
ug1geQCeU16fQq16wFurhi8Cx8myAegTbGho4Dn30aPHHNq//4NJw9hw+frreUywKcdlD352/d93
rv3+P9La739V6Adftbh/0tSGe79HrzzxS9q1+TXP94cQI2FuAThchpJgA7Dm5uaVGV5OyZnh4c8N
zvE7m8F/Uwn4j4P9KD5f7vOvsBzf9vU67s8o3Be4uD/rlJvxmvO2alUVWop0NzL+R2mgs51GTu1x
zj1gNs+feR/W6wv5TEGHqvLtXmnRP2FkktdUrKKi4g7MqMKcOsyTBfNhbABiAMsGaOrVeH4xv4LX
ApJoA/B1uGvoxImTdOTIUa22bn2r67e//d35Rx555NQ3vnH97nUP3DH4/M/vIVV/fOwh2vzMWnrn
5RfoL/v2+n4v9D/K+X28P48rcRuAha8bZbm91NiYqnFmb6ZDnxnCn9GPIe8b6CnKS4B9H59v9fUd
d3Gf5+Pvg7iPxnyhRhdouU4o0tNEq1Mm/6f3OuccFX4YnXkP7xe9wntw3lFmZJrXZC/G/nflnDp5
T20f5z+6DZDxqrteLTU+PsHPsfN5lEm0AXKGCM7XnzlzBueGkqrjx0/we7lQexP9+KInP1k2QPr/
cT4/xeZdFXICfM9w5wUWeP4v2a8pLfFl37/OF93ny94+kdvnu3L6MwFxvp+vD8F83QWNGJs9zYz/
MRrousL43+ecc4L7wbTMR+EdapC6RBH22l0zjY1M85qKVVxcUoA5oBDuigXnYW0Ant0RXrPS1a5H
+L4V+tlH+Tza5NsA9MHBZmFWCctneI5+6NCRmIXeffQf4mwT/CnO3wstpMQG4Pcyzu/38Qrs4+eG
PTOEv+NuhvLyCq6Ji0eSxP5Rb19v6UmFe9vPr1QL2Zzr4nq/2D4a8xdt1Qtx/qfHabCrg0by9jvn
HOB+oDDMq6yraiwSYu/BdV+JkWlWU7EY99fKWdV4fobNGCCMDcDnjpt3V/sJs2yRC6TSBth3jEzy
M4mwY7h3G/kwhJmmEPJ45A8QZhmjd4nP20FvjdlfA6XCBkjfj3o+YiNoYsIpsA9fHva8AH4ubDD+
v+HsUevlQg37YWr8fuw7+/n5Xp7q66Nxr8vf6zSM16u66KNLliK9LYL/bsZ//gfOGQe4HySQeQ3r
OrHX7zoHZWSa1VQtxr4hbYC4j7af3xsXxgaAcXF/vahZj7rFclu+P8VzgfTYAHnf4LR57zD6EiDU
JWfN2ZoQ8hPBf2ptwOpqhPOMn2HzPukQ2EesBN7DnhfA66irq+fsV5eX09yFg/7s++3r++b6rnM8
Zcz3V58xxbivEdLX6sNw78/3cgNUpBfY7Gul1ZkJxn8n4/9D5xnniwcCmA/gvbHYKfba5YwTU0am
OU3VunSp6JrLl0s7cF8NcsgBcy8grA3gZwDHx31q2SLHBf/gK9k1wavdBki/j+/N7/XyEeICeX4w
7HkB9GDJO8b7Ss6EZN+nzqfJ9dXzezzm59yf5bK4rz1r7ctx3uukChWF4L7Bh3vGoluRvjbG/yQN
9nTRyJmPnDNNzPtBovt5hfWmEq/wXpzzio1Mc5rKxdj/rryzDvn08DDLA3q7g20AsxP4PLAMn4aY
1lnHtgX7AP8GrpK9N+hnA8CVmlsjTkG+AtbSYQPg98EtZgFOTk5xibt9nBJ3hCzFdF4Ar0WyX1de
6pPvx1Hnc5/fRY8ven2qzyrsK7xLuXmvd4n5YVuXnGoscsnL/HJjiRDY7G+n1dlJGupl/Bf8xXmu
md8PEIV5He/NUpeF8D6cs8mNTDOa6sXYL5A2oLenm/t2nQ1AH+AIn/0j7qjHXXQTZu2K24ExfW0L
Am94dsFoKm0Afhb2JJDrnzlTwHt2z509x+8wRJ8C7iNNlQ2A75ecgm0d89D01DT/9wVz7g9+brjz
Aqv8HhbcpQZNXjqmr/UlkOurZ/p4jS9qbK9y7/LvDS7/7uGdqanYpRJbzVKXuSL9Vxj/U4z/bsb/
x84zDsWHwzHv5p2r1BZeu7Mfwsg0n6leZaVl18o7q6uYXwGT8PWwAeAes0DAJXhE/b+5qYnnnnzf
qaaWszpl+d0J3zoX/C+eeTCXrPMCbhuAM0moi6Nft6S4hN/FiVlj58+d532ysAGpyAVkzI+PYHua
3+elF3IifB/ER5Jl7Gvi73KGoO68AH6/8vOvlF0MqPPHyv5x73le9PmptXttrf6iPq53x/Q6365y
7uHdZh5aMrUywPifY/wzfzRy9hNnnyN7X76xfRDvUi2m8B6cs0uNTPOZjsXYN+ReMu79UXnEnZK4
J7C2tnaC/fsOpuuY8Pn4O7/rGjxK/6arc/Fa18SkeaZt3o4FkmwDwDhiYzDS2NjIuWqob+D3HVZX
1/B5RsmsB8D3yzr/4uKSyb7QzIxXmPG7uCB8Pmah43W2ll2iycKDNHLxOP8zzhfic1UbALuA94P9
jbqqSpq/dCi4tydm9p3neVHv88b4unxerd+pObxPLO9g/rKQxXop15JUi1Mrgx2M/2kaBv/nPlH2
PNjvwLwfJDTzkveWMqdgt5wzio1Ms5mOxTi+hqnD6idhfr29vY0/c+zvBUz3eb+m7D65/4z9AzAI
/wbGg2pecqaFiH1nxTzhJNkA+H689lY+w7iP9ymjRw69zvjvuMMkWTVBxPsyN0eur+NdanZm1sF+
XV0dZ7m5vIQWCvaJfSyzlj1//mPquVxAbfU11jlr/H+Qe5j9pQVR2D8YJ/ty7t4ppaZnsu/ep3Pk
837clyj5+2WnXMxb3DMGvSrnWhnsFPyz2HT0/AHnTHLM7fNwr2NeYb213CvEKs75hUb6aczMYhx/
manSZLqDCT7+2oAv+VxJyeUfy31o7EmBT+kD/fJftf4FjhA/g79E5wmK8wKN/HXAhyLmAJfYj8Dd
JWDnSnt7wvsCqs9HvU/uc/prjvf8Iz5AbCTZb2Ls425ue16vOq9T9J+OFx2njnK7f6G37FzInt74
2F/COX7s7av+3sO+roYXhvtShfcyrqVmf96XWlVVCP7nZ0z+Dzre/wrm9um4V5lv9WGeq0IIr9+R
Dx030oTfZ3HhPPHnz507/zD4lzZA1AOm7Dx4SpEmHwZb8rzbnLQDcdoAzOUpLy/n9T7ZU4deBTBX
WlrG84149wZhpyT3iMcxuwdsq5JncmzNcxuEWAevX3LcWFZM4yd30nweZnbbvt85rzPgDH+0vr44
2V+C73f06Ljz+iJXXm+y76nd6X28k/tylyo4535aGepi/M/SMPpPCg853vsK5vbpYntf5itstVXa
wmt3zjIzMg3ZVbrkPCHM3f+3hw4dfozFAdPIvZFzo5dI9rXZ9bAZhxzxMfs8sCr30eBrUR+Id66w
PN+E/BpnHUtKSvg52Vj7A6Rtktzjo6zZR9P8vGB/yezXxVkLrpKL1PGXLTR27G2aOyX5V+/nUOZ1
Bvb0h9jni4V97vvPavbr3fW8gJzezX2LVBmXw79L5h3cVzrVVmVpZbibVhdmaQT8XzjseN8ruB/A
4esDmFd5l2oXWsHrNmcWmr8TI7OYXbVLnSd6DdN/XbNmzR1lZWWz9fUNVo8Q9geR90JB+bHMkW07
sEwr5n46/C9qe7HYANQsYYcg3JuFzwvbIwTuF3h+v2Ltu+HPiN/hz6VPD9KCeU4PMYPsD0B/RWne
CSraspHP7B85sp1mT+2kRczsK9gXMKfbp6c/KvtHYmJ/CfO56l0+35d9Vw2vye3nNdy74nmuNqjS
pSqNqhn/PfTpwhyN4Cz6hSOOWAdnk/Xc+zAveW+vcgo1CBYDKTIyCdlVvCT/6l1Cf//hhx8duHKl
3dkrzFicMetfczxOjpYvz5r3YZp2QPbUmrOy4Z/lfcLJ6BOc5f1J8yK+V5iX+T1+ZljepWRdQ+0P
wLmDvHdfowtvbqDmPS/T0OHtNMP8/6I5szM47tfl/GHYPxqOfcT92O/T7dvr6nqO+r0rvm+R0ufx
gnkX9+1QlUvVDkU4//M0OjhAoxePOt4v5pJ4uG+r0DCv8l7tFfYamB1UZGQSsqt4qf5f8v93p0+f
vsRnCbt6hTFHFLUv6T/DxM9qHC3PvMn+Gnm2DmwJPue4XZiBTzf9+Yzke3ZG0ay5d7fg6NG3e20i
/L/L7xtWsh9ASN8jhJyi+NjHdHHzRmrZ+woNHZH8K/P6g+L+ePb5QrLPfb+nV0fdr3fv2bvZL1PY
Lxfsu3N4Lfca5q+oqrEUGemlTxcZ/0OM/0vHHO8T55O13Hv8vML6FVU1QohTKvNM5UNGJiG7ipfn
PoG77rrrpubmpsCzw6jv8zMBpt+07UG4uFraAnFvjtNX8557zcytIMnYXpyrcTO/6JCTcZ1s3+9n
A5obG6h023PU/sFr3pm9Ht8fNucPYv9YdPblfp+uX8fNvLau5+Lewb7M411xvc7Pa5jn6oBqKTLa
Z/I/yPg/7ppPkKfhPoh5k/cOqNYWXjPn/gwtVXEZGaXs6l3yPmF5n8B/ys3NfbW7qzPUPEHE7Grc
HCamDpLcP3DkCxqJM7TiHG10nv1lz+cT30e8juh9gjgr2XzyI+o7sFXc15Ev7uvQxv26+T3x1Pqt
vj49+/B1/syr3HvzejXW9/p8HfdqTF/jZd3FvCrB/wKNDTP+i044YhvMJ5Dce3x9NObd/FcVqDIy
StnVvcA/7hP4G6Z/V1tb2x12hoiYJzbA8/MF06fbHPkpVn8cO8thpJ7DlbP4wvYK49/aKkto7Ni7
NHtK4/sTifsD2T+hZx9372Cv3xPj6/buXNyzeFvKUdNr1dTyArmvFerQqY6WOoUiY/30Kfsdjg0P
0WjxSUdcg7kEHn+vcu/LfJ1Qpym85uqzqozMInZVL3mn4OcvXrh4K+rsYc8Oq/cLYJ4I6nPzih1I
B8d6LTskWVeFnyVyl/jOC6BHYeLMB/yuHn5XlyfvjyPuj1brL3Pu8Uv2Eet62Pfs32l8Pee+gkvk
9kG1PIV9N/NXFM5Vdaqq54qMDSj85zp7FnFWKTT3Cu/s+1rqquf2Y6nmnKLzRoYZu9oXtwE11TWH
OPvRzg4H3DMkaoTjvD6QDo6DpMsbwLKYu5/YmSH0RvWVnTfv6fOr+cUZ90dlP9dmHzU/5P1h2G91
Mm+x7963U7n3qePZ3LuY76i3WF/qbHCqq0Hwv7xI4+gRLcl1vCf0Ldjs67hX/bzCu6UGIdgo9jsR
KoSMTAN2la/PlZdX/DecZRkbHRUzxBK0ASMjQ+J8rNI7k2wF1QgcsuZuLSblzBC+D95bc0Odq+aX
7Lhf19un+H7sbfG8v1jfk+/HfhsUVM9z+3mZy7vzedXX+3DfBTVaiowPMv6XBP+XTznrl5jb5cd9
NObZ95ZaZt9jse6CKiPTgF3ti7F/H/p+sb+NfB78xmsDkAtg7w6zRNvbr/D7xbBvuOCq+ydLkZWI
Q9acLfZzMEsA76mzs5PHJXzmbgI2QO5f4r3hPNJ00bHE6/26uF9X73Ozz31/oX4fT5vju9j33a9z
xfgq85212rjewb2LeaEmWupuYvwPCf7RG375tDOOqTkfknsn88tQtyL2tYt1F4XquYxM83W1L8b+
Y+AffX/IbScnRN8Nnykaow1Af46Y7dvAz/JItbS08jM9OM8n+/rVvmH4VzfLfuL+fHGJn8WbN3sM
YFdQg8B8gM7ODn7ezq1ZPrNjPmYbsMz7h4VdwZ3JYJ/zX3wsvj6fGOJ+T71P9rUg77fiff0+Xnj2
3X6+xuvn3dx3STUo8jKvivO/YvJfmme+F7FXD1tmsR+FeyfzTUI9ptjXLtZfstVwycg0X1f7Yqxe
C16lGhub+P0Z6L2B38TcoDA2YGJczAtj36OKxRT3s4+vMPYrVTsgBVvA7xsLmB/Ae/8wl2RiPLBP
ECzDx0supVpYjN5TcZHGCg/T+LlP6EpDjbk3ORfKBiBekDN70QOJM8myJ7m1iT3vhR+H9/2xxv26
ep/V05Ynav7uWL9Vl+dXcu6jsx9Ux1N8fJdOQdw3C/U0U2RC8D8xBv7zTfbzhS2rK3T6fAf3pq9X
mZe8s+/L1WuKfe1iQ5GpYsjINF+fhcVYvY5x2eH02S3m3aBTnDlx36DeBoyOinN5TU3NnQUFZ/99
jqgr8sV877UNDQ33Me1gqpL+GPWGZMwSEz+X8V5fRx0VRTR06SRNF3xAkRPb+P3yKyeY2MeZ/H3U
1d7K8xB596bOBiBGQL8/cgnYs/b2dot7qLu2nOYuHY6j5pdI3H9a8Zf5dsyvy/PbbH8vpMnx/dj3
xPVu9k3Ou93SMG9yv9TTwhWZGGb8LzP+R2m07IyjTwdnlpw+X/H3Hu5dzHO1CLGvWWxk3DeWSBmZ
o+qztxj3jNPGCTVuxkwezAvk94Qz2z3Q77xzFH0A+DfGyUR1dfVXchT2lSX7DT+/fv36/1zLAgTk
0Zz/BG0A5m61lTE/f+ANmj/0Ji0d20orx9+y+Mc98yumJgsP8HvP4ddnJP+mDQD7sj6Bf+vs6ORn
EaWusHhiquRklD6/gJpfwnF/nun7L7j28sv17LdDuj28EOwH+XlXXL/UI9WsqMWlVopMMv4jjP9x
xn95gdmfxz5iXgHL1WPnvkVRqxD7ukVmGxUZaQXor2Ax5q9hMpgcdgD3c4gZQVOcS1HrH+bsI56H
j8/Rs5+TY/PP+41yc3PvRo4xLPlPwAYgNu86toumPnmVFg5vpuXjJv8m+5Hct/ld8yumhkvy+EwR
3tOP+oE5zw/cL/A7+bod3Lc1sVil9EyUs72q749W84s/7ue+Ust+hZZ9Lsa7UI2pWqEOU4x7oXoh
xp+Qq7am5tvdzS7emXqhFpdaLUUmRxj/K/z/2Vj5WZN90aeDcwve/F7hXufrJfN9itjXLbLfjyIj
Tdj81S0WU1/L9J4jp2Y5AWpg6rkc1AdgL3L82ZdL9hvxMwfI2cF4ojZgGPeaH9tBswdfp8WjWzy+
X/KP++ZXcpnYx4GKC/xss5j3L3L8/v4BXqdUNVJ+jpbAuu9cj5D7fR7fH0/cnyfO9cr6XotzL9+K
90OxXyekst+lY99VXzN5dPh4HfN9qtq4IpOjnP9J8F+h9Ojh3CLL1x0+39ffa5jvb7PFvm6xuUyo
BSo3UozJX/1i3H+ZqUDNgVtbW3jNDbNG2d8PhPxWVg7A9DdtrW1dnN/hwYRsAOL5qY/h+9+kZXfs
L9k3+Y+ceo/fO7+cv5s668TdgdjzkLxjPjc0UFVEC6jvuWd6Jcv3xxr3Vyq+313fU2p8gvtqIZX9
jhrb31vs1ys+X2HfU1tvtiR8fLPWvzu5b3OpnSJTjP9Vxv8E479S6dFDrw76GHx9vo57yXy7U+zr
GPOmKmixtcJIGRj/whbj/DqmDtUOMFUyXRPyW8gzR7znuKmx6dyUuc8Yrw3A1/d2XGF5/xu0xH2/
PvYX7L/L2ef3zjMtnt1P7c1NFvNQT10FzVw64ryb6mwI3x9T3h/N92viftT84Psde3p2fc+S5N/y
9y723bF+Z4Pi8xv8c24/P29x7+K9X6rdUmR6jPEf4Xs2Y5XnbfbRp4eZBB72lTjf4+vbvRq4wl/X
AvvdLDCbaMpIFQ//UhfLie9jMpgeY7omxi+3bEBDQ+NG1O44/3HaAOQh/fUVjP3NtKKp++l8P+c/
byfX4tkPaLSsgPv7qaLj4i5aeSeln+8/n0Lf7xP3c/5bSj37+Q7muWqEZKzfocnzuzSxfkC9zcO7
JraXPl7l3RK4ZHLwX1XI2V9k7KNPbwn7GTqfH83fs+8r1MGF17TAfieKjKQDkF2JLm4DGhubvifu
IBuPywbg67Cf31dZpGHfP/ZX+Y/k77LvoIck+wWx+P6A/f5A3x+t5pdn75Fjv9+xp+eK933rewF5
frcm1g9i3827xscv9V+xNaCqg/E/zuc7oIY8VnXBYh+9epgd7su+h3sn88uDtvC6FtjvQ5GR6Yc9
u7Trc01NzV/u6OiwZgSJPXhTc7MumX15Zm+emOO9yPsTRktOcf4jJ/zrfu7YX/C/y5//qPN8NXW/
uHx/9L1+4fvLXcxXuWp8MtZ3ce+X52vZb3bl+j7s63y8g/sOrxibkRnG/6erYhZktdmfz3t0L5n8
u+N9jc+X3A+q6rSEGGSBxT8LV6RqjUw/6Nnlv9ra2qmjo5P31Os14tAINCKE/UP05kwUnbDZjyH2
t9mX/IeI/TV1v5T5fhn3Y7/fEeurdX21xudmvz56nu/uo2N5vjPX92Pf7d813A9KdXJFZiYE/1OT
NFYje/Qv8V49zBd1sK/l3s2+5L6LloeE8LoY80Lsd8BkZPoZzy7/xfg/ABsgBZ5j1eLpnS7fHyb2
D+H7w8T+vn3+cfr+Cq/vX8HdOW2VrtkYzlk4Dvb99vKtPN+9p+est9l1PXdNz82+P+tCXbYYm5HZ
CT6zTfB/yWIffbqYORbMfjD3XMPd/LUI7uuFOuuNTD/j2eW/GL/XMlWGZR29iFKdrc00dfEwRY7r
fH8isX/4ul9wn39yfD9nv02ZjSPZv2Kfl7Pz+yD2m/Sxvsq+z96dL/sO3vXcS0VmJ3EZIr/Deay2
yO7TbyzmM0i87Lt9voZ7xrytHvaaOhnzDaqMTD/j2RX7Wj30WsHq4ddo9fDrtHoEeoNWj77JtJlW
j0FbaPX4Vq7o/Cc59tfu+YXp9YtS89f5ftyb45mLpbKvq+0F9PE42Ff7Z1ucNX2//F7LvpNzoW6P
tPybvfqcfx37Dp+v+nubeaFeLryWBfaebTUZmX6Wsyv25eT/jQD+38p87B9L3S/qfr/L91s+3z0D
02Rfre85uNf18DV78nzZV+Nkv81b03PX9XzZZ6wPS/VYWmSy+Ef/eF2xfU6n6TI/m+hk3x3vu32+
k/vlESG8hgX2XoWaab672cj0s5xdsS/Gvov/NxX+t1j8Rzz8XwWxf+AZvzD7/arvD5p969PHo+vX
d3Mfhn1tXc8V46u+ftjL/qKiyOyUwn+JxT769HE+MbrfV32+k/vl0T6uRfbv8+C+B2qBjEw/y9kV
+xL8u2P/N23ffyxs7P+uf+yfH2vsn2DdL27fr/p8e0aGnevrzutozsj3uM7NcLn389WeHR33nV7u
h5y+fmmE8c7V61BkTvCP8+Tj9Sb7TaWiVx/8Y7/Pj/1hF/sK90uj/ZZgZwT3rTTfy2Vk+lnOrtiX
zX9Q7L81wX2/JMb+Mdb9ovv+So3vd86+ddb5dLV9b33P7qNv49L27al+X1fbc/h8hXvk3y7mF0f6
LHH+6VN+Z+N4/WXL95vndETfLnvPizhrjNeKHEAX73P2+zzsL40OMP57GfNttvrajEw/y9kV+wrH
f0Duf0rlP56en2TG/n57fn6+v9DJver7zfk4+vN6mjw/kP12W7qY39rPc9fz3ewL7h3sIxZ3KTI/
TVg4Lz7eIM/nKuyjXx89u7xvr8bcw6+nRfQi4fUh/tf4fHC/NAYNcjszz96PrStGpp/l7Ip9MfYL
kpr75/nxn+K6fxyxP9/v18X8ynws3zM7Pvt6y30tdk9dn6izB/btqXv5upq+1ue7me93KDI/Y/I/
Y/JfZp3T07NfJ/fwxV4e6vmo67HXv8heF2J9yf3SuBB+zjx7L0IdkJHpZzm7Yl+cf3fur+U/ztxf
7vsVuPlPc+zvPuNXe96zt++efe+I+bV1vhZy7O31uc7R9GnY7w9ivzsK+31R2V8cc/HfWOb0/W0K
/1cU/l3si9qemt+30QJ6ftjrkj+Lcz8AdUJGpp/l7Ip9efkPu++fYO7v6fdPb+y/0lqu1Pg1d16o
vt8zn0Ot8/mdl3ft7fnW+Fx+35HnqzF/n5Aaj49JDTgk+Z+V/MP3u+P+0Ozz3F7E+Lavl8wzddH8
IJeR6Wc5u2Jfgv9k7PsnuO+nucsz7tg/sN/P9P2u/T0P+55av75/353rq+fm7VzffU7Hj319nc+f
/QGPFlmMvrIwa/E/0Vju8v26uL9B9vBEZ19yPyi57xYa6jYy/SxnV+xLz/+WkLW/sPv+Cez7aXt+
Eov9he+XdT73HHwxF1Nf6/ep9Un2++y+uqWBdu++vq53V8f+SK8iN/uC84XxIZpnmpsYoRmm6QnM
aBmnyUlx/wrnf5bx3xTC92vZb/VhX+F+COqhOa5eI9PPcnbFvmz+k1H7C9vzGzb3j6fnJzj2F75f
c7+l70xct+/XzMI1c321r86ffbXG3x3I/gJjfWF0kObGh2l2HIyPmYxPBErlv7qqglpqKqijroL6
GytpvKWa5uD/3b5fjft7pe93se/hvpfmhqX6jEw/y9kV+2K5f4G+9pfEnv+U5P7x1P1V3+9/B4a2
l9/y/Zp5OQ7+FfY9Z/W8ffvYR18Y6ac5cD42RNPjo5zzaIyH5b+mqpKqKys8aqiupNbaKuptqqGR
tnqa6GgMzT7394J5mhuB+iEj089ydsW+nPwno/YXx75/UnL/6LG/3vcrfr8b8qv1ufr6HPm+0k/v
qe8L/hfQL2NyPjM2wjnn979JJcC7P/+zVMM4RwwQVi311dTVXEf9bY001tWixPxKrG+x3y/E4hQm
I9PPcnbFvhj7wfynrfaXytxfxP68z79TifldOT/YX9HN6tDdf6GJ+RfhI8EG42GG+/KRUPF6dE36
akoj3LsUL/86NbA4ob2pjnram2m4u52mBrpV7s3YZdDI9LOcXbGvYP5TXfuLcd8/gX0/7vs73fm+
655b3Ux8V76Pmj56YvD8z44wzsF4gvF6LMzreE81/76xQmM9dbW3UF9nO4329xiZfpazK/bl5T/B
vr+Ean8+M37jzv2V2L+l1MW9yr70/cLvoyd+EX0tPNbtY758mPvyWH1zshSGeX/+q3gNIA0yMv0s
Z1fsS/Cf6r6/ZNT+Esj9qwtctT7B/GKf6GkD5zM8Lx+Ky0dHZXIqvVL5rwX/LAZIg4xMP8vZFftK
jP94+/6SUfsLl/vP1xby/W7Ur2dZbg7OE4/Xr07utfzXZPnPLv/F+Y/pzH+8tf+QfX9x1P4WK/Jp
rqaQphvLaKK1hkY7W2iop5Pfoz442E+TZl+MrQk+G9tXU35KlM2ptCjLf3aFXTb/yTjzn4Lav5n7
LzHe56oKaKbuEk02ldFIRxMNd7XSQH+fXgNCuEdd5T6QfV/uE2Xfy+h0LJqOTV7+0yIj089ydsW+
QvEf995f7LX/+fLTNFtZQJP1l2m0tY5G2hupv79XqyDubd/vjN3T6/MT4D5G5lXhvhaVf9QA0iAj
089ydsW+/PmPd+/v/QD+Re1vofgozZeepMm6IhprqmCM19MAi9f7+3r1ioN92/dfHeynmvlA/tMj
I9PPcnbFvpLCv2vvL3LmfVpkPn2ecT5VeZYm6opphPnywc426uvr8ciX+wTYd/v+eOL96SBN+yl5
HNuajklLS0tZ/rMr1HLyH3Tuz7v3h7me8xcP0kxpLk1WnadR5suH2huor7ebqcerNLFv+/74a/Ox
s58Z5mc0cvJfnS4ZmX6Wsyv2FYb/+cKPae7iIZqsKKCx2mIabq6m3p5uoV6vksJ/AuwL358C9q8S
7nXM+/Ffx9hMk4xMP8vZFfuS/C/m76aFsx/QZFkejVeeo6GmSt7X2dPTxTjvsnlXdRWyL3z/aFzs
J+rzZ4I0E6TppMrBf211umRk+lnOrthX35WWgp7uLrLU45WW/0yz7+v7B+Kq1SVSlwvkPpD95HKf
5T+7Yl2M+YKY2dfw3+fHfxrZHxjop9HRkeSx/xnj3p//mnTIyPSznF2xryD+UxH3p6reB/bh+3mt
P4b9uZSwn1buZzxy8p8W9rP8f0aXxf9nJe73Y59pjPn+1NTsYqi/xcjvbJBm/TQTKJX/esZmfV1a
ZGT6Wc6u2Jcf/1dl3B/A/hDyfub7U8l+srhPBfOqlpcV/tPDfpb/z+ji/KfB96eKfV/f/1ljP0Hm
s/xnVzyLse7hPzbfn9y4Px72he+fTHIfbQj2rzLu9fzXpktGpp/l7Ip9uflPuOaX5rhf+P7RUOyH
r9UlrxY366cEGY+F/4b0yMj0s5xdsa9Q/F+Fcf+gzvcnzH7yuPdlP06m54I055TKf0N9bbpkZPpZ
zq7Yl8p/2uL+JLHv8P1XEfsp534uWFn+syvsisp/GuL+eNkfMnv9gnL4ZOzRpZv9eJgP5r8uHTIy
/SxnV+xL8p9s35/8uL/fwz96/WI+J5OUGl28/nw2UHM6zcWu5eXlLP/ZFWoF8p9s35/EuB/i/Xuf
CfbTw70f/42MzzTIyPSznF2xL/CfKd+fCPujI/6+/7PCfjKZD+S/oS4dMjL9LGdX7MuX/2T3+YXx
/SHZl74/Gbl76vbn0s+9nn+wWZ8OGZl+lrMr9tXL+Y/T9/9/9r4DvK0qW1dJhhQCJMNj7rxhCPCG
ewceN0By6WWIYSahhSEQagaYQIBQQgIDIRAYrElIJb0XEqfZjnvsxL1I7r333nuT7bhK8rpr7aMj
H8mqlm05mbO+7/9ke0tHR+df/1prr72PPOY9v+Fzfn7eb806nFXrc1eg9nv0oBT1L5qFZlD/I8z9
NvX8rMj9bE3PTto335e3Vc/dFqHHBIT6p7l5AeqTB/1O39cj/NsoQWpvXxbNekO9W6j/iVH3G879
E0H7Y697o5rv0YVSKdA/zs0L8nO1oO/qjIuJ0iIxIQ6SEuMhOSkB0tNSGOj/eeTg8wjC15qB1N6+
LJr1Nkz/Y5z7ban76Xv9huf+8anhx27OPkLd9xjHcP3naUG5Py422mokxMdCMsUJBMUI+v+/wuMi
pPb2ZdGsN8v0P1Fz/9WtfWs0b1z/ubr6zyb9x9gMqhdE/V/5pqP/CZL7DWmfcj/t07V+Pc702rvV
a/MTWPfG9F+I+uRB39WTEBdjM1KSEnWOWyjq/4o08/qfALkftU/f5z+ytfjx1b5OL77HEKzXs2H0
GIVQ/zQ3LyzI04Lu1U+Mj7EZqcmJOsdFSO3ty6JZb1r9j3Cv3/jm/tFbhxtt7U8E3Q/pX2la/wmx
NiM1JUnU/1VgxvQ//rnfeM+vubnRJu2Pbg1vpl4fNZ1br3vD+idt5mtB3weQlBBvM1JTknWOi5Da
25dFs96Y/sc791tR9xPoHj+T63A2rcVZtt5u0VzdjprvFcCs/hPjbUaaqP+rwgzp36Z9/iPM/cbq
fkO5f3T34Fy52u81An39FxXma0H3A1Dv3lakp6boHBchtbcvi2a9od4t0/+EyP0Ganmb6vmJqP2R
ab63dwhC/dPcXKjTfNR/SnKCzchIE/V/NZi+/idu7r+ytd8rRK8h9Iwahuu/QAtaD0xJTrIZGelp
OsdFSO3ty6JZbxbpf6LmflH7AvRqYU7/1Lu3FaL+rw4bNf1PkNyvfy+c4fW40e29WVyvj2KO19e8
Nfqn3p2tyBT1f1WYUP+jueY3Grnfun7e6OyduzK0b1j3xvRfXFSgBd2rl56abDOyMtJ0jouQ2tuX
RbPerNX/6NX+pnP/SOp5a++TGUv920P3hvWfj9os1ILWA9LTUm1GVmaGznERUnv7smjW26jof7T2
+jUM3eM3krn81at9y3Rvqf5p7m4r6D5iUf9XvvH6nzi5v2l0cv8VpP0+IfqE6B0RVKrx0H+mqP+r
wGzW/yjnfoWifczr/l59jKgPb11ONoQ+fYxQ79bon/oBdO++raD7iEX9X/lG+rfpPt9R3Off1NRg
ZS/f+rxuat+M3bQ/Sro3pH/am1NSXKQF/U5zd1tB9xEJj4uQ2tuXRbPehvRvx9pfJ/eP3Xz+30H7
w/VfoKf/AnYPAM3fbQEdQ9T/lW826X8U1/y43D/a2jeh/6tS+30MKpXKqP4NQbiOT/MF4ff6sP/t
o/kfv6R5+v4wQp6o/6vCasdV/8b7fhM/909k7ffpwFr9jxKk9vZl0aw3Tv/2rf3N5v4R6X+09+JM
RO33GYRQ/7Q3p7SkaDwgtbcvi2a9jVj/o1j7X4m5f3T0bFi/hH4h+q2Drv4LUZvF4wGpvX1ZNOsN
9T5O+jee+0eyBj+mmh4DPVsDW7Qv6l80a2yY/se59u/oaLda+2Oh/4mgfVt1L+pfNGttRPofpb6f
mPtHX/uG9F9WWjwekNrbl0Wz3uymfzH3j4n29fVfUkz6LxkPSO3ty6JZb/bSf2NjPbfHz9bcb7X+
Rzv3Tyzt9/f3i/oXzWLT0f849v3b29smRO1vz9w/utrvZxgYGAC1Wi3qXzSLbOz1P3q533b9T9Dc
b4XO6X/7EGiPL+V50vrg4CCDvg3t/y80gCJR/6LZRf9XR+4ffe0PDPQL9K1iGBxUM1hr9NrS0lL4
fv338MrLS2HF+x/C1199DcuWLYOnn34aHnzwAYYlL/0VPv30E4NwOnkCTp06CWdOn9JBWGgI+7/C
PDSxZJ69fVk062289d/YoJ/7x0v/9s/9VJsTVEph7lYbzN3mjI8ZXZ2dDG2tLdDS0sSu+VA/h/te
F1oDkEXIUM9O8PPPO2DDvzbCqlWr4Z13/g5Ll74KzzzzLDzyyKNw1113wd133w1z586FmTNnArqH
FjfccAM8+uij8Pjjj+Pr3gFHR0fw8vKCmurq8q6uTql9vVi0kZpW/xM894+2/kdb+/zcm+lbk7tJ
3/xc3NrcTcejz0z/z5y+D6lVoG/+emu50PCjw6EmBmi/21X7P94roVqDjPR0SE5KgvDwMAgLC8W8
HgYB/gH4cxhERUVDYmIipONz8vLyoLi4WFZdXS1rbm7erWhvl7a3tS4vLy91QNxubx8WbeQ2nvq3
X+63Xf9Um3P1uVJH2yPJ3fyx+O8xpv3P7e2t0NTUyK4Rgb8nmr923Pcm1JrUv04MsED/1VWECkJ6
VVWFDOFUVVkhraosX45wqKwsn2dv/xRtbG089T8899un9tffu8/PvbncrbQpd9Nr6Dh0XLqXgb6/
nOm7rRWaUd9NWjRAUyOHRoZ6Dlr9G4oB1usf5wDlmu94ckL9SxFfoPYdCPb2PdHsb+Olf8O5f3z0
z6+NUe4m2JK7+f4cf170f8k7OxWa+XezBk0cmpvY9xlyaGT6bxbq31AMMKn/YTGgHHmQIXyQHykB
uXNgqKmebW/fEm3iG9P/FZz7hfmbq82VNs276RgUK6hOoHjV1dUJnR2ob8zfHFo4oN5btWiGVq32
BTFgJPofigHtqH0ZQ32dlIDXdAleWwfE7fb2G9GuDhsP/duS+/m1MuXAAJe7BWve1hg9n6vtldo5
Pf//heh/jVCNrlC0gQLjVLsOWlnt3qYDA/ofFgM4/RuKAZo5gAz1L0Pt70ZIUf9LUPsOiNvt7ROi
/fvYeOifNGLwe3h7e7W9c/3a3FpTq7meO829qR6g2oBiDq/v4WiHDqZ5PbTrx4BWAzFAX//DaoB0
1L8MsRv1L0XtL0c4oP7n2Ztv0UQT2ljqnzRCII3ze1psz93cehv//d+sPu/sMAND+jcWA8zWAOkI
GcYAJ/xsUtT+FwgH1L+DvbkUTTRrbaT6pzlra0sL0wVpkPTI99msNeG8m+pyqg26WW3eOUyzpGXz
erciBih0YkA5Qob690FI2zk4oP4Js+3NlWiijbYZ0z8/j+1QKNj+MqrVhfeWWpO7uZ65Utuzo3hB
4Na9uXwrzMFMk5SbR037DO34ehkehyDVYAm+jwO+32x78yCaaPYw1IWM5sj8flJrjXTNrXf3sbxN
xyK9KRTcmhjXLx+aO1O9wM2p2wTat1T/xvXd1dUh00CKvxOWIBwQt9v7Gosm2kQ1lLDMVO7m97Ty
/5OH1yj1u7h1bq5OoN6Xtg+u6Ynp619f+4Zy/5D+dbQvo9yNWt6t0fZyjbbn2fv6iSbalWwo890I
J4QUsRzhgJjHjzc1NTo0E5oJrJctbWlu2q3pb8u4XrdQ/wLtW6b/dDbnVrQ7IaSo/S9YTd6hcLDf
VRFNNNGsNdT/7VwvvMUBtb8ctS9F3ROc6LGdwHppbQ72PlfRRBNNNNFEE0000UQTTTTRRBNNNNFE
E0000UQTTTTRRBNNNNFEE0000UQTTTTRRBNNNNFEE0000UQTTTTRRBNNNNFEE0000UQTTTTR7GNW
f7GVaCMy6SSTwyqJZIGp8T6J5DZT4wqJZJap8QqJZJrZcUejR58ll0imKIweQT6NxiuMfkTJFBqX
S4y8gUoyCccnSY19RPzwUhw3+hEreGc2coJSftzICZpRw+DQ+AIz4wY/gGr0xmfZedzW819gaPxH
0+OKqUPjt/MnKHClConApnB/kws+iVw4znmAQki1VDgu0Z6w9gA6w+x9BUfSYV/zCaQ612LYOH++
U4ZdHfaqPp1TGTZ+g+6pMHEYsQXaz2rYppgZ5w5QYXx8mplxdoZyE+PTzIxLzI3PMjM+xcy4xNz4
AjPjs0x+fjoBzfgtxk5AwT2qjI1z/E4yOs4NTDM6zvnfLDPjC4yOV7AHR6PjOqcx3AbNjHN/n2Rm
fIrR8T6LxqcZHVeMyvgsO4/fNlbjk8y8/xQz49PMjM8yM34bN270+i8wM+5ohn8w7T+OYMr/HLXh
2aD/OgrCt9FxE/pwFKQfQ/pzFOQHQ/p1FOQfQ/oXvt5Q/BDmF0Pxx1GYP34wNl7B/XKdsXH58IF/
q/EKG8cVNo4brx8sGzcWWCwdH7RxHMyNS20cl5sbv9X0eMWPpseNfkJ+3NgVvFLGzX0+c+PGGLZ4
XDrG43Kau5oYV7D5r/HxPsk0k+ODklkVpsZBusD0eIWZ8T5Hhclxw1FAOG4sPWptrMeN5idxXBwX
x8VxcVwcF8fFcXF8vMbB9Pgk0+NTwOS4/lKPyvSw3vgs/WHd8duGDeuMLxg+LBx3NDAsGDc4PDRu
cFQ7bnSJje9TGR2/ztBV0THpLJPDol2NdpeELa6y5dVJktuHqVQ00UQTTTTRRBNNNNFEE80ONskE
RLu6jTiebAKiD1y9RvzSHmDqYM02ANoSOx0xxQ7nJtrYGnE/A/EfiP9CzEf8jwD0O7WwbkZcr3m+
aFeG8TH9V4hrJJx+9fmjsVlz5sx54YUXFjs/99zzPogLAvgsXvyi+9y5c1fi836nOY7+e0zR/P1X
EjFXTBQjDiimk2Z/I+H0eyNimkTXB66ZPHnyzd99tz44NDQMgoNDICgoGBEEQYEcQkNDYd++/bXT
pk2br3n9JL33+LXm+L9FzBK8h+gH42+8Hq+VcHz816RJk57ARwcJF89Jw9MlQ3X9NOT/v11cXApb
mpuhrrYGaqqrobqqEqoqK6Ciohx/r4KY6GjVH/945xIJlyt4bknvNyHuQzyJx3kKH+/WvAfVDNdI
RB8YTyNeiNv/g7gN8cTDDz+88Ztv1iW+8spSP/z9LcSjEk6r9DzS7qxrrrnmCblM1qZob4P6ulqo
RR+orUEfQN6rKivZY1lpKSxcuPA7Cad18oFpmp/nIZY8+MCDh6TSf6W//PIrTtddd91i/NsfEf8X
MVMi1o3jYXSN6VoTt/Pvuuuu1V+s+TL51KkzEBUZBdlZ2fDWm2/54thriEcQf0D8P8Tdt9wy593M
zExlW2sLNNTXa32AxYFqjAMYCxrx70tfWXoan3+PhKsTyb/uRbxw55137vC/5D9A7+Pu7glbt26v
XrDAYeeUKVMccJz2blMsoFghxoKxM4q1s2+77baXVrz/QeDxY7+oQkNCMX5XQl9fLwwOqqGivFz9
6COPHsPnvYp4FvE8an/Zc88+d6q2thZaW4j/Oo7/GuSfYkBVFdQgGhsbYMeOnbkzZ878GF/3EmIh
Pd50003fubu5N1GuKC4qhPS0NKwhgsHV1Q1+/NEx64EHHliDeeH3Et26QbRRNszxk5cuffWTI0eO
tQb4B0JxcQn09/eDUqmEnp4e6L58GVQqFcTFxXc98MCDvzz22GMnPv7402iq67y9fQZR/5Camgrx
8Qn0HB0kJSZBeno6RETI4Nix463r1n2bunDhovNz596zd++evaVUKxQXFUBBfh4UFuQj8iAlKQkC
AgLA2dkF1q5de27GjBmzJSL/Y2bTp0+/5vDho9GZmVmMd7KBgQHUfh/09vYy0M/kC5GR0chNIMTE
xIJcHglU91+65A9+fhfB19dPCz/fiwwXL17C8QAICQ5lz+dfR68pKiyA8rJSKCkuYj+TD+Tn5TEf
yMvNgbjYWPC94AdPPvnkvfa+Rle7rV27bje/54h0T/wTVPhzV1cX8lQGCQmJIIuQs3melnPk54KP
L/j4XGCg33kfuHCB+zs9Mp/A5/ujLwQHhbDjxMTEsJhfgLrX9YFcBsoJ3l7eWVgTXm/v63OV2bBY
+sQTTzysUCiUxL9arcacP8j4r66ugXiM44EBQUzLxCHpmvi8dNGf6Zp4TE1Ng5ycHCgsRB6LiqGo
uBjyUMuZGZmQmJDE4n9gIHcMLib4g79/APMlqv3S09IZ/8Q55QHyg9KSYsB88b2Rc7dLPti5Y8e0
7du2/2bLlq2P7tmz7/1tW7d8tuWnDff+vG3rNHucj5XGz7tp/jZNIui5Yb19g4+3TyQfAzo6OiAj
PYPTOvJMuOjH8RYeHgEpmO9LSkqhqakJ2tvaoLOzA7o6O7WPHR0KaG9vR7Sx2rCxsRHng1WQhXOJ
6OgYCAoMZrGAcgn5FtWbcbFx6EPZzAeI+7i4WMUdd9xxj2SoF0nzlKmac58qGcN+8qGDB6bv37fv
d7t3735y965dH+7ds2fbvr17vQ8fOpR16pSTwsPdXSWLiIC9e3bDhytW9H+ycmXW6lWf7dkg/fHV
LZs2/naszssGY/0aCdfP+4MGdJ40v5qNuOnVV1/dTdpvbmqGqKgoCEB9+gsgl0VCbk4uNDY0Is+d
0N19meWGTvQVhWKIa5oPNNQ34HGakPd6Ni+kuQE9NjY0QF1dHfpOCcsn5F+BgYGavmEwqw0ysF6s
KC+D/fv3yyXcHHC25jypNzFHws09+TUFm/oDJ0+cuPb4sWNzjh45/DTis6NHjuw8fuyo3ymnkwXn
XV07/XwvqENCgiAmOgrPKxXjUi6UYL1aUV6Kc9xKjH+B4O3pBid/OQrbtmyGtV/9A9Z8vqr1H1+s
ubj+u3XfbtwgfWjTxg3TbTnHUTBhr5X0RD2WVyTcPOwhxLybb775TYxpuWkYh2UyOadLjNf0GBYW
znoA5BdUA7K6UDMv6LrcxXyBfKC1tQX1m4vXKpbV/dXV1RofaEDeqTdQx3qE1B9gvUKcJ1K+oHlC
MOYR8oUQjAOUK1JSUrD+d26aP3/+WgnXI3wAsQDxImIJ4k8Szjdo3dGsD7i6OM88e+7sf54+ffqZ
06dOrT5z5vTes2fOBCHHZT7e3peDAsm/IyAhPg4/awarQUuKC7HuKYHKijLkuwTKSosxLhVpQbUr
vS7g0gUICfKHUPSF4MBL6A/ucOL4Udi+dQv8sP47JfpEwbfrvjm24V+O7zr+84c527ZuHe91MIrz
M+fPm7/0xRf/evQPf7hjO/7+NYLWZd6+5ZZbvty//0AV1fbENa9FAuV+4ok4pzng0LygB3q6uzkf
wBhwGR9pzk/xvbqqmvGan5cPzc1NBnyglvUIqUdE/eHKigrIwDqBeA8NCWNzCvo5LjYePD29eh56
6KFtEq7/+CHic6wHf3jqqacPPf/c8xsmT558C/8hV7z/3uSw0JDrPTw87nZ3c3vR7bzbP9zd3Q5g
rA6/4ONdFRDg3xMRHgaxMdGQmpIEOdmZWHPka3kmTdOjkGcaG44ilp+oJg4Owth40QcC/f00uMh8
IDQ4AMJCOH/w8nADpxPHYeeO7bDB8cfLW7ds+XQcuWc5f86cOf9z8uSpOqrTkBuVk5NT0bPPPut5
55137t+2bVsV5WSK76RBXofp6ZmsDiCjepDmBUrkn+aI/NyQ9wHKBfUY30n/ra2tUFpaihoqZDGB
1gaajPpAFbdegMhDf4mK4nwwLCwC55pRqMcEcDvv3jtv3vxf5s6959Ca1WtiL/r5KRIpd+A8YvXq
NWeWLHnpG6eTJ4/7eHtFoh7rwsNC+6KjIrHujMfPkIpzyWzWY+A0izxrOC4r5bU8nF8tSgyjFF9P
6xsU//39hPzrIiiA9wd/5g8UJ86eORV47bXXzpYMrYeMpbHeLl6ns6Qr4ok34i83N09N15y4p3Gq
w+gxNzcfOe7XPpf4V6nUJn3gMuYCivn5+QVsDtDS0oy1YSurCYz7QI2OD5DPxGIdSPon0LlRzyA8
LHwwNSV5sKK8nHFWhHOESLkcPD288JxDIC0NczPG7CIBz5Zq2STPRkDHrUT+Q4MxR168wHi2BOGh
QXDujFP09OnTqYah2EV1DNU1lMdGe82L1cwPPvjgy+7uHgNlGK9UKiXr6fYjd8gqKLBGp+vLaS6c
1fYFyAHFeZ53a3ygp6eb5YOhOUAbtLVa5wNFmDvIB2TIL9WDFJtyc3PxmpewuSHfH8jJzsI5yUXw
9vaB5KQEFstLDXJsnm9jPJviv6qyHMJCg63in2IA8h+J/FPt8nuND9AjrXfRPppfa3xBf619JDZp
6tSpv965c1cSXU/iqk/TzxsY6EeeOoHiKPEeES5j3NOcnfglrtVqFWLQuA8oB7T1ANWFPd2XWR3A
+O/iasIOBe8DLVb5QIEmDlAOIFCNSL1BmhsW5HM+QD2CpMQEQN/Gcw/Dv+WwOD8WfA+hmKEM5y+0
vhkehvOXS74sxlsC0r/z2VORM4b4J/D7H4h/mp/dpPED2g9B63JUu/9qJA7w/vsrPqF5Ns27+vs5
noh/0i7FaeKc6n16pF4NxQaaA6qUKg3/hn2AnsPpn+sNC3JKX1tbG5v7K5D7jo5ONj+gn9soF7B6
oMkiH8jLzYMY9AHSPyE5OYXxz/cJaS5GoPjv6+vL4gGN2853sXGU8ihh61sR4SPiX478zxHw/zsN
/zz3lA9ma/inee/1Gj+YLrFiLXTGjGuvdzp5qjKL+vrIEeV+is/kB3T9Wd7H+Eq5n3p0pFXie0DJ
9X11fUCt9QGaB5Af0Xh7u6IjOzvH54cffvj6q6+//gvOqb6lvEhxmu/vc/PAZsw1XE/IdE045AOV
lRVAaxKUn2IRfH9I2CumeVpmRjrrM8fHxTFurOPcFMe6KBOAags6T1lEGM7//LAW9bcI4WHByP9p
+YwZw/gXav9GAf/EPeUD2pPD752wqE7AGnOml6d3BemO5msUmylP9/Z2s3ka6Z56r1FRMTgnr2O1
Ad/3F/qASsA/vxaEPDadP39+85NPPvmfwvf8eOVHyxvqaxkvhQW5LCZT/c1qcOSN5ggUH2iOQD5g
eG7I+0AVlJeXQUpKKssFxD8fA/g4wK0Z5mMdHsL4L8d5ulV8m+HZGBj/NVUgR/6pzqe63hJEIP8u
584Q/3ztZ4p/Xvs8/3zflvjn91GZvMfi5ZdfeTAhIT5fxdZyuxkoF5CmKKZSbsU5AON0AOM5xfRh
PoB6J1BeJ91HR0f7IO//39D75eZkrWD1eWG+Drg1vWxNjC5i/eAWTT1gygcIRYWFrFeYkJDA1phz
c3IYd7wf0BpSUmIi+1m/R2OOb0u4NowSNn+VR4SzOX9IUIBFiMB6wcX5LPI/g+efwNd+xD/F/l/r
8T/TAP8W32Nz33333RIZGRlA9Tnla8qrFPspptL1JB74XE55QugDShYDlCx/d3f3wJEjRzbjuRvt
t2FNvEKfe25dhwP5QVZmOsb1DNZXohzQYqZHRLkgIyND4wOJQD1Knk/iPh3nfjwvwzi3ie8SEyhl
Phopj2B1PfV7LIEM6wXXIf5/pwHPP5/7+drvBo329fnnawCL77G69dbbrsUcGUU9+BSMoRRPKQbk
Yy3Nzwl6WS0n9AFuDwj1gEj7+/bt2zh58mST74V8rzDGPQ/6O/lAclIi1nlVXCwwGgeqGYqLiyEp
KRlfk8zOv7CggPV3qP4f4rxoGOc2cV1mHJRn6utqIDpShvxfYr1fSyALD0X+z+nzL6z9bhTwz8d+
4n+GZGjf5RQL+BeumVG8uO7A/oMhSUlJkJiYxHRPWqJrT5yzeUGPrg+Q/ol30v7Ro0ePI/dm92EN
8T+cd30fSEtNZjm7SrNHjPpFTY0GfKC2ms0HqEeckpzK1popBtBaZHxcDJsL8mvHfG/Oar6N8azp
FxKqyouhFtFQUQRNlZjDsM6Jj8L5U6AvhIdw/d5QRJgJyCNC4bwL4/9mia729WO/sdqPX/c0xf8U
zfPJl+h9bp0zZ85Cby+fy3TdaM6fEJ+IdXOWJqdz84JeHR/g+jpUp2GcyLjxxhtvF/idGf5NcY85
u5gD5YLYmCggn6ypqWW5gHoEhuYFdXW1UICap31m9Blorkp9C1/fC2zuH4d+kJySiLVBFnsfa/nm
+4WVxHOZhudy5Bi5rsafSzDeZxWXQ0h+DZzOaoTNae1wKK8bDkVkwpGgOAjEOWhUyCWIRsjQF8IZ
30HDQPXieVdnnn/iXjjvH2nuF3IySfN86i/Q2t4ixDOLFi3aRTGf1vQphpIPUI+eeGd9u26BD7D+
QB+r02tra1XPP//8ComF9/DhtV9hindhb4b+npmRhvOiQFaTEM8G54a0rxRB/fZ0PH9CdlYWi19n
zpyBgwf2g9PJE+Dh7obz2Qi2rkPHN8Y3r+lK5LkGua1HnonrKp7nknIIL6wB59xG2JnZBmtTuuDt
+D5YGK2GJ+QA8yMA7g4HWJWmglXhNXB38CAsCu+GVRFVsC88HXzDMCaEBkIM+oIcfSECf6Z5fxgi
UqbD/28F/NuS+4X8T9Ho/n7E64iPECvffXe5nPZpcjE0hc2jaC7W3cP17C7r+wCiGXnw8vKKx7h/
p2Tovo8R8G+8H0uxm9bkSMMVFRXsPds0c0PygSatD9SzdePs7Bz2GWg9mnzZxdkFvvrqS1i79iv4
6acN4OrizNZwKb/w8zTimTRcx/OMv5eWlUJ2aTnIimrALb8R9uW0wQ/pXfBBSh+8lKCGRXEAf4oB
eCgK4BHEo5EI5P4RxEMygAcRX6cr4StZNdwbBnA//v1+fN4T+JoXYwfg0xj0nag88IiIYT3iqBB/
iEREyULB/byzDPnn875+z2+2xPrcr6N/PPbtWPN/uHDhwqNvvvnWxXXr1sXHxMT00L5eip00nyYN
UV+A1mw4DPkA9QqoF1RXVw9vv/32TxIuTwn+z4+l/A/XvD4KkSeq4zw9PRi3tDeE7iXh40Az84FG
aMA5K+0hKcgvYD2hLNQ/9S8plp13dYUDGAN27dyFceAkxgAZlBbmQmVpEZQgz7nIc1RxDXgVNsKR
vDb4KbsLPs/sg2Vpang5BeC5JICnExHxAH/mEYu/I55CPh2i0ReIW/SBx5DnhzX8r81QwjfyGngg
fBAej+KeuxBf+wwe69lkgMWpAG/ge6xK6YBt8WVwNioFwiIjwWuI/99Ihmuf+Oe1b8m8X4f/e+65
5z+cnV0SMjLSB+ga8v0+4rWyspJxn5aWxtZpaX2G1mmoV99NPoDPoVxA/NO1x2vb9fubf0/7RChP
WdR/HuLfHPdcj46ek5GRCp4e7hCF14b2DhD/bYJ1Q9pDQHGAQPuGsrOzGQoLCzV7SWrZfQY0RnuH
IsJCwS2tGLbmd8G63D74IFsN72QCvJYB8Nc0gJdSOSxB7v+KPL2IeAF94HniLQFgEXK4EPX/5xgT
/GMO+DZTCWuj6+F+/PuCWO51L+AxXsLjLSXu0wHewvddlo3IBXgvD+Cr/AH4NjhDNu3amXzNL+z5
jjT2a/lftmzZfKrt6T6MTlp/w+tI6FC0szkr6T89LYP1VIh/2q93uatT+8h6xN3dTG9+fn45U6ZM
WaA5P4v2WSHvKyzhne/P0t9ov80FHy+s5y9iTVLGrR3Q3kG2jsD1CsmXm5sacd5VznyXQPxz9xlx
/eJq9O9KHI/HHLs5uhiW5gD8ja59FgJ5eDOD4+S1NI6fV5D/JcmcDyzW4/8vBvh/DHl+CPmfh/z/
N/L/OR7zgDwX3opohqfwNQ7kR3jcpWnce72N77scz+ED5P2jfIBPCgA+Kwd4N7ZBds3M636rua6j
Efu1/L/22uv3RUfH9NE1aac1NwStvdF1LC0pZXs6MhBU+xHntEZXhZqjuED5lHIu5QHKt5s2bQrH
Qz4u4fKUZfwXF64wyr3eekwZPeLfczLTwc/bk+bFbA8I1Z10XtSXot9p3k+5i+IAzRWpVszLzWc+
LLzXqKqqgu0bjI+Uw+a4cvgbXvu/Z3M8/C3DBP9JQ/w/k8DFfwfk/wnU9MPI/f3RXA3wZKQanpH3
w9/lrfCtrAp8c+ugLNgdes86QoL3WTgYmgyfJLbDa+gXr6Le30V8QLwXoq8UAXxRjDVDJcDH8XWy
qTOv5+O+sdhvqO43GfvJXkf+Y6Pj+uh6tLI112bOB9q4PTmUOwm0F6AL+W9CTXH5NJvVBHS9KffT
/s2PPlrpj4ek+3JprcKi+F9ihH/iuaykECrwsaq4gKEcfy/C3xMwJh1184KdJ06xuq61pZXlJDpH
PlelpqYz7olvyvsF+YWsJ1TH7yXUxAFae4qPioKNCVVM++/y/JP+04f4f5lyAPL/AvK/CLl3QDyJ
/P8FuX8uTg1LY/tgVUwzbIoqgxNRORAUGQfZkSHQFukNfZHuAFGuAAXx0BCKj6fXA5xDOH8PvW5b
Ie2iC5yKSoX1me3wCfK+EjW/pgy5R6yvAVidXBeB/PPzPf31HiH/vPYtqfuZvfHGm/fhPK+P+iWt
rc0sf5IPUE1dRjUv1lhZiPKycsY/1Vu5OXm0jqfdv0Wxgv7+0UcfBeEhn5dw92xatL+9tLhgBQLK
aI9sUT6igPFejLV4Pr5/SkUVyCsb4FJ1K7jWdsHh6ssgzaqDd1yC4YtjzmxeT3mf6pCioiIW76lH
QfsBKH9RP4D2CBUWFLF8Xy+457AWfYDuJUyIjmb8U959RxP/X0f+X0YsTuewBPl/NUUFy5N6YF18
E+yJLQGXmEyQRcdAYWQQdER6Qn+kG0CkC+IswpnjPOo8qKPcQB3tDv2FyVAX5gGDZ38EOL8BwHUj
9+iCv7tKod9jOxQEOINvfBLszG+F9VXIfwvGgfSmiGkc/zdKTNd9wp6PJT0/yZtvvjkX8z/jn/pp
zc1cb5VyAHFO+2iI74ryCtbXo1qLdESaorhKPXnyC8oJq1Z9TvH/DQl37//1xt5TaEUlRSvycb6d
WlEJ0dX1EFTbCl4NXXCmqQ8OtahhbzPADsQWxOZGgA2VffB1Qim8dswTVh9wYveBkP9R3UpzQdpD
Sn2fPLaXtJn5KPkF7S8rw1qB31tOPkBxgOqAxJho+GdSPbyC8fdt5H95Bs7T07phQ3I9HE0ohAux
qRAXHQnlkZegU+4OAzLkVX4OcRp5Psc4H4zkeFZFuYMymuAhgCeoYtA/ilKhPsIL1C5SGHTbxOH8
TzDovgWAYTOAG/qE2wYY8NoBpSGuEI65bkdCTsTU6wzyz+f+Eff733vvvXsSEhIHKP6zdRXkn0A5
gOp/uo4E8oX29la2b59qLcqt5CP8PRyku927dmfgIeme3acl3DzFbA5wae1f4dSuhqMKgIOIve2I
NoA9rQj0/V3I+84m9AHkfludGqQFbfBZYBI8v/UofH/0DNYCmez9WV8K61DyUbaPEM+R6lWKS1QL
EKhfQD2iBk2PiHqEVAvQnmWf6GQIjEuGtOhwqJVfgO4IV1BGoIYjkOOIUwCyM4zzQbkLqOWuoEK+
lci3kviO0uMbuebgpYUq1gv6i9OhXuaD/G+AQZ+dMBh+GgYDjuDPu2DQcxsMemzFx+0w6PUzgNd2
AA/0B+/tUOu0IQzr6us1HAt1zud5us789+1Y9V0o/v4Bd4SFhasp1rfx+Z/VAM0sR3K5s4DV2W2a
uQHFgA62V4cD5V66tl5e3g1Tp06l722g+/7/qDlXk+dytANWHEHeDyPvhxAHkfv9yP0+5H4Pcr+b
uEf83DAIm6r6YF1SObx71h/+/P122H3ODYoL8rm9ZDgH7RbsJyOfoHWouto6VsdSLVPFfFwzP6Q+
Af5cXVcP8thEaAnD2B16DCDcCXEa1BFnQS1zBhVCiXwriW8GtyHeSedRAs6jBZzHeuOjN3scoJ/j
fKC/JBPqI31B7Yqa990Lgwl+MJh0CQbjL8Ag5onBUCcYvHSA+YPaewcCfcR3D/T77AyylE9rLSJC
Nik0NOzt6Ojo8zk52RmYMzuQfzX1UUgfRYXFDJQ7Kc+SD7Qh/wqGdjZP7OrqYHkgLi5efe+99x7A
w36AoO+BoRig/x1OOnakHfkXcH9Awz3F/d0a7f+M2t9apwJH1P4nAUmwZNcpWLhuM3j6B0IF1nxs
TyHtKWUxAH2A30+IPlBbU8vqwjKMX6R5miPQ2kEl5pyK/GwoTY6GUpkf9IefAxVyrow4B0rGuYuG
d9ch3iPddLUe4zHEeayXDt8DsT4c4i4wKJHjgbIsaIi6CGq3zTB4cR/y7wuDiZc4H0j2RwRwP8d5
M99TBx4D9YU9AP4Hxox/PV+Y6u3lc9PKlR8/4ed7MZHyPMX9Eoyd7N69xkaOf5ofCH0AYwB/L8/n
qz6X46G+kHB1AN2HQznL6B60Y52w4nCbLvek+134+DM+bkX8hPz/UNEHX8YUwNu/eMKz326ElRu2
sf0ItP5He036+X3FvA9gHKB9hFUYwyg20b2EVdU1kJaYAA3hHtATehb6Qk6BMvQ00zvHvTPHPeZ3
xr3cGO96Ouf5jhvie4D4jvfVQhnvBwPludAQfQnUHhjrLx1E7i8i3/4ciHuGQBhMCYLBtBDmH+qL
B0Dtt39c+Bfae++9v4Zqpkq8bhQ7iX+qpbX8a3oEzAcwBpDWqM728bnQPnv2r7fiIVYjXpZw949R
zWLQB7BSXrEPtb8bc8DPiO34807ygUYVHMRa/3RRNZxPTAZnbw84+PMG2PDpu/Dt68+A24mjOA/N
1n7vBD3q+EAPVwtUsXl+FcsDBcU4nw2/BMrA46AOcwJ1+BlQhQs0L3PRjfVRZnjn+dbhGnlOIFzk
kMhBiTofqMiHhtgAUGF+V/sfGeI9haDhnUdaMPMPtf9hxKHx5J+t/y9cuGhxSkqqmn0fE8YAqp1p
XyZfI7RpegTafmGHgsVXWmv/+JNP5XiMdRofWCLhvreJ6tdh39X2uWfgirOKPvAsrYLg7CxITJRD
AdZfDQEnocNzJzSf2QiFe7+C8PV/h2MfLgHHpQ6w84sPQSaTsTjO7S9Vsr1nWh/o6WX5gPqAxD3d
k079yezcfMjycwbFhYOo/dOg1HLvose9IL8LeRfGeCHnCfqcI9fIrfYxKQCU9FhVCI3xQaDCvE6x
ndM68pwapEEwp3tCeijLBerAo6AOODJe/PPfz3n7jBkznvH08Kyh+2foGlIMrazg5ohDNaKuD1AM
oHoxNCSsf/78+Sc1PrBGwq0rPizh+kI3aPyA9Qe/WvLUB8pgjHE4FwJXnAuf+xEGnaXQc0YKdcfW
Q9rPX4Dvd+/BwZWvgvSNRfDPZYvhgtt5SEvPYPuM+e8fYPca8j7Qz8UB4px8hN1fjLkrge4b3b8R
8py2QvulX6AvTBPzWa4/r8t9lCa3a2s6YZy/IND2JQ3PQ1wPJAsRCAOobSVioKYIGhODQeWzB9RB
vwzFeR2Eghq5V2eEgxpfrwo+DqrA4+PFP/8de48h3tq0aXMS1XW1WAdSHiD+aS8oab/FgA9QHqAa
MTUlDVxdz7fceuute/E46xHfIN6TcN8DRffl0h5gWiO65ru//ukz8NgEXad/BMUpR2g48U8oO/wt
pO/8EoJ//AhOr1kGO99D3b++CL5b+mc4d3g/REXHsv6T/v0FvA/QfSa0Rkl7lGn+R37Q2toG8tAQ
2Lf6XQje/g1UeByA7tAzGt3z8d59iHuh5on3OE1+J90T74xrDXieNVwPIK8MqGceytQQ5L8EmhLD
QOW7D9QhJzV61/CdHoac80DuMyNAjcdQ4fNUISfGm//HFy9efDgjPeNyS0sT66HQOhvVUqQnbr29
yWAc6GRz7lq2X+z06TONc+bMIR/4QYMv/5e9LwFvq7zSdqAEhr30p5S/dGgH+s88pcswLSktbSkz
pLSdTlkKJB3aAk03IN0pS6AkDYEkJKyBZhKykw2yOrGdeN/k3ZYtW7Yka7Uky7JlW7ZsWdKV7POf
8y3SlSxvEJKMk/s8r+UrXS3nvmf7lvN9CJobQmuC3Y644eHbvrzc8vrj0LD6t1D14mNQuOxXcPDJ
B2HrbxfAqz+/E1Y88H1Y8qN/hyX3zoetr62BgqIS1tZIV2vGdSDK8gHy/TQeTb+d+oFojJLmrh3c
/Bbs+9tvwbz7FRjGHFBhPl+06Zi/V7XdU3mvzOR2Xyv4rkWO64jrXAHkmHhuyOfQEgoYIvTosUFP
bRFEj74FsfxtCTtnKOLQCTQXwyjqR6xgO1170uI/1QAsefrpNzyd7hj1AbB1GLxdzI6IezfGUmob
9ou6nIl0gGqdaP7Qju3v+DAWbBX8097pf0U8lcFzg5/c8aXPbt3z+4Ww5ZF7YcNvfgRvLLoTVv/s
P2H5j78Lf73vdnjyzm/B0gfvgnc2vAV5BUVgw3hEdYjE9ejY+DojwsgI9/3EN4HaAdQ/QHPUBgJD
0FiSC7b9f4cQ+n8lyd8Lu69I8fXq3I5sPcm+kW9tXhLXDI2FKhSBgtwqXXboqS+BaPbfMe/ckbBz
BuS7uSSBllLmEyg/jRXsOCn8z5079/w9e/Zs6RXj59RH2tWFsdPLfSjpAKEL7Ypyf7puQh2gsYJO
N5s3lnU0O/roI49qPvnJT74m+Cc9WIp48ubPfurQqge+C3+7fz76+Pnw3L23w5K7b4Mnf/hNeHbB
HfDakj/CgXffhaKSMnCh3fN6whiMMozGOZcH6QX5+u5u3sdDY4OyjpHVM+DjUHAETNoaCBS/CzHi
PyW3j7fl4jkez+8ohyM/zoB8M6ANR9FnR4ln4rhJPOoIxQIloKA9K14H+BpKIZqzgbU3mb2nct5S
xqEvhxh+FstNineeFP5feeXV/9ek07GxUcZ9J+ef60AXs6WuLm/cp1Lbj8bYJ8oJyQ/Qc1RPRnVj
u3fvGXrsscVVN900bxvml6vnnHPOs1/+9NWZS+/5NjyNdr7k7m/Ds/fNh+d/fh+se+4J2L1tC2Qf
y4V6zCeoFiy+pgAB/Xw6HaB2P6sRoLkgvb2sb5DmpUfkGhSkA8EgNLcZwaPJYf1u4/394YTdq/L6
KMVxxjnnO4r8SSR4JpQmgFzG0eMCX2MZRDH3i1E/si7BeUwvgbzrNRBrrYAYfibLS0r2nBT+tdqm
C9BnV9KYKvl9sl+mA8IP0NhvN5tvTfOruvl8C+R5Mh2QfQOUE9A8PKojycrKHtu8ecvAihdeNL7w
3LPOt9e8ABteWgGbXl0DO7dsgkMHDkJuXgHU1jWw3F3WlSiizmS8DvB2AOX+nPc+hgD6er4GSTRe
r0K60In+q6G2FoY0mWxcbhz36jadyPGj6PfH8y44Z5Ccl3G0lAtoOPQVoPgwdjZVQDR3Cxs/iCH3
nG/JuQRyb6jE10t4bCp976TF/+rqmm8hYlRHR5x7Ol1xHSCd4P3nNNeSQ9bpTqYDFCvYOl9DAXYN
fTbVZGkbtFBTWwclpRrQVFbj//WgQ92TYw3UjouKevFwJMzOx+kA1Z6jz6fr+vv9zN8TqO+fxQmR
Eyqi9pzGiLTNenBVYvtazX1SrD+SaMczZHO7J87JJiXnE/GtF3y3qlEJ0V68f7pKUPK3spjDeJd8
txEqEzBUsdd5TNp/Uvv/MHffSPVTHo+b8c/h5jqAcYDiK6/F4z6W8qu4H5ggH4j7AowJ1D/Pa/8D
Yi2gofiaMJFwKN5+D9HcYsrbqIY0NF4H2HqTyDGvOQrw9ePYuNQgey6pXYDn9GjvcEFLbRVEyg+w
MdkE7yq7j7frefsuirleFOM3B/LeIvy6nlAu+NYkuEb+OKoSMFRDtK8Lelvw/4IdfEywtSKZb4Zq
iBkRphqmG9THGK04dFL5R/v/ZE1NrZfm3lFtLtVTEfdsbjWCxf6BATHPro/ZG/FIfYB8/HhiHfAP
8DEjOZewk+aTtLayMToaU5R6QHZKmEwH5LqjfL0APt43FOA1p+FoDFIP0hEtzRepzEG/v4+P07A8
T23zqv472XdHdt+siuPEeStBcN6m4txQJVANipFQE0e0H+1DXwtK4S7k9aDgXfDNUMNhqoVYex17
XbQ9Tnr/f11t3aPkn2l8XLYFrBZLs7ndvN9oNI1SXy9xztds5JC2TG1D0oF0fURSB8gPkC7R/FKq
LaCaHupjHh7i6wIFg0PjdIDVkou1KKLILz1SjGfrydH6gmw9GcztzVawa6uh32ZgvoY0IYq2b7TY
wFKLPpfyfenzmd2r/b26D+8Yb9+1pLPzSg5m39WCb8k1coz2q5hqOdprIYJ8Kn60i9Y63ueAvDJ7
l3xLEO/t9RAzNzDd4L/p6Ennv76+YS7iQGNjU59e37oTH39otzvYnK41a9b+icZUKR/kdj/I5wYN
DPD6MOSM5gQR9/F4kNpXPMjHZqielGyX+hdp7g7NJyHOCGodGBE6IO2edIGvG0OQ/mIELDYHWKqL
2XhuBNvOgfLD0NdSDTZjGxga6yBYeQT9/gFVv05mGu5FXx717VBezzhPsXVp4wYV50bk1kSoZ4i0
17M5PxEzh+LH+9CGr1FOX52l4l5wLkHcW7T4eq3oZ8o56fzT0dCgnYM6cFm611auXPWMwWCMUD5A
eR2fc8HtUNb9U00QvUa8ky/oFXogc0LqR6I5ZKhXLAZQnxHZPr2H60CAncuaBDbOx3I4vjZFQjd4
/WG72QL6klwIHN/K522U7sF2Fke4DGM9xdw496pcj/l8Nfe8Xy9CfTpqe0+1dbWNE+/InUJ8M861
Ao1xRAcxXhrwNfI/GFvivJsF53g9451gbWKv837F46eE/0kOGie66Mknn3yd9QWgH6D518PIRWI9
J8rpgvG1g6QusPWdaAxZzCOiOEFjSxRPAiIn4PUlwypfz9tv9FnEvVyTSILlA5gHNpYXg/btF2Eg
exMo1K+vGrePsTl46r4d1VitjPeSe8z3InjfI5Tfq3O5uL2n2DrxbpZ2jpxbGgWaIII88kcd8t8P
fSZ8nsaS8Ls495LzRg7iHRGl61EvIqzvOP9045/GCS5+4okn1lIux9sFfG6AtEfiKWGfvO9VvU4E
H6sV3CmR+HM8p4/G83rOu3pfAW7rHCHxuWGIYXzvMLVC45bV4D+2lcdYOYar7t+pkP34R5LHalm8
5335xL2Cbf0kPx+P68m2zuzd3Jjg3NrIOSfYdALNDNEAtk/b8ZzmA9XnCT+v4hyv5cBr7S3IP34W
5p6RxsLTjf85F19yyRX1dXWtvZjvy7YhrW/Q0+NlNizX/VHbqXpviEhKOz5JLwQSPFPen1hrRq4n
q24X0GtD6DOcBfshmLuVx9ik8Rx1G19l92q/L+2exnEo35P5nOQ8zrvgntm6VmXrCa4jthaI2PHR
3sLh0ENsGH2fGZ/D74+iXRP30TjvxLng3a6HqKOV+YCIrgRRfLrxn/HrX//6+/7+/rFO2TcQ7yt2
szYj5X2UF/K1AxUWt1O5VZ8nQUlZT4bWE8J8n687EYy3D5PahuQL8Jo+kw7CmPvx8Twxhi/n5CX1
7clx+wT3NJ4ToXyfxmvi8V3FOeVwBIvKx8dtXcU7416PnLcm0NGG/A+C34LP03fjdzAfH+ddL3gX
3OP1UfocbHsgTjv+NRrNdsrlutHvd7qd4HHzuko5XkD+gNZyZ3MC+nhcIG6lX4+q1omithxbN0yc
q/+PRBTwY7u9f3CIzeniNYcp7QKMLyw/xOs7XU4Ilh0Q8/DV/fqijyfJ7+ck+33knvFPOZ/a3s31
zNYV5FuxpPp3aesS+iTOIw4DPiKcBogFA+C3tkKYvhftmnOv5lzwTnAaQcHnw/oKwmnHf2tr2xaq
q6D8j/J66humfqJ4LEAdoD4es9lS0dKir3E6XWHqNySwvh/KF4eHxVoSwTifcl3gAeTc2elhtSaW
5gZw1ZWBv7eH5RaJtiFv71ObkN7r6vKydX5HMMYz/sf166fmezmJfE9yT2M5rM1eJ3x8Q5x7HtsF
52rfzjhHdLQKtHHOGYzIPcJl4vzb2iBM34m5JfP1DjXnBlCIdxfBBAp+VhjbG+G2qtOR/6sQryKC
si+gj+aKiLoa4thiseR95zt3XFhervnIpk2bbnjk0Ud/XlhYmC/HDWVfYa/sKxLzSgfwvW67BZxF
hyBQsIuPl2WvB39lNgyytv4I0xHy+WyeV4+P9/no6iFQlS1sf5/gP3VMZ7zfl9xHaM4GtfNEXqdY
GoTNN4GSavNxO29L5py4dspHE+Odox1ioSHw240Qrud9SnHuiXeX4N1tYvPEFLcZdcEAYcw5Eacd
//IwGAz/2tbWtpdqrlh9BfI4OOincbv2W2655ZrU6+fNm/dZj6czxOaPiDGj1H7C/kAAvI0aCO5f
S3NfYfT4Rojlog7kbAB/UzkMjfC80oe+xGzvAKteB/01uWysdJTm68e5V9n+OL9/LMXvI/c0nsdi
vVbYPAJtXrE1sbn7HC3ML3O0oY0aGE/cbg3MbonriFvCLGBB/odhwGGCMM0Paa1g3MftPc47ohO5
77Swzwpj+xJx2vIvD+T/dkQR+usx1IOe2traeemuO++88y5qbW21kA8gn+HrUdm/0IE+9P19tcjH
4dchdkxwn7cZRnO3QDRvC3j19WB1uMBiaANfXRGbw0P1ElEay0+ar5vG9mvV+b7gXpvP+3oMlZxz
afPM7nWcdztBz+bwK2i35JsVp+AP7Zz5a8a3ifPdKeCxCFghFh6BgY52CGPuF6H+BNKbdLzjtTRX
TOnEa1EXw2btac8/HSaT6Zx2U/ttVos17Vqf8mjVtx6mNiKfP5RmzgCtBV+ZxWofYsfeFvxvgVj+
VhhFKIXvsNdDZftZnRbNpUiq0ZiO7TO/n8vsnvFP/bwit2f8E+9WYe92snlh9x3C5qXdM9tV2Tny
x7m3Ms4jyGOkCx+7bMh/CPk3Q6gJ23TUpyB0ZhzvXTY2V4w+I4QxB/G/gv/pHlqtdi3N3/WLsfo+
vx/68Zzgx7zQ6+uFoZJ9MJqzHmIU+3M3C/638fmQVJ/HanZ28vlRslajPA3/8TFdle3XHx9v+2SP
jHOyd2nzLSqbb+N2TzYv/Ly0e+bnOy2Cb841h53DS3BALBKCQZcFQjps01FfEuOeeBfcE+94Lc0T
U7od7L0h1D/ErOIfc8avYc7YYbXZB6xW24i93Qh22lOHYDWDuwVjMHI+qvL9ZPsJ/lV1G7Jmo+y9
pPmbifl7k9i+4D6CcT+K8T7RHm9h4DG+NcXmRW7O/Lb085YE/yq+OTo4ujtgVAnDoBttuqWcjweS
3cdtXvDOuHcy0PtC9jYIOdpmFf90WGz2i6xW62VDRXsXx9DPR7P/h82LpNqs2LENLNeLHU/2/Zz7
HbxWL6lGcwLfnzSfQzVPX+b88bhfzXln/XC8/y0e4yX3Ms4zm29nsZnHd5Wf9wibF3xzOONg/Hfa
IKTX8PFAZvP2BPd4PeO+x8XmikV6nBDCGBNyGmcd//KAQy8/xGqhj67jNZFZf6d6J573Mf5Tff8O
7vcl/3HfL23/QPJcrqQ+/vRxP0r9sEn9r61pcntVnuaW9m5J8fOOZM6Rx4jPBWHkkjCqRCDQiT4d
25g0TsR8P/l7Ne89buS+E5TeTvbeEdS1EZd51vI/euSNRaNH1sEocs/aesg91bzFjqt8f146379r
at9fnWZsd1zOX805V/XFcbtP9fXc3zPOKLfrVMX5JD8veEceI8R7L6GTYTSqIP8OCFGfTnsDy+3C
1IdA7UXyAd0uzn1fF0QQ4V4PjGC8GOm0zmL+1y1iNc4q/pn/j/t+EfsLtql8vzr2p/P9h8fnfbJu
g8V9wX+T6IMX8Z71w7I2eZvK7mXbrD2eoyf7evs4P0+8R3ydcd6Jx3Cfh/PfhTHdUIttukYIWXSY
2zUj9BTj0c+bIEQ5P+pT2MffN+Kxw0iX/Qzhf32K758i9qvzftHmn5bvj9t+Fedcjrc51HYvbN9l
VrXPLAneGRwJn98j7d7FuI+Q/0b+In0eZsuRPi+bgzqM/NM6UGEL2j5xbxfcdxi5r0cfM4LfNYLf
M4L+ZMTrJJwB/P89Df+Txf49aWJ/Ot+fld73k+1TvsdsXh/vg0/2++0Jn89yNWsi3stc3Su490l/
74FQXzcE+3tg2O+DIX8vDPppPc1+ti9Ob6cTuvT14G9vgqAV+Sf/j98Xxu8J4/eEiHfUK8Y9+pIR
jCPBHvfs5f+o4J/5fuJ/g+A/Xbt/urFflfen+n45zkNxX9h80tiLhOA/irYflX5f8B5GXkJo48He
LkQ3DPX5ICA4ZutjDfB56H42J9IfB9Wr0xoKDfV10NykBb1OC+0tTeAwNENnux567SYIYLwPUoxA
PxJiutQFI31ds5j/N5H/SXK/Sdv904396ryfj/Ex2+/g/McIHSLmu2S73gJhskPkIejzwHCvFwL9
PmbLA3GeB1J4HkjCYAqo/oDmU9M+FrSOfROhUcv2nCXQcy26RjDodWA1toLTagKv0w79Xa4zhv+p
cz8Z+9X8p47zZ6rm8sv1N1RjPm2VaO+cb+qzDVOOhTY9jDY9hL57sJ98doLjATa/WWKAjU9OhlTe
1fzTGHmjtp7tZ5OEJg4dA9eLpoROzG7+k3K/afb7JOV+adbmYfN6syGCfNN4S7ClAgYN9TBgaYYh
bGcFMD4n+eyJuJwQgzOG5L8pHf+T4wzif4Lcv2A7X6+JxnsI2Aaked1RUccTQXsPagsg0KyBAeS5
z9wMPoyn3S4HeMWcFI/XAz00vyAwKPyzrEVSYzLOE7wH0iEwORL8N6BNN80EZwb/COr3ZWse0fpI
tP4d6QHGf4r7NM4bQrsers+HAeS5H3n2WVqhu8MKXS4nm3fSSfOQvF0Mnq7EXjBsTpq3k9UdxHlP
w31AjUACg7SepMDU3AfSIs4/+nVaw34GmLX8w+FXF0Hma6zvl3w/je+Hi/eyOp3B+gLwN1eAz6gF
r80AHqeDze+jmnA3cusmrj0etj6R3POJ1ax65HzkxHxEeo7mGsk9ptXrl0qk535qu56I86EUcP7d
oMPYrm/WzQSzlv/B6mOL/A1F0NtSDd52bAc5LNCJPLP12ZFbJ3LsonV6ybbjcEGnqi6ZweMez72K
f/IBA6LuNJX78baczP9QKobUCEwbjH/8razt16KbCWYt/x2dnkUIcKL9OpFPF+3hKfbxpP1yCZ0M
fF/HBPfuZEzCPfkFZvtsTeDkWD5Z/D4xvA/FkeC/ke1rOwPMWv5dzo5FLlcHENwMfA/fybgfx/+k
ds/XraD5ZtPz62l89wTcDqsxrMZQWoyNjbLfS2182ndwBpi9/LvU/DvT8O+a3Pan4J7OaZ7ZUGBw
Ct6nz/1MeU/mv5PldK36lplg1vM/XdtPx326fE/GfG77/on9+rT8ecKHy9r0yXgOpiLIwfjH36hv
aYrvcT9NnAH8J3Pvfj9+P5V7j4fbvlgLnnM/tV9Px/3wNLhP5TsVCf51yKl+JpjV/H8Q258o1/dK
28dcPyDWJpiI+/T+fDIbH05CUCI4OWgtIuK/Ffk3IK8zwCznf4Y536R+X3BPOX9PT3xdiolsezp2
/UF5H8e/Xsf2sZ0BZi3/7mnyP12/71XZPrXx+Hoi6TEZ9+N9+VT8BsdhJAXEP/3eNszpyK5bxSNx
bCQY2sCkAp0b+WuzmH/nohPt97tEez95LZnp2/fM7HoS3keSEedfcF9VUQ5VlRVQU10JdbXV0FBX
w8aGG7Vi3K9ZhzrA9OIs/1Paviet7U/lwz+YT58e78n8e+K2X1WpYTpQqYZGogxqq6ukT5jd/E+S
80/X9r2quE9r1pPPnin/E3E/IjEiMTHHCYyMA+Mff6OhTc/adWT3NVUVE0AD9bVVPBYYzwz+T4zt
83UHGHfTiuHj/fdMbHo6vMu10BL8t7IYUFtTNSka6mqRewNh9vLvVvP/QXO+TramwLBYQ2J6vvxE
cT+e7ySEOP/0Oymmkw+gmD8ZKBeg9SzaTbOf/xNq+9OO4++Pe77ukBoj00BIxT/P7RvqaycF5YHt
JiPhDOB/6vb+ZLbfJWyf+/3xPE/PltP77nF2PS2+k9coVPOP8ZzFdbLvyUDzRMztRsIZx/9MbZ/O
aXwnsT5Yso1Pzf+J5H78mncJ/rtkTGfzwCYDjROb202EWc3/pL5/Gjk/t/2eCX38RNyHknz59HlM
WstQIjw1xiDBP8Z0Mcc3Bdju1wnQOOGZwf8Ht32K+yMzsPPQlPY8Te6nwXucf7J/bxeL6cQr9e+k
zvVr1kk0srlftAY/Ytby3/k++fcm9fV1zyjGn3zu+RqmtEWR5F/wijCxGC/yPBEb2uJ9wWc0/9PM
+5jtk12fYNufnm9PrFEbkYikB/FP+2eS7Vst5klhsyadz2L+XYver++Xtj9R/jYjnqfJ8USYjPcE
/2PT5j8FZ/mfIO+jnJ/v63bq+J8O93H+u73Mp9uslpngzON/Ct/P9iPq8Z5y25/K5zOI9azpoHUO
Xc4OFu9Ijm7MB9RtGxkLaUysw2EHu81K/Becap4+rGPm/Cd8P9XsnErbl9zz/QsibN9pvudcTOxH
ORbfm1LuQ9ZQXw9bt2xBbIaVL74Iq1ethP9Zvx7eeutNePPNdbBr1zuwd+9uOLB/H2jKy1g+iDqw
+1Tz9GEdjP8Zxn65F9lU4y0T8z9ZHj+Swn1i3wG5ZjnxqOaVQew/LvcpofEHqimg9SxpjUuvsHMr
+vPq6io4kpkJmzdvglWrVsGSJUvgD3/4AyxevFhZvPixwF+e+IvrjTfeqM7MPHzYaGx7BX3E9aea
pw/reL/8U84/c9uX+0ipuRf7ySmKsN+o4Hd0nO0m70MzzOYN09xiWrvUx/ZG9bJ9UFitqUfVpuE+
PYb/D6NsmAJ66lF/j/b2dm/Ex2XdXs8j+Nydvh7vl10u59Uul+vioaGhj5xqbk7GkZb/yeb1Jtl+
sv0n9ovj/Es7lnvMqPlNtWHJL10n94omGyY9o9oR4rhX7GdG6xb3dHcxvmmPA7TPUXwM4qMPeWzB
+JSLeroNf+9K/L2LUZYfoVxfRxmvRXkvcbud553q+366HFPxnzjn19AeM1THx22Y+/J0/nl0dHzs
lfvM8HXjR4QNB3hNN60BgDz7/X1sDXq2DnWf3LPMF+7r9Q3g/0bkv8Dn69mJ7c7VqAd/xhx0Ierj
N5H/f0L+L0X+zz/V9/R/0yHnf1ANgBwHYNyjrVNuTLGTOOHzuYYZb8TxOG7RrqNijxk1v3IOoJz/
z+v+EmvyIO8RfBxE0Jrk5X5//3v4fa/29/c9gXgAdeE/UBc+h/x/FPm/4FTfr9l24D39Fa37PSj2
BSa/zX11VOzdHIvbLY+9glfBKa/nFVyqeeW1fgpeE0C4EBWI/Yh1iGfwtUV4zfcQX8L3fwzfcyHy
f86pvh9n2oGNpHsQ5YidiJURRVmD/GxFPrJRL6rR9toRfvTBQbTBKPlkvlZ87yja6RBy5sFr6xFH
kcuNiGXI7S/xM36A+DLiaszTMJ8aPPdUy3r2GH8g51cgPoO4WD6HbaV/wNj6CYyxn8VYeyPG3FuR
8/vQFz+KOrEcsRq5/yP66h8i/19D7v8Zbfgq5H7uqZTl7HH2OHucPc4eZ4+zx9nj7HH2OHucPU7H
A07CMSf5dCzlS2MZS5POwxm3qk8Hbs64+VrVueMTGZefrzpfhlKcqzonqVTfOMbEXDrD85TPU537
2ecb8L+SpfLr2Q8YyLgsfjn+gBh/15i8z/Tnsvj5nGXiPKYmY07Keca1eDPUx7kp5xlLk6/PuCzl
9fPxfE6J6gm8/nz1Of6ey9Tn+DuvVZ8PpJw7Us7x/1unOF/6Ac7npJyfm3J+fsr3XZZyDiXq34v3
O/U8rL4flzH+zlWfx/hvUl+f8e2U84xJzmNTvD7T949NcQ6p5+eknG9NOR+b4Tl80POSbySfDzyb
fB4eSz6Hqc4h9bzk7PnZ85NxvjT5HEB9nohB7FwVokqST+lcHdCgMunVD/f4lwzuz5bRL874dMbZ
4+xx9jh7nOCDspArEP+EuA7xj4gLT+kv+nAPGmP8hwwuNx0XP/TQw7uXL3/e9te/Pmd6/vnnrTfe
eOOvVNfTeNVsmVPwj5///Ocfv/rq//sL/P8qeuKCCy64vra2tpfmQdJcDnpcvnz5fnE93aMvfumL
X1p6zTWfuh//v+RU/fAPeMz91DWfWvj0U0u0RqMJCgsKfJdffvnD+PwXrr/+s4vtNluM1qGjeS20
z/m7e/da58yZcwe+/q/f+ua31jVqtZB5ODO6cMHCfZdccsmNp1qYmR633PKNu+vq6iESjsRzi717
93Y8/fQz+nff3RcqLS2D/PwCyM/Lh8LCIigqKoJNmzb3/eUvf9FWVGiGaJ471UO0tDTDli1bbFdc
ccXHT7VMMzluumneLYoSZXLTmnJ6vR5I5ry8AsjLzYeCgkLQlGugqrIKykrL2TmhuLgEyvH5piZe
4+vssMPRI0eazj///A88hr3mpZfmvrT6pU+9vPblry5f9tyHcT/Jz5FfJ991IfLbRHPoClGuQ4cO
Q3FRCRiNRuju7hZ7YfmhB22gr6+P1T/Z7XbQahuZXuRkH4OKigpW6/Dwww8/Jz7/UoE5k/2ITZs2
XfD2xg3Xbtyw4bbNmzb9Zsf27a++9+7e49lZR03l5aXDx49lw6oXV/Que+7Z7GXP/fUPeC++9OIL
z3+guZdou3Ouvfbauy699NLf4ekdN974b09lZh4Zzke+jx/PRS7NbC4qzWGiuUw0/4zkbWluAZfT
ydakJF9IdeAdDgeQ7eTm5uE9qIS1a19uQh9wD37uPVdfffUfP/7xj3+VvvPpp566MOvokev3vffe
/AP79/028/Cht3JysguKCgtsVZWaEdpPitaTolpSu82Cn2vD73JAY0M9HMs+AjlZmfDe3t2w+e0N
sddfe8X4+qsvb/ze9753zfuR/7rrrru1srIqivyOvPzyy7rDhzODhYXFUFJSCv39/cwOaN6WnCdN
9Zgej4fdA5q7TT6Q5s3SOmhsvxb0i2QzRUXFUF1dA2+ue7Nj1apV+prqati2dVvnunVvFFdXVXZo
G+oiVB9Na+dY0V+QnA67ldXH0P9WVi/ZDhYBeo3WUMk+cgiO5xyFvONZkJ+bw1BaXAD333fvb1Ec
0gXS4enO+zpv9eqXikk2OmhdUbLjsrJyGBwMxP0fzUmU89bk/3JtcT/eI5rTKO8B7QdA+x20tbZB
SXEpswvyiVT3V1dbg59fzOSyW2VNaEJG6yQg+Yn/7KOZKH9WEjRlxbDg/vueQHk+irga8X8yePyl
uasTzpOaP/87P3W73XwfU/R1qAdM/t7eXia3nJcpj1AoHC7XaEqzsrL2ezydo6QHPpSd9ITmcMXv
AX4m7ffQ0tLCfGSTWPeCaqALCgrYnmjE78QyizpJawIOtAFaPyUn6wjkoh9QQ1NWAgsX3P9nFOky
xCcQV2Zwf0bnF4v7ME4nbv+P23+Avz1CdT1Wq5X5cavVxup95PxjKT/KfPjmm2/+Ir3vgQf++ytk
k3wtx1YW77gt9EIP+kipB1QX1tDQAFVV1WAy8hrx+rpaaEXbltynk9WWBvR9dN+OZZPu5yShorxU
Lf9Vgv+PCh24UNgE6cE4/3vHHXd8E2Uf0DZoobamlq21Q/ZAYHPrUQdWrFjxgvo9JmPbPPrttOYF
1bpTfTutfWDDe0fzq+U9oLXxLSgb+QHylzpdI7ue2bdlcnk50CfYzOBEeJ14v5u1kJ9zJG73EpWa
UvjxQiY/xRiKjx9DXK6SX/Kvlp/uxwUXXnjRNQcOHHSR36bfT7UFNCeVHkkv1q17c0fqPXO7OuZJ
2SXaEfXon0iPSA+YLaBOkC/Q6ZrxtQaMj/mMf1ovTtaES5A/IDnddjN02dvBi6D/LegPG8wOyDV1
QWZDO+w/VgAledlQnnsUSnKzoSDvGFRVlKH8C/4kdD1V96n9MlfIrpaf7tH8L3zhCytJdvp9FMtk
HQbpfltbWz/GrRtS5Ud55yVkN7E4RfpAe1toystR7q74Pehm6yO0QzPyn5OTAyueXw47tm8DA17r
Qfk8NpTTxuVstDig0OSGXW3dsEbnh9/XB2FBlQL/XjYKXy0B+IUmAN/KD8GDJb2wusQA7xVpoDD/
OGgriuEnC+//I/60i1S6f6k4J90/Ty3/RRdddMEjjzzy2oYNG9owZx2g3KapScfyGpKd6kVI71eu
XHVI6E56+c1cdg6+/kNhQT7eB328jojiI+UFLc16up9QgDqQdSQTSqrr4KC5B9YbBmCpPgiPNimw
sGEUvl8DcFsVwDcqAL5eDnBzGcBXUPavlAL8pjoA/1YWg69VA3ynDuB+7Rj8XhuA9a298F8/W/RH
oetq3Zfyn6uW/4YbPv9pm802PDYWY+vlGNoMLF7Rfirkt72Y09Hc/LvvvnsFXj6ubgk5nyfltiJs
CIfZCC6rCcoL89Dnl7K2YZfIE8gXtra2Ygyzs1ofb4cN3qlohnubAX7UBHC3FuDOBoD/rAeYXwtw
K8r39UqUXQNwC96D20sUWFAWhF0VbbApqwQereiF+3UACwwAD7UD/K4b4MuPPPN7oevpdP8ctfyf
+9wNn9a36IdlHRDx397ezuK4wUD/m5kPu+mmm/6WkaYd62g3zEOAnXQA7Vhvs0GdwwWFzh5Yc1wD
u7NzYQjvpcVsQc4N0NHhAJPJxPSA1T9hLN9RbYC7W1B2vAd34j24B+/Bf9dF4LFqPyytcMPG8jY4
VlYNTaUF0FWaCZGKQxCsPApjO56C6J7lYDqyDQ6WV8EavQ+WDeC9+t2zvxdcS/kvEvIn6T4d8+bN
uxb5Hqa9Mqk2huQl0Lx92ouN6qHIj3/727etx8uvTZW/1OObd7yrH/Z1D8NWXwTe9I3CWh/A850x
WLA7D7Zk5kA4OMxyA/o8vkaCmelWN362B33ioepmeLXOAe9WNUOZRgPGsmPQW3IQlJK9AKW7AMp2
IvCxHM/L34Wx6sMQqDkO0fdWAu0vB/teANizDGL7V4O/MhMefuiniwXPat7HyU7H0aPZF9fX12ch
3z6UOUY6Sr+PdIHqDOR68o89trgog3erJ/mAbQDz3sR7/rof4BVMkdf0AaxCPN7khR+s3gDHMe+L
YvzgNWz8PlBeQX6xC22hA3XHVXIEoGAzQOFWgKLtACU7Yax0D4yq9z+Xe+DS/qc1WRCoK4DowVfw
XmTCWNVhGCvZA5D7NkD261C/9g8Pp/I01fGzn/3svF/+4pe/IPnp9xHvVN9Kvot+9/79+31zz5tL
foXynrgfWKo1zluHWdMrKP8bPaOw0T0EG5tM8MQrb8CflzwNVpuNtRlYewHvAX1uh9MN5hYdBAp2
gZK/HUbZ3q+T7ft8KLH3LyJadwwC2mJQMtfBWG0WjNUfh7GGXBjT5uNnoa4Uvj1j+em48sorv6jR
VAxSHkz89PNaBFaLQrp777330loNixBfyeA2lXHr9747z6irAEfRPvBlbYSObSsg+6kHYcW9t8HR
3dshImpdlAivPfR2ecHt8UJ11n7o3vca2+s0sedtmv2uk/a6z2aIopxDunJQstaj7MdQ9jyUHdFY
AKP4ObHs9e9H/nOvuuqqn2g0msHu7h6ge0DxikC+gPbTqauti86b99W9eC21r6gt+/mvX//Ju/r/
/iewvvI7KFv2C9j4q7vgmXtug41rXgBvty/eZqI8Oijai/0Dg1B4cC9UvPEsRIp2QaxMtdcz03Gx
z7vc35v2dRZ7vBOiumIY0leBcuxtGEW5R5sKOZpLYBRtJZa7acby33jjjfOqq6tcpPPEvbuT7zEh
7wHbWxT9Aeavyl133pX/kY985EW6D5+58vKXXvvpd2HlwvnwzN23wrMP/Bdsf+t16HC5ueyjY/F7
0NfXD3RvKaccRluw1ZVDsGg3xNLscU57WkdJVuQ2qi0ApbGQ7W3O9jfXl8OQoQ6UvK0JuQn4/Cj6
gljhjhnLj+2dp3ieytfgoP4dAquN9fXE7wHpQUdHB+zcuavvpw8+pLnr+98tXfnYQ7D28Udhy2tr
obysDPr8A6zGWtZs0uJI3PZ9LJeg9pQSVfBznDBYdhBimn3cxlV7u5OOR1HmKMmMfCu6ElCaSxFl
EDVUwbBJC0rhTiZ3DOWO6TUQa6uEGNlHye4Zy19TU/uxxqYmG69NdTM/RX1aBNIJn7wH+D/5A+r7
IbtwOl1gwtje4e4EP+Y5stZc1p2zdQPCEdYuDgZHYEzogj8wDI7aUsZ9QnZu54zzZpQZZVNayhBo
6yif0lqBqISoqQ6GLc0QwfjIZCe58Z7EjDUQI50p3/e+/B/egwepjYb8j3m9Xebe3r7w4OBgvJ+v
T9RIk1+kfInuAdkK5TMUJ6g2k6+9yOuzeT1umPePIO8+1K1IYAAUvAl2zI+D5ULnq4SPY/Z+nPOM
cimtGiav0oa2bqgGBeUjRC1aGLbpIYLvj7UJuU21EGuvR31BO6k6/L7kx3bPeVpt46NGg3E+nT/+
+ONLSL74niKiZlzWEJM9ULykfIny26BYg563GeVaEcMQHAmBA/PD3oK9EMH45m8ohoGqHIhVHOC8
M9nFHvak78QzcspkNqDMKJuCnEdQvkh7Ayi2Zhh2GCCMuU7MyOWOmRsgZmmEaEspfdb7kj/Nce7+
/fsqeT1mgK+/EEquvyVb4Lo9zOIbXxcnkrwOQzQGhrwDMJT9NstpWIzSHEjovPDzEdR7JrvkGmVW
SGaULYKyRSxNELE2gdLRCkGXGcI12VxufI4QtTez90ca8k+I/Nddd91nsF3X3+31sLUfyPZJdvJr
sm5V+jj5XBT/V2KjTO9HxDoVEXxuwNEOIwXvcF+fFNuF7BjfIqT3gmuSWzFrudwoWwQ5j9haIGJv
AcVlhKDbCuF6tHUrco7PMeB9UVAfIrqSEyL/li1b7/Sx9U14fy6139EPYqrc6wmravTlWnojCOov
7HFYmF5QvGfPRxToxpgSInvFGM/9HffzSl0Olx39PdP1JLl1XG6ULeJAe3e0MShuC4x4HBDSFjLO
Se5ohwHviwl1RQthfcUJkR/z4LmtrW2PYfvYI9aCGFm8ePE3779/wXk//vGPH0AfGZXt+n70fz1O
G/iPbQMlez3mZ2UQCEWg1z8IHpMeBiqzeG7H/J3U+xyW10TQZ0fIx+NvV9C3KZJvu57puoKyRZxG
iJB8CKXLBiNeJ4QxJjLOUR8UNz7faWHvCxtrT5T9s8NgMFyJ92BVfV39QvncpZdedoHRaDBTP0Ef
2n//0DD4zc0QO7IORo+/DbG8LdDfiLlADfKKuT3ZPOU4Ce6lzaPsmLcy3sm2kXPyb4qDZEeunYJX
txkiJB9C6e6AkR43hCgmkuydZlA8Vrwvdgjje0LmxhMq/0SHvrVtK+ZzMa/TwfYmGWgo4vvco+y0
r/0ogdo2JHvc7lX+nnGfx2J71Kbj/os4d7TG5Vbc7VxulC+C8hEUnwtGersgRHGRZEd9ULz4fDfq
hKsdQjb9SZGfDn/ZwfnRo2+CkrMRYjkbIHZ8E8q/FWIF2+H/t/ck4FFVV08EBSxVwKV1q/NDtSuL
oFRRZNOCrVZFi9rfLiEESA0JJgHciUjdUARs2cMeliRkm0wyk33f18kymayTzEySyWSdZPaZnP+c
+94kk5hApDRt/8/Ld3mZt9x7zl3PuWezJZ/jeDqetmd9n+uc90N9b8NxT+sXw5v1OfYp4mGlPm8h
3BsQbyVYsN8t7c1g6cS1pLMNTLjWWVu48WBtV4G1owXM+K6xuXrC8IeIvYsHog8Mxri3S4Ow708S
DY74B/N9H8KP/cih/Y6f97Rf2XCs29h4l/NzuYabyxrCG3Mb4Y54I44WnRqs3W1g7m4HM+4TZtwT
zDhOzDT2dRow4bpg1NRPGP6O6K8XO0T/AEfsYex7HAPxQWzs25N4nt517LN1z7nmY98jX2OjfZv6
3LXf+fnMxjvhjn3OcMMxb+zSgrG3EwzdSINWF4GhHtc7bDczfmPGd83YRrg2TBz+or8vdsQ48T/G
z/3TYKd5T3w9O8MJG+JpGR8fy9qA+Dg79T2/htMaR/1o0qrAoGuB/k4t6Lt0oO/u5H1f9LBMtCjR
XKXFhVBZVgI1FWXQpKiE1oYa6FQroVermWD8D47A/xQb/3ac/3ZsA8bf0xkW4m/BeW8qSQZDRRYY
sa9pHe/HfiU8e5GeZngSz+GSmQ8fl9juRHeSrJXzp17CZIpOH+skVyqXlU4Y/gNR+7n5j2sgtYED
578Nx74lPRSMONb7ipOhtyIXOmvKQNeoAK2qEVo1KtAiH9Wj53FEnqhX3/ON+PW9Y8SvJ1qbeA8Z
+ZEvK/1GlpVNHP6m5AuLDemXobcgHrpk2dCuKIW2BgW04J6oJvk30n0a5KEot9CZJ/Pt2sKdp/Rw
uOqdmY/f7hq/Wc+ynst8fFeiK+l7irVO8XZHyROGf7NKtbhZrYZm5P9ULGvY2RHJOTQuPq+G/J2p
mT85vbPP9a7964xhOzxu9cjYtQbkK7qR3iSdiYoK2Wh5wvBXqZoWD8Z4do314/T55ervjffzRmcH
rrG6nX08FL/XJYbnKDF76YyB1okKmYzF2xwlTyj+rjFOh+GuGYE7H7d2WCz6EfGJ+/pdcR8Zu46L
dUZ8F+FPMlZnHOERMaUnDH+1E38X3F37fqRvZ4LbieOVY6674D4i7oeZ4d/D4ixyMdT5OKu8Dgb+
PYH4N38D/1HHPcUuZPHLxsZ39JhWLjFueHk8na3RullRLoNcFk8wm8WUo7hipHuhqJZPLP5X7fuh
uJ3OcyMnvv0GLg/h7sR1tFiMnC9IOluhvZH6Pj9vKM5ibnYmi6tTo5hA/NXD8R+r71kci1H7eJTY
ZKPEIjOahvyf0hkb7Rk05kkPrrAgj2Xqf9r/amsUE4r/aGv+aH3vjN80eiyH8cRjMg36hCT8SYeM
9OCcubiwgK3/dbU1E4z/VdZ8pPU4nOks2BV34ygxiq4ei4T0T2n/rJbLXeLKlLC4QjQm6mprJwx/
zUj8R6z5XAyPXtafo8ZquUJslrH8d9O5K+FPejdDcVYU/G+mfzSB+KvGxn8whsWVxvVoeF45BgHJ
l4huUDY2wCDtgZl0DDmf8rXrJxT/K4x9LoaD6cr4j+GXnfl+tViZ70/unJ3LJFsknZSU5CQQiaIh
BnOsOIb9pj0R2+AP/xb8v0HrDY9fMhJ38yg+5jk5gpXzVWzm9A9pz6DxTjwP06lsb7Mh3dlVVFig
kMTFZoSGhlwKDj73pVgs9qtRVK9tbm763kThP2z/V7u0A675RNvTeHXtSyb75TPnz9XM2mXIX2+P
o7urs7ezQ1eP7Zej1bZGtLW1HsA23Y5t+gcsfznW8zNs89txX/m3+wTUatsepTne1dnJfJUSTc94
FINh0FctNwbYfu/AZ0j+6ZuwPwuQ/4tBevgw9uu7iPNfOrs6nurs7JiLuP+wo6P9v8J2DAB+iPlP
OG5XIx6vdnd3+nZ1df4N8zHMJzB/iPc9EU/yx/oQ4n0v8rbfw+sV7T++S9+l79K/Nl3VkcAA78Kg
+aad7Jo++X52dXpNcPo4oKt5J/k5mTqAf/YIyPeAG7tiWqbkrlP4q5uSeSYQCHomcdfUKcOvgaNf
3fjrpED2nRso3bhrj4D/zRU/5rWHv/byV7jaNZu/DvofCvwvuO7krqxjAq/Yx+QnYgHmvwi+8xPx
XfrPSTfdNGXOzJmzXpw5a9baadOmzf93w3O1dMMNN8y+5ZZbyO6b0d3+fv5nFTU1zPZx/76v8/jX
Jt88bdqKqVOnzf33QTo8IdyT58z58StFRcW6arncfMftd/zvTTdOnRcREV5nQHq1p6sTcnOye6Z/
b/qyyTfd+GhnZ6e9ML/A9NDChVtvvPHG6Vev4V+bhELhL+vq6gfXszixxHDsyFEL2e6FXY6C8Mvh
kJKUDBfOXbRdCL5gJD6beEnSUXr8icfX/pvBnzx58qSbCgryy+jcL1IkgqjoGCgtk4FG24K8YxfT
t1KrW6GysgqSUtIgPDySjSmVqtk4a+Yssm0cacc2LB07emTakcOH7jl65MjcY0ePvnLiRNBXl8PC
4j779OOIwA/e/9PuXR/O+fTj3d86FtFdP7zr2ZtvvvlPs2677aVLF8/rRLFxkJaeDlabhfHmDocN
crJyIC0tBXk6A5PrdnRoobSgFKJFcZCZlWW/++77/jJp0uS1995775+mT59+23vvvntXrFj8i8vh
YS+GR1z+ODZGlJyWmqwpLMzvIzkH2RUy21dlPbNzjLgcAsFnT1n2f7W3at9XX+6cM2fOuGKz3Pej
Hy2pklcZm5RNRpEo2pyVmQlNymYnwcN0de12K5NNFhWW4BygftBCG/ZJh1bL7LxKSmSQGJ9oLy+X
GcmmL/jcudakpERLemoKlJeWQCX2oaqpEcuth8bGBs6+08XGMzFBwuyWyV6RbPakcTHwwAM/fkzA
rR9j2unehAvjsWPHcghSGssJUik01NXxkA8lfW+vUdXcpOnm5efdiAvZ4BFP3o5jqhFhiI6IgiaE
jfTayE9BZHgolJeXQVlxMW+Tydsh17ra4VaDGvEimAl+gjteQnaHEjOOMfL9QfZ2ZHM5Q8DZ3Qwb
W9NxIUnPyCwlGDPTMiA1LZXFTbfbHQxuu83m+DBw57vnzp4+4fNX7+elUglIpXEQj1dduw66dJ0M
h672ViiRySAmJhphbYCQkAuQkZECVXT2o2xgbeK0Ka2ljGuEAu9V4b2W1naIlcRBLA879UFSgsSC
cyVUwNlL3c7DT+vbN+zHZ8ycMT07O7s2Nzcfunp7mF0Ds23o77e8+MIL65zvSXAwK6oqoLgwn53L
SrBOdYsKOrs72Hm4GvuhsKAIQi6dh5zsLCguKgSZrAQa1I1QR/bQZAOKuaNBDmZ1BdhaSmBAmwc2
oxrkMcFQIrkImdIoSMC+SE1OtAYFHQ8RcLaOZPPntPly2no6Ez1fFhMn7pcrFEwHn87fSD9/x44d
X7niiW0eR7Ikgr0gPwdkJUXYF1LQaXWg62iHTrKPq1ZAXl4eHNh/AMSiSCjKSIB+tQJ6EeaeRgW0
KWugvE4JcfIWuFTeCVuye+GPRQ7YGKuGPUklkJwghTJpKBQli62nThwP49ud+oDsNcl+0WmzJbjt
9ttn7d61KypSFKmVyxXQr+8FK63niEN9fZ1p1qxZC13hl8TFxZWXl4KstJTpSVSUlUIetnNKShIY
+vqhv7sHVDh3yd4vJTkZ4qPCQVreAIdremF3ZR/4lVngpaIBWJwJ8EAawA8SAaaIAebkcPn2QoCH
ygA2Fxtgr0xrP33qZCgPt+vYGbSzXrx48S/pnGvAboeSUhmTeeXjGCIbi6SkpBY3N7fZI+GXlxVD
VVEOyIvzQF5WBNnY1pm4rtKcJr8EFHcwPyePtYVJ3wXvh8TD4zKAVTjDlhcBLMsHWJmLv7OsmO3w
B2kHxJQ0gyLqPByR5oF7mQleUQL8uQOsQScZ/N93GTvD7KSDjgddIJ0Do9kIeQWFbNxQ3R26DhCL
xVoBZxM1mOLiJTEFqlZI0bRDqNYAQR1W2JZWASEJaWDQkx1NPrTi2lOQn8/0YOi8bHdYAniXGuDj
/BY4nV0BWRnp0JQuhu70UHCkHwdI2QWgiAMI3Q1w/l2whOwGdcxxEJeXm4OCTlzg1xynnetk17Ef
EhIaFBkVaTAajMaa6lqEv2/wbDo3N9c8ZcqUv/DjjaXLyUkxB/QAn/YC7Mbrh1qAl4MiIS4lHRw2
Gxj7jcwGQKVqgSjc/y5djgDHZYQv9B2A5CCA1LOc7SLZK2aGwgDZ7SWdBYNSDqaYQwA54chPXwKI
R7zivjZFRUZUCcaRfvLgT3/Q0NhoI30akoOT3gzZoTz19NOX8PEjPN6CM2Hh0ef6zBDRoIIEnLsH
Tx6H7dsDoKm5mcWzpP1Dh+tpaFQkWCP2AIiwTcO/BHv6ZbBhezvt0Jz2SBbSW0w6AxZlLZjFRwBy
owdtzgZSz5vEouhxwY/pTlyz9KT/0MlsSXQsLmdmRobhjjt/8Dk+/zXmu9Ys+vkfei5/CaqD20Hq
vw4+WbcSkiLDuL1ugPNB0t3dC0eDL0L0Ti8YiP4S8xcIcyQHdxava8psC2I527HsULBomsASfxIG
8J6D7OVKkxHnkHHB//XXfz/6+Z49USSvK8J1heylCIeerm4wIzySeEn/4kceoX7w+8nt3//H4T+v
gV3rVsGuDa+BODwMzHycYEp9+n4g/1C0d9Q2NILjEo6dKIQ/N3JIT5T0+0kvnvSjS5G+yotieqBm
HFvM7o23+bJnR44L/sOHDx9vblZ2dDH/HFro7OphtDDJKXpwHNFZPdk5nj5ztmXn2ztqT+zZDdEX
g4F4GZvdwe91A2C125i+O515k0uMepMVHOffA0eumNPtRthtBDvZqjnttsozOZ1fnQpMKWHgKEsB
e2Ums1uy5YvHBf+hQ4cO5OcXrCPbrARpAhhxHTdi3WR71NaqgY7Odugz6MFutTD4NG3tnDzFauPk
hthHNnxm6Dew2Ltkm2fHHBWHbZlxASw5MZxuNsJpI9srVxuk6gLsgySw4N7Xl41zvTKDszuqKaA+
Moljxjf+EYf9wcHByTEi8cN/ePV/n9NoWizkc4Xo5G4cRx3M5rYLiktKkD4oZDIUkv9wsWvNYEX6
tN9khq/27IW9Bw5AemomOMJ2MzvgQd1SZkPE201V8/ZDZEOD9yxd7WDOxrEvzx2yGZKljhv+kSk4
+GySnWDC9dtutSOMXAxGo4mTe3EyLSsbPyaThbX5+bBLkI97EET8DQZEe8GeF8XZA+TGMb1gZvs0
aP9TNGQLQjZQvV1gzo9H2It5nflyeh/hF31r+Pft33dW24J0va6N6RNR+zrjPNttON5xnbHb7GyM
kc8CNv6JXsUxn4t70wDOV0vukC0Hs2Mh+6vaEq69CW6EcdB+pV4Glm4tmMhms64UbMoqsDXLya7r
muA/evTo4f7+fqle32cjfdh33nnnt6t/vXpxTU2NnuayAcdUCdI90acPQshhbGdcf/oohqZRD6LT
R3Dd4G0xnProZGdK9icIN7PDYDr5nA0Gsz9prgKLXsfsLmyNlbyuNrM5uSb4KR3EOX3ixInzZ86c
iXbewzmy14pw9luscOIirvmROwFCPoCzR/8B544eBPHJQ8zO15rDr5PMlgAz2Y4RzK72I7w+PWc7
UgvWnk4wVOVxuuZkM6IlmxH5NcM/WiotKxMh7a9tRV4pTxIFA5dxnEd9Ag5m1x+Ma00os+MftIPh
7UBsDeVcu7rownO2H7wNAGYb6VKQrQzyCczmQdcCZk39dYWfkjTiUiSEvM/afSDpFG/P4bRnIH12
Z9vjuM+L5exSm1zavIVgJx3+ema3YXXaLhh6WP8M0LygZ2TH09Z03eGPjwxNhNi/g4300eNPc/Cn
BHP+BbIug4XZ4cTytnexYMfxbm/COU62ZCoFONjYbuTsCTpawYB7S3+XDixmA7QqKqBdXgyGphow
Yt+Y2zVmsTjmusIviQxNgNiveZuKY+CI52xKHNgHSG/BQMZFGEB6xoZjyCLPZm2N7Qj9OB705LOA
xVXtZucYtLc7demtuHeUlCNtjXQ37TFy5JlrqytNMde5/SXhlxIh7BMYQNqScDDjmDHmiMGAa4y+
PBt0DVXQSjoDuP7SGUtvXw90Y+4lHQDMxBP0OnXeXfTfTbi31FSVg6yggOk9lZQxnX9TjOj6wh8b
GZ5INnlt9QpQIc2o0rRCc1sbNOu6oBn3aU17B2joPAXpv169fkiPvad3mP66qx43ZSO2v0Jewfjq
Smx70terLC83ia5z+0eLY1O1SB81tep4ffQhHZ02DemnqJiOCunjutoWuOolD9c95/RUSV+luqYa
ysuLmf4x5aqKCsv1Hj8ikSitq6MT1M3KUXULW4je0+k4OPXDYe0bpmPbz+yynbrTZosR6pGeRZhB
UaUAuZx0hyuu+/iPFkVk93TjGFE3DdeL4fWD2nDcMx34UfSgmR25wVUneEg3lGjY2joFlCFPR3rP
FeXlRMuaEX759YQ/Kjw8u7ung/ksc9oxDOk2cb5BXHV5R+prk64j03kx8rDzelCk99NQVwOZqcnI
86UBnZniHLCIRNHV1xX+qMhcfU/H6G3fqhm0oxlND3eYDi6vm0n6tybEh+QH5NeN9K1J35R0rxXV
FZbo6Oia6wm/KDwiq7u7Z3Dct/Jxs1sQB2r7Ybq0Y+nQjqJbSbxQI/OfSfqyRVBQkE/jB+GPqr2e
8MeIIrO7kLfUqIaPHVp7aK6ajabhuqBj6IEO1ws0Ij1uYT60qqsqmK4/0/etU5iu9/jB/TxFp+sY
Gjs6ru1J/85iMY2iz+cKp4HTa+OzkdffJJ0+4vVIV5NwaFXjuoxZ2dgwgPvXdZ2/krjYOJJZEPzt
uNZQ+6uwXuIJCB6jwTg4vg2ki2jkYLfYzIz/cSC/ZiUeCMeLnfeBaUa8aX6kp6fBiRNBcOzoUTh5
4oS9uKhQhutP+fWEP14SJ9ZomkHF4seroRH3gc72FuTPLIN8mjOGOLWpg+lNcvwn4YbvDPT29jpa
NBpHY0ODrbGxwYLrpb4gP08bHy9tjJdK6qSSOIVEEleVmppadj1hp5SYEB/T1dUx0NPTNWAiP5oI
N8Wxt7N49oy/tPZ0d1vVGpW9oaHBgntQf2F+fldBXl5bXl6u6rPPPnv27bffXunl5fXAyy+/fMv1
hu9qqaio8Hi8VFqL7VOPuU0ikXRL48R6HFe6OHGsSiKVhGzbvu1/Jhqu79LEJ+CVvPjrLO6aVg49
/P0ZX+G18Ak7i3GTVu68mik0GRQqe6iQZQ+VKuk6ZZYwla5uaeXsKkgrV5IkW2BXpj7K/Q4cdnUI
2RXfD6T3luH7U/krK9fxQip33cdd+XKHnpcO8L9Z3K1lA0LuemjGwAK6HlYyxbBlB0+xQF3L5vdw
V8SLXRf9hbv+9AXu+sap4c/He12+b9T7Ow/NoOtOCIwEs5trOw9eSU9LKOCcD36np3VNicmB7r77
7oVr1679dNGiRRNiH0L6Nb9a/CuPTz/5NOm2225b7u/vf4Z8yaYkJ3dOnz79keeff37vG294n581
a9acf0X9M2fNur2trc1M/saio0U28mGflZnF/HCHhoZZC5CH7kJ6ZsuWLZ9drayv9u6duefzz+4b
b92I02OI82qxOFadn1+ANI+a2QGpVCrmA5BoEfKHXVRUDK+9+trn2B5LZ86cOfujXbvuEsfEPB4R
Ef7nGFH0Zwnx0qj09NSykuKiTklsjPno4YNlhw/+/cCbW32XjlX3L37xyxWNjY3mrKwsG/kztrrI
Xeicl/l1I5/EyM+T/JdiGyBNY5XExelLS4qMZEfk9LNOvrbJ3zjJSMjGkHzNk4/5r/Z+USTgZL0k
bxym5/DOO+98RnWVlJQyOpFSe3t7xw5M4eGXL3K24C3MLoxkuOQLuHLQhrWK9wdeO+gXmvxBd7a3
QlFuJkhjRaz+A/v2Zgo4XQWS95PcdlB2OWnSpFlisbiZ2pkStkXrnDlzfk7PkM74gmykSJ+mtraG
wUD8XSnCSnoIRFdrGmqghWz4G2uYH+pq5HcUrR0gyimBOEks5KXGw8H9X1D9JKsnnYLpzvrvv//+
n7355psheXl5Njp7orR+/fr3nbAh77Wvjvx+Y/vKiguZvRLZtTCf6wnxEJ+YCHF1bXBc3gUfyAzw
50Ib/Dob4M0KgN9m2OC3OXbYVdYO7x07lyHgZNWUSVeA6cy4u7v7M5wbGpjPcWqDefPmDfot0mpU
+2rIP7WyCeJLKyC7qIT1BdWvRTo/u7oRXiwBeL4Y4LU8E/MvHJiuhITKZshPiIXQuAT4m7wdnj0U
nse3O9FmJCtna8yZM2fXtrdrW8gvHLUtjfklS5YEOuuPsMK+Q70AX/UDbE4sg8TcAuYfl85o2rAf
6mTFUJoWD5r0aDCkhwKkk8/bCwCKbBhIOQcQ9w/mKzbm8x1Z06fcNEkwQs5Nac6cH9+VnJyipbMd
knft37+feAsWo/GjU6f3FssLIPLcEfh851tM/kdyDZKVKaRh4Eg4CZDKya3tJLPm/Y/a64rBlBUF
A/j3QGkS1F/clzHW/HvkkYdflsur+ul8hmRZJJ9ev94j1c3N7dUNjz4YLvJ5CfZtWgelOZlsfJDs
tKOrG2py08CQGIz1hnEyUJJlkX+k4gSwK8vBVCABR2EcOMrToebi12PWj+vKB2RrTXwmjS2Cgf5O
Sk7WB58M0qdKY3HeaZnOFPEPff0GoBWim+w0MxBnkiuQfxbyO0n+F0nGqlaAqTQV7GXJYK/OhZrw
42PWX1hYdDPO6V3Hjx97V6lsMtCZCPUF2Xq2Yr19zAemhfGEBqMZdDXlYJTng74wEWwkkyF5DMlN
md9DTg5ma20AU2UO2CuzWF/UiM6NWb9rysrMUDvXINoHiH9jdlf2ATBZrGBCnqmzMJnzV5TF100y
52rOF5tT9mZrbwZTTTEn71RW4FgJvWr94eERM5RKZZxGrbIc2H/gfalUmmEh203y/1CUBP2qOs6P
JLYr+Ydh8kvy81qVNeQDrakSLM1ysHW2gqmxgsn8rJoaqE4WjQt/SiUlJWx/9fELeK6/r8/UqSgD
8tljTToLJpxj5J+G0xWIBQvJTskPGcmPyAcXyY5a6sHWowMTyQRItqFtAnlG/Ljrd6auqoIbTJIT
h2zkJ4v8JJGPnLQLnG8kJ+7yXM4fEu/XjPn70jaDTd/F5EAkL7Tp1CDPS//W9VMaiD6w18HqPwG2
5LNY/0UmD2HznHxxKSt5P0RKMLZrwNCpZXIPM47ddnUTNFeWQHujAkpyMq6x/v37mK+gxNOcj5z8
ONBXZENXrQx6Wpqgr7sT9CS3IP83dK7OMnfuTzRDcXER8/kTK465pvo7ZDn7tAoZtFK8AVUTaHAv
1uAe3ErxjFzkDCN9sNCZA50lksyBbEwlceJrqr9Zo9mn4v3DOM/F6HyJdIlc5QR9Lj4i6DyY1go6
fyKfF0QnSKWSa6pfrWrex+z16VyRPxMlGkTP+10ZPINm5+VDZ6NEQ9G75G+gjOkC/jP1Dz+TJX0U
4xX8XXB6BDamN0nnrkSHSSVx11a/GusfPFPVMB1rp0+ZkeeonI0u58uW7I5J34fGHsluEhOk11Q/
4r5vGO5dHbx9tMHlPHHIDpqdG+J6TXs06b3UKKpZLJTU1JTCa8Jf1bzf2f7UntTmrmeXQ3bm37DN
1TfU16vi4yWF8VJpzOXLYe9fvbZvpnZt2xcdHbp+p399zj7W2I25EdsgB/siAu9/jTTDtg5d+2v4
/pOtrZqfIbx3Itz/tL0v7vdz+/v7f4vl/xH35Hd6e7vdsb5VOOd/jvkHeG9ceuT/icnJ4zjuRz7H
jfLATiUXP53Fi08NFAg+HMpu+JueDWYz5h7MDrLvoxw4rrwTApcN2pPREc0CwX/mOQXy41NvvXXG
ArxeN/t45LUmL1++3POxxx7zeOqpp7bW1dU5nnvuuXeR5/jjihUrvCdPnvxPjdmpU6fegWWaSopL
KI6arVpeDSkpabb09HQmw5kxY8awmBwngoLGHQNv9erV6/38/EJTklNMPTyvRvwA0esUnyQtLd26
adOm0FUrV55++aW1Ub6+W0reffcd7e6PPjIdPnwYdgXuhD2ffWLdsS2g7I47br9b4KIrf+ONN96U
m5tbreN9vhP5eeTIkcO4bmXTOkp+sJqbmpjvcFrPiM8lfrsZM8U66u/tgsqiXEhGflssirTdeuut
vxEMxe+iNNnHx/eoMz6Zh4fHNrpZVVkRxOLxKOSMZ8e2QzzSoLy0CFSNdaBAPi+9RgUVOgMczG+C
M0m5EBMd2TfjllvI57dTd1iwadPGD6sqK83kZ1Emk3UJOLsGQU976zniXQvKykBRU8v0JStxTwgr
lINPpQNeL7bDi9kWuKS0wFupzbA1uxX881r7pt46c5VgKP6QIDo6erdOpzMR/NnZ2WSSStNHIDXY
z57rA3gvqwoKZBVMz16L+3VRqQxEGbkgS08AXXoU2JEOJP1ih+QoKJIu6++8/bbHBCPsgd57772j
/bzviDWrVx/GW7d+uG/v2biQY3B0/xe4puMzgxFqs5MYPcj0lbNCuZgiRHsiPQzIb0FBtP7JuQ+u
dh07r7762rTMjPR64m14XyQDmzZtjn/rtd9VR+7bDW1IqxF/1We2gg73W0NaCMfbkH4f0tgO8uVa
RvxUCtiLE/S/WbJwjWv5lZVVbnK5fDvSGWFqtdpCvBPxTEQ7Gc24HyIvw/RClArop1gIxLuQ73jy
CVyVC47OFjAjT8X8w1dm6Z9Z8vCw8p1p6dKl02WyMiMXn8VgH/RVgleiO/tTOV1oxouSPijTRywF
e087mJE/sZGuXF2Jfs3SR0ctv7S07KbW1tY3dn300R83bNq8od9qg76SVDDliaGvPIvTA8sVId+R
xOndIY9Dunb2vi7my9fK+X3Wr1n++Kjlu6bECyemmjPDJTbpCY6/SAke4qORj+T4CgXjI+wGPadP
hrS+tV2lX7Ny+VXLpwQRX54eEB8CR+Ipjm/KiWZ+qMkvNfmeNeiQnupsByvSErpWNTQiv9DSUKN/
apzlG9NCz+nJl2RlPujqKkHbVAddyMtz/ADHExCtyujR1lYo4Xx+6pcufWJc5Ter1efIT6Oa+aRs
gTatltfD6B1Gd5N8keJTkY4OyQ2ffHLpuMpH+uqcK31LaymnG9HH66FwdC7Rk1R+YX4e2afolz35
5PjKV2P5PO1OtlucrxEn3Twk06VzDTp/Ip9gpSXF+uXLlo2rfOQNzjlhp7MTk8mVFh6iSZ0+eIgX
Il1q3COeGU/5CK+c8+HZP8ynD2Xep74J53k31tGCfVHT2tpS3N3dnXjPPfcsGU/5/w0Jl8V37TtB
oEQqS3kLCFNxyQ4UCAJ34TPMUzHjvUnLAwWT8P6klUrBpJ9iXmDH3wOCSQ9g/itm4QD3ewbmfZjJ
DwuVPY02khkCTmb0Lemwa6Z9H3zwwScefvjhV3ft2iW67777lt19112/HO+3d99998OFhUVmirum
VDZBuUwGe/bsSUY6beV99977ysqVK95ct27dXnd397A1q5/+ZMqUKS86v120aNFjsjKZmeYt7hcV
1XJ5C9kllJWWDqSnpRnlVeU2dUMN6FQN0IBrUXayFJ5etfINAU+rLFy48HcqlcqelJRUjHNwcl1V
eQrFcqMzYbLJy5JVQURdB3xRrof3cnVIM9TBstW/+auA32eRtpDSnNgWEHCefucYbJmnZPVQibSB
VtUE0UVyOJZVAaL0vMG85oUXB/1zIe34MMVIlZWV9t1z349e2/WWT15MyFkw4B7XUlOJ6+xp3JND
cA+OAUcB7sfFcRDziZ+X8/uszKyFuAbmEZ1CfHxxTpad6ZzQWtYo5/Rc6UwL90ELf36YenzPX13b
/+OPP/ketleNrKKy0YT1GsjndF05WFMvgJV0wikeA+5LZnb+JoOE0weHfU8pMzt32v5PPrqzNjZY
RTq3VvJ5TvrB1flgoz2M/JNjtrXUQ0LY+W9870z1x3bmkZ6uCfessXLI+XNjfp+bmlhI9CCt7RSH
SM/7GqX1kdZDsnE9eTJozO+zc7LZ97Q29w+u15wvJ1rvyM/imdOnxq4/J6cIrpCIXrxwPthnrO/z
8nLzKF56fX29DWlXXXW1XIHzIRPvn5VI4j4OCjq+ZaOn54Kxvv82yQQfv6FERi/VTTQjUCBgXlQ+
dTvwRKDbgRcCST6PWenWM8OMVy4LBFzeH8n7ROEXDFplfiqcjFMqMJD/NdUNV6fly/lfK0lMsWAB
9+viA0QEC4X8rxlkpvrDH3K/Pp1Gi9CMGdyvzZOJZBZOJtPCdYKXBH/G/58WrMW/nhE8L/gd/n4G
//81/k0paXL3AH13A+bDr31wi/O6jMf3G4ISTE+xe+sE7gI/LMdL4C3wxDJ9BBsFvuz5j9lXL+NT
d7zrj8/dBQH4nq/A2YWRkwMnURkv4X0/fOIj2DRKSa+zdxYM/ntYsJ7xyRsED+L9VfjOFvznie8H
CCh47SrBZlbjJrwnxHub2fUVVv4GfHsHviUU/Arzs/hrE4NHKFiJ33gI3sDffnhnG3tXgG/cOVjH
Vlbq29hq7qw+Sivwre3svgfe2YDlvIBvCwXPsV9e+IRqeVZADMxbgp9gWU78nsLsj18R3luHtcvL
CKEnfvkGPp+Hb1Ddw2F1xdAPf1M7+Y2KI6Xlgltd6l3HvvF3qe8hrGUh5kX4/kPYsvRroeAx/L2Y
/34Gfv8Ma1/61gfr9nZpBVd4h6Cch/feYs8DkD1zwyee+IS+pNbciu1ImG9CTAJYn428JxRcwixE
SBYwqITfqq3XMJif58vz4mF2toHPuGF/WXAXlvMCGxMbcFR4IGSu/f9t+4qbN7d+o8yRvXK1PlnD
yliBX/jjl1twRnhj6wm/dTndCSlPLHtri7dwu6efv5evz9LZD81bMFvo6ePhu8HLZ9PS2dsCNs59
dPayJ79/8xPu/lu2P7TE3d/fc8t677eFW9x9vDZ6+gesG/YlluXjj5/5+Szx99jsucXdf+4WLw8/
X3/fjQFzPXy34Pdb5m1/iH9xCSvz272+8KqvL3S+/pa/19LZmwMCti6ZP3/Hjh3zdiya5+u3af7C
BQsemv/qc8++xIqY6+XjH+Du4+E5G5EUCp9wIvjMBk+fAK+At4c1Df2bLfRx3+K5dPZzb6/YutXb
y8M9AJ/Oc9+6dfZ8roQAv23+Ac/4bPQdZ2ss5GrGL/09Pbb5YZ38b7zj5/nmNmxkzw0v+Hlt9/L2
3OTpP85SF80eLAXL+Z+5c4W/X7FK+Bzfa8LntxLY/kOvUHpmo/Bt323CHe4+AcIAX6HHZnefTZ7C
gM2ewle8fDb47vAX/t7f00+4wsPDdxu+ssrXJ8DP11vo7bnd01vo57nV292De314sYNIPP0WIkj1
Psu+8PHd4Cnc4RWwWejr4yn03cg+3ejr7e27AwffvO/f7ILAWGVwlS+d7e7/jM923zc8/WYLt3kh
gJ7+2EQb3b39PWcL5z/5LQqi515+nis2bPHy8fIP8HMP8P2ny9zstWkzPl+x3d3L2329t+cY5V2x
M7BYb693PIW/xlEgdPfZIFzruYnge1u4zssvYJs7PmQjERvQT7je3eONHe5+G0Z0BA6OrfjSeiwJ
Bza2to9wg6e3ZwDXaVfqpnlDBc2dOx7Ur7U1n5g/ypB3zo/5wybIE/MHZxqtT/OHL1B4a7zU3Hdp
ohJRo6sESwSvC37Pdi7aq15HqpTb9T1xJwzAnet13Nm24r+nGMXojr9pR/Vge/jruOd6Mmrs9avs
3qTcdOU3Zg1CczU64P93+j9ZJPJe
</w:binData></w:docOleData><w:shapeDefaults><o:shapedefaults v:ext="edit" spidmax="1026"/><o:shapelayout v:ext="edit"><o:idmap v:ext="edit" data="1"/></o:shapelayout></w:shapeDefaults><w:docPr><w:view w:val="web"/><w:zoom w:percent="100"/><w:doNotEmbedSystemFonts/><w:proofState w:spelling="clean" w:grammar="clean"/><w:defaultTabStop w:val="708"/><w:hyphenationZone w:val="425"/><w:punctuationKerning/><w:characterSpacingControl w:val="DontCompress"/><w:optimizeForBrowser/><w:allowPNG/><w:savePreviewPicture/><w:validateAgainstSchema/><w:saveInvalidXML w:val="off"/><w:ignoreMixedContent w:val="off"/><w:alwaysShowPlaceholderText w:val="off"/><w:compat><w:breakWrappedTables/><w:snapToGridInCell/><w:wrapTextWithPunct/><w:useAsianBreakRules/><w:dontGrowAutofit/></w:compat><wsp:rsids><wsp:rsidRoot wsp:val="00757E07"/><wsp:rsid wsp:val="000E353B"/><wsp:rsid wsp:val="00371FCF"/><wsp:rsid wsp:val="0053040D"/><wsp:rsid wsp:val="00586D9D"/><wsp:rsid wsp:val="005E469E"/><wsp:rsid wsp:val="00757E07"/><wsp:rsid wsp:val="00876B90"/><wsp:rsid wsp:val="009E3BC7"/></wsp:rsids></w:docPr><w:body><wx:sect><w:p wsp:rsidR="00371FCF" wsp:rsidRDefault="00757E07"><w:r><w:pict><v:shapetype id="_x0000_t75" coordsize="21600,21600" o:spt="75" o:preferrelative="t" path="m@4@5l@4@11@9@11@9@5xe" filled="f" stroked="f"><v:stroke joinstyle="miter"/><v:formulas><v:f eqn="if lineDrawn pixelLineWidth 0"/><v:f eqn="sum @0 1 0"/><v:f eqn="sum 0 0 @1"/><v:f eqn="prod @2 1 2"/><v:f eqn="prod @3 21600 pixelWidth"/><v:f eqn="prod @3 21600 pixelHeight"/><v:f eqn="sum @0 0 1"/><v:f eqn="prod @6 1 2"/><v:f eqn="prod @7 21600 pixelWidth"/><v:f eqn="sum @8 21600 0"/><v:f eqn="prod @7 21600 pixelHeight"/><v:f eqn="sum @10 21600 0"/></v:formulas><v:path o:extrusionok="f" gradientshapeok="t" o:connecttype="rect"/><o:lock v:ext="edit" aspectratio="t"/></v:shapetype><w:binData w:name="wordml://06000001.emz" xml:space="preserve">H4sIAAAAAAACC9VZCXhOVxp+k5DEmlgf2yNpTC2xxTpSqRAEk0VEgmTwJyQajQoikZSJday1PbSm
lQdlEFQ7dqV0I1UttRNNaqm9aGorTzXmfe+fy29JG2TaZ8715bv3O+c/5z3fdr572QEYRCpNsiMN
JXmTzJZeDnAsBbh3DPLXiFZuAEWwNweY3AX4TzEgoDiwXBPZtJWrKmJpkiOqUKZ11KqSdH/v3j0E
kV/mb+qT66ehpLok81n3okxM5l+zjfE174AH95pPTXvyIqWTQjipOYfJPSm3M1az9vPxsWbOZdtx
G3DSCuQOj3C7/GeY3Nc6Dm7/Q57LuTX/J/l8TAHc7M9lvwuJ+A1+dxQ3xHuT37trfc6jTLbQOPHc
3+D6fS4cFt4jvw2Hj215Xv7zvVwHwzKy9SIa37RtQbb2xwCONNsD+xZk6+YcukjDOXddskfJDu5w
yO8Xe7gRsfXfw+L/p6cgajYmpugpIKBItJA4fz7GbtiAzmvXotznnyN++XLU+OQT+FAWsGYNyu7c
iTjK3D7+GN6bNiHogw9QirLYjAx4bN+OlpSFvP8+nDMz0W/FCry4bRsTzXImrKFAp05AqVLPhXPH
jh1Yc+ECYrOzEfL990g8dgxhp08jOicHr1AWTNkwysJPnULUd9/hlW+/RdCZMxhKWU/K+lI2kLJA
yoZkZaHXyZOos3Ej3XUMMHIk4OPDxFnumTEK37iff0YQcUzdtw91c3Pxj0OHEMl1/nb2LKZ/8w3q
//gjXj98GH2IpfO5c5i1dy8aXb2K5CNHEE1Zh/PnMWfPHjS5cgWJR48ijLo18AmjqHVrJuXSz4RR
+I5x/6lcy/3aNazhczOuM4C6SyPO6jdu4D3as9XlywaWcQcOoPLNm8j44gv4XLpkYJ7IfZXnHpfs
2oV2tIU9/eQhfKOYrPz9nxnfJK4n247n2l7ElkKsfz9xAsG02T/370czYkuiTLYMoE4nU9byhx8M
XcnmXajTacToTdkQ2r0r/fAhfNLhsGE8BJ8+ZqS/VdRDf/pbD/rTq8ePI4K21bqmTP4le1soi6Fe
5YtPksVxnPbVgLH1GD5h7NfvqXUofOvpP4oF+fgI6ik0Pz60nvSVTJ/qTpkwDyT+LpQlURZOmXQa
T1lnyuR72uNfGNNFiW/07dsGNsVCrZ9+wuiDBw19ac3ZjIU6jJlR9EXFhz/3Mpex4MmYSWHMKD78
6HPzvv4aDRkzwt1T+cWMDVv+jPo7TN3J54RtNWOhBf1N8TGK67tdv44M5raX6FvCMobYqzFm/s1Y
aHPxooF5Av2x8q1bWPjll2hP/MU/+6xI8U1lfMimo6mjFsShvCE/6sqYGUc8f82PBdlSuW8C4+gl
+qxyoGwuH5hEjD7EO5g5MHDlyiLFt0K6YXwoBqQ3YdO6pky5uzdlio9+HKf4eZJMsdOH4xqvX1+k
+DYxPygW5PeyqfQmHIrlTuxTbu5GmTArFjpSpnypmJFOX6POlKMVWzp7PDZvLlJ8o+7cQQDtpnPB
jTlaOVg6EjbFggdlabSz4kM4/sVYqM2YEW75ZFvaNX33biNm5BsRy5YVKb4D1JVyiOJU50Ir2lv2
0/q1iE2xoLNCWISzJmNmEWNBuIRZ+1HMzCdG4Xf69NMixXeDc2cRx/ZffsFFnh87qM+DlB2nbBtl
FyjbSdl+yr5ljG+9exfnmEsymZf2MbayKdtC2VnKdlHWjzn1ufOL6h5fX1gWLcLIjz4qUvIbNw54
+WWgbVsgKekB1kLmPxcXFzTi74OWLEEwfaXVrFloNHEimkyZAvvISNQfPx6NExPRrGdPBD9KCQnw
X7AAThYLqnOM1+TJ8J03z5hHc4k8IyKAEiWAevX4EhdirQWVpwuBz8nJiVt7GYuot19oO73rbWed
OZ91anp6OpydnTFjxgwsGTAAa6pWRd6jFBWFM4ylatWqoVevXlhArPtYG2gek6Zwn3B3B1JTgZo1
geBgYMSIQuFr3749Fi9ejOv08V9//dWY8xZz/2769lDWvI6Ojga+LPr8TeaUvEeJsVNofGlpAHUM
Ly+gTZtC4Uvjb84yz5l7NfmPPE83su4tWbIk3me9fvOtt5DHfefx3SSPcT169GiqIdggf9Zy0rP0
N5n2nUf7LqNdTYqQfaU/8+yNjQX8/Ky6xG+3wMBArOW7honLlh9ljilTpgy28R0ijzVIHuvzvDfe
QB7jthPfJXwZT+Hh4XStEujevTsWLlyI1atXGzaWnUWaO1Z4bPGZvte48W+Dy+/V/j9njXuXOaEg
fLZy3Qtfnz59MHPmTHTs2BGfMsd9T9tv3boV8rfp06djM8+NHOZS+XYL6gG9e1t90NRjIeLD3EA9
xpb86A7zmtb/mfV5JuuU0nxPkH0vMR/bUrt27Qy9denSxfBVjf+CuTzSEslY5etFpdJ4Z/472LJl
C7KZ24W/fJUqsGecGe9Jpg5NAL/DixcvDjc3N3z11VcGPmGqXr067OzsUIXzutM+tiSbKn60J8WT
Yqtv374o7cf3nsH81hFnh0q1KmHSpEkGvpvM2wd41rwgmzJHGb74FPoz4UsvYWFhaNmypSm6z4XX
wjyneF/Bd4pDrL9s7a54wSsc/hEpmeQKI46kP42TbRRzPsLn6Yna9JHlrF379+9v7J2/eK7myTmn
TZuGLNYnJ0+ehGLcFp/io3Ua3x2TuIwvydmKT3GsvtOsZYRRz0k8R+bOnWv4/E7WwPLn522yf1xc
HDL4Piv7yz/l/ydY411mjX2F5/Ls2bOZ3rzQsGFDI3cOHz4cos6dOxt9+1m3nmfNoLG2lMBzqEKF
CoWC6ODAb6WOj1OxYjSZqyuSk5MxduxYjOO5KpKPffjhh0YMfMZaXrRu3TrDb3vSltLdLJ6ZyvWD
Bw/GqlWrjDHmWHGdVYZ/FAKhPkHExz9OMoGJb+nSpdjA90aRfEpnomJFtY9ItqzJsywlJQUHePZo
nHL422+/bejcHGfyq6x1pk6dWiC6smWBrl2Bbt2suMwUZcuZiu/jU17u0KGDQSE885WH97Kevcga
UD75A889xbvOGcWHcrxiXrEl+9r6rXn/Fs+oglrlyoA+O5h45swB9fKAXn9dR1J5eHt789OEP1pX
bI3qvFx5+ZT0wYDoAZBOv2N9+ii+b/ieKp/VWSk/+In1oYnJlhcG35tv8lt3OsDPZ5zDSjQPWGYZ
+ogIj4CHowdSeAXyqsNrGK8yvFJZn+xiba3YVg1To0YNI06lM8VI7dq1Db9T/5NowoQJBakP0h9N
Ab7u38fFlMtzxChbjd/pO3wFXqm8jjscR5p9Gr8P1zfwufArdY/wHjwaRhqUyDpFdWVoaCj17mfk
frOvIK6zqKBWlx+KhY3l+H18NBVatXrwSdEDVr3lIAf7h+zHnsA92MRrFK9XeTV2acx9VjaoUqVK
sLe3NzDqjNT5ZPYVxFWLFNT0yZBHA6KjQR+xYmRI4d13rfZW7LbntbfsXhwZdASnwk/hWq1ruMpr
J6+JvGTrP6LxeIP80JZYoiCgagBOh55G1uAsXHe7zk/t1usWbmELr5a8/szWtGlTLJiwAJmlMrH7
CVcbtPkz4f2ha1fhaqWtK9qXz7+3Iw8lDeGN7q8rOdm0WRKqtYVHGKIRhwS8Rv5sLduCPUejhqa2
aNFgVRPkHsy17JyUbenN+2KcsDn5hTezLWPIb7BPMo2J4vP5Ofwt23Deq0l+IkGyPvYx7zUx/v9H
XE2/S+G4pvn9ms9sbTmmV0yOxY4CHunQbxL47BWUHfUex5U9lG0ZsvZolPpvOMZFFmP/Zsq3HdRa
TXCG91eicixfk8ffyLaU4GKuHHuZzw3uZFvCeK8xmte5W1tnPTfn/dyM+MiYZFVPwIsk2UFrqD8j
/9mTfCjJm6S+8BfL+AFlVL1CfS6kQBKXvN/SeBdCGkQKwwjE0jbxSOS4BJaVCSx7G1GWQjJKN5Qk
d8onR3KTTJnJtYbu1S9uYmY2G+PPZ3eSfKgL+hurdOVKg5jj1dTfgORO+j1MGhtC4kaZ6V5Cb/TE
QM4Vw1lHcB+9Samk4dzBa2iGppQM4R77c5fR3GEsT5JGHD3I0IB1bVfOZero97CW5diKJDVXku7/
CyxIZuQ4HwAA
</w:binData><v:shape id="_x0000_i1025" type="#_x0000_t75" style="width:76.8pt;height:48pt" o:ole=""><v:imagedata src="wordml://06000001.emz" o:title=""/></v:shape><o:OLEObject Type="Embed" ProgID="Package" ShapeID="_x0000_i1025" DrawAspect="Icon" ObjectID="_1518089799"/></w:pict></w:r></w:p><w:p wsp:rsidR="00757E07" wsp:rsidRDefault="00757E07"/><w:p wsp:rsidR="00757E07" wsp:rsidRDefault="00757E07"/><w:sectPr wsp:rsidR="00757E07"><w:pgSz w:w="11906" w:h="16838"/><w:pgMar w:top="1417" w:right="1417" w:bottom="1417" w:left="1417" w:header="708" w:footer="708" w:gutter="0"/><w:cols w:space="708"/><w:docGrid w:line-pitch="360"/></w:sectPr></wx:sect></w:body></w:wordDocument>