<?xml version="1.0" encoding="UTF-8" standalone="yes"?>
<?mso-application progid="Word.Document"?>
<w:wordDocument xmlns:aml="http://schemas.microsoft.com/aml/2001/core" xmlns:wpc="http://schemas.microsoft.com/office/word/2010/wordprocessingCanvas" xmlns:dt="uuid:C2F41010-65B3-11d1-A29F-00AA00C14882" xmlns:mc="http://schemas.openxmlformats.org/markup-compatibility/2006" xmlns:o="urn:schemas-microsoft-com:office:office" xmlns:v="urn:schemas-microsoft-com:vml" xmlns:w10="urn:schemas-microsoft-com:office:word" xmlns:w="http://schemas.microsoft.com/office/word/2003/wordml" xmlns:wx="http://schemas.microsoft.com/office/word/2003/auxHint" xmlns:wne="http://schemas.microsoft.com/office/word/2006/wordml" xmlns:wsp="http://schemas.microsoft.com/office/word/2003/wordml/sp2" xmlns:sl="http://schemas.microsoft.com/schemaLibrary/2003/core" w:macrosPresent="no" w:embeddedObjPresent="no" w:ocxPresent="no" xml:space="preserve"><w:ignoreSubtree w:val="http://schemas.microsoft.com/office/word/2003/wordml/sp2"/><o:DocumentProperties><o:Author>Dominique Righetto</o:Author><o:LastAuthor>Dominique Righetto</o:LastAuthor><o:Revision>4</o:Revision><o:TotalTime>0</o:TotalTime><o:Created>2016-02-14T10:47:00Z</o:Created><o:LastSaved>2016-02-27T13:53:00Z</o:LastSaved><o:Pages>1</o:Pages><o:Words>8</o:Words><o:Characters>47</o:Characters><o:Company>dr</o:Company><o:Lines>1</o:Lines><o:Paragraphs>1</o:Paragraphs><o:CharactersWithSpaces>54</o:CharactersWithSpaces><o:Version>14</o:Version></o:DocumentProperties><w:fonts><w:defaultFonts w:ascii="Calibri" w:fareast="Calibri" w:h-ansi="Calibri" w:cs="Times New Roman"/><w:font w:name="Times New Roman"><w:panose-1 w:val="02020603050405020304"/><w:charset w:val="00"/><w:family w:val="Roman"/><w:pitch w:val="variable"/><w:sig w:usb-0="E0002AFF" w:usb-1="C0007841" w:usb-2="00000009" w:usb-3="00000000" w:csb-0="000001FF" w:csb-1="00000000"/></w:font><w:font w:name="Cambria Math"><w:panose-1 w:val="02040503050406030204"/><w:charset w:val="01"/><w:family w:val="Roman"/><w:notTrueType/><w:pitch w:val="variable"/></w:font><w:font w:name="Calibri"><w:panose-1 w:val="020F0502020204030204"/><w:charset w:val="00"/><w:family w:val="Swiss"/><w:pitch w:val="variable"/><w:sig w:usb-0="E00002FF" w:usb-1="4000ACFF" w:usb-2="00000001" w:usb-3="00000000" w:csb-0="0000019F" w:csb-1="00000000"/></w:font></w:fonts><w:styles><w:versionOfBuiltInStylenames w:val="7"/><w:latentStyles w:defLockedState="off" w:latentStyleCount="267"><w:lsdException w:name="Normal"/><w:lsdException w:name="heading 1"/><w:lsdException w:name="heading 2"/><w:lsdException w:name="heading 3"/><w:lsdException w:name="heading 4"/><w:lsdException w:name="heading 5"/><w:lsdException w:name="heading 6"/><w:lsdException w:name="heading 7"/><w:lsdException w:name="heading 8"/><w:lsdException w:name="heading 9"/><w:lsdException w:name="caption"/><w:lsdException w:name="Title"/><w:lsdException w:name="Subtitle"/><w:lsdException w:name="Strong"/><w:lsdException w:name="Emphasis"/><w:lsdException w:name="No Spacing"/><w:lsdException w:name="List Paragraph"/><w:lsdException w:name="Quote"/><w:lsdException w:name="Intense Quote"/><w:lsdException w:name="Subtle Emphasis"/><w:lsdException w:name="Intense Emphasis"/><w:lsdException w:name="Subtle Reference"/><w:lsdException w:name="Intense Reference"/><w:lsdException w:name="Book Title"/><w:lsdException w:name="TOC Heading"/></w:latentStyles><w:style w:type="paragraph" w:default="on" w:styleId="Normal"><w:name w:val="Normal"/><w:rsid w:val="009E58A4"/><w:pPr><w:spacing w:after="200" w:line="276" w:line-rule="auto"/></w:pPr><w:rPr><wx:font wx:val="Calibri"/><w:sz w:val="22"/><w:sz-cs w:val="22"/><w:lang w:val="FR-LU" w:fareast="EN-US" w:bidi="AR-SA"/></w:rPr></w:style><w:style w:type="character" w:default="on" w:styleId="DefaultParagraphFont"><w:name w:val="Default Paragraph Font"/></w:style><w:style w:type="table" w:default="on" w:styleId="TableNormal"><w:name w:val="Normal Table"/><wx:uiName wx:val="Table Normal"/><w:rPr><wx:font wx:val="Calibri"/><w:lang w:val="FR-LU" w:fareast="FR-LU" w:bidi="AR-SA"/></w:rPr><w:tblPr><w:tblInd w:w="0" w:type="dxa"/><w:tblCellMar><w:top w:w="0" w:type="dxa"/><w:left w:w="108" w:type="dxa"/><w:bottom w:w="0" w:type="dxa"/><w:right w:w="108" w:type="dxa"/></w:tblCellMar></w:tblPr></w:style><w:style w:type="list" w:default="on" w:styleId="NoList"><w:name w:val="No List"/></w:style></w:styles><w:shapeDefaults><o:shapedefaults v:ext="edit" spidmax="1035"/><o:shapelayout v:ext="edit"><o:idmap v:ext="edit" data="1"/><o:rules v:ext="edit"><o:r id="V:Rule1" type="callout" idref="#_s1030"/><o:r id="V:Rule2" type="callout" idref="#_s1032"/><o:r id="V:Rule3" type="callout" idref="#_s1034"/></o:rules></o:shapelayout></w:shapeDefaults><w:docPr><w:view w:val="print"/><w:zoom w:percent="150"/><w:doNotEmbedSystemFonts/><w:proofState w:spelling="clean" w:grammar="clean"/><w:defaultTabStop w:val="708"/><w:hyphenationZone w:val="425"/><w:punctuationKerning/><w:characterSpacingControl w:val="DontCompress"/><w:optimizeForBrowser/><w:allowPNG/><w:savePreviewPicture/><w:validateAgainstSchema/><w:saveInvalidXML w:val="off"/><w:ignoreMixedContent w:val="off"/><w:alwaysShowPlaceholderText w:val="off"/><w:compat><w:breakWrappedTables/><w:snapToGridInCell/><w:wrapTextWithPunct/><w:useAsianBreakRules/><w:dontGrowAutofit/></w:compat><wsp:rsids><wsp:rsidRoot wsp:val="00D5397E"/><wsp:rsid wsp:val="001339FB"/><wsp:rsid wsp:val="00371FCF"/><wsp:rsid wsp:val="005E469E"/><wsp:rsid wsp:val="009D3D03"/><wsp:rsid wsp:val="009E58A4"/><wsp:rsid wsp:val="00D5397E"/><wsp:rsid wsp:val="00ED51FC"/></wsp:rsids></w:docPr><w:body><wx:sect><w:p wsp:rsidR="00371FCF" wsp:rsidRDefault="009D3D03"><w:r><w:rPr><w:noProof/><w:lang w:fareast="FR-LU"/></w:rPr><w:pict><v:oval id="_x0000_s1026" style="position:absolute;margin-left:333.55pt;margin-top:-16.45pt;width:172.4pt;height:114.8pt;z-index:2"/></w:pict></w:r><w:proofErr w:type="spellStart"/><w:r><w:t>Qsdqsdqsdqsd</w:t></w:r><w:proofErr w:type="spellEnd"/></w:p><w:p wsp:rsidR="009D3D03" wsp:rsidRDefault="009D3D03"><w:proofErr w:type="spellStart"/><w:r><w:t>Qsdqsdqsdqs</w:t></w:r><w:proofErr w:type="spellEnd"/></w:p><w:p wsp:rsidR="009D3D03" wsp:rsidRDefault="009D3D03"><w:r><w:rPr><w:noProof/><w:lang w:fareast="FR-LU"/></w:rPr></w:r><w:r><w:pict><v:group id="_x0000_s1028" editas="bullseye" style="width:6in;height:6in;mso-position-horizontal-relative:char;mso-position-vertical-relative:line" coordorigin="1636,-520" coordsize="8640,8640"><o:lock v:ext="edit" aspectratio="t"/><o:diagram v:ext="edit" dgmstyle="0" dgmfontsize="12" constrainbounds="1852,-304,10060,7904"><o:relationtable v:ext="edit"><o:rel v:ext="edit" idsrc="#_s1029" iddest="#_s1029"/><o:rel v:ext="edit" idsrc="#_s1030" iddest="#_s1029"/><o:rel v:ext="edit" idsrc="#_s1031" iddest="#_s1031"/><o:rel v:ext="edit" idsrc="#_s1032" iddest="#_s1031"/><o:rel v:ext="edit" idsrc="#_s1033" iddest="#_s1033"/><o:rel v:ext="edit" idsrc="#_s1034" iddest="#_s1033"/></o:relationtable></o:diagram><v:shapetype id="_x0000_t75" coordsize="21600,21600" o:spt="75" o:preferrelative="t" path="m@4@5l@4@11@9@11@9@5xe" filled="f" stroked="f"><v:stroke joinstyle="miter"/><v:formulas><v:f eqn="if lineDrawn pixelLineWidth 0"/><v:f eqn="sum @0 1 0"/><v:f eqn="sum 0 0 @1"/><v:f eqn="prod @2 1 2"/><v:f eqn="prod @3 21600 pixelWidth"/><v:f eqn="prod @3 21600 pixelHeight"/><v:f eqn="sum @0 0 1"/><v:f eqn="prod @6 1 2"/><v:f eqn="prod @7 21600 pixelWidth"/><v:f eqn="sum @8 21600 0"/><v:f eqn="prod @7 21600 pixelHeight"/><v:f eqn="sum @10 21600 0"/></v:formulas><v:path o:extrusionok="f" gradientshapeok="t" o:connecttype="rect"/><o:lock v:ext="edit" aspectratio="t"/></v:shapetype><v:shape id="_x0000_s1027" type="#_x0000_t75" style="position:absolute;left:1636;top:-520;width:8640;height:8640" o:preferrelative="f"><v:fill o:detectmouseclick="t"/><v:path o:extrusionok="t" o:connecttype="none"/><o:lock v:ext="edit" text="t"/></v:shape><v:shapetype id="_x0000_t23" coordsize="21600,21600" o:spt="23" adj="5400" path="m,10800qy10800,,21600,10800,10800,21600,,10800xm@0,10800qy10800@2@1,10800,10800@0@0,10800xe"><v:formulas><v:f eqn="val #0"/><v:f eqn="sum width 0 #0"/><v:f eqn="sum height 0 #0"/><v:f eqn="prod @0 2929 10000"/><v:f eqn="sum width 0 @3"/><v:f eqn="sum height 0 @3"/></v:formulas><v:path o:connecttype="custom" o:connectlocs="10800,0;3163,3163;0,10800;3163,18437;10800,21600;18437,18437;21600,10800;18437,3163" textboxrect="3163,3163,18437,18437"/><v:handles><v:h position="#0,center" xrange="0,10800"/></v:handles></v:shapetype><v:shape id="_s1033" o:spid="_x0000_s1033" type="#_x0000_t23" style="position:absolute;left:2622;top:1492;width:4617;height:4617;v-text-anchor:top" o:dgmnodekind="0" adj="3600" fillcolor="#bbe0e3"><o:lock v:ext="edit" text="t"/></v:shape><v:shapetype id="_x0000_t42" coordsize="21600,21600" o:spt="42" adj="-10080,24300,-3600,4050,-1800,4050" path="m@0@1l@2@3@4@5nfem,l21600,r,21600l,21600nsxe"><v:stroke joinstyle="miter"/><v:formulas><v:f eqn="val #0"/><v:f eqn="val #1"/><v:f eqn="val #2"/><v:f eqn="val #3"/><v:f eqn="val #4"/><v:f eqn="val #5"/></v:formulas><v:path arrowok="t" o:extrusionok="f" gradientshapeok="t" o:connecttype="custom" o:connectlocs="@0,@1;10800,0;10800,21600;0,10800;21600,10800"/><v:handles><v:h position="#0,#1"/><v:h position="#2,#3"/><v:h position="#4,#5"/></v:handles><o:callout v:ext="edit" on="t" textborder="f"/></v:shapetype><v:shape id="_s1034" o:spid="_x0000_s1034" type="#_x0000_t42" style="position:absolute;left:8829;top:1748;width:1231;height:1026;v-text-anchor:top" o:dgmnodekind="5" adj="-34637,43200,-3895,3789,-2106,3789,-298,1095" filled="f"><v:textbox inset="0,0,0,0"><w:txbxContent><w:p wsp:rsidR="009D3D03" wsp:rsidRDefault="009D3D03" wsp:rsidP="009D3D03"><w:pPr><w:jc w:val="center"/></w:pPr></w:p></w:txbxContent></v:textbox><o:callout v:ext="edit" minusy="t"/></v:shape><v:shape id="_s1031" o:spid="_x0000_s1031" type="#_x0000_t23" style="position:absolute;left:3391;top:2261;width:3078;height:3078;v-text-anchor:top" o:dgmnodekind="0" fillcolor="#bbe0e3"><o:lock v:ext="edit" text="t"/></v:shape><v:shape id="_s1032" o:spid="_x0000_s1032" type="#_x0000_t42" style="position:absolute;left:8829;top:722;width:1231;height:1026;v-text-anchor:top" o:dgmnodekind="5" adj="-48148,64800,-3895,3789,-2106,3789,-298,1095" filled="f"><v:textbox inset="0,0,0,0"><w:txbxContent><w:p wsp:rsidR="009D3D03" wsp:rsidRDefault="009D3D03" wsp:rsidP="009D3D03"><w:pPr><w:jc w:val="center"/></w:pPr></w:p></w:txbxContent></v:textbox><o:callout v:ext="edit" minusy="t"/></v:shape><v:oval id="_s1029" o:spid="_x0000_s1029" style="position:absolute;left:4161;top:3031;width:1539;height:1539;v-text-anchor:top" o:dgmnodekind="0" fillcolor="#bbe0e3"><o:lock v:ext="edit" text="t"/></v:oval><v:shape id="_s1030" o:spid="_x0000_s1030" type="#_x0000_t42" style="position:absolute;left:8829;top:-304;width:1231;height:1026;v-text-anchor:top" o:dgmnodekind="5" adj="-68397,86400,-3895,3789,-2106,3789,-298,1095" filled="f"><v:textbox inset="0,0,0,0"><w:txbxContent><w:p wsp:rsidR="009D3D03" wsp:rsidRDefault="009D3D03" wsp:rsidP="009D3D03"><w:pPr><w:jc w:val="center"/></w:pPr></w:p></w:txbxContent></v:textbox><o:callout v:ext="edit" minusy="t"/></v:shape><w10:anchorlock/></v:group></w:pict></w:r></w:p><w:sectPr wsp:rsidR="009D3D03" wsp:rsidSect="009E58A4"><w:pgSz w:w="11906" w:h="16838"/><w:pgMar w:top="1417" w:right="1417" w:bottom="1417" w:left="1417" w:header="708" w:footer="708" w:gutter="0"/><w:cols w:space="708"/><w:docGrid w:line-pitch="360"/></w:sectPr></wx:sect></w:body></w:wordDocument>